#
# A fatal error has been detected by the Java Runtime Environment:
#
#  EXCEPTION_ACCESS_VIOLATION (0xc0000005) at pc=0x00007ffb6be6426e, pid=12988, tid=16496
#
# JRE version: Java(TM) SE Runtime Environment (21.0.1+12) (build 21.0.1+12-LTS-29)
# Java VM: Java HotSpot(TM) 64-Bit Server VM (21.0.1+12-LTS-29, mixed mode, sharing, tiered, compressed oops, compressed class ptrs, g1 gc, windows-amd64)
# Problematic frame:
# V  [jvm.dll+0x44426e]
#
# No core dump will be written. Minidumps are not enabled by default on client versions of Windows
#
# If you would like to submit a bug report, please visit:
#   https://bugreport.java.com/bugreport/crash.jsp
#

---------------  S U M M A R Y ------------

Command Line: -agentlib:jdwp=transport=dt_socket,server=n,suspend=y,address=localhost:59865 --enable-preview -XX:+ShowCodeDetailsInExceptionMessages JavaGUI

Host: 11th Gen Intel(R) Core(TM) i5-11400H @ 2.70GHz, 12 cores, 15G,  Windows 10 , 64 bit Build 19041 (10.0.19041.3636)
Time: Mon Feb  5 20:46:02 2024  Windows 10 , 64 bit Build 19041 (10.0.19041.3636) elapsed time: 0.133136 seconds (0d 0h 0m 0s)

---------------  T H R E A D  ---------------

Current thread (0x000001f72cf713b0):  JavaThread "main"             [_thread_in_vm, id=16496, stack(0x0000008014d00000,0x0000008014e00000) (1024K)]

Stack: [0x0000008014d00000,0x0000008014e00000],  sp=0x0000008014dfeed0,  free space=1019k
Native frames: (J=compiled Java code, j=interpreted, Vv=VM code, C=native code)
V  [jvm.dll+0x44426e]
C  [C_functions.dll+0x207e]

Java frames: (J=compiled Java code, j=interpreted, Vv=VM code)
j  JavaGUI.convertToTree(J)LJavaGUI$TNode;+0
j  JavaGUI.main([Ljava/lang/String;)V+30
v  ~StubRoutines::call_stub 0x000001f73eb510e7

siginfo: EXCEPTION_ACCESS_VIOLATION (0xc0000005), reading address 0x0000000000000000


Registers:
RAX=0x000001f72cf88790, RBX=0x000001f72cf713b0, RCX=0x0000008014dfef48, RDX=0x0000000000000000
RSP=0x0000008014dfeed0, RBP=0x000001f72cf71768, RSI=0x000001f72cf88790, RDI=0x0000008014dfefc8
R8 =0x000000071381b1f0, R9 =0x0000000000000000, R10=0x00007ffbec190000, R11=0x0000008014dfeec0
R12=0x0000000000000000, R13=0x0000000000000000, R14=0x0000000000000000, R15=0x000001f72cf88780
RIP=0x00007ffb6be6426e, EFLAGS=0x0000000000010206


Register to memory mapping:

RAX=0x000001f72cf88790 points into unknown readable memory: 0x000000071381b1f0 | f0 b1 81 13 07 00 00 00
RBX=0x000001f72cf713b0 is a thread
RCX=0x0000008014dfef48 is pointing into the stack for thread: 0x000001f72cf713b0
RDX=0x0 is null
RSP=0x0000008014dfeed0 is pointing into the stack for thread: 0x000001f72cf713b0
RBP=0x000001f72cf71768 points into unknown readable memory: 0x00007ffb6c5dc600 | 00 c6 5d 6c fb 7f 00 00
RSI=0x000001f72cf88790 points into unknown readable memory: 0x000000071381b1f0 | f0 b1 81 13 07 00 00 00
RDI=0x0000008014dfefc8 is pointing into the stack for thread: 0x000001f72cf713b0
R8 =0x000000071381b1f0 is an oop: JavaGUI$TNode 
{0x000000071381b1f0} - klass: 'JavaGUI$TNode'
 - ---- fields (total size 8 words):
 - 'depth' 'I' @12  0 (0x00000000)
 - 'parent' 'J' @16  0 (0x0000000000000000)
 - 'child' 'J' @24  0 (0x0000000000000000)
 - 'subbro' 'J' @32  0 (0x0000000000000000)
 - 'age_ratio' 'I' @40  0 (0x00000000)
 - 'marriage' 'Z' @44  false (0x00)
 - 'alive' 'Z' @45  false (0x00)
 - 'name' 'Ljava/lang/String;' @48  null (0x00000000)
 - 'birth' 'LJavaGUI$Date;' @52  null (0x00000000)
 - 'address' 'Ljava/lang/String;' @56  null (0x00000000)
 - 'death' 'LJavaGUI$Date;' @60  null (0x00000000)
R9 =0x0 is null
R10=0x00007ffbec190000 VCRUNTIME140.dll
R11=0x0000008014dfeec0 is pointing into the stack for thread: 0x000001f72cf713b0
R12=0x0 is null
R13=0x0 is null
R14=0x0 is null
R15=0x000001f72cf88780 points into unknown readable memory: 0x000000071381b190 | 90 b1 81 13 07 00 00 00

Top of Stack: (sp=0x0000008014dfeed0)
0x0000008014dfeed0:   000001f72cf713b0 000001f72cf71768
0x0000008014dfeee0:   0000000000000000 000001f72cf88778
0x0000008014dfeef0:   000001f72f1bdeb8 0000000000000000
0x0000008014dfef00:   0000000000000000 000001f72cf88780
0x0000008014dfef10:   0000008014dfefc8 000000000000000e
0x0000008014dfef20:   000001f72cf713b0 000001f72cf713b0
0x0000008014dfef30:   000001f72f1bdeb0 0000000000000430
0x0000008014dfef40:   00007ffb6c409e38 0000000000000000
0x0000008014dfef50:   000001f72cefb530 00007ffb6be5c187
0x0000008014dfef60:   000001f72cf713b0 0000008014dff030
0x0000008014dfef70:   0000000000000000 000001f72cf713b0
0x0000008014dfef80:   000001f72cf88780 0000008014dff030
0x0000008014dfef90:   00007ffb6be64140 0000000000000000
0x0000008014dfefa0:   0000000000000000 00000000624c207e
0x0000008014dfefb0:   0000000000000000 0000000000000000
0x0000008014dfefc0:   0000000000000000 0000000000000001
0x0000008014dfefd0:   000001f700000000 000001f72cf88788
0x0000008014dfefe0:   000001f72cf88768 0000000000000000
0x0000008014dfeff0:   000001f72cf88780 0000002800000000
0x0000008014dff000:   000001f72cf88770 0000000000000000
0x0000008014dff010:   0000000000000000 0000000000000000
0x0000008014dff020:   0000008014dff5f0 0000000000000000
0x0000008014dff030:   000001f72cf88778 000001f72cf88770
0x0000008014dff040:   000001f72cf88768 000001f74e8fa0a8
0x0000008014dff050:   000001f72cf88760 000001f72cefb4b0
0x0000008014dff060:   000001f790400650 000001f790400650
0x0000008014dff070:   0000008014dff5f0 000001f73eb5949d
0x0000008014dff080:   0000000000000000 000001f790400650
0x0000008014dff090:   0000008014dff160 000001f72cf713b0
0x0000008014dff0a0:   0000008014dff130 000001f73eb60816
0x0000008014dff0b0:   000001f72cf71768 0000008014dff160
0x0000008014dff0c0:   000001f72cefb4b0 0000008014dff5f0 

Instructions: (pc=0x00007ffb6be6426e)
0x00007ffb6be6416e:   48 8b fa 48 8b e9 83 f8 01 77 08 48 8b cb e8 cf
0x00007ffb6be6417e:   7a fa ff 80 3d d9 e3 7d 00 00 c7 83 4c 04 00 00
0x00007ffb6be6418e:   06 00 00 00 75 06 e8 27 5b 27 00 90 48 8b 83 50
0x00007ffb6be6419e:   04 00 00 a8 01 74 0d 45 33 c0 b2 01 48 8b cb e8
0x00007ffb6be641ae:   2e 57 2e 00 8b 83 48 04 00 00 a8 0c 74 08 48 8b
0x00007ffb6be641be:   cb e8 3c 90 fa ff c7 83 4c 04 00 00 06 00 00 00
0x00007ffb6be641ce:   48 83 7b 08 00 48 89 5c 24 58 48 c7 44 24 60 00
0x00007ffb6be641de:   00 00 00 74 0a 48 8d 4c 24 58 e8 f3 20 2b 00 48
0x00007ffb6be641ee:   8b c7 83 e0 03 48 83 f8 01 75 0c 48 8d 4f ff ff
0x00007ffb6be641fe:   15 9d 57 77 00 eb 15 48 83 f8 02 75 0c 48 8d 4f
0x00007ffb6be6420e:   fe ff 15 0b ce 76 00 eb 03 48 8b 07 48 8b d3 48
0x00007ffb6be6421e:   8b c8 e8 4b 97 f7 ff 48 83 7b 08 00 74 07 33 f6
0x00007ffb6be6422e:   e9 b6 00 00 00 45 33 c0 4c 89 bc 24 b0 00 00 00
0x00007ffb6be6423e:   48 8b d0 48 8b cb e8 b7 6c 02 00 48 8b 94 24 f0
0x00007ffb6be6424e:   00 00 00 48 8d bc 24 f8 00 00 00 c7 44 24 48 0e
0x00007ffb6be6425e:   00 00 00 48 8d 4c 24 78 48 8b f0 48 89 7c 24 40
0x00007ffb6be6426e:   48 8b 12 e8 aa ab 00 00 48 8d 44 24 78 48 89 5c
0x00007ffb6be6427e:   24 30 48 89 44 24 28 4c 8d 3d 34 5c 5a 00 48 8b
0x00007ffb6be6428e:   84 24 f0 00 00 00 48 8d 54 24 48 41 b9 02 00 00
0x00007ffb6be6429e:   00 48 89 44 24 20 4c 8b c6 4c 89 7c 24 78 48 8b
0x00007ffb6be642ae:   cd 48 89 bc 24 a0 00 00 00 e8 f4 b8 00 00 48 83
0x00007ffb6be642be:   7b 08 00 74 04 33 f6 eb 09 48 c7 44 24 40 00 00
0x00007ffb6be642ce:   00 00 4c 89 7c 24 78 4c 8b bc 24 b0 00 00 00 48
0x00007ffb6be642de:   c7 84 24 a0 00 00 00 00 00 00 00 48 83 7c 24 60
0x00007ffb6be642ee:   00 48 8b ac 24 b8 00 00 00 74 0a 48 8d 4c 24 58
0x00007ffb6be642fe:   e8 5d 20 2b 00 48 8b bb 98 01 00 00 48 8b 47 10
0x00007ffb6be6430e:   48 83 38 00 74 08 48 8b cf e8 24 a7 f5 ff 48 8b
0x00007ffb6be6431e:   57 08 48 8b 4f 10 48 89 4a 10 48 8b 57 08 48 8b
0x00007ffb6be6432e:   4f 18 48 89 4a 18 48 8b 4f 20 48 8b 57 08 48 89
0x00007ffb6be6433e:   4a 20 48 8d 8b 98 03 00 00 e8 a4 29 ed ff 90 48
0x00007ffb6be6434e:   8b c6 c7 83 4c 04 00 00 04 00 00 00 48 81 c4 c0
0x00007ffb6be6435e:   00 00 00 5f 5e 5b c3 cc cc cc cc cc cc cc cc cc 


Stack slot to memory mapping:

stack at sp + 0 slots: 0x000001f72cf713b0 is a thread
stack at sp + 1 slots: 0x000001f72cf71768 points into unknown readable memory: 0x00007ffb6c5dc600 | 00 c6 5d 6c fb 7f 00 00
stack at sp + 2 slots: 0x0 is null
stack at sp + 3 slots: 0x000001f72cf88778 points into unknown readable memory: 0x00000007138107e8 | e8 07 81 13 07 00 00 00
stack at sp + 4 slots: 0x000001f72f1bdeb8 points into unknown readable memory: 0x000000071381b1c0 | c0 b1 81 13 07 00 00 00
stack at sp + 5 slots: 0x0 is null
stack at sp + 6 slots: 0x0 is null
stack at sp + 7 slots: 0x000001f72cf88780 points into unknown readable memory: 0x000000071381b190 | 90 b1 81 13 07 00 00 00


---------------  P R O C E S S  ---------------

Threads class SMR info:
_java_thread_list=0x000001f74e8e83e0, length=14, elements={
0x000001f72cf713b0, 0x000001f74e6a50d0, 0x000001f74e6a5c90, 0x000001f74e6a9740,
0x000001f74e6aa5f0, 0x000001f74e6ab8e0, 0x000001f74e6acbd0, 0x000001f74e6b16f0,
0x000001f74e6b9970, 0x000001f74e8cb520, 0x000001f74e8d0f70, 0x000001f74e8dbda0,
0x000001f74e8de430, 0x000001f74e911f00
}

Java Threads: ( => current thread )
=>0x000001f72cf713b0 JavaThread "main"                              [_thread_in_vm, id=16496, stack(0x0000008014d00000,0x0000008014e00000) (1024K)]
  0x000001f74e6a50d0 JavaThread "Reference Handler"          daemon [_thread_blocked, id=16936, stack(0x0000008015500000,0x0000008015600000) (1024K)]
  0x000001f74e6a5c90 JavaThread "Finalizer"                  daemon [_thread_blocked, id=2156, stack(0x0000008015600000,0x0000008015700000) (1024K)]
  0x000001f74e6a9740 JavaThread "Signal Dispatcher"          daemon [_thread_blocked, id=13916, stack(0x0000008015700000,0x0000008015800000) (1024K)]
  0x000001f74e6aa5f0 JavaThread "Attach Listener"            daemon [_thread_blocked, id=1244, stack(0x0000008015800000,0x0000008015900000) (1024K)]
  0x000001f74e6ab8e0 JavaThread "Service Thread"             daemon [_thread_blocked, id=16796, stack(0x0000008015900000,0x0000008015a00000) (1024K)]
  0x000001f74e6acbd0 JavaThread "Monitor Deflation Thread"   daemon [_thread_blocked, id=8792, stack(0x0000008015a00000,0x0000008015b00000) (1024K)]
  0x000001f74e6b16f0 JavaThread "C2 CompilerThread0"         daemon [_thread_blocked, id=15180, stack(0x0000008015b00000,0x0000008015c00000) (1024K)]
  0x000001f74e6b9970 JavaThread "C1 CompilerThread0"         daemon [_thread_blocked, id=12860, stack(0x0000008015c00000,0x0000008015d00000) (1024K)]
  0x000001f74e8cb520 JavaThread "JDWP Transport Listener: dt_socket" daemon [_thread_blocked, id=7016, stack(0x0000008015d00000,0x0000008015e00000) (1024K)]
  0x000001f74e8d0f70 JavaThread "JDWP Event Helper Thread"   daemon [_thread_blocked, id=3184, stack(0x0000008015e00000,0x0000008015f00000) (1024K)]
  0x000001f74e8dbda0 JavaThread "JDWP Command Reader"        daemon [_thread_in_native, id=17048, stack(0x0000008015f00000,0x0000008016000000) (1024K)]
  0x000001f74e8de430 JavaThread "Notification Thread"        daemon [_thread_blocked, id=15028, stack(0x0000008016000000,0x0000008016100000) (1024K)]
  0x000001f74e911f00 JavaThread "Common-Cleaner"             daemon [_thread_blocked, id=11268, stack(0x0000008016100000,0x0000008016200000) (1024K)]
Total: 14

Other Threads:
  0x000001f74e682b70 VMThread "VM Thread"                           [id=3060, stack(0x0000008015400000,0x0000008015500000) (1024K)]
  0x000001f74e668e00 WatcherThread "VM Periodic Task Thread"        [id=14660, stack(0x0000008015300000,0x0000008015400000) (1024K)]
  0x000001f72f2217c0 WorkerThread "GC Thread#0"                     [id=17180, stack(0x0000008014e00000,0x0000008014f00000) (1024K)]
  0x000001f72f232450 ConcurrentGCThread "G1 Main Marker"            [id=2500, stack(0x0000008014f00000,0x0000008015000000) (1024K)]
  0x000001f72f232e50 WorkerThread "G1 Conc#0"                       [id=5472, stack(0x0000008015000000,0x0000008015100000) (1024K)]
  0x000001f74e53c5a0 ConcurrentGCThread "G1 Refine#0"               [id=5804, stack(0x0000008015100000,0x0000008015200000) (1024K)]
  0x000001f74e53cdc0 ConcurrentGCThread "G1 Service"                [id=9240, stack(0x0000008015200000,0x0000008015300000) (1024K)]
Total: 7

Threads with active compile tasks:
Total: 0

VM state: not at safepoint (normal execution)

VM Mutex/Monitor currently owned by a thread: None

Heap address: 0x0000000704000000, size: 4032 MB, Compressed Oops mode: Zero based, Oop shift amount: 3

CDS archive(s) mapped at: [0x000001f74f000000-0x000001f74fc90000-0x000001f74fc90000), size 13172736, SharedBaseAddress: 0x000001f74f000000, ArchiveRelocationMode: 1.
Compressed class space mapped at: 0x000001f750000000-0x000001f790000000, reserved size: 1073741824
Narrow klass base: 0x000001f74f000000, Narrow klass shift: 0, Narrow klass range: 0x100000000

GC Precious Log:
 CardTable entry size: 512
 Card Set container configuration: InlinePtr #cards 4 size 8 Array Of Cards #cards 16 size 48 Howl #buckets 8 coarsen threshold 3686 Howl Bitmap #cards 512 size 80 coarsen threshold 460 Card regions per heap region 1 cards per card region 4096
 CPUs: 12 total, 12 available
 Memory: 16121M
 Large Page Support: Disabled
 NUMA Support: Disabled
 Compressed Oops: Enabled (Zero based)
 Heap Region Size: 2M
 Heap Min Capacity: 8M
 Heap Initial Capacity: 252M
 Heap Max Capacity: 4032M
 Pre-touch: Disabled
 Parallel Workers: 10
 Concurrent Workers: 3
 Concurrent Refinement Workers: 10
 Periodic GC: Disabled

Heap:
 garbage-first heap   total 258048K, used 2048K [0x0000000704000000, 0x0000000800000000)
  region size 2048K, 2 young (4096K), 0 survivors (0K)
 Metaspace       used 222K, committed 448K, reserved 1114112K
  class space    used 11K, committed 128K, reserved 1048576K

Heap Regions: E=young(eden), S=young(survivor), O=old, HS=humongous(starts), HC=humongous(continues), CS=collection set, F=free, TAMS=top-at-mark-start, PB=parsable bottom
|   0|0x0000000704000000, 0x0000000704000000, 0x0000000704200000|  0%| F|  |TAMS 0x0000000704000000| PB 0x0000000704000000| Untracked 
|   1|0x0000000704200000, 0x0000000704200000, 0x0000000704400000|  0%| F|  |TAMS 0x0000000704200000| PB 0x0000000704200000| Untracked 
|   2|0x0000000704400000, 0x0000000704400000, 0x0000000704600000|  0%| F|  |TAMS 0x0000000704400000| PB 0x0000000704400000| Untracked 
|   3|0x0000000704600000, 0x0000000704600000, 0x0000000704800000|  0%| F|  |TAMS 0x0000000704600000| PB 0x0000000704600000| Untracked 
|   4|0x0000000704800000, 0x0000000704800000, 0x0000000704a00000|  0%| F|  |TAMS 0x0000000704800000| PB 0x0000000704800000| Untracked 
|   5|0x0000000704a00000, 0x0000000704a00000, 0x0000000704c00000|  0%| F|  |TAMS 0x0000000704a00000| PB 0x0000000704a00000| Untracked 
|   6|0x0000000704c00000, 0x0000000704c00000, 0x0000000704e00000|  0%| F|  |TAMS 0x0000000704c00000| PB 0x0000000704c00000| Untracked 
|   7|0x0000000704e00000, 0x0000000704e00000, 0x0000000705000000|  0%| F|  |TAMS 0x0000000704e00000| PB 0x0000000704e00000| Untracked 
|   8|0x0000000705000000, 0x0000000705000000, 0x0000000705200000|  0%| F|  |TAMS 0x0000000705000000| PB 0x0000000705000000| Untracked 
|   9|0x0000000705200000, 0x0000000705200000, 0x0000000705400000|  0%| F|  |TAMS 0x0000000705200000| PB 0x0000000705200000| Untracked 
|  10|0x0000000705400000, 0x0000000705400000, 0x0000000705600000|  0%| F|  |TAMS 0x0000000705400000| PB 0x0000000705400000| Untracked 
|  11|0x0000000705600000, 0x0000000705600000, 0x0000000705800000|  0%| F|  |TAMS 0x0000000705600000| PB 0x0000000705600000| Untracked 
|  12|0x0000000705800000, 0x0000000705800000, 0x0000000705a00000|  0%| F|  |TAMS 0x0000000705800000| PB 0x0000000705800000| Untracked 
|  13|0x0000000705a00000, 0x0000000705a00000, 0x0000000705c00000|  0%| F|  |TAMS 0x0000000705a00000| PB 0x0000000705a00000| Untracked 
|  14|0x0000000705c00000, 0x0000000705c00000, 0x0000000705e00000|  0%| F|  |TAMS 0x0000000705c00000| PB 0x0000000705c00000| Untracked 
|  15|0x0000000705e00000, 0x0000000705e00000, 0x0000000706000000|  0%| F|  |TAMS 0x0000000705e00000| PB 0x0000000705e00000| Untracked 
|  16|0x0000000706000000, 0x0000000706000000, 0x0000000706200000|  0%| F|  |TAMS 0x0000000706000000| PB 0x0000000706000000| Untracked 
|  17|0x0000000706200000, 0x0000000706200000, 0x0000000706400000|  0%| F|  |TAMS 0x0000000706200000| PB 0x0000000706200000| Untracked 
|  18|0x0000000706400000, 0x0000000706400000, 0x0000000706600000|  0%| F|  |TAMS 0x0000000706400000| PB 0x0000000706400000| Untracked 
|  19|0x0000000706600000, 0x0000000706600000, 0x0000000706800000|  0%| F|  |TAMS 0x0000000706600000| PB 0x0000000706600000| Untracked 
|  20|0x0000000706800000, 0x0000000706800000, 0x0000000706a00000|  0%| F|  |TAMS 0x0000000706800000| PB 0x0000000706800000| Untracked 
|  21|0x0000000706a00000, 0x0000000706a00000, 0x0000000706c00000|  0%| F|  |TAMS 0x0000000706a00000| PB 0x0000000706a00000| Untracked 
|  22|0x0000000706c00000, 0x0000000706c00000, 0x0000000706e00000|  0%| F|  |TAMS 0x0000000706c00000| PB 0x0000000706c00000| Untracked 
|  23|0x0000000706e00000, 0x0000000706e00000, 0x0000000707000000|  0%| F|  |TAMS 0x0000000706e00000| PB 0x0000000706e00000| Untracked 
|  24|0x0000000707000000, 0x0000000707000000, 0x0000000707200000|  0%| F|  |TAMS 0x0000000707000000| PB 0x0000000707000000| Untracked 
|  25|0x0000000707200000, 0x0000000707200000, 0x0000000707400000|  0%| F|  |TAMS 0x0000000707200000| PB 0x0000000707200000| Untracked 
|  26|0x0000000707400000, 0x0000000707400000, 0x0000000707600000|  0%| F|  |TAMS 0x0000000707400000| PB 0x0000000707400000| Untracked 
|  27|0x0000000707600000, 0x0000000707600000, 0x0000000707800000|  0%| F|  |TAMS 0x0000000707600000| PB 0x0000000707600000| Untracked 
|  28|0x0000000707800000, 0x0000000707800000, 0x0000000707a00000|  0%| F|  |TAMS 0x0000000707800000| PB 0x0000000707800000| Untracked 
|  29|0x0000000707a00000, 0x0000000707a00000, 0x0000000707c00000|  0%| F|  |TAMS 0x0000000707a00000| PB 0x0000000707a00000| Untracked 
|  30|0x0000000707c00000, 0x0000000707c00000, 0x0000000707e00000|  0%| F|  |TAMS 0x0000000707c00000| PB 0x0000000707c00000| Untracked 
|  31|0x0000000707e00000, 0x0000000707e00000, 0x0000000708000000|  0%| F|  |TAMS 0x0000000707e00000| PB 0x0000000707e00000| Untracked 
|  32|0x0000000708000000, 0x0000000708000000, 0x0000000708200000|  0%| F|  |TAMS 0x0000000708000000| PB 0x0000000708000000| Untracked 
|  33|0x0000000708200000, 0x0000000708200000, 0x0000000708400000|  0%| F|  |TAMS 0x0000000708200000| PB 0x0000000708200000| Untracked 
|  34|0x0000000708400000, 0x0000000708400000, 0x0000000708600000|  0%| F|  |TAMS 0x0000000708400000| PB 0x0000000708400000| Untracked 
|  35|0x0000000708600000, 0x0000000708600000, 0x0000000708800000|  0%| F|  |TAMS 0x0000000708600000| PB 0x0000000708600000| Untracked 
|  36|0x0000000708800000, 0x0000000708800000, 0x0000000708a00000|  0%| F|  |TAMS 0x0000000708800000| PB 0x0000000708800000| Untracked 
|  37|0x0000000708a00000, 0x0000000708a00000, 0x0000000708c00000|  0%| F|  |TAMS 0x0000000708a00000| PB 0x0000000708a00000| Untracked 
|  38|0x0000000708c00000, 0x0000000708c00000, 0x0000000708e00000|  0%| F|  |TAMS 0x0000000708c00000| PB 0x0000000708c00000| Untracked 
|  39|0x0000000708e00000, 0x0000000708e00000, 0x0000000709000000|  0%| F|  |TAMS 0x0000000708e00000| PB 0x0000000708e00000| Untracked 
|  40|0x0000000709000000, 0x0000000709000000, 0x0000000709200000|  0%| F|  |TAMS 0x0000000709000000| PB 0x0000000709000000| Untracked 
|  41|0x0000000709200000, 0x0000000709200000, 0x0000000709400000|  0%| F|  |TAMS 0x0000000709200000| PB 0x0000000709200000| Untracked 
|  42|0x0000000709400000, 0x0000000709400000, 0x0000000709600000|  0%| F|  |TAMS 0x0000000709400000| PB 0x0000000709400000| Untracked 
|  43|0x0000000709600000, 0x0000000709600000, 0x0000000709800000|  0%| F|  |TAMS 0x0000000709600000| PB 0x0000000709600000| Untracked 
|  44|0x0000000709800000, 0x0000000709800000, 0x0000000709a00000|  0%| F|  |TAMS 0x0000000709800000| PB 0x0000000709800000| Untracked 
|  45|0x0000000709a00000, 0x0000000709a00000, 0x0000000709c00000|  0%| F|  |TAMS 0x0000000709a00000| PB 0x0000000709a00000| Untracked 
|  46|0x0000000709c00000, 0x0000000709c00000, 0x0000000709e00000|  0%| F|  |TAMS 0x0000000709c00000| PB 0x0000000709c00000| Untracked 
|  47|0x0000000709e00000, 0x0000000709e00000, 0x000000070a000000|  0%| F|  |TAMS 0x0000000709e00000| PB 0x0000000709e00000| Untracked 
|  48|0x000000070a000000, 0x000000070a000000, 0x000000070a200000|  0%| F|  |TAMS 0x000000070a000000| PB 0x000000070a000000| Untracked 
|  49|0x000000070a200000, 0x000000070a200000, 0x000000070a400000|  0%| F|  |TAMS 0x000000070a200000| PB 0x000000070a200000| Untracked 
|  50|0x000000070a400000, 0x000000070a400000, 0x000000070a600000|  0%| F|  |TAMS 0x000000070a400000| PB 0x000000070a400000| Untracked 
|  51|0x000000070a600000, 0x000000070a600000, 0x000000070a800000|  0%| F|  |TAMS 0x000000070a600000| PB 0x000000070a600000| Untracked 
|  52|0x000000070a800000, 0x000000070a800000, 0x000000070aa00000|  0%| F|  |TAMS 0x000000070a800000| PB 0x000000070a800000| Untracked 
|  53|0x000000070aa00000, 0x000000070aa00000, 0x000000070ac00000|  0%| F|  |TAMS 0x000000070aa00000| PB 0x000000070aa00000| Untracked 
|  54|0x000000070ac00000, 0x000000070ac00000, 0x000000070ae00000|  0%| F|  |TAMS 0x000000070ac00000| PB 0x000000070ac00000| Untracked 
|  55|0x000000070ae00000, 0x000000070ae00000, 0x000000070b000000|  0%| F|  |TAMS 0x000000070ae00000| PB 0x000000070ae00000| Untracked 
|  56|0x000000070b000000, 0x000000070b000000, 0x000000070b200000|  0%| F|  |TAMS 0x000000070b000000| PB 0x000000070b000000| Untracked 
|  57|0x000000070b200000, 0x000000070b200000, 0x000000070b400000|  0%| F|  |TAMS 0x000000070b200000| PB 0x000000070b200000| Untracked 
|  58|0x000000070b400000, 0x000000070b400000, 0x000000070b600000|  0%| F|  |TAMS 0x000000070b400000| PB 0x000000070b400000| Untracked 
|  59|0x000000070b600000, 0x000000070b600000, 0x000000070b800000|  0%| F|  |TAMS 0x000000070b600000| PB 0x000000070b600000| Untracked 
|  60|0x000000070b800000, 0x000000070b800000, 0x000000070ba00000|  0%| F|  |TAMS 0x000000070b800000| PB 0x000000070b800000| Untracked 
|  61|0x000000070ba00000, 0x000000070ba00000, 0x000000070bc00000|  0%| F|  |TAMS 0x000000070ba00000| PB 0x000000070ba00000| Untracked 
|  62|0x000000070bc00000, 0x000000070bc00000, 0x000000070be00000|  0%| F|  |TAMS 0x000000070bc00000| PB 0x000000070bc00000| Untracked 
|  63|0x000000070be00000, 0x000000070be00000, 0x000000070c000000|  0%| F|  |TAMS 0x000000070be00000| PB 0x000000070be00000| Untracked 
|  64|0x000000070c000000, 0x000000070c000000, 0x000000070c200000|  0%| F|  |TAMS 0x000000070c000000| PB 0x000000070c000000| Untracked 
|  65|0x000000070c200000, 0x000000070c200000, 0x000000070c400000|  0%| F|  |TAMS 0x000000070c200000| PB 0x000000070c200000| Untracked 
|  66|0x000000070c400000, 0x000000070c400000, 0x000000070c600000|  0%| F|  |TAMS 0x000000070c400000| PB 0x000000070c400000| Untracked 
|  67|0x000000070c600000, 0x000000070c600000, 0x000000070c800000|  0%| F|  |TAMS 0x000000070c600000| PB 0x000000070c600000| Untracked 
|  68|0x000000070c800000, 0x000000070c800000, 0x000000070ca00000|  0%| F|  |TAMS 0x000000070c800000| PB 0x000000070c800000| Untracked 
|  69|0x000000070ca00000, 0x000000070ca00000, 0x000000070cc00000|  0%| F|  |TAMS 0x000000070ca00000| PB 0x000000070ca00000| Untracked 
|  70|0x000000070cc00000, 0x000000070cc00000, 0x000000070ce00000|  0%| F|  |TAMS 0x000000070cc00000| PB 0x000000070cc00000| Untracked 
|  71|0x000000070ce00000, 0x000000070ce00000, 0x000000070d000000|  0%| F|  |TAMS 0x000000070ce00000| PB 0x000000070ce00000| Untracked 
|  72|0x000000070d000000, 0x000000070d000000, 0x000000070d200000|  0%| F|  |TAMS 0x000000070d000000| PB 0x000000070d000000| Untracked 
|  73|0x000000070d200000, 0x000000070d200000, 0x000000070d400000|  0%| F|  |TAMS 0x000000070d200000| PB 0x000000070d200000| Untracked 
|  74|0x000000070d400000, 0x000000070d400000, 0x000000070d600000|  0%| F|  |TAMS 0x000000070d400000| PB 0x000000070d400000| Untracked 
|  75|0x000000070d600000, 0x000000070d600000, 0x000000070d800000|  0%| F|  |TAMS 0x000000070d600000| PB 0x000000070d600000| Untracked 
|  76|0x000000070d800000, 0x000000070d800000, 0x000000070da00000|  0%| F|  |TAMS 0x000000070d800000| PB 0x000000070d800000| Untracked 
|  77|0x000000070da00000, 0x000000070da00000, 0x000000070dc00000|  0%| F|  |TAMS 0x000000070da00000| PB 0x000000070da00000| Untracked 
|  78|0x000000070dc00000, 0x000000070dc00000, 0x000000070de00000|  0%| F|  |TAMS 0x000000070dc00000| PB 0x000000070dc00000| Untracked 
|  79|0x000000070de00000, 0x000000070de00000, 0x000000070e000000|  0%| F|  |TAMS 0x000000070de00000| PB 0x000000070de00000| Untracked 
|  80|0x000000070e000000, 0x000000070e000000, 0x000000070e200000|  0%| F|  |TAMS 0x000000070e000000| PB 0x000000070e000000| Untracked 
|  81|0x000000070e200000, 0x000000070e200000, 0x000000070e400000|  0%| F|  |TAMS 0x000000070e200000| PB 0x000000070e200000| Untracked 
|  82|0x000000070e400000, 0x000000070e400000, 0x000000070e600000|  0%| F|  |TAMS 0x000000070e400000| PB 0x000000070e400000| Untracked 
|  83|0x000000070e600000, 0x000000070e600000, 0x000000070e800000|  0%| F|  |TAMS 0x000000070e600000| PB 0x000000070e600000| Untracked 
|  84|0x000000070e800000, 0x000000070e800000, 0x000000070ea00000|  0%| F|  |TAMS 0x000000070e800000| PB 0x000000070e800000| Untracked 
|  85|0x000000070ea00000, 0x000000070ea00000, 0x000000070ec00000|  0%| F|  |TAMS 0x000000070ea00000| PB 0x000000070ea00000| Untracked 
|  86|0x000000070ec00000, 0x000000070ec00000, 0x000000070ee00000|  0%| F|  |TAMS 0x000000070ec00000| PB 0x000000070ec00000| Untracked 
|  87|0x000000070ee00000, 0x000000070ee00000, 0x000000070f000000|  0%| F|  |TAMS 0x000000070ee00000| PB 0x000000070ee00000| Untracked 
|  88|0x000000070f000000, 0x000000070f000000, 0x000000070f200000|  0%| F|  |TAMS 0x000000070f000000| PB 0x000000070f000000| Untracked 
|  89|0x000000070f200000, 0x000000070f200000, 0x000000070f400000|  0%| F|  |TAMS 0x000000070f200000| PB 0x000000070f200000| Untracked 
|  90|0x000000070f400000, 0x000000070f400000, 0x000000070f600000|  0%| F|  |TAMS 0x000000070f400000| PB 0x000000070f400000| Untracked 
|  91|0x000000070f600000, 0x000000070f600000, 0x000000070f800000|  0%| F|  |TAMS 0x000000070f600000| PB 0x000000070f600000| Untracked 
|  92|0x000000070f800000, 0x000000070f800000, 0x000000070fa00000|  0%| F|  |TAMS 0x000000070f800000| PB 0x000000070f800000| Untracked 
|  93|0x000000070fa00000, 0x000000070fa00000, 0x000000070fc00000|  0%| F|  |TAMS 0x000000070fa00000| PB 0x000000070fa00000| Untracked 
|  94|0x000000070fc00000, 0x000000070fc00000, 0x000000070fe00000|  0%| F|  |TAMS 0x000000070fc00000| PB 0x000000070fc00000| Untracked 
|  95|0x000000070fe00000, 0x000000070fe00000, 0x0000000710000000|  0%| F|  |TAMS 0x000000070fe00000| PB 0x000000070fe00000| Untracked 
|  96|0x0000000710000000, 0x0000000710000000, 0x0000000710200000|  0%| F|  |TAMS 0x0000000710000000| PB 0x0000000710000000| Untracked 
|  97|0x0000000710200000, 0x0000000710200000, 0x0000000710400000|  0%| F|  |TAMS 0x0000000710200000| PB 0x0000000710200000| Untracked 
|  98|0x0000000710400000, 0x0000000710400000, 0x0000000710600000|  0%| F|  |TAMS 0x0000000710400000| PB 0x0000000710400000| Untracked 
|  99|0x0000000710600000, 0x0000000710600000, 0x0000000710800000|  0%| F|  |TAMS 0x0000000710600000| PB 0x0000000710600000| Untracked 
| 100|0x0000000710800000, 0x0000000710800000, 0x0000000710a00000|  0%| F|  |TAMS 0x0000000710800000| PB 0x0000000710800000| Untracked 
| 101|0x0000000710a00000, 0x0000000710a00000, 0x0000000710c00000|  0%| F|  |TAMS 0x0000000710a00000| PB 0x0000000710a00000| Untracked 
| 102|0x0000000710c00000, 0x0000000710c00000, 0x0000000710e00000|  0%| F|  |TAMS 0x0000000710c00000| PB 0x0000000710c00000| Untracked 
| 103|0x0000000710e00000, 0x0000000710e00000, 0x0000000711000000|  0%| F|  |TAMS 0x0000000710e00000| PB 0x0000000710e00000| Untracked 
| 104|0x0000000711000000, 0x0000000711000000, 0x0000000711200000|  0%| F|  |TAMS 0x0000000711000000| PB 0x0000000711000000| Untracked 
| 105|0x0000000711200000, 0x0000000711200000, 0x0000000711400000|  0%| F|  |TAMS 0x0000000711200000| PB 0x0000000711200000| Untracked 
| 106|0x0000000711400000, 0x0000000711400000, 0x0000000711600000|  0%| F|  |TAMS 0x0000000711400000| PB 0x0000000711400000| Untracked 
| 107|0x0000000711600000, 0x0000000711600000, 0x0000000711800000|  0%| F|  |TAMS 0x0000000711600000| PB 0x0000000711600000| Untracked 
| 108|0x0000000711800000, 0x0000000711800000, 0x0000000711a00000|  0%| F|  |TAMS 0x0000000711800000| PB 0x0000000711800000| Untracked 
| 109|0x0000000711a00000, 0x0000000711a00000, 0x0000000711c00000|  0%| F|  |TAMS 0x0000000711a00000| PB 0x0000000711a00000| Untracked 
| 110|0x0000000711c00000, 0x0000000711c00000, 0x0000000711e00000|  0%| F|  |TAMS 0x0000000711c00000| PB 0x0000000711c00000| Untracked 
| 111|0x0000000711e00000, 0x0000000711e00000, 0x0000000712000000|  0%| F|  |TAMS 0x0000000711e00000| PB 0x0000000711e00000| Untracked 
| 112|0x0000000712000000, 0x0000000712000000, 0x0000000712200000|  0%| F|  |TAMS 0x0000000712000000| PB 0x0000000712000000| Untracked 
| 113|0x0000000712200000, 0x0000000712200000, 0x0000000712400000|  0%| F|  |TAMS 0x0000000712200000| PB 0x0000000712200000| Untracked 
| 114|0x0000000712400000, 0x0000000712400000, 0x0000000712600000|  0%| F|  |TAMS 0x0000000712400000| PB 0x0000000712400000| Untracked 
| 115|0x0000000712600000, 0x0000000712600000, 0x0000000712800000|  0%| F|  |TAMS 0x0000000712600000| PB 0x0000000712600000| Untracked 
| 116|0x0000000712800000, 0x0000000712800000, 0x0000000712a00000|  0%| F|  |TAMS 0x0000000712800000| PB 0x0000000712800000| Untracked 
| 117|0x0000000712a00000, 0x0000000712a00000, 0x0000000712c00000|  0%| F|  |TAMS 0x0000000712a00000| PB 0x0000000712a00000| Untracked 
| 118|0x0000000712c00000, 0x0000000712c00000, 0x0000000712e00000|  0%| F|  |TAMS 0x0000000712c00000| PB 0x0000000712c00000| Untracked 
| 119|0x0000000712e00000, 0x0000000712e00000, 0x0000000713000000|  0%| F|  |TAMS 0x0000000712e00000| PB 0x0000000712e00000| Untracked 
| 120|0x0000000713000000, 0x0000000713000000, 0x0000000713200000|  0%| F|  |TAMS 0x0000000713000000| PB 0x0000000713000000| Untracked 
| 121|0x0000000713200000, 0x0000000713200000, 0x0000000713400000|  0%| F|  |TAMS 0x0000000713200000| PB 0x0000000713200000| Untracked 
| 122|0x0000000713400000, 0x0000000713400000, 0x0000000713600000|  0%| F|  |TAMS 0x0000000713400000| PB 0x0000000713400000| Untracked 
| 123|0x0000000713600000, 0x0000000713600000, 0x0000000713800000|  0%| F|  |TAMS 0x0000000713600000| PB 0x0000000713600000| Untracked 
| 124|0x0000000713800000, 0x00000007138e1ec8, 0x0000000713a00000| 44%| E|  |TAMS 0x0000000713800000| PB 0x0000000713800000| Complete 
| 125|0x0000000713a00000, 0x0000000713c00000, 0x0000000713c00000|100%| E|CS|TAMS 0x0000000713a00000| PB 0x0000000713a00000| Complete 

Card table byte_map: [0x000001f747350000,0x000001f747b30000] _byte_map_base: 0x000001f743b30000

Marking Bits: (CMBitMap*) 0x000001f72f221dc0
 Bits: [0x000001f747b30000, 0x000001f74ba30000)

Polling page: 0x000001f72cf20000

Metaspace:

Usage:
  Non-class:    210.59 KB used.
      Class:     11.86 KB used.
       Both:    222.45 KB used.

Virtual space:
  Non-class space:       64.00 MB reserved,     320.00 KB ( <1%) committed,  1 nodes.
      Class space:        1.00 GB reserved,     128.00 KB ( <1%) committed,  1 nodes.
             Both:        1.06 GB reserved,     448.00 KB ( <1%) committed. 

Chunk freelists:
   Non-Class:  11.99 MB
       Class:  15.75 MB
        Both:  27.74 MB

MaxMetaspaceSize: unlimited
CompressedClassSpaceSize: 1.00 GB
Initial GC threshold: 21.00 MB
Current GC threshold: 21.00 MB
CDS: on
 - commit_granule_bytes: 65536.
 - commit_granule_words: 8192.
 - virtual_space_node_default_size: 8388608.
 - enlarge_chunks_in_place: 1.
 - use_allocation_guard: 0.


Internal statistics:

num_allocs_failed_limit: 0.
num_arena_births: 4.
num_arena_deaths: 0.
num_vsnodes_births: 2.
num_vsnodes_deaths: 0.
num_space_committed: 7.
num_space_uncommitted: 0.
num_chunks_returned_to_freelist: 0.
num_chunks_taken_from_freelist: 5.
num_chunk_merges: 0.
num_chunk_splits: 3.
num_chunks_enlarged: 1.
num_inconsistent_stats: 0.

CodeHeap 'non-profiled nmethods': size=120000Kb used=15Kb max_used=15Kb free=119984Kb
 bounds [0x000001f73f0f0000, 0x000001f73f360000, 0x000001f746620000]
CodeHeap 'profiled nmethods': size=120000Kb used=104Kb max_used=104Kb free=119895Kb
 bounds [0x000001f737620000, 0x000001f737890000, 0x000001f73eb50000]
CodeHeap 'non-nmethods': size=5760Kb used=1333Kb max_used=1341Kb free=4426Kb
 bounds [0x000001f73eb50000, 0x000001f73edc0000, 0x000001f73f0f0000]
 total_blobs=392 nmethods=77 adapters=220
 compilation: enabled
              stopped_count=0, restarted_count=0
 full_count=0

Compilation events (20 events):
Event: 0.112 Thread 0x000001f74e6b9970 nmethod 66 0x000001f737637510 code [0x000001f7376376c0, 0x000001f7376378a0]
Event: 0.112 Thread 0x000001f74e6b9970   67       3       java.lang.StringUTF16::toChars (18 bytes)
Event: 0.112 Thread 0x000001f74e6b9970 nmethod 67 0x000001f737637990 code [0x000001f737637b40, 0x000001f737637d28]
Event: 0.112 Thread 0x000001f74e6b9970   68       3       java.lang.StringUTF16::checkBoundsOffCount (11 bytes)
Event: 0.113 Thread 0x000001f74e6b9970 nmethod 68 0x000001f737637e10 code [0x000001f737637fe0, 0x000001f7376382e8]
Event: 0.115 Thread 0x000001f74e6b9970   71       3       java.lang.AbstractStringBuilder::ensureCapacityInternal (39 bytes)
Event: 0.115 Thread 0x000001f74e6b9970 nmethod 71 0x000001f737638490 code [0x000001f737638660, 0x000001f7376388b0]
Event: 0.115 Thread 0x000001f74e6b9970   72       3       java.lang.StringLatin1::canEncode (13 bytes)
Event: 0.115 Thread 0x000001f74e6b9970 nmethod 72 0x000001f737638990 code [0x000001f737638b20, 0x000001f737638c70]
Event: 0.115 Thread 0x000001f74e6b9970   73       3       java.lang.AbstractStringBuilder::isLatin1 (19 bytes)
Event: 0.115 Thread 0x000001f74e6b9970 nmethod 73 0x000001f737638d10 code [0x000001f737638ec0, 0x000001f737639040]
Event: 0.117 Thread 0x000001f74e6b16f0 nmethod 70% 0x000001f73f0f3990 code [0x000001f73f0f3b20, 0x000001f73f0f3dd0]
Event: 0.120 Thread 0x000001f74e6b9970   74       3       java.lang.StringLatin1::indexOfChar (33 bytes)
Event: 0.120 Thread 0x000001f74e6b9970 nmethod 74 0x000001f737639110 code [0x000001f7376392c0, 0x000001f7376394f8]
Event: 0.120 Thread 0x000001f74e6b9970   75       3       java.lang.Math::min (11 bytes)
Event: 0.120 Thread 0x000001f74e6b9970 nmethod 75 0x000001f737639610 code [0x000001f7376397a0, 0x000001f7376398e0]
Event: 0.121 Thread 0x000001f74e6b9970   76       3       java.lang.Math::max (11 bytes)
Event: 0.121 Thread 0x000001f74e6b9970 nmethod 76 0x000001f737639990 code [0x000001f737639b20, 0x000001f737639c60]
Event: 0.122 Thread 0x000001f74e6b9970   77       3       java.lang.StringLatin1::inflate (34 bytes)
Event: 0.122 Thread 0x000001f74e6b9970 nmethod 77 0x000001f737639d10 code [0x000001f737639ec0, 0x000001f73763a0c8]

GC Heap History (0 events):
No events

Dll operation events (3 events):
Event: 0.005 Loaded shared library C:\Program Files\Java\jdk-21\bin\java.dll
Event: 0.037 Loaded shared library C:\Program Files\Java\jdk-21\bin\jsvml.dll
Event: 0.124 Loaded shared library C:\Users\14858\Desktop\Cwork\genealogy-homework\C_functions.dll

Deoptimization events (0 events):
No events

Classes loaded (20 events):
Event: 0.027 Loading class sun/nio/cs/GBK$DecodeHolder
Event: 0.027 Loading class sun/nio/cs/GBK$DecodeHolder done
Event: 0.027 Loading class sun/nio/cs/DoubleByte
Event: 0.027 Loading class sun/nio/cs/DoubleByte done
Event: 0.030 Loading class sun/nio/cs/MS936
Event: 0.030 Loading class sun/nio/cs/MS936 done
Event: 0.030 Loading class sun/nio/cs/DoubleByte$Encoder
Event: 0.030 Loading class sun/nio/cs/DoubleByte$Encoder done
Event: 0.030 Loading class sun/nio/cs/MS936$EncodeHolder
Event: 0.030 Loading class sun/nio/cs/MS936$EncodeHolder done
Event: 0.031 Loading class sun/nio/cs/MS936$DecodeHolder
Event: 0.031 Loading class sun/nio/cs/MS936$DecodeHolder done
Event: 0.046 Loading class jdk/internal/vm/VMSupport
Event: 0.046 Loading class jdk/internal/vm/VMSupport done
Event: 0.111 Loading class sun/nio/cs/GBK$EncodeHolder
Event: 0.111 Loading class sun/nio/cs/GBK$EncodeHolder done
Event: 0.114 Loading class jdk/internal/loader/URLClassPath$FileLoader
Event: 0.114 Loading class jdk/internal/loader/URLClassPath$FileLoader done
Event: 0.116 Loading class jdk/internal/loader/URLClassPath$FileLoader$1
Event: 0.117 Loading class jdk/internal/loader/URLClassPath$FileLoader$1 done

Classes unloaded (0 events):
No events

Classes redefined (0 events):
No events

Internal exceptions (1 events):
Event: 0.125 Thread 0x000001f72cf713b0 Exception <a 'java/lang/NoSuchMethodError'{0x000000071381aeb8}: <init>> (0x000000071381aeb8) 
thrown [s\open\src\hotspot\share\prims\jni.cpp, line 1072]

ZGC Phase Switch (0 events):
No events

VM Operations (0 events):
No events

Events (14 events):
Event: 0.017 Thread 0x000001f72cf713b0 Thread added: 0x000001f72cf713b0
Event: 0.035 Thread 0x000001f74e6a50d0 Thread added: 0x000001f74e6a50d0
Event: 0.035 Thread 0x000001f74e6a5c90 Thread added: 0x000001f74e6a5c90
Event: 0.035 Thread 0x000001f74e6a9740 Thread added: 0x000001f74e6a9740
Event: 0.035 Thread 0x000001f74e6aa5f0 Thread added: 0x000001f74e6aa5f0
Event: 0.035 Thread 0x000001f74e6ab8e0 Thread added: 0x000001f74e6ab8e0
Event: 0.036 Thread 0x000001f74e6acbd0 Thread added: 0x000001f74e6acbd0
Event: 0.036 Thread 0x000001f74e6b16f0 Thread added: 0x000001f74e6b16f0
Event: 0.036 Thread 0x000001f74e6b9970 Thread added: 0x000001f74e6b9970
Event: 0.052 Thread 0x000001f74e8cb520 Thread added: 0x000001f74e8cb520
Event: 0.052 Thread 0x000001f74e8d0f70 Thread added: 0x000001f74e8d0f70
Event: 0.052 Thread 0x000001f74e8dbda0 Thread added: 0x000001f74e8dbda0
Event: 0.111 Thread 0x000001f74e8de430 Thread added: 0x000001f74e8de430
Event: 0.117 Thread 0x000001f74e911f00 Thread added: 0x000001f74e911f00


Dynamic libraries:
0x00007ff668d30000 - 0x00007ff668d40000 	C:\Program Files\Java\jdk-21\bin\java.exe
0x00007ffbfa2d0000 - 0x00007ffbfa4c8000 	C:\WINDOWS\SYSTEM32\ntdll.dll
0x00007ffbfa0c0000 - 0x00007ffbfa17d000 	C:\WINDOWS\System32\KERNEL32.DLL
0x00007ffbf7990000 - 0x00007ffbf7c86000 	C:\WINDOWS\System32\KERNELBASE.dll
0x00007ffbf7db0000 - 0x00007ffbf7eb0000 	C:\WINDOWS\System32\ucrtbase.dll
0x00007ffbed2f0000 - 0x00007ffbed309000 	C:\Program Files\Java\jdk-21\bin\jli.dll
0x00007ffbec190000 - 0x00007ffbec1ab000 	C:\Program Files\Java\jdk-21\bin\VCRUNTIME140.dll
0x00007ffbf95a0000 - 0x00007ffbf9653000 	C:\WINDOWS\System32\ADVAPI32.dll
0x00007ffbf83b0000 - 0x00007ffbf844e000 	C:\WINDOWS\System32\msvcrt.dll
0x00007ffbf8310000 - 0x00007ffbf83af000 	C:\WINDOWS\System32\sechost.dll
0x00007ffbf8cc0000 - 0x00007ffbf8de6000 	C:\WINDOWS\System32\RPCRT4.dll
0x00007ffbf8190000 - 0x00007ffbf81b7000 	C:\WINDOWS\System32\bcrypt.dll
0x00007ffbf8f90000 - 0x00007ffbf912e000 	C:\WINDOWS\System32\USER32.dll
0x00007ffbf8270000 - 0x00007ffbf8292000 	C:\WINDOWS\System32\win32u.dll
0x00007ffbf9820000 - 0x00007ffbf984b000 	C:\WINDOWS\System32\GDI32.dll
0x00007ffbde870000 - 0x00007ffbdeb0a000 	C:\WINDOWS\WinSxS\amd64_microsoft.windows.common-controls_6595b64144ccf1df_6.0.19041.3636_none_60b6a03d71f818d5\COMCTL32.dll
0x00007ffbf7c90000 - 0x00007ffbf7da7000 	C:\WINDOWS\System32\gdi32full.dll
0x00007ffbf7eb0000 - 0x00007ffbf7f4d000 	C:\WINDOWS\System32\msvcp_win.dll
0x00007ffbeb490000 - 0x00007ffbeb49a000 	C:\WINDOWS\SYSTEM32\VERSION.dll
0x00007ffbfa250000 - 0x00007ffbfa282000 	C:\WINDOWS\System32\IMM32.DLL
0x00007ffbf0ba0000 - 0x00007ffbf0bac000 	C:\Program Files\Java\jdk-21\bin\vcruntime140_1.dll
0x00007ffb93090000 - 0x00007ffb9311e000 	C:\Program Files\Java\jdk-21\bin\msvcp140.dll
0x00007ffb6ba20000 - 0x00007ffb6c735000 	C:\Program Files\Java\jdk-21\bin\server\jvm.dll
0x00007ffbf9850000 - 0x00007ffbf98bb000 	C:\WINDOWS\System32\WS2_32.dll
0x00007ffbf6f30000 - 0x00007ffbf6f7b000 	C:\WINDOWS\SYSTEM32\POWRPROF.dll
0x00007ffbe6de0000 - 0x00007ffbe6e07000 	C:\WINDOWS\SYSTEM32\WINMM.dll
0x00007ffbf6da0000 - 0x00007ffbf6db2000 	C:\WINDOWS\SYSTEM32\UMPDC.dll
0x00007ffbf61d0000 - 0x00007ffbf61e2000 	C:\WINDOWS\SYSTEM32\kernel.appcore.dll
0x00007ffbedab0000 - 0x00007ffbedaba000 	C:\Program Files\Java\jdk-21\bin\jimage.dll
0x00007ffbf5f00000 - 0x00007ffbf60e4000 	C:\WINDOWS\SYSTEM32\DBGHELP.DLL
0x00007ffbe4400000 - 0x00007ffbe4434000 	C:\WINDOWS\SYSTEM32\dbgcore.DLL
0x00007ffbf7fa0000 - 0x00007ffbf8022000 	C:\WINDOWS\System32\bcryptPrimitives.dll
0x00007ffbec150000 - 0x00007ffbec18c000 	C:\Program Files\Java\jdk-21\bin\jdwp.dll
0x00007ffbd7ce0000 - 0x00007ffbd7cff000 	C:\Program Files\Java\jdk-21\bin\java.dll
0x00007ffbf8570000 - 0x00007ffbf8cb5000 	C:\WINDOWS\System32\SHELL32.dll
0x00007ffbf5480000 - 0x00007ffbf5c1c000 	C:\WINDOWS\SYSTEM32\windows.storage.dll
0x00007ffbf9c20000 - 0x00007ffbf9f74000 	C:\WINDOWS\System32\combase.dll
0x00007ffbf73c0000 - 0x00007ffbf73ee000 	C:\WINDOWS\SYSTEM32\Wldp.dll
0x00007ffbfa180000 - 0x00007ffbfa24d000 	C:\WINDOWS\System32\OLEAUT32.dll
0x00007ffbf98d0000 - 0x00007ffbf997d000 	C:\WINDOWS\System32\SHCORE.dll
0x00007ffbf8ed0000 - 0x00007ffbf8f25000 	C:\WINDOWS\System32\shlwapi.dll
0x00007ffbf78c0000 - 0x00007ffbf78e5000 	C:\WINDOWS\SYSTEM32\profapi.dll
0x00007ffb91c30000 - 0x00007ffb91d07000 	C:\Program Files\Java\jdk-21\bin\jsvml.dll
0x00007ffbed2e0000 - 0x00007ffbed2ec000 	C:\Program Files\Java\jdk-21\bin\dt_socket.dll
0x00007ffbf6dc0000 - 0x00007ffbf6dfb000 	C:\WINDOWS\SYSTEM32\IPHLPAPI.DLL
0x00007ffbf7120000 - 0x00007ffbf718a000 	C:\WINDOWS\system32\mswsock.dll
0x00007ffbf6e00000 - 0x00007ffbf6eca000 	C:\WINDOWS\SYSTEM32\DNSAPI.dll
0x00007ffbf8df0000 - 0x00007ffbf8df8000 	C:\WINDOWS\System32\NSI.dll
0x00007ffbee630000 - 0x00007ffbee63a000 	C:\Windows\System32\rasadhlp.dll
0x00007ffbebd50000 - 0x00007ffbebdd0000 	C:\WINDOWS\System32\fwpuclnt.dll
0x00000000624c0000 - 0x00000000624d5000 	C:\Users\14858\Desktop\Cwork\genealogy-homework\C_functions.dll

dbghelp: loaded successfully - version: 4.0.5 - missing functions: none
symbol engine: initialized successfully - sym options: 0x614 - pdb path: .;C:\Program Files\Java\jdk-21\bin;C:\WINDOWS\SYSTEM32;C:\WINDOWS\WinSxS\amd64_microsoft.windows.common-controls_6595b64144ccf1df_6.0.19041.3636_none_60b6a03d71f818d5;C:\Program Files\Java\jdk-21\bin\server;C:\Users\14858\Desktop\Cwork\genealogy-homework

VM Arguments:
jvm_args: -agentlib:jdwp=transport=dt_socket,server=n,suspend=y,address=localhost:59865 --enable-preview -XX:+ShowCodeDetailsInExceptionMessages 
java_command: JavaGUI
java_class_path (initial): C:\Users\14858\AppData\Roaming\Code\User\workspaceStorage\dd60fbc91c904000ff81735ad0d62266\redhat.java\jdt_ws\genealogy-homework_678d8400\bin
Launcher Type: SUN_STANDARD

[Global flags]
     intx CICompilerCount                          = 4                                         {product} {ergonomic}
     uint ConcGCThreads                            = 3                                         {product} {ergonomic}
     uint G1ConcRefinementThreads                  = 10                                        {product} {ergonomic}
   size_t G1HeapRegionSize                         = 2097152                                   {product} {ergonomic}
    uintx GCDrainStackTargetSize                   = 64                                        {product} {ergonomic}
   size_t InitialHeapSize                          = 264241152                                 {product} {ergonomic}
   size_t MarkStackSize                            = 4194304                                   {product} {ergonomic}
   size_t MaxHeapSize                              = 4227858432                                {product} {ergonomic}
   size_t MaxNewSize                               = 2535456768                                {product} {ergonomic}
   size_t MinHeapDeltaBytes                        = 2097152                                   {product} {ergonomic}
   size_t MinHeapSize                              = 8388608                                   {product} {ergonomic}
    uintx NonNMethodCodeHeapSize                   = 5839372                                {pd product} {ergonomic}
    uintx NonProfiledCodeHeapSize                  = 122909434                              {pd product} {ergonomic}
    uintx ProfiledCodeHeapSize                     = 122909434                              {pd product} {ergonomic}
    uintx ReservedCodeCacheSize                    = 251658240                              {pd product} {ergonomic}
     bool SegmentedCodeCache                       = true                                      {product} {ergonomic}
     bool ShowCodeDetailsInExceptionMessages       = true                                   {manageable} {command line}
   size_t SoftMaxHeapSize                          = 4227858432                             {manageable} {ergonomic}
     bool UseCompressedOops                        = true                           {product lp64_product} {ergonomic}
     bool UseG1GC                                  = true                                      {product} {ergonomic}
     bool UseLargePagesIndividualAllocation        = false                                  {pd product} {ergonomic}

Logging:
Log output configuration:
 #0: stdout all=warning uptime,level,tags foldmultilines=false
 #1: stderr all=off uptime,level,tags foldmultilines=false

Environment Variables:
JAVA_HOME=C:\Program Files\Java\jdk-21
PATH=C:\Program Files\Common Files\Oracle\Java\javapath;C:\Program Files (x86)\VMware\VMware Workstation\bin\;C:\Windows\system32;C:\Windows;C:\Windows\System32\Wbem;C:\Windows\System32\WindowsPowerShell\v1.0\;C:\Windows\System32\OpenSSH\;C:\Program Files\WireGuard\;C:\Program Files\mingw64\bin\;C:\Program Files\NVIDIA Corporation\NVIDIA NvDLISR;C:\WINDOWS\system32;C:\WINDOWS;C:\WINDOWS\System32\Wbem;C:\WINDOWS\System32\WindowsPowerShell\v1.0\;C:\WINDOWS\System32\OpenSSH\;C:\Program Files\Git\cmd;C:\Program Files (x86)\NVIDIA Corporation\PhysX\Common;C:\Program Files\dotnet\;C:\Program Files (x86)\GTK2-Runtime\bin;C:\Program Files (x86)\Windows Kits\10\Windows Performance Toolkit\;C:\Users\14858\AppData\Local\Programs\Python\Python311\Scripts\;C:\Users\14858\AppData\Local\Programs\Python\Python311\;C:\Users\14858\AppData\Local\Microsoft\WindowsApps;C:\Users\14858\AppData\Local\Programs\Microsoft VS Code\bin;C:\Program Files\JetBrains\PyCharm 2023.2.1\bin;C:\Program Files\mingw64\bin;C:\php-8.2.12-Win32-vs16-x64;C:\Users\14858\AppData\Local\GitHubDesktop\bin;C:\Program Files\CMake\bin
USERNAME=14858
LANG=zh_CN.UTF-8
OS=Windows_NT
PROCESSOR_IDENTIFIER=Intel64 Family 6 Model 141 Stepping 1, GenuineIntel
TMP=C:\Users\14858\AppData\Local\Temp
TEMP=C:\Users\14858\AppData\Local\Temp




Periodic native trim disabled

---------------  S Y S T E M  ---------------

OS:
 Windows 10 , 64 bit Build 19041 (10.0.19041.3636)
OS uptime: 1 days 2:03 hours

CPU: total 12 (initial active 12) (6 cores per cpu, 2 threads per core) family 6 model 141 stepping 1 microcode 0x34, cx8, cmov, fxsr, ht, mmx, 3dnowpref, sse, sse2, sse3, ssse3, sse4.1, sse4.2, popcnt, lzcnt, tsc, tscinvbit, avx, avx2, aes, erms, clmul, bmi1, bmi2, adx, avx512f, avx512dq, avx512cd, avx512bw, avx512vl, sha, fma, vzeroupper, avx512_vpopcntdq, avx512_vpclmulqdq, avx512_vaes, avx512_vnni, clflush, clflushopt, clwb, avx512_vbmi2, avx512_vbmi, rdtscp, rdpid, fsrm, gfni, avx512_bitalg, f16c, pku, cet_ibt, cet_ss, avx512_ifma
Processor Information for all 12 processors :
  Max Mhz: 2688, Current Mhz: 2688, Mhz Limit: 2688

Memory: 4k page, system-wide physical 16121M (8674M free)
TotalPageFile size 22009M (AvailPageFile size 8964M)
current process WorkingSet (physical memory assigned to process): 38M, peak: 38M
current process commit charge ("private bytes"): 340M, peak: 340M

vm_info: Java HotSpot(TM) 64-Bit Server VM (21.0.1+12-LTS-29) for windows-amd64 JRE (21.0.1+12-LTS-29), built on 2023-10-05T13:27:09Z by "mach5one" with MS VC++ 17.1 (VS2022)

END.
