#
# A fatal error has been detected by the Java Runtime Environment:
#
#  EXCEPTION_ACCESS_VIOLATION (0xc0000005) at pc=0x00000000624c2c4d, pid=10260, tid=14100
#
# JRE version: Java(TM) SE Runtime Environment (21.0.1+12) (build 21.0.1+12-LTS-29)
# Java VM: Java HotSpot(TM) 64-Bit Server VM (21.0.1+12-LTS-29, mixed mode, sharing, tiered, compressed oops, compressed class ptrs, g1 gc, windows-amd64)
# Problematic frame:
# C  [C_functions.dll+0x2c4d]
#
# No core dump will be written. Minidumps are not enabled by default on client versions of Windows
#
# If you would like to submit a bug report, please visit:
#   https://bugreport.java.com/bugreport/crash.jsp
# The crash happened outside the Java Virtual Machine in native code.
# See problematic frame for where to report the bug.
#

---------------  S U M M A R Y ------------

Command Line: JavaGUI

Host: 11th Gen Intel(R) Core(TM) i5-11400H @ 2.70GHz, 12 cores, 15G,  Windows 10 , 64 bit Build 19041 (10.0.19041.3636)
Time: Fri Jun  7 00:11:02 2024  Windows 10 , 64 bit Build 19041 (10.0.19041.3636) elapsed time: 0.281174 seconds (0d 0h 0m 0s)

---------------  T H R E A D  ---------------

Current thread (0x00000252cf976af0):  JavaThread "AWT-EventQueue-0"        [_thread_in_native, id=14100, stack(0x000000c847f00000,0x000000c848000000) (1024K)]

Stack: [0x000000c847f00000,0x000000c848000000],  sp=0x000000c847ffd910,  free space=1014k
Native frames: (J=compiled Java code, j=interpreted, Vv=VM code, C=native code)
C  [C_functions.dll+0x2c4d]

Java frames: (J=compiled Java code, j=interpreted, Vv=VM code)
j  JavaGUI.save(J)V+0
j  MyPanel_graph.paintComponent(Ljava/awt/Graphics;)V+21
j  javax.swing.JComponent.paint(Ljava/awt/Graphics;)V+286 java.desktop@21.0.1
j  javax.swing.JComponent.paintChildren(Ljava/awt/Graphics;)V+516 java.desktop@21.0.1
j  javax.swing.JComponent.paint(Ljava/awt/Graphics;)V+318 java.desktop@21.0.1
j  javax.swing.JComponent.paintChildren(Ljava/awt/Graphics;)V+516 java.desktop@21.0.1
j  javax.swing.JComponent.paint(Ljava/awt/Graphics;)V+318 java.desktop@21.0.1
j  javax.swing.JComponent.paintChildren(Ljava/awt/Graphics;)V+516 java.desktop@21.0.1
j  javax.swing.JComponent.paint(Ljava/awt/Graphics;)V+318 java.desktop@21.0.1
j  javax.swing.JLayeredPane.paint(Ljava/awt/Graphics;)V+73 java.desktop@21.0.1
j  javax.swing.JComponent.paintChildren(Ljava/awt/Graphics;)V+516 java.desktop@21.0.1
j  javax.swing.JComponent.paintToOffscreen(Ljava/awt/Graphics;IIIIII)V+72 java.desktop@21.0.1
j  javax.swing.RepaintManager$PaintManager.paintDoubleBufferedFPScales(Ljavax/swing/JComponent;Ljava/awt/Image;Ljava/awt/Graphics;IIII)V+320 java.desktop@21.0.1
j  javax.swing.RepaintManager$PaintManager.paintDoubleBuffered(Ljavax/swing/JComponent;Ljava/awt/Image;Ljava/awt/Graphics;IIII)V+28 java.desktop@21.0.1
j  javax.swing.RepaintManager$PaintManager.paint(Ljavax/swing/JComponent;Ljavax/swing/JComponent;Ljava/awt/Graphics;IIII)Z+128 java.desktop@21.0.1
j  javax.swing.RepaintManager.paint(Ljavax/swing/JComponent;Ljavax/swing/JComponent;Ljava/awt/Graphics;IIII)V+52 java.desktop@21.0.1
j  javax.swing.JComponent.paint(Ljava/awt/Graphics;)V+221 java.desktop@21.0.1
j  java.awt.GraphicsCallback$PaintCallback.run(Ljava/awt/Component;Ljava/awt/Graphics;)V+2 java.desktop@21.0.1
j  sun.awt.SunGraphicsCallback.runOneComponent(Ljava/awt/Component;Ljava/awt/Rectangle;Ljava/awt/Graphics;Ljava/awt/Shape;I)V+130 java.desktop@21.0.1
j  sun.awt.SunGraphicsCallback.runComponents([Ljava/awt/Component;Ljava/awt/Graphics;I)V+157 java.desktop@21.0.1
j  java.awt.Container.paint(Ljava/awt/Graphics;)V+58 java.desktop@21.0.1
j  java.awt.Window.paint(Ljava/awt/Graphics;)V+68 java.desktop@21.0.1
j  javax.swing.RepaintManager$4.run()Ljava/lang/Void;+142 java.desktop@21.0.1
j  javax.swing.RepaintManager$4.run()Ljava/lang/Object;+1 java.desktop@21.0.1
J 498 c1 java.security.AccessController.executePrivileged(Ljava/security/PrivilegedAction;Ljava/security/AccessControlContext;Ljava/lang/Class;)Ljava/lang/Object; java.base@21.0.1 (65 bytes) @ 0x00000252b81f2054 [0x00000252b81f1ee0+0x0000000000000174]
j  java.security.AccessController.doPrivileged(Ljava/security/PrivilegedAction;Ljava/security/AccessControlContext;)Ljava/lang/Object;+13 java.base@21.0.1
j  java.security.ProtectionDomain$JavaSecurityAccessImpl.doIntersectionPrivilege(Ljava/security/PrivilegedAction;Ljava/security/AccessControlContext;Ljava/security/AccessControlContext;)Ljava/lang/Object;+18 java.base@21.0.1
j  javax.swing.RepaintManager.paintDirtyRegions(Ljava/util/Map;)V+154 java.desktop@21.0.1
j  javax.swing.RepaintManager.paintDirtyRegions()V+46 java.desktop@21.0.1
j  javax.swing.RepaintManager.prePaintDirtyRegions()V+73 java.desktop@21.0.1
j  javax.swing.RepaintManager$ProcessingRunnable.run()V+37 java.desktop@21.0.1
j  java.awt.event.InvocationEvent.dispatch()V+47 java.desktop@21.0.1
j  java.awt.EventQueue.dispatchEventImpl(Ljava/awt/AWTEvent;Ljava/lang/Object;)V+21 java.desktop@21.0.1
j  java.awt.EventQueue$4.run()Ljava/lang/Void;+32 java.desktop@21.0.1
j  java.awt.EventQueue$4.run()Ljava/lang/Object;+1 java.desktop@21.0.1
J 498 c1 java.security.AccessController.executePrivileged(Ljava/security/PrivilegedAction;Ljava/security/AccessControlContext;Ljava/lang/Class;)Ljava/lang/Object; java.base@21.0.1 (65 bytes) @ 0x00000252b81f2054 [0x00000252b81f1ee0+0x0000000000000174]
j  java.security.AccessController.doPrivileged(Ljava/security/PrivilegedAction;Ljava/security/AccessControlContext;)Ljava/lang/Object;+13 java.base@21.0.1
j  java.security.ProtectionDomain$JavaSecurityAccessImpl.doIntersectionPrivilege(Ljava/security/PrivilegedAction;Ljava/security/AccessControlContext;Ljava/security/AccessControlContext;)Ljava/lang/Object;+18 java.base@21.0.1
j  java.awt.EventQueue.dispatchEvent(Ljava/awt/AWTEvent;)V+46 java.desktop@21.0.1
j  java.awt.EventDispatchThread.pumpOneEventForFilters(I)V+81 java.desktop@21.0.1
j  java.awt.EventDispatchThread.pumpEventsForFilter(ILjava/awt/Conditional;Ljava/awt/EventFilter;)V+35 java.desktop@21.0.1
j  java.awt.EventDispatchThread.pumpEventsForHierarchy(ILjava/awt/Conditional;Ljava/awt/Component;)V+11 java.desktop@21.0.1
j  java.awt.EventDispatchThread.pumpEvents(ILjava/awt/Conditional;)V+4 java.desktop@21.0.1
j  java.awt.EventDispatchThread.pumpEvents(Ljava/awt/Conditional;)V+3 java.desktop@21.0.1
j  java.awt.EventDispatchThread.run()V+9 java.desktop@21.0.1
v  ~StubRoutines::call_stub 0x00000252bf6710e7

siginfo: EXCEPTION_ACCESS_VIOLATION (0xc0000005), reading address 0x0000000000000000


Registers:
RAX=0x0000000000000000, RBX=0x0000025311400cc8, RCX=0x00000000ffffffff, RDX=0x0000000000000003
RSP=0x000000c847ffd910, RBP=0x000000c847ffd930, RSI=0x0000000713472818, RDI=0x00000252bf678846
R8 =0x000000c847ffd5f0, R9 =0x0000000000000000, R10=0x0000000000000000, R11=0x0000000000000200
R12=0x0000000000000000, R13=0x0000025311400cc8, R14=0x000000c847ffda68, R15=0x00000252cf976af0
RIP=0x00000000624c2c4d, EFLAGS=0x0000000000010206


Register to memory mapping:

RAX=0x0 is null
RBX={method} {0x0000025311400cd0} 'save' '(J)V' in 'JavaGUI'
RCX=0x00000000ffffffff is an unknown value
RDX=0x0000000000000003 is an unknown value
RSP=0x000000c847ffd910 is pointing into the stack for thread: 0x00000252cf976af0
RBP=0x000000c847ffd930 is pointing into the stack for thread: 0x00000252cf976af0
RSI=0x0000000713472818 is an oop: java.awt.Color 
{0x0000000713472818} - klass: 'java/awt/Color'
 - ---- fields (total size 4 words):
 - 'value' 'I' @12  -3421237 (0xffcbcbcb)
 - private 'falpha' 'F' @16  0.000000 (0x00000000)
 - private 'frgbvalue' '[F' @20  null (0x00000000)
 - private 'fvalue' '[F' @24  null (0x00000000)
 - private 'cs' 'Ljava/awt/color/ColorSpace;' @28  null (0x00000000)
RDI=0x00000252bf678846 is at code_begin+1158 in an Interpreter codelet
return entry points  [0x00000252bf6783c0, 0x00000252bf678f18]  2904 bytes
R8 =0x000000c847ffd5f0 is pointing into the stack for thread: 0x00000252cf976af0
R9 =0x0 is null
R10=0x0 is null
R11=0x0000000000000200 is an unknown value
R12=0x0 is null
R13={method} {0x0000025311400cd0} 'save' '(J)V' in 'JavaGUI'
R14=0x000000c847ffda68 is pointing into the stack for thread: 0x00000252cf976af0
R15=0x00000252cf976af0 is a thread

Top of Stack: (sp=0x000000c847ffd910)
0x000000c847ffd910:   00007ffeffcbfa90 00000000624c71f4
0x000000c847ffd920:   00000252cfcf4fb0 0000000000000000
0x000000c847ffd930:   000000c847ffd970 00000000624c2e04
0x000000c847ffd940:   00000252ae36f7a0 00007ffeffcbfa90
0x000000c847ffd950:   0000000713472818 00000252bf678846
0x000000c847ffd960:   0000025311400cc8 00007ffeffcbfa90
0x000000c847ffd970:   000000c847ffd9a0 00000000624c3a13
0x000000c847ffd980:   00000252ae36f7a0 0000025311400cc8
0x000000c847ffd990:   00000252cf976af0 00000252cfb67a90
0x000000c847ffd9a0:   000000c847ffda38 00000252bf67cf0b
0x000000c847ffd9b0:   00000252cf976ea8 000000c847ffda68
0x000000c847ffd9c0:   00000252ae36f7a0 0000000713472818
0x000000c847ffd9d0:   00000252cf976af0 000000c847ffdae0
0x000000c847ffd9e0:   00002b2276a5a3a9 00000252bf67cb9f
0x000000c847ffd9f0:   000000c847ffd9f0 0000025311400cc8
0x000000c847ffda00:   0000000000000006 0000025311400f78
0x000000c847ffda10:   0000000000000000 000000071380dab0
0x000000c847ffda20:   0000025311400cc8 0000000000000000
0x000000c847ffda30:   000000c847ffda58 000000c847ffdab8
0x000000c847ffda40:   00000252bf678846 0000000000000000
0x000000c847ffda50:   00000252bf67a397 00000252ae36f7a0
0x000000c847ffda60:   0000000000000000 00000007137d40f0
0x000000c847ffda70:   000000c847ffda70 0000025311424715
0x000000c847ffda80:   0000000000000005 0000025311429e70
0x000000c847ffda90:   0000000000000000 000000071345d3f0
0x000000c847ffdaa0:   0000025311424758 000000c847ffda58
0x000000c847ffdab0:   000000c847ffdad8 000000c847ffdb30
0x000000c847ffdac0:   00000252bf678846 0000000000000000
0x000000c847ffdad0:   00000007137d40f0 00000007137d3dc8
0x000000c847ffdae0:   0000000713470aa0 000000c847ffdae8
0x000000c847ffdaf0:   00000253110877ee 0000000000000011
0x000000c847ffdb00:   0000025311286df8 0000000000000000 

Instructions: (pc=0x00000000624c2c4d)
0x00000000624c2b4d:   f8 48 8b 45 f8 48 8b 40 48 48 39 45 f0 75 e6 48
0x00000000624c2b5d:   8b 45 f0 48 8b 50 48 48 8b 45 f8 48 89 50 48 48
0x00000000624c2b6d:   8b 45 f0 48 89 c1 e8 ca fe ff ff 48 8b 45 10 48
0x00000000624c2b7d:   83 c4 40 5d c3 55 48 89 e5 48 83 ec 30 48 89 4d
0x00000000624c2b8d:   10 48 89 55 18 48 8d 0d 67 44 00 00 e8 c2 22 00
0x00000000624c2b9d:   00 48 89 45 f8 48 8d 55 f8 48 8b 45 18 49 89 d0
0x00000000624c2bad:   48 89 c2 48 8b 4d 10 e8 5b fd ff ff 48 8b 45 f8
0x00000000624c2bbd:   0f b6 00 0f b6 c0 85 c0 75 1a 48 8b 45 f8 48 89
0x00000000624c2bcd:   c1 e8 3d 22 00 00 48 8d 0d f6 45 00 00 e8 81 22
0x00000000624c2bdd:   00 00 eb 04 48 8b 45 f8 48 83 c4 30 5d c3 55 48
0x00000000624c2bed:   89 e5 48 83 ec 20 48 89 4d 10 48 89 55 18 48 83
0x00000000624c2bfd:   7d 10 00 0f 84 af 01 00 00 48 8b 45 10 0f b6 40
0x00000000624c2c0d:   28 0f b6 d0 48 8b 45 18 41 89 d0 48 8d 15 d1 45
0x00000000624c2c1d:   00 00 48 89 c1 e8 01 22 00 00 48 8b 45 10 48 8b
0x00000000624c2c2d:   50 08 48 8b 45 18 49 89 d0 48 8d 15 b7 45 00 00
0x00000000624c2c3d:   48 89 c1 e8 e3 21 00 00 48 8b 45 10 48 8b 40 10
0x00000000624c2c4d:   8b 10 48 8b 45 18 41 89 d0 48 8d 15 93 45 00 00
0x00000000624c2c5d:   48 89 c1 e8 c3 21 00 00 48 8b 45 10 48 8b 40 10
0x00000000624c2c6d:   8b 50 04 48 8b 45 18 41 89 d0 48 8d 15 72 45 00
0x00000000624c2c7d:   00 48 89 c1 e8 a2 21 00 00 48 8b 45 10 48 8b 40
0x00000000624c2c8d:   10 8b 50 08 48 8b 45 18 41 89 d0 48 8d 15 51 45
0x00000000624c2c9d:   00 00 48 89 c1 e8 81 21 00 00 48 8b 45 10 0f b6
0x00000000624c2cad:   40 18 0f b6 d0 48 8b 45 18 41 89 d0 48 8d 15 30
0x00000000624c2cbd:   45 00 00 48 89 c1 e8 60 21 00 00 48 8b 45 10 48
0x00000000624c2ccd:   8b 50 20 48 8b 45 18 49 89 d0 48 8d 15 16 45 00
0x00000000624c2cdd:   00 48 89 c1 e8 42 21 00 00 48 8b 45 10 48 8b 40
0x00000000624c2ced:   38 48 85 c0 74 18 48 8b 45 10 48 8b 40 38 48 8b
0x00000000624c2cfd:   40 08 48 8b 55 18 48 89 c1 e8 0d 21 00 00 48 8b
0x00000000624c2d0d:   45 10 0f b6 40 28 83 f0 01 84 c0 74 62 48 8b 45
0x00000000624c2d1d:   10 48 8b 40 30 8b 10 48 8b 45 18 41 89 d0 48 8d
0x00000000624c2d2d:   15 be 44 00 00 48 89 c1 e8 ee 20 00 00 48 8b 45
0x00000000624c2d3d:   10 48 8b 40 30 8b 50 04 48 8b 45 18 41 89 d0 48 


Stack slot to memory mapping:

stack at sp + 0 slots: 0x00007ffeffcbfa90 msvcrt.dll
stack at sp + 1 slots: 0x00000000624c71f4 C_functions.dll
stack at sp + 2 slots: 0x00000252cfcf4fb0 points into unknown readable memory: 0x000000747865742e | 2e 74 65 78 74 00 00 00
stack at sp + 3 slots: 0x0 is null
stack at sp + 4 slots: 0x000000c847ffd970 is pointing into the stack for thread: 0x00000252cf976af0
stack at sp + 5 slots: 0x00000000624c2e04 C_functions.dll
stack at sp + 6 slots: 0x00000252ae36f7a0 points into unknown readable memory: 0x000000747865742e | 2e 74 65 78 74 00 00 00
stack at sp + 7 slots: 0x00007ffeffcbfa90 msvcrt.dll


Compiled method (c1)     291  498       3       java.security.AccessController::executePrivileged (65 bytes)
 total in heap  [0x00000252b81f1d10,0x00000252b81f2318] = 1544
 relocation     [0x00000252b81f1e70,0x00000252b81f1ed8] = 104
 main code      [0x00000252b81f1ee0,0x00000252b81f21a0] = 704
 stub code      [0x00000252b81f21a0,0x00000252b81f21f8] = 88
 metadata       [0x00000252b81f21f8,0x00000252b81f2208] = 16
 scopes data    [0x00000252b81f2208,0x00000252b81f2280] = 120
 scopes pcs     [0x00000252b81f2280,0x00000252b81f2300] = 128
 dependencies   [0x00000252b81f2300,0x00000252b81f2308] = 8
 nul chk table  [0x00000252b81f2308,0x00000252b81f2318] = 16

[Constant Pool (empty)]

[MachCode]
[Verified Entry Point]
  # {method} {0x00000252d0478680} 'executePrivileged' '(Ljava/security/PrivilegedAction;Ljava/security/AccessControlContext;Ljava/lang/Class;)Ljava/lang/Object;' in 'java/security/AccessController'
  # parm0:    rdx:rdx   = 'java/security/PrivilegedAction'
  # parm1:    r8:r8     = 'java/security/AccessControlContext'
  # parm2:    r9:r9     = 'java/lang/Class'
  #           [sp+0x50]  (sp of caller)
  0x00000252b81f1ee0: 8984 2400 | 80ff ff55 | 4883 ec40 | 4181 7f20 | 0100 0000 

  0x00000252b81f1ef4: ;   {runtime_call StubRoutines (final stubs)}
  0x00000252b81f1ef4: 7405 e805 | 434b 074c | 8944 2430 

  0x00000252b81f1f00: ;   {metadata(method data for {method} {0x00000252d0478680} 'executePrivileged' '(Ljava/security/PrivilegedAction;Ljava/security/AccessControlContext;Ljava/lang/Class;)Ljava/lang/Object;' in 'java/security/AccessController')}
  0x00000252b81f1f00: 48be 18cb | 0d11 5302 | 0000 8bbe | cc00 0000 | 83c7 0289 | becc 0000 | 0081 e7fe | 0700 0083 
  0x00000252b81f1f20: ff00 0f84 | d001 0000 | 4983 f800 

  0x00000252b81f1f2c: ;   {metadata(method data for {method} {0x00000252d0478680} 'executePrivileged' '(Ljava/security/PrivilegedAction;Ljava/security/AccessControlContext;Ljava/lang/Class;)Ljava/lang/Object;' in 'java/security/AccessController')}
  0x00000252b81f1f2c: 48be 18cb | 0d11 5302 | 0000 48bf | 1001 0000 | 0000 0000 | 0f84 0a00 | 0000 48bf | 2001 0000 
  0x00000252b81f1f4c: 0000 0000 | 488b 1c3e | 488d 5b01 | 4889 1c3e | 4c89 4c24 | 2848 8954 | 2420 0f84 | 2800 0000 
  0x00000252b81f1f6c: ;   {metadata(method data for {method} {0x00000252d0478680} 'executePrivileged' '(Ljava/security/PrivilegedAction;Ljava/security/AccessControlContext;Ljava/lang/Class;)Ljava/lang/Object;' in 'java/security/AccessController')}
  0x00000252b81f1f6c: 48be 18cb | 0d11 5302 | 0000 4883 | 8630 0100 | 0001 498b | d066 0f1f 

  0x00000252b81f1f84: ;   {static_call}
  0x00000252b81f1f84: 4400 00e8 

  0x00000252b81f1f88: ; ImmutableOopMap {[32]=Oop [40]=Oop [48]=Oop }
                      ;*invokestatic ensureMaterializedForStackWalk {reexecute=0 rethrow=0 return_oop=0}
                      ; - java.security.AccessController::executePrivileged@5 (line 774)
  0x00000252b81f1f88: 2802 0000 

  0x00000252b81f1f8c: ;   {other}
  0x00000252b81f1f8c: 0f1f 8400 | 7c02 0000 

  0x00000252b81f1f94: ;   {metadata(method data for {method} {0x00000252d0478680} 'executePrivileged' '(Ljava/security/PrivilegedAction;Ljava/security/AccessControlContext;Ljava/lang/Class;)Ljava/lang/Object;' in 'java/security/AccessController')}
  0x00000252b81f1f94: 48ba 18cb | 0d11 5302 | 0000 ff82 | 4001 0000 | 488b 5424 | 2048 3b02 

  0x00000252b81f1fac: ;   {metadata(method data for {method} {0x00000252d0478680} 'executePrivileged' '(Ljava/security/PrivilegedAction;Ljava/security/AccessControlContext;Ljava/lang/Class;)Ljava/lang/Object;' in 'java/security/AccessController')}
  0x00000252b81f1fac: 488b f248 | bf18 cb0d | 1153 0200 | 008b 7608 | 49ba 0000 | 00d0 5202 | 0000 4903 | f248 3bb7 
  0x00000252b81f1fcc: b001 0000 | 750d 4883 | 87b8 0100 | 0001 e960 | 0000 0048 | 3bb7 c001 | 0000 750d | 4883 87c8 
  0x00000252b81f1fec: 0100 0001 | e94a 0000 | 0048 83bf | b001 0000 | 0075 1748 | 89b7 b001 | 0000 48c7 | 87b8 0100 
  0x00000252b81f200c: 0001 0000 | 00e9 2900 | 0000 4883 | bfc0 0100 | 0000 7517 | 4889 b7c0 | 0100 0048 | c787 c801 
  0x00000252b81f202c: 0000 0100 | 0000 e908 | 0000 0048 | 8387 a001 | 0000 0166 | 0f1f 4400 | 0048 b8ff | ffff ffff 
  0x00000252b81f204c: ;   {virtual_call}
  0x00000252b81f204c: ffff ffe8 

  0x00000252b81f2050: ; ImmutableOopMap {[40]=Oop [48]=Oop }
                      ;*invokeinterface run {reexecute=0 rethrow=0 return_oop=0}
                      ; - java.security.AccessController::executePrivileged@29 (line 778)
  0x00000252b81f2050: 4c9c 4c07 

  0x00000252b81f2054: ;   {other}
  0x00000252b81f2054: 0f1f 8400 | 4403 0001 

  0x00000252b81f205c: ;   {metadata(method data for {method} {0x00000252d0478680} 'executePrivileged' '(Ljava/security/PrivilegedAction;Ljava/security/AccessControlContext;Ljava/lang/Class;)Ljava/lang/Object;' in 'java/security/AccessController')}
  0x00000252b81f205c: 48be 18cb | 0d11 5302 | 0000 ff86 | d801 0000 | 4c8b 4c24 

  0x00000252b81f2070: ;   {metadata(method data for {method} {0x00000252d0478680} 'executePrivileged' '(Ljava/security/PrivilegedAction;Ljava/security/AccessControlContext;Ljava/lang/Class;)Ljava/lang/Object;' in 'java/security/AccessController')}
  0x00000252b81f2070: 2848 be18 | cb0d 1153 | 0200 0048 | 8386 3802 

  0x00000252b81f2080: ;   {metadata(method data for {method} {0x00000252d003d400} 'reachabilityFence' '(Ljava/lang/Object;)V' in 'java/lang/ref/Reference')}
  0x00000252b81f2080: 0000 0148 | be20 600a | 1153 0200 | 008b becc | 0000 0083 | c702 89be | cc00 0000 | 81e7 feff 
  0x00000252b81f20a0: 1f00 83ff | 000f 8473 

  0x00000252b81f20a8: ;   {metadata(method data for {method} {0x00000252d0478680} 'executePrivileged' '(Ljava/security/PrivilegedAction;Ljava/security/AccessControlContext;Ljava/lang/Class;)Ljava/lang/Object;' in 'java/security/AccessController')}
  0x00000252b81f20a8: 0000 0048 | be18 cb0d | 1153 0200 | 0048 8386 | 4802 0000 

  0x00000252b81f20bc: ;   {metadata(method data for {method} {0x00000252d003d400} 'reachabilityFence' '(Ljava/lang/Object;)V' in 'java/lang/ref/Reference')}
  0x00000252b81f20bc: 0148 be20 | 600a 1153 | 0200 008b | becc 0000 | 0083 c702 | 89be cc00 | 0000 81e7 | feff 1f00 
  0x00000252b81f20dc: 83ff 000f | 845a 0000 | 0048 83c4 

  0x00000252b81f20e8: ;   {poll_return}
  0x00000252b81f20e8: 405d 493b | a750 0400 | 000f 8766 | 0000 00c3 

  0x00000252b81f20f8: ;   {metadata({method} {0x00000252d0478680} 'executePrivileged' '(Ljava/security/PrivilegedAction;Ljava/security/AccessControlContext;Ljava/lang/Class;)Ljava/lang/Object;' in 'java/security/AccessController')}
  0x00000252b81f20f8: 49ba 7886 | 47d0 5202 | 0000 4c89 | 5424 0848 | c704 24ff 

  0x00000252b81f210c: ;   {runtime_call counter_overflow Runtime1 stub}
  0x00000252b81f210c: ffff ffe8 

  0x00000252b81f2110: ; ImmutableOopMap {rdx=Oop r8=Oop r9=Oop [48]=Oop }
                      ;*synchronization entry
                      ; - java.security.AccessController::executePrivileged@-1 (line 773)
  0x00000252b81f2110: 6cc6 5a07 | e90f feff 

  0x00000252b81f2118: ;   {runtime_call throw_null_pointer_exception Runtime1 stub}
  0x00000252b81f2118: ffe8 0251 

  0x00000252b81f211c: ; ImmutableOopMap {rdx=Oop [40]=Oop [48]=Oop }
                      ;*invokeinterface run {reexecute=0 rethrow=0 return_oop=0}
                      ; - java.security.AccessController::executePrivileged@29 (line 778)
                      ;   {metadata({method} {0x00000252d003d400} 'reachabilityFence' '(Ljava/lang/Object;)V' in 'java/lang/ref/Reference')}
  0x00000252b81f211c: 5a07 49ba | f8d3 03d0 | 5202 0000 | 4c89 5424 | 0848 c704 | 24ff ffff 

  0x00000252b81f2134: ;   {runtime_call counter_overflow Runtime1 stub}
  0x00000252b81f2134: ffe8 46c6 

  0x00000252b81f2138: ; ImmutableOopMap {rax=Oop r9=Oop }
                      ;*synchronization entry
                      ; - java.lang.ref.Reference::reachabilityFence@-1 (line 628)
                      ; - java.security.AccessController::executePrivileged@56 (line 783)
  0x00000252b81f2138: 5a07 e96c 

  0x00000252b81f213c: ;   {metadata({method} {0x00000252d003d400} 'reachabilityFence' '(Ljava/lang/Object;)V' in 'java/lang/ref/Reference')}
  0x00000252b81f213c: ffff ff49 | baf8 d303 | d052 0200 | 004c 8954 | 2408 48c7 | 0424 ffff 

  0x00000252b81f2154: ;   {runtime_call counter_overflow Runtime1 stub}
  0x00000252b81f2154: ffff e825 

  0x00000252b81f2158: ; ImmutableOopMap {rax=Oop }
                      ;*synchronization entry
                      ; - java.lang.ref.Reference::reachabilityFence@-1 (line 628)
                      ; - java.security.AccessController::executePrivileged@60 (line 784)
  0x00000252b81f2158: c65a 07eb 

  0x00000252b81f215c: ;   {internal_word}
  0x00000252b81f215c: 8849 baea | 201f b852 | 0200 004d | 8997 6804 

  0x00000252b81f216c: ;   {runtime_call SafepointBlob}
  0x00000252b81f216c: 0000 e90d | 4a4d 0749 | 8b87 0005 | 0000 49c7 | 8700 0500 | 0000 0000 | 0049 c787 | 0805 0000 
  0x00000252b81f218c: 0000 0000 | 4883 c440 

  0x00000252b81f2194: ;   {runtime_call unwind_exception Runtime1 stub}
  0x00000252b81f2194: 5de9 663b | 5a07 f4f4 | f4f4 f4f4 
[Stub Code]
  0x00000252b81f21a0: ;   {no_reloc}
  0x00000252b81f21a0: 0f1f 4400 

  0x00000252b81f21a4: ;   {static_stub}
  0x00000252b81f21a4: 0048 bb00 | 0000 0000 

  0x00000252b81f21ac: ;   {runtime_call}
  0x00000252b81f21ac: 0000 00e9 | fbff ffff 

  0x00000252b81f21b4: ;   {static_stub}
  0x00000252b81f21b4: 48bb a084 | 47d0 5202 

  0x00000252b81f21bc: ;   {runtime_call I2C/C2I adapters}
  0x00000252b81f21bc: 0000 e9c0 

  0x00000252b81f21c0: ;   {runtime_call handle_exception_from_callee Runtime1 stub}
  0x00000252b81f21c0: 1c4d 07e8 | 387c 5a07 

  0x00000252b81f21c8: ;   {external_word}
  0x00000252b81f21c8: 48b9 0028 | 43a1 fe7f | 0000 4883 

  0x00000252b81f21d4: ;   {runtime_call}
  0x00000252b81f21d4: e4f0 48b8 | e00f 0ba1 | fe7f 0000 

  0x00000252b81f21e0: ;   {section_word}
  0x00000252b81f21e0: ffd0 f449 | bae3 211f | b852 0200 

  0x00000252b81f21ec: ;   {runtime_call DeoptimizationBlob}
  0x00000252b81f21ec: 0041 52e9 | 2c5e 4d07 | f4f4 f4f4 
[/MachCode]


---------------  P R O C E S S  ---------------

Threads class SMR info:
_java_thread_list=0x00000252cfde1a50, length=15, elements={
0x00000252cf969070, 0x00000252cf969f90, 0x00000252cf96cd70, 0x00000252cf96f7e0,
0x00000252cf970240, 0x00000252cf9750b0, 0x00000252cf97a580, 0x00000252cf983030,
0x00000252cf975dd0, 0x00000252cf973d00, 0x00000252cf974390, 0x00000252cf976460,
0x00000252cf975740, 0x00000252cf976af0, 0x00000252cf973670
}

Java Threads: ( => current thread )
  0x00000252cf969070 JavaThread "Reference Handler"          daemon [_thread_blocked, id=4052, stack(0x000000c847200000,0x000000c847300000) (1024K)]
  0x00000252cf969f90 JavaThread "Finalizer"                  daemon [_thread_blocked, id=6292, stack(0x000000c847300000,0x000000c847400000) (1024K)]
  0x00000252cf96cd70 JavaThread "Signal Dispatcher"          daemon [_thread_blocked, id=15392, stack(0x000000c847400000,0x000000c847500000) (1024K)]
  0x00000252cf96f7e0 JavaThread "Attach Listener"            daemon [_thread_blocked, id=5476, stack(0x000000c847500000,0x000000c847600000) (1024K)]
  0x00000252cf970240 JavaThread "Service Thread"             daemon [_thread_blocked, id=15812, stack(0x000000c847600000,0x000000c847700000) (1024K)]
  0x00000252cf9750b0 JavaThread "Monitor Deflation Thread"   daemon [_thread_blocked, id=9444, stack(0x000000c847700000,0x000000c847800000) (1024K)]
  0x00000252cf97a580 JavaThread "C2 CompilerThread0"         daemon [_thread_blocked, id=13504, stack(0x000000c847800000,0x000000c847900000) (1024K)]
  0x00000252cf983030 JavaThread "C1 CompilerThread0"         daemon [_thread_blocked, id=17188, stack(0x000000c847900000,0x000000c847a00000) (1024K)]
  0x00000252cf975dd0 JavaThread "Notification Thread"        daemon [_thread_blocked, id=6576, stack(0x000000c847a00000,0x000000c847b00000) (1024K)]
  0x00000252cf973d00 JavaThread "Common-Cleaner"             daemon [_thread_blocked, id=11728, stack(0x000000c847b00000,0x000000c847c00000) (1024K)]
  0x00000252cf974390 JavaThread "Java2D Disposer"            daemon [_thread_blocked, id=3428, stack(0x000000c847c00000,0x000000c847d00000) (1024K)]
  0x00000252cf976460 JavaThread "AWT-Shutdown"                      [_thread_blocked, id=6924, stack(0x000000c847d00000,0x000000c847e00000) (1024K)]
  0x00000252cf975740 JavaThread "AWT-Windows"                daemon [_thread_in_native, id=15080, stack(0x000000c847e00000,0x000000c847f00000) (1024K)]
=>0x00000252cf976af0 JavaThread "AWT-EventQueue-0"                  [_thread_in_native, id=14100, stack(0x000000c847f00000,0x000000c848000000) (1024K)]
  0x00000252cf973670 JavaThread "DestroyJavaVM"                     [_thread_blocked, id=3596, stack(0x000000c846a00000,0x000000c846b00000) (1024K)]
Total: 15

Other Threads:
  0x00000252cf948cd0 VMThread "VM Thread"                           [id=7204, stack(0x000000c847100000,0x000000c847200000) (1024K)]
  0x00000252cf930510 WatcherThread "VM Periodic Task Thread"        [id=4812, stack(0x000000c847000000,0x000000c847100000) (1024K)]
  0x00000252ae572d60 WorkerThread "GC Thread#0"                     [id=4628, stack(0x000000c846b00000,0x000000c846c00000) (1024K)]
  0x00000252ae583a00 ConcurrentGCThread "G1 Main Marker"            [id=1140, stack(0x000000c846c00000,0x000000c846d00000) (1024K)]
  0x00000252ae584c20 WorkerThread "G1 Conc#0"                       [id=5820, stack(0x000000c846d00000,0x000000c846e00000) (1024K)]
  0x00000252ae5de660 ConcurrentGCThread "G1 Refine#0"               [id=14752, stack(0x000000c846e00000,0x000000c846f00000) (1024K)]
  0x00000252cf8022c0 ConcurrentGCThread "G1 Service"                [id=5692, stack(0x000000c846f00000,0x000000c847000000) (1024K)]
Total: 7

Threads with active compile tasks:
Total: 0

VM state: not at safepoint (normal execution)

VM Mutex/Monitor currently owned by a thread: None

Heap address: 0x0000000704000000, size: 4032 MB, Compressed Oops mode: Zero based, Oop shift amount: 3

CDS archive(s) mapped at: [0x00000252d0000000-0x00000252d0c90000-0x00000252d0c90000), size 13172736, SharedBaseAddress: 0x00000252d0000000, ArchiveRelocationMode: 1.
Compressed class space mapped at: 0x00000252d1000000-0x0000025311000000, reserved size: 1073741824
Narrow klass base: 0x00000252d0000000, Narrow klass shift: 0, Narrow klass range: 0x100000000

GC Precious Log:
 CardTable entry size: 512
 Card Set container configuration: InlinePtr #cards 4 size 8 Array Of Cards #cards 16 size 48 Howl #buckets 8 coarsen threshold 3686 Howl Bitmap #cards 512 size 80 coarsen threshold 460 Card regions per heap region 1 cards per card region 4096
 CPUs: 12 total, 12 available
 Memory: 16121M
 Large Page Support: Disabled
 NUMA Support: Disabled
 Compressed Oops: Enabled (Zero based)
 Heap Region Size: 2M
 Heap Min Capacity: 8M
 Heap Initial Capacity: 252M
 Heap Max Capacity: 4032M
 Pre-touch: Disabled
 Parallel Workers: 10
 Concurrent Workers: 3
 Concurrent Refinement Workers: 10
 Periodic GC: Disabled

Heap:
 garbage-first heap   total 258048K, used 14336K [0x0000000704000000, 0x0000000800000000)
  region size 2048K, 4 young (8192K), 0 survivors (0K)
 Metaspace       used 7434K, committed 7680K, reserved 1114112K
  class space    used 929K, committed 1088K, reserved 1048576K

Heap Regions: E=young(eden), S=young(survivor), O=old, HS=humongous(starts), HC=humongous(continues), CS=collection set, F=free, TAMS=top-at-mark-start, PB=parsable bottom
|   0|0x0000000704000000, 0x0000000704200000, 0x0000000704200000|100%|HS|  |TAMS 0x0000000704000000| PB 0x0000000704000000| Complete 
|   1|0x0000000704200000, 0x0000000704400000, 0x0000000704400000|100%|HC|  |TAMS 0x0000000704200000| PB 0x0000000704200000| Complete 
|   2|0x0000000704400000, 0x0000000704600000, 0x0000000704600000|100%|HC|  |TAMS 0x0000000704400000| PB 0x0000000704400000| Complete 
|   3|0x0000000704600000, 0x0000000704800000, 0x0000000704800000|100%|HC|  |TAMS 0x0000000704600000| PB 0x0000000704600000| Complete 
|   4|0x0000000704800000, 0x0000000704800000, 0x0000000704a00000|  0%| F|  |TAMS 0x0000000704800000| PB 0x0000000704800000| Untracked 
|   5|0x0000000704a00000, 0x0000000704a00000, 0x0000000704c00000|  0%| F|  |TAMS 0x0000000704a00000| PB 0x0000000704a00000| Untracked 
|   6|0x0000000704c00000, 0x0000000704c00000, 0x0000000704e00000|  0%| F|  |TAMS 0x0000000704c00000| PB 0x0000000704c00000| Untracked 
|   7|0x0000000704e00000, 0x0000000704e00000, 0x0000000705000000|  0%| F|  |TAMS 0x0000000704e00000| PB 0x0000000704e00000| Untracked 
|   8|0x0000000705000000, 0x0000000705000000, 0x0000000705200000|  0%| F|  |TAMS 0x0000000705000000| PB 0x0000000705000000| Untracked 
|   9|0x0000000705200000, 0x0000000705200000, 0x0000000705400000|  0%| F|  |TAMS 0x0000000705200000| PB 0x0000000705200000| Untracked 
|  10|0x0000000705400000, 0x0000000705400000, 0x0000000705600000|  0%| F|  |TAMS 0x0000000705400000| PB 0x0000000705400000| Untracked 
|  11|0x0000000705600000, 0x0000000705600000, 0x0000000705800000|  0%| F|  |TAMS 0x0000000705600000| PB 0x0000000705600000| Untracked 
|  12|0x0000000705800000, 0x0000000705800000, 0x0000000705a00000|  0%| F|  |TAMS 0x0000000705800000| PB 0x0000000705800000| Untracked 
|  13|0x0000000705a00000, 0x0000000705a00000, 0x0000000705c00000|  0%| F|  |TAMS 0x0000000705a00000| PB 0x0000000705a00000| Untracked 
|  14|0x0000000705c00000, 0x0000000705c00000, 0x0000000705e00000|  0%| F|  |TAMS 0x0000000705c00000| PB 0x0000000705c00000| Untracked 
|  15|0x0000000705e00000, 0x0000000705e00000, 0x0000000706000000|  0%| F|  |TAMS 0x0000000705e00000| PB 0x0000000705e00000| Untracked 
|  16|0x0000000706000000, 0x0000000706000000, 0x0000000706200000|  0%| F|  |TAMS 0x0000000706000000| PB 0x0000000706000000| Untracked 
|  17|0x0000000706200000, 0x0000000706200000, 0x0000000706400000|  0%| F|  |TAMS 0x0000000706200000| PB 0x0000000706200000| Untracked 
|  18|0x0000000706400000, 0x0000000706400000, 0x0000000706600000|  0%| F|  |TAMS 0x0000000706400000| PB 0x0000000706400000| Untracked 
|  19|0x0000000706600000, 0x0000000706600000, 0x0000000706800000|  0%| F|  |TAMS 0x0000000706600000| PB 0x0000000706600000| Untracked 
|  20|0x0000000706800000, 0x0000000706800000, 0x0000000706a00000|  0%| F|  |TAMS 0x0000000706800000| PB 0x0000000706800000| Untracked 
|  21|0x0000000706a00000, 0x0000000706a00000, 0x0000000706c00000|  0%| F|  |TAMS 0x0000000706a00000| PB 0x0000000706a00000| Untracked 
|  22|0x0000000706c00000, 0x0000000706c00000, 0x0000000706e00000|  0%| F|  |TAMS 0x0000000706c00000| PB 0x0000000706c00000| Untracked 
|  23|0x0000000706e00000, 0x0000000706e00000, 0x0000000707000000|  0%| F|  |TAMS 0x0000000706e00000| PB 0x0000000706e00000| Untracked 
|  24|0x0000000707000000, 0x0000000707000000, 0x0000000707200000|  0%| F|  |TAMS 0x0000000707000000| PB 0x0000000707000000| Untracked 
|  25|0x0000000707200000, 0x0000000707200000, 0x0000000707400000|  0%| F|  |TAMS 0x0000000707200000| PB 0x0000000707200000| Untracked 
|  26|0x0000000707400000, 0x0000000707400000, 0x0000000707600000|  0%| F|  |TAMS 0x0000000707400000| PB 0x0000000707400000| Untracked 
|  27|0x0000000707600000, 0x0000000707600000, 0x0000000707800000|  0%| F|  |TAMS 0x0000000707600000| PB 0x0000000707600000| Untracked 
|  28|0x0000000707800000, 0x0000000707800000, 0x0000000707a00000|  0%| F|  |TAMS 0x0000000707800000| PB 0x0000000707800000| Untracked 
|  29|0x0000000707a00000, 0x0000000707a00000, 0x0000000707c00000|  0%| F|  |TAMS 0x0000000707a00000| PB 0x0000000707a00000| Untracked 
|  30|0x0000000707c00000, 0x0000000707c00000, 0x0000000707e00000|  0%| F|  |TAMS 0x0000000707c00000| PB 0x0000000707c00000| Untracked 
|  31|0x0000000707e00000, 0x0000000707e00000, 0x0000000708000000|  0%| F|  |TAMS 0x0000000707e00000| PB 0x0000000707e00000| Untracked 
|  32|0x0000000708000000, 0x0000000708000000, 0x0000000708200000|  0%| F|  |TAMS 0x0000000708000000| PB 0x0000000708000000| Untracked 
|  33|0x0000000708200000, 0x0000000708200000, 0x0000000708400000|  0%| F|  |TAMS 0x0000000708200000| PB 0x0000000708200000| Untracked 
|  34|0x0000000708400000, 0x0000000708400000, 0x0000000708600000|  0%| F|  |TAMS 0x0000000708400000| PB 0x0000000708400000| Untracked 
|  35|0x0000000708600000, 0x0000000708600000, 0x0000000708800000|  0%| F|  |TAMS 0x0000000708600000| PB 0x0000000708600000| Untracked 
|  36|0x0000000708800000, 0x0000000708800000, 0x0000000708a00000|  0%| F|  |TAMS 0x0000000708800000| PB 0x0000000708800000| Untracked 
|  37|0x0000000708a00000, 0x0000000708a00000, 0x0000000708c00000|  0%| F|  |TAMS 0x0000000708a00000| PB 0x0000000708a00000| Untracked 
|  38|0x0000000708c00000, 0x0000000708c00000, 0x0000000708e00000|  0%| F|  |TAMS 0x0000000708c00000| PB 0x0000000708c00000| Untracked 
|  39|0x0000000708e00000, 0x0000000708e00000, 0x0000000709000000|  0%| F|  |TAMS 0x0000000708e00000| PB 0x0000000708e00000| Untracked 
|  40|0x0000000709000000, 0x0000000709000000, 0x0000000709200000|  0%| F|  |TAMS 0x0000000709000000| PB 0x0000000709000000| Untracked 
|  41|0x0000000709200000, 0x0000000709200000, 0x0000000709400000|  0%| F|  |TAMS 0x0000000709200000| PB 0x0000000709200000| Untracked 
|  42|0x0000000709400000, 0x0000000709400000, 0x0000000709600000|  0%| F|  |TAMS 0x0000000709400000| PB 0x0000000709400000| Untracked 
|  43|0x0000000709600000, 0x0000000709600000, 0x0000000709800000|  0%| F|  |TAMS 0x0000000709600000| PB 0x0000000709600000| Untracked 
|  44|0x0000000709800000, 0x0000000709800000, 0x0000000709a00000|  0%| F|  |TAMS 0x0000000709800000| PB 0x0000000709800000| Untracked 
|  45|0x0000000709a00000, 0x0000000709a00000, 0x0000000709c00000|  0%| F|  |TAMS 0x0000000709a00000| PB 0x0000000709a00000| Untracked 
|  46|0x0000000709c00000, 0x0000000709c00000, 0x0000000709e00000|  0%| F|  |TAMS 0x0000000709c00000| PB 0x0000000709c00000| Untracked 
|  47|0x0000000709e00000, 0x0000000709e00000, 0x000000070a000000|  0%| F|  |TAMS 0x0000000709e00000| PB 0x0000000709e00000| Untracked 
|  48|0x000000070a000000, 0x000000070a000000, 0x000000070a200000|  0%| F|  |TAMS 0x000000070a000000| PB 0x000000070a000000| Untracked 
|  49|0x000000070a200000, 0x000000070a200000, 0x000000070a400000|  0%| F|  |TAMS 0x000000070a200000| PB 0x000000070a200000| Untracked 
|  50|0x000000070a400000, 0x000000070a400000, 0x000000070a600000|  0%| F|  |TAMS 0x000000070a400000| PB 0x000000070a400000| Untracked 
|  51|0x000000070a600000, 0x000000070a600000, 0x000000070a800000|  0%| F|  |TAMS 0x000000070a600000| PB 0x000000070a600000| Untracked 
|  52|0x000000070a800000, 0x000000070a800000, 0x000000070aa00000|  0%| F|  |TAMS 0x000000070a800000| PB 0x000000070a800000| Untracked 
|  53|0x000000070aa00000, 0x000000070aa00000, 0x000000070ac00000|  0%| F|  |TAMS 0x000000070aa00000| PB 0x000000070aa00000| Untracked 
|  54|0x000000070ac00000, 0x000000070ac00000, 0x000000070ae00000|  0%| F|  |TAMS 0x000000070ac00000| PB 0x000000070ac00000| Untracked 
|  55|0x000000070ae00000, 0x000000070ae00000, 0x000000070b000000|  0%| F|  |TAMS 0x000000070ae00000| PB 0x000000070ae00000| Untracked 
|  56|0x000000070b000000, 0x000000070b000000, 0x000000070b200000|  0%| F|  |TAMS 0x000000070b000000| PB 0x000000070b000000| Untracked 
|  57|0x000000070b200000, 0x000000070b200000, 0x000000070b400000|  0%| F|  |TAMS 0x000000070b200000| PB 0x000000070b200000| Untracked 
|  58|0x000000070b400000, 0x000000070b400000, 0x000000070b600000|  0%| F|  |TAMS 0x000000070b400000| PB 0x000000070b400000| Untracked 
|  59|0x000000070b600000, 0x000000070b600000, 0x000000070b800000|  0%| F|  |TAMS 0x000000070b600000| PB 0x000000070b600000| Untracked 
|  60|0x000000070b800000, 0x000000070b800000, 0x000000070ba00000|  0%| F|  |TAMS 0x000000070b800000| PB 0x000000070b800000| Untracked 
|  61|0x000000070ba00000, 0x000000070ba00000, 0x000000070bc00000|  0%| F|  |TAMS 0x000000070ba00000| PB 0x000000070ba00000| Untracked 
|  62|0x000000070bc00000, 0x000000070bc00000, 0x000000070be00000|  0%| F|  |TAMS 0x000000070bc00000| PB 0x000000070bc00000| Untracked 
|  63|0x000000070be00000, 0x000000070be00000, 0x000000070c000000|  0%| F|  |TAMS 0x000000070be00000| PB 0x000000070be00000| Untracked 
|  64|0x000000070c000000, 0x000000070c000000, 0x000000070c200000|  0%| F|  |TAMS 0x000000070c000000| PB 0x000000070c000000| Untracked 
|  65|0x000000070c200000, 0x000000070c200000, 0x000000070c400000|  0%| F|  |TAMS 0x000000070c200000| PB 0x000000070c200000| Untracked 
|  66|0x000000070c400000, 0x000000070c400000, 0x000000070c600000|  0%| F|  |TAMS 0x000000070c400000| PB 0x000000070c400000| Untracked 
|  67|0x000000070c600000, 0x000000070c600000, 0x000000070c800000|  0%| F|  |TAMS 0x000000070c600000| PB 0x000000070c600000| Untracked 
|  68|0x000000070c800000, 0x000000070c800000, 0x000000070ca00000|  0%| F|  |TAMS 0x000000070c800000| PB 0x000000070c800000| Untracked 
|  69|0x000000070ca00000, 0x000000070ca00000, 0x000000070cc00000|  0%| F|  |TAMS 0x000000070ca00000| PB 0x000000070ca00000| Untracked 
|  70|0x000000070cc00000, 0x000000070cc00000, 0x000000070ce00000|  0%| F|  |TAMS 0x000000070cc00000| PB 0x000000070cc00000| Untracked 
|  71|0x000000070ce00000, 0x000000070ce00000, 0x000000070d000000|  0%| F|  |TAMS 0x000000070ce00000| PB 0x000000070ce00000| Untracked 
|  72|0x000000070d000000, 0x000000070d000000, 0x000000070d200000|  0%| F|  |TAMS 0x000000070d000000| PB 0x000000070d000000| Untracked 
|  73|0x000000070d200000, 0x000000070d200000, 0x000000070d400000|  0%| F|  |TAMS 0x000000070d200000| PB 0x000000070d200000| Untracked 
|  74|0x000000070d400000, 0x000000070d400000, 0x000000070d600000|  0%| F|  |TAMS 0x000000070d400000| PB 0x000000070d400000| Untracked 
|  75|0x000000070d600000, 0x000000070d600000, 0x000000070d800000|  0%| F|  |TAMS 0x000000070d600000| PB 0x000000070d600000| Untracked 
|  76|0x000000070d800000, 0x000000070d800000, 0x000000070da00000|  0%| F|  |TAMS 0x000000070d800000| PB 0x000000070d800000| Untracked 
|  77|0x000000070da00000, 0x000000070da00000, 0x000000070dc00000|  0%| F|  |TAMS 0x000000070da00000| PB 0x000000070da00000| Untracked 
|  78|0x000000070dc00000, 0x000000070dc00000, 0x000000070de00000|  0%| F|  |TAMS 0x000000070dc00000| PB 0x000000070dc00000| Untracked 
|  79|0x000000070de00000, 0x000000070de00000, 0x000000070e000000|  0%| F|  |TAMS 0x000000070de00000| PB 0x000000070de00000| Untracked 
|  80|0x000000070e000000, 0x000000070e000000, 0x000000070e200000|  0%| F|  |TAMS 0x000000070e000000| PB 0x000000070e000000| Untracked 
|  81|0x000000070e200000, 0x000000070e200000, 0x000000070e400000|  0%| F|  |TAMS 0x000000070e200000| PB 0x000000070e200000| Untracked 
|  82|0x000000070e400000, 0x000000070e400000, 0x000000070e600000|  0%| F|  |TAMS 0x000000070e400000| PB 0x000000070e400000| Untracked 
|  83|0x000000070e600000, 0x000000070e600000, 0x000000070e800000|  0%| F|  |TAMS 0x000000070e600000| PB 0x000000070e600000| Untracked 
|  84|0x000000070e800000, 0x000000070e800000, 0x000000070ea00000|  0%| F|  |TAMS 0x000000070e800000| PB 0x000000070e800000| Untracked 
|  85|0x000000070ea00000, 0x000000070ea00000, 0x000000070ec00000|  0%| F|  |TAMS 0x000000070ea00000| PB 0x000000070ea00000| Untracked 
|  86|0x000000070ec00000, 0x000000070ec00000, 0x000000070ee00000|  0%| F|  |TAMS 0x000000070ec00000| PB 0x000000070ec00000| Untracked 
|  87|0x000000070ee00000, 0x000000070ee00000, 0x000000070f000000|  0%| F|  |TAMS 0x000000070ee00000| PB 0x000000070ee00000| Untracked 
|  88|0x000000070f000000, 0x000000070f000000, 0x000000070f200000|  0%| F|  |TAMS 0x000000070f000000| PB 0x000000070f000000| Untracked 
|  89|0x000000070f200000, 0x000000070f200000, 0x000000070f400000|  0%| F|  |TAMS 0x000000070f200000| PB 0x000000070f200000| Untracked 
|  90|0x000000070f400000, 0x000000070f400000, 0x000000070f600000|  0%| F|  |TAMS 0x000000070f400000| PB 0x000000070f400000| Untracked 
|  91|0x000000070f600000, 0x000000070f600000, 0x000000070f800000|  0%| F|  |TAMS 0x000000070f600000| PB 0x000000070f600000| Untracked 
|  92|0x000000070f800000, 0x000000070f800000, 0x000000070fa00000|  0%| F|  |TAMS 0x000000070f800000| PB 0x000000070f800000| Untracked 
|  93|0x000000070fa00000, 0x000000070fa00000, 0x000000070fc00000|  0%| F|  |TAMS 0x000000070fa00000| PB 0x000000070fa00000| Untracked 
|  94|0x000000070fc00000, 0x000000070fc00000, 0x000000070fe00000|  0%| F|  |TAMS 0x000000070fc00000| PB 0x000000070fc00000| Untracked 
|  95|0x000000070fe00000, 0x000000070fe00000, 0x0000000710000000|  0%| F|  |TAMS 0x000000070fe00000| PB 0x000000070fe00000| Untracked 
|  96|0x0000000710000000, 0x0000000710000000, 0x0000000710200000|  0%| F|  |TAMS 0x0000000710000000| PB 0x0000000710000000| Untracked 
|  97|0x0000000710200000, 0x0000000710200000, 0x0000000710400000|  0%| F|  |TAMS 0x0000000710200000| PB 0x0000000710200000| Untracked 
|  98|0x0000000710400000, 0x0000000710400000, 0x0000000710600000|  0%| F|  |TAMS 0x0000000710400000| PB 0x0000000710400000| Untracked 
|  99|0x0000000710600000, 0x0000000710600000, 0x0000000710800000|  0%| F|  |TAMS 0x0000000710600000| PB 0x0000000710600000| Untracked 
| 100|0x0000000710800000, 0x0000000710800000, 0x0000000710a00000|  0%| F|  |TAMS 0x0000000710800000| PB 0x0000000710800000| Untracked 
| 101|0x0000000710a00000, 0x0000000710a00000, 0x0000000710c00000|  0%| F|  |TAMS 0x0000000710a00000| PB 0x0000000710a00000| Untracked 
| 102|0x0000000710c00000, 0x0000000710c00000, 0x0000000710e00000|  0%| F|  |TAMS 0x0000000710c00000| PB 0x0000000710c00000| Untracked 
| 103|0x0000000710e00000, 0x0000000710e00000, 0x0000000711000000|  0%| F|  |TAMS 0x0000000710e00000| PB 0x0000000710e00000| Untracked 
| 104|0x0000000711000000, 0x0000000711000000, 0x0000000711200000|  0%| F|  |TAMS 0x0000000711000000| PB 0x0000000711000000| Untracked 
| 105|0x0000000711200000, 0x0000000711200000, 0x0000000711400000|  0%| F|  |TAMS 0x0000000711200000| PB 0x0000000711200000| Untracked 
| 106|0x0000000711400000, 0x0000000711400000, 0x0000000711600000|  0%| F|  |TAMS 0x0000000711400000| PB 0x0000000711400000| Untracked 
| 107|0x0000000711600000, 0x0000000711600000, 0x0000000711800000|  0%| F|  |TAMS 0x0000000711600000| PB 0x0000000711600000| Untracked 
| 108|0x0000000711800000, 0x0000000711800000, 0x0000000711a00000|  0%| F|  |TAMS 0x0000000711800000| PB 0x0000000711800000| Untracked 
| 109|0x0000000711a00000, 0x0000000711a00000, 0x0000000711c00000|  0%| F|  |TAMS 0x0000000711a00000| PB 0x0000000711a00000| Untracked 
| 110|0x0000000711c00000, 0x0000000711c00000, 0x0000000711e00000|  0%| F|  |TAMS 0x0000000711c00000| PB 0x0000000711c00000| Untracked 
| 111|0x0000000711e00000, 0x0000000711e00000, 0x0000000712000000|  0%| F|  |TAMS 0x0000000711e00000| PB 0x0000000711e00000| Untracked 
| 112|0x0000000712000000, 0x0000000712000000, 0x0000000712200000|  0%| F|  |TAMS 0x0000000712000000| PB 0x0000000712000000| Untracked 
| 113|0x0000000712200000, 0x0000000712200000, 0x0000000712400000|  0%| F|  |TAMS 0x0000000712200000| PB 0x0000000712200000| Untracked 
| 114|0x0000000712400000, 0x0000000712400000, 0x0000000712600000|  0%| F|  |TAMS 0x0000000712400000| PB 0x0000000712400000| Untracked 
| 115|0x0000000712600000, 0x0000000712600000, 0x0000000712800000|  0%| F|  |TAMS 0x0000000712600000| PB 0x0000000712600000| Untracked 
| 116|0x0000000712800000, 0x0000000712800000, 0x0000000712a00000|  0%| F|  |TAMS 0x0000000712800000| PB 0x0000000712800000| Untracked 
| 117|0x0000000712a00000, 0x0000000712a00000, 0x0000000712c00000|  0%| F|  |TAMS 0x0000000712a00000| PB 0x0000000712a00000| Untracked 
| 118|0x0000000712c00000, 0x0000000712c00000, 0x0000000712e00000|  0%| F|  |TAMS 0x0000000712c00000| PB 0x0000000712c00000| Untracked 
| 119|0x0000000712e00000, 0x0000000712e00000, 0x0000000713000000|  0%| F|  |TAMS 0x0000000712e00000| PB 0x0000000712e00000| Untracked 
| 120|0x0000000713000000, 0x0000000713000000, 0x0000000713200000|  0%| F|  |TAMS 0x0000000713000000| PB 0x0000000713000000| Untracked 
| 121|0x0000000713200000, 0x0000000713200000, 0x0000000713400000|  0%| F|  |TAMS 0x0000000713200000| PB 0x0000000713200000| Untracked 
| 122|0x0000000713400000, 0x00000007135c33a8, 0x0000000713600000| 88%| E|  |TAMS 0x0000000713400000| PB 0x0000000713400000| Complete 
| 123|0x0000000713600000, 0x0000000713800000, 0x0000000713800000|100%| E|CS|TAMS 0x0000000713600000| PB 0x0000000713600000| Complete 
| 124|0x0000000713800000, 0x0000000713a00000, 0x0000000713a00000|100%| E|CS|TAMS 0x0000000713800000| PB 0x0000000713800000| Complete 
| 125|0x0000000713a00000, 0x0000000713c00000, 0x0000000713c00000|100%| E|CS|TAMS 0x0000000713a00000| PB 0x0000000713a00000| Complete 

Card table byte_map: [0x00000252c85b0000,0x00000252c8d90000] _byte_map_base: 0x00000252c4d90000

Marking Bits: (CMBitMap*) 0x00000252ae573370
 Bits: [0x00000252c8d90000, 0x00000252ccc90000)

Polling page: 0x00000252ae5e0000

Metaspace:

Usage:
  Non-class:      6.35 MB used.
      Class:    929.14 KB used.
       Both:      7.26 MB used.

Virtual space:
  Non-class space:       64.00 MB reserved,       6.44 MB ( 10%) committed,  1 nodes.
      Class space:        1.00 GB reserved,       1.06 MB ( <1%) committed,  1 nodes.
             Both:        1.06 GB reserved,       7.50 MB ( <1%) committed. 

Chunk freelists:
   Non-Class:  8.95 MB
       Class:  14.99 MB
        Both:  23.94 MB

MaxMetaspaceSize: unlimited
CompressedClassSpaceSize: 1.00 GB
Initial GC threshold: 21.00 MB
Current GC threshold: 21.00 MB
CDS: on
 - commit_granule_bytes: 65536.
 - commit_granule_words: 8192.
 - virtual_space_node_default_size: 8388608.
 - enlarge_chunks_in_place: 1.
 - use_allocation_guard: 0.


Internal statistics:

num_allocs_failed_limit: 0.
num_arena_births: 140.
num_arena_deaths: 0.
num_vsnodes_births: 2.
num_vsnodes_deaths: 0.
num_space_committed: 120.
num_space_uncommitted: 0.
num_chunks_returned_to_freelist: 0.
num_chunks_taken_from_freelist: 192.
num_chunk_merges: 0.
num_chunk_splits: 115.
num_chunks_enlarged: 48.
num_inconsistent_stats: 0.

CodeHeap 'non-profiled nmethods': size=120000Kb used=220Kb max_used=220Kb free=119779Kb
 bounds [0x00000252bfc10000, 0x00000252bfe80000, 0x00000252c7140000]
CodeHeap 'profiled nmethods': size=120000Kb used=1116Kb max_used=1116Kb free=118883Kb
 bounds [0x00000252b8140000, 0x00000252b83b0000, 0x00000252bf670000]
CodeHeap 'non-nmethods': size=5760Kb used=1659Kb max_used=1675Kb free=4101Kb
 bounds [0x00000252bf670000, 0x00000252bf8e0000, 0x00000252bfc10000]
 total_blobs=1328 nmethods=755 adapters=478
 compilation: enabled
              stopped_count=0, restarted_count=0
 full_count=0

Compilation events (20 events):
Event: 0.270 Thread 0x00000252cf983030  744       3       java.awt.Component::getContainer (5 bytes)
Event: 0.270 Thread 0x00000252cf983030 nmethod 744 0x00000252b8254c10 code [0x00000252b8254da0, 0x00000252b8254ec8]
Event: 0.270 Thread 0x00000252cf983030  745       3       java.util.ArrayList::elementData (7 bytes)
Event: 0.270 Thread 0x00000252cf983030 nmethod 745 0x00000252b8254f90 code [0x00000252b8255140, 0x00000252b8255280]
Event: 0.270 Thread 0x00000252cf983030  746       1       java.awt.Component::isVisible_NoClientCode (5 bytes)
Event: 0.270 Thread 0x00000252cf983030 nmethod 746 0x00000252bfc46490 code [0x00000252bfc46620, 0x00000252bfc466f0]
Event: 0.273 Thread 0x00000252cf983030  747       3       java.awt.Component::isLightweight (8 bytes)
Event: 0.273 Thread 0x00000252cf983030 nmethod 747 0x00000252b8255390 code [0x00000252b8255540, 0x00000252b8255770]
Event: 0.273 Thread 0x00000252cf983030  748       3       java.awt.Component::isValid (20 bytes)
Event: 0.273 Thread 0x00000252cf983030 nmethod 748 0x00000252b8255810 code [0x00000252b82559c0, 0x00000252b8255b70]
Event: 0.275 Thread 0x00000252cf983030  751       3       java.util.IdentityHashMap::maskNull (12 bytes)
Event: 0.275 Thread 0x00000252cf983030 nmethod 751 0x00000252b8255c10 code [0x00000252b8255da0, 0x00000252b8255ee8]
Event: 0.275 Thread 0x00000252cf983030  753       3       java.lang.Math::ceil (5 bytes)
Event: 0.276 Thread 0x00000252cf983030 nmethod 753 0x00000252b8255f90 code [0x00000252b8256140, 0x00000252b8256258]
Event: 0.276 Thread 0x00000252cf983030  754       3       java.awt.Component::getForeground (29 bytes)
Event: 0.276 Thread 0x00000252cf983030 nmethod 754 0x00000252b8256310 code [0x00000252b82564e0, 0x00000252b8256900]
Event: 0.276 Thread 0x00000252cf983030  755       3       javax.swing.JComponent::getHeight (5 bytes)
Event: 0.276 Thread 0x00000252cf983030 nmethod 755 0x00000252b8256a10 code [0x00000252b8256ba0, 0x00000252b8256cc8]
Event: 0.276 Thread 0x00000252cf983030  752       3       java.util.IdentityHashMap::hash (18 bytes)
Event: 0.276 Thread 0x00000252cf983030 nmethod 752 0x00000252b8256d90 code [0x00000252b8256f40, 0x00000252b8257078]

GC Heap History (0 events):
No events

Dll operation events (7 events):
Event: 0.005 Loaded shared library C:\Program Files\Java\jdk-21\bin\java.dll
Event: 0.036 Loaded shared library C:\Program Files\Java\jdk-21\bin\jsvml.dll
Event: 0.049 Loaded shared library C:\Users\14858\Desktop\Cwork\genealogy-homework\C_functions.dll
Event: 0.060 Loaded shared library C:\Program Files\Java\jdk-21\bin\jimage.dll
Event: 0.072 Loaded shared library C:\Program Files\Java\jdk-21\bin\awt.dll
Event: 0.170 Loaded shared library C:\Program Files\Java\jdk-21\bin\freetype.dll
Event: 0.171 Loaded shared library C:\Program Files\Java\jdk-21\bin\fontmanager.dll

Deoptimization events (14 events):
Event: 0.124 Thread 0x00000252ae36f7a0 Uncommon trap: trap_request=0xffffff45 fr.pc=0x00000252bfc1bc58 relative=0x00000000000000b8
Event: 0.124 Thread 0x00000252ae36f7a0 Uncommon trap: reason=unstable_if action=reinterpret pc=0x00000252bfc1bc58 method=java.lang.String.hashCode()I @ 20 c2
Event: 0.124 Thread 0x00000252ae36f7a0 DEOPT PACKING pc=0x00000252bfc1bc58 sp=0x000000c846afd870
Event: 0.124 Thread 0x00000252ae36f7a0 DEOPT UNPACKING pc=0x00000252bf6c7da2 sp=0x000000c846afd800 mode 2
Event: 0.216 Thread 0x00000252ae36f7a0 Uncommon trap: trap_request=0xffffff45 fr.pc=0x00000252bfc30db0 relative=0x0000000000000190
Event: 0.216 Thread 0x00000252ae36f7a0 Uncommon trap: reason=unstable_if action=reinterpret pc=0x00000252bfc30db0 method=java.lang.String.equals(Ljava/lang/Object;)Z @ 33 c2
Event: 0.216 Thread 0x00000252ae36f7a0 DEOPT PACKING pc=0x00000252bfc30db0 sp=0x000000c846aff1e0
Event: 0.216 Thread 0x00000252ae36f7a0 DEOPT UNPACKING pc=0x00000252bf6c7da2 sp=0x000000c846aff170 mode 2
Event: 0.264 Thread 0x00000252ae36f7a0 DEOPT PACKING pc=0x00000252b8159c99 sp=0x000000c846afe4f0
Event: 0.264 Thread 0x00000252ae36f7a0 DEOPT UNPACKING pc=0x00000252bf6c88e2 sp=0x000000c846afd910 mode 0
Event: 0.267 Thread 0x00000252ae36f7a0 Uncommon trap: trap_request=0xffffff45 fr.pc=0x00000252bfc17168 relative=0x00000000000000c8
Event: 0.267 Thread 0x00000252ae36f7a0 Uncommon trap: reason=unstable_if action=reinterpret pc=0x00000252bfc17168 method=java.lang.String.charAt(I)C @ 4 c2
Event: 0.267 Thread 0x00000252ae36f7a0 DEOPT PACKING pc=0x00000252bfc17168 sp=0x000000c846aff030
Event: 0.267 Thread 0x00000252ae36f7a0 DEOPT UNPACKING pc=0x00000252bf6c7da2 sp=0x000000c846afefd0 mode 2

Classes loaded (20 events):
Event: 0.245 Loading class javax/swing/plaf/basic/BasicBorders
Event: 0.245 Loading class javax/swing/plaf/basic/BasicBorders done
Event: 0.245 Loading class javax/swing/plaf/basic/BasicBorders$RadioButtonBorder
Event: 0.245 Loading class javax/swing/plaf/basic/BasicBorders$ButtonBorder
Event: 0.245 Loading class javax/swing/plaf/basic/BasicBorders$ButtonBorder done
Event: 0.245 Loading class javax/swing/plaf/basic/BasicBorders$RadioButtonBorder done
Event: 0.245 Loading class javax/swing/plaf/metal/MetalIconFactory
Event: 0.245 Loading class javax/swing/plaf/metal/MetalIconFactory done
Event: 0.245 Loading class javax/swing/plaf/metal/MetalIconFactory$RadioButtonIcon
Event: 0.245 Loading class javax/swing/Icon
Event: 0.245 Loading class javax/swing/Icon done
Event: 0.245 Loading class javax/swing/plaf/metal/MetalIconFactory$RadioButtonIcon done
Event: 0.246 Loading class javax/swing/plaf/basic/BasicButtonUI$KeyHandler
Event: 0.246 Loading class javax/swing/plaf/basic/BasicButtonUI$KeyHandler done
Event: 0.246 Loading class javax/swing/plaf/basic/BasicButtonUI$SelectPreviousBtn
Event: 0.246 Loading class javax/swing/plaf/basic/BasicButtonUI$SelectPreviousBtn done
Event: 0.246 Loading class javax/swing/plaf/basic/BasicButtonUI$SelectNextBtn
Event: 0.246 Loading class javax/swing/plaf/basic/BasicButtonUI$SelectNextBtn done
Event: 0.246 Loading class javax/swing/ButtonGroup
Event: 0.246 Loading class javax/swing/ButtonGroup done

Classes unloaded (0 events):
No events

Classes redefined (0 events):
No events

Internal exceptions (12 events):
Event: 0.064 Thread 0x00000252ae36f7a0 Exception <a 'java/lang/ClassNotFoundException'{0x000000071384a890}: sun/awt/resources/spi/awtProvider> (0x000000071384a890) 
thrown [s\open\src\hotspot\share\classfile\systemDictionary.cpp, line 312]
Event: 0.079 Thread 0x00000252ae36f7a0 Exception <a 'java/io/FileNotFoundException'{0x0000000713916540}> (0x0000000713916540) 
thrown [s\open\src\hotspot\share\prims\jni.cpp, line 520]
Event: 0.082 Thread 0x00000252ae36f7a0 Exception <a 'java/io/FileNotFoundException'{0x0000000713940530}> (0x0000000713940530) 
thrown [s\open\src\hotspot\share\prims\jni.cpp, line 520]
Event: 0.128 Thread 0x00000252ae36f7a0 Exception <a 'java/lang/NoSuchMethodError'{0x0000000713684c40}: 'void java.lang.invoke.DirectMethodHandle$Holder.invokeSpecial(java.lang.Object, java.lang.Object, java.lang.Object)'> (0x0000000713684c40) 
thrown [s\open\src\hotspot\share\interpreter\linkResolver.cpp, line 773]
Event: 0.132 Thread 0x00000252ae36f7a0 Exception <a 'java/lang/NoSuchMethodError'{0x00000007136aa6d0}: 'java.lang.Object java.lang.invoke.DirectMethodHandle$Holder.newInvokeSpecial(java.lang.Object, java.lang.Object, java.lang.Object, java.lang.Object, java.lang.Object)'> (0x00000007136aa6d0) 
thrown [s\open\src\hotspot\share\interpreter\linkResolver.cpp, line 773]
Event: 0.136 Thread 0x00000252ae36f7a0 Exception <a 'java/lang/NoSuchMethodError'{0x00000007136d6258}: 'java.lang.Object java.lang.invoke.DirectMethodHandle$Holder.invokeStatic(java.lang.Object, int, java.lang.Object)'> (0x00000007136d6258) 
thrown [s\open\src\hotspot\share\interpreter\linkResolver.cpp, line 773]
Event: 0.146 Thread 0x00000252ae36f7a0 Exception <a 'java/lang/ClassNotFoundException'{0x0000000713775e48}: com/sun/swing/internal/plaf/metal/resources/spi/metalProvider> (0x0000000713775e48) 
thrown [s\open\src\hotspot\share\classfile\systemDictionary.cpp, line 312]
Event: 0.147 Thread 0x00000252ae36f7a0 Exception <a 'java/lang/ClassNotFoundException'{0x000000071377bc58}: com/sun/swing/internal/plaf/basic/resources/spi/basicProvider> (0x000000071377bc58) 
thrown [s\open\src\hotspot\share\classfile\systemDictionary.cpp, line 312]
Event: 0.153 Thread 0x00000252ae36f7a0 Exception <a 'java/lang/NoSuchMethodError'{0x000000071379f6e0}: 'int java.lang.invoke.Invokers$Holder.invokeExact_MT(java.lang.Object, java.lang.Object)'> (0x000000071379f6e0) 
thrown [s\open\src\hotspot\share\interpreter\linkResolver.cpp, line 773]
Event: 0.158 Thread 0x00000252cf975740 Exception <a 'java/lang/NoSuchMethodError'{0x000000071360e618}: 'void java.lang.invoke.DirectMethodHandle$Holder.invokeVirtual(java.lang.Object, java.lang.Object)'> (0x000000071360e618) 
thrown [s\open\src\hotspot\share\interpreter\linkResolver.cpp, line 773]
Event: 0.168 Thread 0x00000252ae36f7a0 Exception <a 'java/lang/NoSuchMethodError'{0x0000000713401630}: 'void java.lang.invoke.DirectMethodHandle$Holder.invokeStaticInit(java.lang.Object)'> (0x0000000713401630) 
thrown [s\open\src\hotspot\share\interpreter\linkResolver.cpp, line 773]
Event: 0.173 Thread 0x00000252ae36f7a0 Exception <a 'java/io/FileNotFoundException'{0x000000071340dbf0}> (0x000000071340dbf0) 
thrown [s\open\src\hotspot\share\prims\jni.cpp, line 520]

ZGC Phase Switch (0 events):
No events

VM Operations (6 events):
Event: 0.146 Executing VM operation: HandshakeAllThreads (Deoptimize)
Event: 0.146 Executing VM operation: HandshakeAllThreads (Deoptimize) done
Event: 0.162 Executing VM operation: HandshakeAllThreads (Deoptimize)
Event: 0.162 Executing VM operation: HandshakeAllThreads (Deoptimize) done
Event: 0.235 Executing VM operation: HandshakeAllThreads (Deoptimize)
Event: 0.235 Executing VM operation: HandshakeAllThreads (Deoptimize) done

Events (17 events):
Event: 0.017 Thread 0x00000252ae36f7a0 Thread added: 0x00000252ae36f7a0
Event: 0.034 Thread 0x00000252cf969070 Thread added: 0x00000252cf969070
Event: 0.034 Thread 0x00000252cf969f90 Thread added: 0x00000252cf969f90
Event: 0.034 Thread 0x00000252cf96cd70 Thread added: 0x00000252cf96cd70
Event: 0.034 Thread 0x00000252cf96f7e0 Thread added: 0x00000252cf96f7e0
Event: 0.034 Thread 0x00000252cf970240 Thread added: 0x00000252cf970240
Event: 0.034 Thread 0x00000252cf9750b0 Thread added: 0x00000252cf9750b0
Event: 0.034 Thread 0x00000252cf97a580 Thread added: 0x00000252cf97a580
Event: 0.034 Thread 0x00000252cf983030 Thread added: 0x00000252cf983030
Event: 0.043 Thread 0x00000252cf975dd0 Thread added: 0x00000252cf975dd0
Event: 0.046 Thread 0x00000252cf973d00 Thread added: 0x00000252cf973d00
Event: 0.110 Thread 0x00000252cf974390 Thread added: 0x00000252cf974390
Event: 0.111 Thread 0x00000252cf976460 Thread added: 0x00000252cf976460
Event: 0.111 Thread 0x00000252cf975740 Thread added: 0x00000252cf975740
Event: 0.159 Thread 0x00000252cf976af0 Thread added: 0x00000252cf976af0
Event: 0.275 Thread 0x00000252ae36f7a0 Thread exited: 0x00000252ae36f7a0
Event: 0.275 Thread 0x00000252cf973670 Thread added: 0x00000252cf973670


Dynamic libraries:
0x00007ff709060000 - 0x00007ff709070000 	C:\Program Files\Java\jdk-21\bin\java.exe
0x00007fff01bf0000 - 0x00007fff01de8000 	C:\WINDOWS\SYSTEM32\ntdll.dll
0x00007ffefffa0000 - 0x00007fff0005d000 	C:\WINDOWS\System32\KERNEL32.DLL
0x00007ffeff460000 - 0x00007ffeff756000 	C:\WINDOWS\System32\KERNELBASE.dll
0x00007ffeff360000 - 0x00007ffeff460000 	C:\WINDOWS\System32\ucrtbase.dll
0x00007ffef6e20000 - 0x00007ffef6e39000 	C:\Program Files\Java\jdk-21\bin\jli.dll
0x00007ffef6e00000 - 0x00007ffef6e1b000 	C:\Program Files\Java\jdk-21\bin\VCRUNTIME140.dll
0x00007fff00eb0000 - 0x00007fff00f60000 	C:\WINDOWS\System32\ADVAPI32.dll
0x00007ffeffc30000 - 0x00007ffeffcce000 	C:\WINDOWS\System32\msvcrt.dll
0x00007fff00260000 - 0x00007fff00300000 	C:\WINDOWS\System32\sechost.dll
0x00007fff00130000 - 0x00007fff00253000 	C:\WINDOWS\System32\RPCRT4.dll
0x00007ffeffbf0000 - 0x00007ffeffc17000 	C:\WINDOWS\System32\bcrypt.dll
0x00007fff01080000 - 0x00007fff0121f000 	C:\WINDOWS\System32\USER32.dll
0x00007ffeffbc0000 - 0x00007ffeffbe2000 	C:\WINDOWS\System32\win32u.dll
0x00007ffee4610000 - 0x00007ffee48aa000 	C:\WINDOWS\WinSxS\amd64_microsoft.windows.common-controls_6595b64144ccf1df_6.0.19041.4355_none_60b8b9eb71f62e16\COMCTL32.dll
0x00007fff00e80000 - 0x00007fff00eab000 	C:\WINDOWS\System32\GDI32.dll
0x00007ffeff9f0000 - 0x00007ffeffb07000 	C:\WINDOWS\System32\gdi32full.dll
0x00007ffeff760000 - 0x00007ffeff7fd000 	C:\WINDOWS\System32\msvcp_win.dll
0x00007ffef0be0000 - 0x00007ffef0bea000 	C:\WINDOWS\SYSTEM32\VERSION.dll
0x00007fff000f0000 - 0x00007fff00122000 	C:\WINDOWS\System32\IMM32.DLL
0x00007ffef8710000 - 0x00007ffef871c000 	C:\Program Files\Java\jdk-21\bin\vcruntime140_1.dll
0x00007ffef6d70000 - 0x00007ffef6dfe000 	C:\Program Files\Java\jdk-21\bin\msvcp140.dll
0x00007ffea0a90000 - 0x00007ffea17a5000 	C:\Program Files\Java\jdk-21\bin\server\jvm.dll
0x00007fff00300000 - 0x00007fff0036b000 	C:\WINDOWS\System32\WS2_32.dll
0x00007ffefe820000 - 0x00007ffefe86b000 	C:\WINDOWS\SYSTEM32\POWRPROF.dll
0x00007ffef0d20000 - 0x00007ffef0d47000 	C:\WINDOWS\SYSTEM32\WINMM.dll
0x00007ffefe690000 - 0x00007ffefe6a2000 	C:\WINDOWS\SYSTEM32\UMPDC.dll
0x00007ffefda70000 - 0x00007ffefda82000 	C:\WINDOWS\SYSTEM32\kernel.appcore.dll
0x00007ffef6d60000 - 0x00007ffef6d6a000 	C:\Program Files\Java\jdk-21\bin\jimage.dll
0x00007ffefd7b0000 - 0x00007ffefd994000 	C:\WINDOWS\SYSTEM32\DBGHELP.DLL
0x00007ffed1c90000 - 0x00007ffed1cc4000 	C:\WINDOWS\SYSTEM32\dbgcore.DLL
0x00007ffeff960000 - 0x00007ffeff9e2000 	C:\WINDOWS\System32\bcryptPrimitives.dll
0x00007ffee7630000 - 0x00007ffee764f000 	C:\Program Files\Java\jdk-21\bin\java.dll
0x00007fff012f0000 - 0x00007fff01a5b000 	C:\WINDOWS\System32\SHELL32.dll
0x00007ffefcf40000 - 0x00007ffefd6dd000 	C:\WINDOWS\SYSTEM32\windows.storage.dll
0x00007fff003d0000 - 0x00007fff00723000 	C:\WINDOWS\System32\combase.dll
0x00007ffefecc0000 - 0x00007ffefecee000 	C:\WINDOWS\SYSTEM32\Wldp.dll
0x00007fff01220000 - 0x00007fff012ed000 	C:\WINDOWS\System32\OLEAUT32.dll
0x00007fff00f70000 - 0x00007fff0101d000 	C:\WINDOWS\System32\SHCORE.dll
0x00007fff01020000 - 0x00007fff01075000 	C:\WINDOWS\System32\shlwapi.dll
0x00007ffeff1d0000 - 0x00007ffeff1f4000 	C:\WINDOWS\SYSTEM32\profapi.dll
0x00007ffeb0600000 - 0x00007ffeb06d7000 	C:\Program Files\Java\jdk-21\bin\jsvml.dll
0x00000000624c0000 - 0x00000000624d7000 	C:\Users\14858\Desktop\Cwork\genealogy-homework\C_functions.dll
0x00007ffeac5c0000 - 0x00007ffeac74f000 	C:\Program Files\Java\jdk-21\bin\awt.dll
0x00007ffef9d00000 - 0x00007ffef9d90000 	C:\WINDOWS\SYSTEM32\apphelp.dll
0x00007ffefa290000 - 0x00007ffefa2bf000 	C:\WINDOWS\system32\DWMAPI.DLL
0x00007ffef9f00000 - 0x00007ffef9f9e000 	C:\WINDOWS\system32\uxtheme.dll
0x00007ffec7bc0000 - 0x00007ffec7ce5000 	C:\WINDOWS\system32\opengl32.dll
0x00007ffece330000 - 0x00007ffece35c000 	C:\WINDOWS\SYSTEM32\GLU32.dll
0x00007ffeffcd0000 - 0x00007ffeffde4000 	C:\WINDOWS\System32\MSCTF.dll
0x00007fff00bc0000 - 0x00007fff00ceb000 	C:\WINDOWS\System32\ole32.dll
0x00007ffee6ae0000 - 0x00007ffee6b67000 	C:\Program Files\Java\jdk-21\bin\freetype.dll
0x00007ffeac4e0000 - 0x00007ffeac5b3000 	C:\Program Files\Java\jdk-21\bin\fontmanager.dll
0x00007ffeef560000 - 0x00007ffeef659000 	C:\WINDOWS\SYSTEM32\textinputframework.dll
0x00007ffef9570000 - 0x00007ffef98cb000 	C:\WINDOWS\System32\CoreUIComponents.dll
0x00007ffef99d0000 - 0x00007ffef9ac2000 	C:\WINDOWS\System32\CoreMessaging.dll
0x00007ffefe3c0000 - 0x00007ffefe3f3000 	C:\WINDOWS\SYSTEM32\ntmarta.dll
0x00007ffef8d50000 - 0x00007ffef8ea7000 	C:\WINDOWS\SYSTEM32\wintypes.dll

dbghelp: loaded successfully - version: 4.0.5 - missing functions: none
symbol engine: initialized successfully - sym options: 0x614 - pdb path: .;C:\Program Files\Java\jdk-21\bin;C:\WINDOWS\SYSTEM32;C:\WINDOWS\WinSxS\amd64_microsoft.windows.common-controls_6595b64144ccf1df_6.0.19041.4355_none_60b8b9eb71f62e16;C:\Program Files\Java\jdk-21\bin\server;C:\Users\14858\Desktop\Cwork\genealogy-homework

VM Arguments:
java_command: JavaGUI
java_class_path (initial): .
Launcher Type: SUN_STANDARD

[Global flags]
     intx CICompilerCount                          = 4                                         {product} {ergonomic}
     uint ConcGCThreads                            = 3                                         {product} {ergonomic}
     uint G1ConcRefinementThreads                  = 10                                        {product} {ergonomic}
   size_t G1HeapRegionSize                         = 2097152                                   {product} {ergonomic}
    uintx GCDrainStackTargetSize                   = 64                                        {product} {ergonomic}
   size_t InitialHeapSize                          = 264241152                                 {product} {ergonomic}
   size_t MarkStackSize                            = 4194304                                   {product} {ergonomic}
   size_t MaxHeapSize                              = 4227858432                                {product} {ergonomic}
   size_t MaxNewSize                               = 2535456768                                {product} {ergonomic}
   size_t MinHeapDeltaBytes                        = 2097152                                   {product} {ergonomic}
   size_t MinHeapSize                              = 8388608                                   {product} {ergonomic}
    uintx NonNMethodCodeHeapSize                   = 5839372                                {pd product} {ergonomic}
    uintx NonProfiledCodeHeapSize                  = 122909434                              {pd product} {ergonomic}
    uintx ProfiledCodeHeapSize                     = 122909434                              {pd product} {ergonomic}
    uintx ReservedCodeCacheSize                    = 251658240                              {pd product} {ergonomic}
     bool SegmentedCodeCache                       = true                                      {product} {ergonomic}
   size_t SoftMaxHeapSize                          = 4227858432                             {manageable} {ergonomic}
     bool UseCompressedOops                        = true                           {product lp64_product} {ergonomic}
     bool UseG1GC                                  = true                                      {product} {ergonomic}
     bool UseLargePagesIndividualAllocation        = false                                  {pd product} {ergonomic}

Logging:
Log output configuration:
 #0: stdout all=warning uptime,level,tags foldmultilines=false
 #1: stderr all=off uptime,level,tags foldmultilines=false

Environment Variables:
JAVA_HOME=C:\Program Files\Java\jdk-21
PATH=C:\Program Files\Common Files\Oracle\Java\javapath;C:\Program Files (x86)\Common Files\Oracle\Java\java8path;C:\Program Files (x86)\Common Files\Oracle\Java\javapath;C:\Program Files (x86)\VMware\VMware Workstation\bin\;C:\Windows\system32;C:\Windows;C:\Windows\System32\Wbem;C:\Windows\System32\WindowsPowerShell\v1.0\;C:\Windows\System32\OpenSSH\;C:\Program Files\WireGuard\;C:\Program Files\mingw64\bin\;C:\Program Files\NVIDIA Corporation\NVIDIA NvDLISR;C:\WINDOWS\system32;C:\WINDOWS;C:\WINDOWS\System32\Wbem;C:\WINDOWS\System32\WindowsPowerShell\v1.0\;C:\WINDOWS\System32\OpenSSH\;C:\Program Files\Git\cmd;C:\Program Files (x86)\NVIDIA Corporation\PhysX\Common;C:\Program Files\dotnet\;C:\Program Files (x86)\GTK2-Runtime\bin;C:\Program Files (x86)\Windows Kits\10\Windows Performance Toolkit\;C:\Program Files (x86)\Microsoft SQL Server\100\Tools\Binn\;C:\Program Files (x86)\Microsoft SQL Server\100\DTS\Binn\;C:\Program Files (x86)\Microsoft SQL Server\100\Tools\Binn\VSShell\Common7\IDE\;C:\Program Files\Docker\Docker\resources\bin;C:\Program Files\Cloudflare\Cloudflare WARP\;C:\Program Files (x86)\NetSarang\Xftp 7\;C:\Program Files (x86)\NetSarang\Xshell 7\;C:\Users\14858\anaconda3;C:\Users\14858\anaconda3\Library\mingw-w64\bin;C:\Users\14858\anaconda3\Library\usr\bin;C:\Users\14858\anaconda3\Library\bin;C:\Users\14858\anaconda3\Scripts;C:\Users\14858\AppData\Local\Programs\Python\Python311\Scripts\;C:\Users\14858\AppData\Local\Programs\Python\Python311\;C:\Users\14858\AppData\Local\Microsoft\WindowsApps;C:\Users\14858\AppData\Local\Programs\Microsoft VS Code\bin;C:\Program Files\JetBrains\PyCharm 2023.2.1\bin;C:\Program Files\mingw64\bin;C:\php-8.2.12-Win32-vs16-x64;C:\Users\14858\AppData\Local\GitHubDesktop\bin;C:\Program Files\CMake\bin;C:\Program Files\JetBrains\PyCharm Community Edition 2023.3.4\bin;;C:\Users\14858\AppData\Local\Programs\MiKTeX\miktex\bin\x64\
USERNAME=y~
LANG=zh_CN.UTF-8
OS=Windows_NT
PROCESSOR_IDENTIFIER=Intel64 Family 6 Model 141 Stepping 1, GenuineIntel
TMP=C:\Users\14858\AppData\Local\Temp
TEMP=C:\Users\14858\AppData\Local\Temp




Periodic native trim disabled

---------------  S Y S T E M  ---------------

OS:
 Windows 10 , 64 bit Build 19041 (10.0.19041.3636)
OS uptime: 0 days 12:09 hours
Hyper-V role detected

CPU: total 12 (initial active 12) (6 cores per cpu, 2 threads per core) family 6 model 141 stepping 1 microcode 0x34, cx8, cmov, fxsr, ht, mmx, 3dnowpref, sse, sse2, sse3, ssse3, sse4.1, sse4.2, popcnt, lzcnt, tsc, tscinvbit, avx, avx2, aes, erms, clmul, bmi1, bmi2, adx, avx512f, avx512dq, avx512cd, avx512bw, avx512vl, sha, fma, vzeroupper, avx512_vpopcntdq, avx512_vpclmulqdq, avx512_vaes, avx512_vnni, clflush, clflushopt, clwb, avx512_vbmi2, avx512_vbmi, hv, rdtscp, rdpid, fsrm, gfni, avx512_bitalg, f16c, cet_ibt, cet_ss, avx512_ifma
Processor Information for all 12 processors :
  Max Mhz: 2688, Current Mhz: 2688, Mhz Limit: 2688

Memory: 4k page, system-wide physical 16121M (5153M free)
TotalPageFile size 21241M (AvailPageFile size 4376M)
current process WorkingSet (physical memory assigned to process): 76M, peak: 76M
current process commit charge ("private bytes"): 359M, peak: 359M

vm_info: Java HotSpot(TM) 64-Bit Server VM (21.0.1+12-LTS-29) for windows-amd64 JRE (21.0.1+12-LTS-29), built on 2023-10-05T13:27:09Z by "mach5one" with MS VC++ 17.1 (VS2022)

END.
