#
# A fatal error has been detected by the Java Runtime Environment:
#
#  EXCEPTION_ACCESS_VIOLATION (0xc0000005) at pc=0x00000000624c2948, pid=308, tid=7692
#
# JRE version: Java(TM) SE Runtime Environment (21.0.1+12) (build 21.0.1+12-LTS-29)
# Java VM: Java HotSpot(TM) 64-Bit Server VM (21.0.1+12-LTS-29, mixed mode, sharing, tiered, compressed oops, compressed class ptrs, g1 gc, windows-amd64)
# Problematic frame:
# C  [C_functions.dll+0x2948]
#
# No core dump will be written. Minidumps are not enabled by default on client versions of Windows
#
# If you would like to submit a bug report, please visit:
#   https://bugreport.java.com/bugreport/crash.jsp
# The crash happened outside the Java Virtual Machine in native code.
# See problematic frame for where to report the bug.
#

---------------  S U M M A R Y ------------

Command Line: JavaGUI

Host: 11th Gen Intel(R) Core(TM) i5-11400H @ 2.70GHz, 12 cores, 15G,  Windows 10 , 64 bit Build 19041 (10.0.19041.3636)
Time: Sat Jun  8 22:21:38 2024  Windows 10 , 64 bit Build 19041 (10.0.19041.3636) elapsed time: 2.582145 seconds (0d 0h 0m 2s)

---------------  T H R E A D  ---------------

Current thread (0x00000279ece9daa0):  JavaThread "AWT-EventQueue-0"        [_thread_in_native, id=7692, stack(0x000000b2e9500000,0x000000b2e9600000) (1024K)]

Stack: [0x000000b2e9500000,0x000000b2e9600000],  sp=0x000000b2e95fe160,  free space=1016k
Native frames: (J=compiled Java code, j=interpreted, Vv=VM code, C=native code)
C  [C_functions.dll+0x2948]

Java frames: (J=compiled Java code, j=interpreted, Vv=VM code)
j  JavaGUI.remindBirth(JJ)Ljava/lang/String;+0
j  MyActionListener.actionPerformed(Ljava/awt/event/ActionEvent;)V+715
j  javax.swing.AbstractButton.fireActionPerformed(Ljava/awt/event/ActionEvent;)V+84 java.desktop@21.0.1
j  javax.swing.AbstractButton$Handler.actionPerformed(Ljava/awt/event/ActionEvent;)V+5 java.desktop@21.0.1
j  javax.swing.DefaultButtonModel.fireActionPerformed(Ljava/awt/event/ActionEvent;)V+34 java.desktop@21.0.1
j  javax.swing.DefaultButtonModel.setPressed(Z)V+117 java.desktop@21.0.1
j  javax.swing.plaf.basic.BasicButtonListener.mouseReleased(Ljava/awt/event/MouseEvent;)V+35 java.desktop@21.0.1
j  java.awt.Component.processMouseEvent(Ljava/awt/event/MouseEvent;)V+64 java.desktop@21.0.1
j  javax.swing.JComponent.processMouseEvent(Ljava/awt/event/MouseEvent;)V+23 java.desktop@21.0.1
j  java.awt.Component.processEvent(Ljava/awt/AWTEvent;)V+81 java.desktop@21.0.1
j  java.awt.Container.processEvent(Ljava/awt/AWTEvent;)V+18 java.desktop@21.0.1
j  java.awt.Component.dispatchEventImpl(Ljava/awt/AWTEvent;)V+504 java.desktop@21.0.1
j  java.awt.Container.dispatchEventImpl(Ljava/awt/AWTEvent;)V+42 java.desktop@21.0.1
j  java.awt.Component.dispatchEvent(Ljava/awt/AWTEvent;)V+2 java.desktop@21.0.1
j  java.awt.LightweightDispatcher.retargetMouseEvent(Ljava/awt/Component;ILjava/awt/event/MouseEvent;)V+349 java.desktop@21.0.1
j  java.awt.LightweightDispatcher.processMouseEvent(Ljava/awt/event/MouseEvent;)Z+155 java.desktop@21.0.1
j  java.awt.LightweightDispatcher.dispatchEvent(Ljava/awt/AWTEvent;)Z+50 java.desktop@21.0.1
j  java.awt.Container.dispatchEventImpl(Ljava/awt/AWTEvent;)V+12 java.desktop@21.0.1
j  java.awt.Window.dispatchEventImpl(Ljava/awt/AWTEvent;)V+19 java.desktop@21.0.1
j  java.awt.Component.dispatchEvent(Ljava/awt/AWTEvent;)V+2 java.desktop@21.0.1
j  java.awt.EventQueue.dispatchEventImpl(Ljava/awt/AWTEvent;Ljava/lang/Object;)V+41 java.desktop@21.0.1
j  java.awt.EventQueue$4.run()Ljava/lang/Void;+32 java.desktop@21.0.1
j  java.awt.EventQueue$4.run()Ljava/lang/Object;+1 java.desktop@21.0.1
J 1210 c1 java.security.ProtectionDomain$JavaSecurityAccessImpl.doIntersectionPrivilege(Ljava/security/PrivilegedAction;Ljava/security/AccessControlContext;Ljava/security/AccessControlContext;)Ljava/lang/Object; java.base@21.0.1 (22 bytes) @ 0x00000279d5bff57c [0x00000279d5bff2c0+0x00000000000002bc]
j  java.security.ProtectionDomain$JavaSecurityAccessImpl.doIntersectionPrivilege(Ljava/security/PrivilegedAction;Ljava/security/AccessControlContext;)Ljava/lang/Object;+6 java.base@21.0.1
j  java.awt.EventQueue$5.run()Ljava/lang/Void;+11 java.desktop@21.0.1
j  java.awt.EventQueue$5.run()Ljava/lang/Object;+1 java.desktop@21.0.1
J 1210 c1 java.security.ProtectionDomain$JavaSecurityAccessImpl.doIntersectionPrivilege(Ljava/security/PrivilegedAction;Ljava/security/AccessControlContext;Ljava/security/AccessControlContext;)Ljava/lang/Object; java.base@21.0.1 (22 bytes) @ 0x00000279d5bff57c [0x00000279d5bff2c0+0x00000000000002bc]
j  java.awt.EventQueue.dispatchEvent(Ljava/awt/AWTEvent;)V+73 java.desktop@21.0.1
j  java.awt.EventDispatchThread.pumpOneEventForFilters(I)V+81 java.desktop@21.0.1
j  java.awt.EventDispatchThread.pumpEventsForFilter(ILjava/awt/Conditional;Ljava/awt/EventFilter;)V+35 java.desktop@21.0.1
j  java.awt.EventDispatchThread.pumpEventsForHierarchy(ILjava/awt/Conditional;Ljava/awt/Component;)V+11 java.desktop@21.0.1
j  java.awt.EventDispatchThread.pumpEvents(ILjava/awt/Conditional;)V+4 java.desktop@21.0.1
j  java.awt.EventDispatchThread.pumpEvents(Ljava/awt/Conditional;)V+3 java.desktop@21.0.1
j  java.awt.EventDispatchThread.run()V+9 java.desktop@21.0.1
v  ~StubRoutines::call_stub 0x00000279dcf510e7

siginfo: EXCEPTION_ACCESS_VIOLATION (0xc0000005), reading address 0x0000000000000008


Registers:
RAX=0x0000000000000000, RBX=0x00007ffc2ef7c070, RCX=0x00000279cb5ec6e0, RDX=0x0000000000000001
RSP=0x000000b2e95fe160, RBP=0x000000b2e95fe1e0, RSI=0x0000000712bb2638, RDI=0x00000279ed6538e0
R8 =0x000000b2e95fe1e8, R9 =0x0000027990890a70, R10=0x00000279f2d59800, R11=0x00000279cb5e0150
R12=0x0000000000000000, R13=0x00000279ed4008b0, R14=0x000000b2e95fe318, R15=0x00000279ece9daa0
RIP=0x00000000624c2948, EFLAGS=0x0000000000010202


Register to memory mapping:

RAX=0x0 is null
RBX=0x00007ffc2ef7c070 jvm.dll
RCX=0x00000279cb5ec6e0 points into unknown readable memory: 0x0000277500000001 | 01 00 00 00 75 27 00 00
RDX=0x0000000000000001 is an unknown value
RSP=0x000000b2e95fe160 is pointing into the stack for thread: 0x00000279ece9daa0
RBP=0x000000b2e95fe1e0 is pointing into the stack for thread: 0x00000279ece9daa0
RSI=0x0000000712bb2638 is an oop: java.security.AccessControlContext 
{0x0000000712bb2638} - klass: 'java/security/AccessControlContext'
 - ---- fields (total size 5 words):
 - private 'isPrivileged' 'Z' @12  true (0x01)
 - private 'isAuthorized' 'Z' @13  false (0x00)
 - private 'isWrapped' 'Z' @14  false (0x00)
 - private 'isLimited' 'Z' @15  false (0x00)
 - private 'context' '[Ljava/security/ProtectionDomain;' @16  a 'java/security/ProtectionDomain'[1] {0x0000000713949598} (0xe27292b3)
 - private 'privilegedContext' 'Ljava/security/AccessControlContext;' @20  a 'java/security/AccessControlContext'{0x0000000712bb2610} (0xe25764c2)
 - private 'combiner' 'Ljava/security/DomainCombiner;' @24  null (0x00000000)
 - private 'permissions' '[Ljava/security/Permission;' @28  null (0x00000000)
 - private 'parent' 'Ljava/security/AccessControlContext;' @32  null (0x00000000)
 - private 'limitedContext' '[Ljava/security/ProtectionDomain;' @36  null (0x00000000)
RDI=0x00000279ed6538e0 is pointing into metadata
R8 =0x000000b2e95fe1e8 is pointing into the stack for thread: 0x00000279ece9daa0
R9 =0x0000027990890a70 is an unknown value
R10=0x00000279f2d59800 points into unknown readable memory: 0x00000279f2d59c90 | 90 9c d5 f2 79 02 00 00
R11=0x00000279cb5e0150 points into unknown readable memory: 0x00000279f2d59800 | 00 98 d5 f2 79 02 00 00
R12=0x0 is null
R13={method} {0x00000279ed4008b8} 'remindBirth' '(JJ)Ljava/lang/String;' in 'JavaGUI'
R14=0x000000b2e95fe318 is pointing into the stack for thread: 0x00000279ece9daa0
R15=0x00000279ece9daa0 is a thread

Top of Stack: (sp=0x000000b2e95fe160)
0x000000b2e95fe160:   00000279ed4008b0 00000279ece90000
0x000000b2e95fe170:   0000000000000000 00007ffc8b84a414
0x000000b2e95fe180:   0000000000000000 0000000712bb2638
0x000000b2e95fe190:   00000279ece9daa0 000000b2e95fe318
0x000000b2e95fe1a0:   0000000000000000 00007ffc2ef7c070
0x000000b2e95fe1b0:   000000b2e95fe1f0 00000000624c2bb9
0x000000b2e95fe1c0:   00000279cb5ec6e0 0000000000000000
0x000000b2e95fe1d0:   000000b2e95fe1e8 0000000000001778
0x000000b2e95fe1e0:   00000279ece9daa0 00000279f2d57a70
0x000000b2e95fe1f0:   000000b2e95fe280 00000000624c3d50
0x000000b2e95fe200:   00000279cb5ec6e0 0000000000000000
0x000000b2e95fe210:   00000279ed4008b0 00000279ed4008b0
0x000000b2e95fe220:   00000279ece9daa0 00000279ed4008b0
0x000000b2e95fe230:   000000b2e95fe2d8 00000279dcf5cf0b
0x000000b2e95fe240:   00000279ece9de58 000000b2e95fe318
0x000000b2e95fe250:   00000279cb5ec6e0 0000000000000000
0x000000b2e95fe260:   00000279ed4008b0 0000000712bb2638
0x000000b2e95fe270:   00000279ecaaf1d8 00000000000000d8
0x000000b2e95fe280:   000000b2e95ff690 00000279dcf5cb9f
0x000000b2e95fe290:   000000b2e95fe290 00000279ed4008b0
0x000000b2e95fe2a0:   0000000000000008 00000279ed400f18
0x000000b2e95fe2b0:   0000000000000000 000000071380da50
0x000000b2e95fe2c0:   00000279ed4008b0 0000000000000000
0x000000b2e95fe2d0:   000000b2e95fe2f8 000000b2e95fe370
0x000000b2e95fe2e0:   00000279dcf589b8 0000000000000000
0x000000b2e95fe2f0:   00000279dcf5a39a 0000000000000000
0x000000b2e95fe300:   0000000000000000 00000279cb5ec6e0
0x000000b2e95fe310:   0000000000000000 0000000712bb2898
0x000000b2e95fe320:   000000071351fe98 000000b2e95fe328
0x000000b2e95fe330:   00000279ed428303 0000000000000016
0x000000b2e95fe340:   00000279ed426df8 0000000000000000
0x000000b2e95fe350:   0000000713475178 00000279ed429e30 

Instructions: (pc=0x00000000624c2948)
0x00000000624c2848:   bc 3b 45 b4 0f 8c 74 ff ff ff 48 8b 45 a0 48 8b
0x00000000624c2858:   00 48 8b 50 08 48 8b 45 a8 48 89 c1 e8 cf 28 00
0x00000000624c2868:   00 c7 45 bc 01 00 00 00 eb 59 48 8b 45 a8 48 c7
0x00000000624c2878:   c1 ff ff ff ff 48 89 c2 b8 00 00 00 00 48 89 d7
0x00000000624c2888:   f2 ae 48 89 c8 48 f7 d0 48 8d 50 ff 48 8b 45 a8
0x00000000624c2898:   48 01 d0 66 c7 00 20 00 8b 45 bc 48 98 48 8d 14
0x00000000624c28a8:   c5 00 00 00 00 48 8b 45 a0 48 01 d0 48 8b 00 48
0x00000000624c28b8:   8b 50 08 48 8b 45 a8 48 89 c1 e8 81 28 00 00 83
0x00000000624c28c8:   45 bc 01 8b 45 bc 3b 45 b4 7c 9f 48 8b 45 a8 48
0x00000000624c28d8:   83 c4 48 5f 5d c3 55 48 89 e5 48 89 4d 10 89 55
0x00000000624c28e8:   18 44 89 45 20 44 89 4d 28 48 8b 45 10 8b 55 18
0x00000000624c28f8:   89 10 48 8b 45 10 8b 55 20 89 50 04 48 8b 45 10
0x00000000624c2908:   8b 55 28 89 50 08 48 8b 45 10 5d c3 55 53 48 83
0x00000000624c2918:   ec 48 48 8d ac 24 80 00 00 00 48 89 4d e0 48 89
0x00000000624c2928:   55 e8 4c 89 45 f0 48 83 7d e0 00 0f 84 01 01 00
0x00000000624c2938:   00 48 8b 45 e0 48 8b 40 10 8b 50 08 48 8b 45 e8
0x00000000624c2948:   8b 40 08 39 c2 0f 85 af 00 00 00 48 8b 45 e0 48
0x00000000624c2958:   8b 40 10 8b 50 04 48 8b 45 e8 8b 40 04 39 c2 0f
0x00000000624c2968:   85 95 00 00 00 48 8b 45 e0 0f b6 40 28 84 c0 0f
0x00000000624c2978:   84 85 00 00 00 48 8b 45 f0 48 8b 00 48 89 c1 e8
0x00000000624c2988:   a4 27 00 00 48 89 c3 48 8b 45 e0 48 8b 40 08 48
0x00000000624c2998:   89 c1 e8 91 27 00 00 48 01 d8 48 83 c0 12 48 89
0x00000000624c29a8:   45 b8 48 8b 45 b8 48 89 c1 e8 ba 27 00 00 48 89
0x00000000624c29b8:   45 b0 48 8b 45 e0 48 8b 48 08 48 8b 45 f0 4c 8b
0x00000000624c29c8:   00 48 8b 55 b8 48 8b 45 b0 48 89 4c 24 20 4d 89
0x00000000624c29d8:   c1 4c 8d 05 d4 47 00 00 48 89 c1 e8 c8 e9 ff ff
0x00000000624c29e8:   48 8b 45 f0 48 8b 00 48 89 c1 e8 89 27 00 00 48
0x00000000624c29f8:   8b 45 f0 48 8b 55 b0 48 89 10 48 8b 45 e0 48 8b
0x00000000624c2a08:   40 40 48 8b 4d f0 48 8b 55 e8 49 89 c8 48 89 c1
0x00000000624c2a18:   e8 f7 fe ff ff 48 8b 45 e0 48 8b 40 48 48 8b 4d
0x00000000624c2a28:   f0 48 8b 55 e8 49 89 c8 48 89 c1 e8 dc fe ff ff
0x00000000624c2a38:   eb 01 90 48 83 c4 48 5b 5d c3 55 48 89 e5 48 83 


Stack slot to memory mapping:

stack at sp + 0 slots: {method} {0x00000279ed4008b8} 'remindBirth' '(JJ)Ljava/lang/String;' in 'JavaGUI'
stack at sp + 1 slots: 0x00000279ece90000 points into unknown readable memory: 0x0000000000000000 | 00 00 00 00 00 00 00 00
stack at sp + 2 slots: 0x0 is null
stack at sp + 3 slots: 0x00007ffc8b84a414 msvcrt.dll
stack at sp + 4 slots: 0x0 is null
stack at sp + 5 slots: 0x0000000712bb2638 is an oop: java.security.AccessControlContext 
{0x0000000712bb2638} - klass: 'java/security/AccessControlContext'
 - ---- fields (total size 5 words):
 - private 'isPrivileged' 'Z' @12  true (0x01)
 - private 'isAuthorized' 'Z' @13  false (0x00)
 - private 'isWrapped' 'Z' @14  false (0x00)
 - private 'isLimited' 'Z' @15  false (0x00)
 - private 'context' '[Ljava/security/ProtectionDomain;' @16  a 'java/security/ProtectionDomain'[1] {0x0000000713949598} (0xe27292b3)
 - private 'privilegedContext' 'Ljava/security/AccessControlContext;' @20  a 'java/security/AccessControlContext'{0x0000000712bb2610} (0xe25764c2)
 - private 'combiner' 'Ljava/security/DomainCombiner;' @24  null (0x00000000)
 - private 'permissions' '[Ljava/security/Permission;' @28  null (0x00000000)
 - private 'parent' 'Ljava/security/AccessControlContext;' @32  null (0x00000000)
 - private 'limitedContext' '[Ljava/security/ProtectionDomain;' @36  null (0x00000000)
stack at sp + 6 slots: 0x00000279ece9daa0 is a thread
stack at sp + 7 slots: 0x000000b2e95fe318 is pointing into the stack for thread: 0x00000279ece9daa0


Compiled method (c1)    2594 1210       3       java.security.ProtectionDomain$JavaSecurityAccessImpl::doIntersectionPrivilege (22 bytes)
 total in heap  [0x00000279d5bff090,0x00000279d5bffa80] = 2544
 relocation     [0x00000279d5bff1f0,0x00000279d5bff2b0] = 192
 main code      [0x00000279d5bff2c0,0x00000279d5bff7d8] = 1304
 stub code      [0x00000279d5bff7d8,0x00000279d5bff868] = 144
 metadata       [0x00000279d5bff868,0x00000279d5bff888] = 32
 scopes data    [0x00000279d5bff888,0x00000279d5bff968] = 224
 scopes pcs     [0x00000279d5bff968,0x00000279d5bffa68] = 256
 dependencies   [0x00000279d5bffa68,0x00000279d5bffa70] = 8
 nul chk table  [0x00000279d5bffa70,0x00000279d5bffa80] = 16

[Constant Pool (empty)]

[MachCode]
[Entry Point]
  # {method} {0x000002798011c670} 'doIntersectionPrivilege' '(Ljava/security/PrivilegedAction;Ljava/security/AccessControlContext;Ljava/security/AccessControlContext;)Ljava/lang/Object;' in 'java/security/ProtectionDomain$JavaSecurityAccessImpl'
  # this:     rdx:rdx   = 'java/security/ProtectionDomain$JavaSecurityAccessImpl'
  # parm0:    r8:r8     = 'java/security/PrivilegedAction'
  # parm1:    r9:r9     = 'java/security/AccessControlContext'
  # parm2:    rdi:rdi   = 'java/security/AccessControlContext'
  #           [sp+0xa0]  (sp of caller)
  0x00000279d5bff2c0: 448b 5208 | 49bb 0000 | 0080 7902 | 0000 4d03 | d34c 3bd0 

  0x00000279d5bff2d4: ;   {runtime_call ic_miss_stub}
  0x00000279d5bff2d4: 0f85 a6f6 | 3907 660f | 1f44 0000 
[Verified Entry Point]
  0x00000279d5bff2e0: 8984 2400 | 80ff ff55 | 4881 ec90 | 0000 0090 | 4181 7f20 | 0100 0000 

  0x00000279d5bff2f8: ;   {runtime_call StubRoutines (final stubs)}
  0x00000279d5bff2f8: 7405 e801 

  0x00000279d5bff2fc: ;   {metadata(method data for {method} {0x000002798011c670} 'doIntersectionPrivilege' '(Ljava/security/PrivilegedAction;Ljava/security/AccessControlContext;Ljava/security/AccessControlContext;)Ljava/lang/Object;' in 'java/security/ProtectionDomain$JavaSecurityAccessImpl')}
  0x00000279d5bff2fc: 6f38 0748 | be78 0879 | ed79 0200 | 008b 9ecc | 0000 0083 | c302 899e | cc00 0000 | 81e3 fe07 
  0x00000279d5bff31c: 0000 83fb | 000f 849a | 0300 0049 

  0x00000279d5bff328: ;   {metadata(method data for {method} {0x000002798011c670} 'doIntersectionPrivilege' '(Ljava/security/PrivilegedAction;Ljava/security/AccessControlContext;Ljava/security/AccessControlContext;)Ljava/lang/Object;' in 'java/security/ProtectionDomain$JavaSecurityAccessImpl')}
  0x00000279d5bff328: 83f8 0048 | ba78 0879 | ed79 0200 | 0048 be20 | 0100 0000 | 0000 000f | 840a 0000 | 0048 be10 
  0x00000279d5bff348: 0100 0000 | 0000 0048 | 8b1c 3248 | 8d5b 0148 | 891c 320f | 84c2 0200 | 004c 8944 

  0x00000279d5bff364: ;   {metadata(method data for {method} {0x000002798011c670} 'doIntersectionPrivilege' '(Ljava/security/PrivilegedAction;Ljava/security/AccessControlContext;Ljava/security/AccessControlContext;)Ljava/lang/Object;' in 'java/security/ProtectionDomain$JavaSecurityAccessImpl')}
  0x00000279d5bff364: 2460 48ba | 7808 79ed | 7902 0000 | 4883 8240 | 0100 0001 | 488b d74d 

  0x00000279d5bff37c: ;   {static_call}
  0x00000279d5bff37c: 8bc1 90e8 

  0x00000279d5bff380: ; ImmutableOopMap {[96]=Oop }
                      ;*invokestatic getCombinedACC {reexecute=0 rethrow=0 return_oop=0}
                      ; - java.security.ProtectionDomain$JavaSecurityAccessImpl::doIntersectionPrivilege@15 (line 89)
  0x00000279d5bff380: dc08 0000 

  0x00000279d5bff384: ;   {other}
  0x00000279d5bff384: 0f1f 8400 | f402 0000 

  0x00000279d5bff38c: ;   {metadata(method data for {method} {0x000002798011c670} 'doIntersectionPrivilege' '(Ljava/security/PrivilegedAction;Ljava/security/AccessControlContext;Ljava/security/AccessControlContext;)Ljava/lang/Object;' in 'java/security/ProtectionDomain$JavaSecurityAccessImpl')}
  0x00000279d5bff38c: 48be 7808 | 79ed 7902 | 0000 4883 | 8650 0100 

  0x00000279d5bff39c: ;   {metadata(method data for {method} {0x00000279804783f8} 'doPrivileged' '(Ljava/security/PrivilegedAction;Ljava/security/AccessControlContext;)Ljava/lang/Object;' in 'java/security/AccessController')}
  0x00000279d5bff39c: 0001 48be | f006 79ed | 7902 0000 | 8bbe cc00 | 0000 83c7 | 0289 becc | 0000 0081 | e7fe ff1f 
  0x00000279d5bff3bc: 0083 ff00 | 0f84 1c03 

  0x00000279d5bff3c4: ;   {metadata(method data for {method} {0x00000279804783f8} 'doPrivileged' '(Ljava/security/PrivilegedAction;Ljava/security/AccessControlContext;)Ljava/lang/Object;' in 'java/security/AccessController')}
  0x00000279d5bff3c4: 0000 48be | f006 79ed | 7902 0000 | 4883 8610 | 0100 0001 | 4889 4424 

  0x00000279d5bff3dc: ;   {static_call}
  0x00000279d5bff3dc: 6866 90e8 

  0x00000279d5bff3e0: ; ImmutableOopMap {[96]=Oop [104]=Oop }
                      ;*invokestatic getCallerClass {reexecute=0 rethrow=0 return_oop=0}
                      ; - java.security.AccessController::doPrivileged@0 (line 398)
                      ; - java.security.ProtectionDomain$JavaSecurityAccessImpl::doIntersectionPrivilege@18 (line 87)
  0x00000279d5bff3e0: fcc7 9107 

  0x00000279d5bff3e4: ;   {other}
  0x00000279d5bff3e4: 0f1f 8400 | 5403 0001 

  0x00000279d5bff3ec: ;   {metadata(method data for {method} {0x00000279804783f8} 'doPrivileged' '(Ljava/security/PrivilegedAction;Ljava/security/AccessControlContext;)Ljava/lang/Object;' in 'java/security/AccessController')}
  0x00000279d5bff3ec: 48ba f006 | 79ed 7902 | 0000 4883 | 8220 0100 | 0001 488b | 5424 684c | 8bc0 4889 | 4424 700f 
  0x00000279d5bff40c: ;   {static_call}
  0x00000279d5bff40c: 1f40 00e8 

  0x00000279d5bff410: ; ImmutableOopMap {[96]=Oop [112]=Oop }
                      ;*invokestatic checkContext {reexecute=0 rethrow=0 return_oop=0}
                      ; - java.security.AccessController::doPrivileged@6 (line 399)
                      ; - java.security.ProtectionDomain$JavaSecurityAccessImpl::doIntersectionPrivilege@18 (line 87)
  0x00000279d5bff410: acec ffff 

  0x00000279d5bff414: ;   {other}
  0x00000279d5bff414: 0f1f 8400 | 8403 0002 | 4889 4424 

  0x00000279d5bff420: ;   {metadata(method data for {method} {0x00000279804783f8} 'doPrivileged' '(Ljava/security/PrivilegedAction;Ljava/security/AccessControlContext;)Ljava/lang/Object;' in 'java/security/AccessController')}
  0x00000279d5bff420: 7848 baf0 | 0679 ed79 | 0200 0048 | 8382 3001 

  0x00000279d5bff430: ;   {metadata(method data for {method} {0x0000027980478680} 'executePrivileged' '(Ljava/security/PrivilegedAction;Ljava/security/AccessControlContext;Ljava/lang/Class;)Ljava/lang/Object;' in 'java/security/AccessController')}
  0x00000279d5bff430: 0000 0148 | baa8 c00d | ed79 0200 | 008b b2cc | 0000 0083 | c602 89b2 | cc00 0000 | 81e6 feff 
  0x00000279d5bff450: 1f00 83fe | 000f 84a8 | 0200 0048 

  0x00000279d5bff45c: ;   {metadata(method data for {method} {0x0000027980478680} 'executePrivileged' '(Ljava/security/PrivilegedAction;Ljava/security/AccessControlContext;Ljava/lang/Class;)Ljava/lang/Object;' in 'java/security/AccessController')}
  0x00000279d5bff45c: 83f8 0048 | baa8 c00d | ed79 0200 | 0048 be10 | 0100 0000 | 0000 000f | 840a 0000 | 0048 be20 
  0x00000279d5bff47c: 0100 0000 | 0000 0048 | 8b3c 3248 | 8d7f 0148 | 893c 320f | 8427 0000 

  0x00000279d5bff494: ;   {metadata(method data for {method} {0x0000027980478680} 'executePrivileged' '(Ljava/security/PrivilegedAction;Ljava/security/AccessControlContext;Ljava/lang/Class;)Ljava/lang/Object;' in 'java/security/AccessController')}
  0x00000279d5bff494: 0048 baa8 | c00d ed79 | 0200 0048 | 8382 3001 | 0000 0148 | 8bd0 0f1f 

  0x00000279d5bff4ac: ;   {static_call}
  0x00000279d5bff4ac: 4400 00e8 

  0x00000279d5bff4b0: ; ImmutableOopMap {[96]=Oop [112]=Oop [120]=Oop }
                      ;*invokestatic ensureMaterializedForStackWalk {reexecute=0 rethrow=0 return_oop=0}
                      ; - java.security.AccessController::executePrivileged@5 (line 774)
                      ; - java.security.AccessController::doPrivileged@13 (line 400)
                      ; - java.security.ProtectionDomain$JavaSecurityAccessImpl::doIntersectionPrivilege@18 (line 87)
  0x00000279d5bff4b0: 2cc1 9407 

  0x00000279d5bff4b4: ;   {other}
  0x00000279d5bff4b4: 0f1f 8400 | 2404 0003 

  0x00000279d5bff4bc: ;   {metadata(method data for {method} {0x0000027980478680} 'executePrivileged' '(Ljava/security/PrivilegedAction;Ljava/security/AccessControlContext;Ljava/lang/Class;)Ljava/lang/Object;' in 'java/security/AccessController')}
  0x00000279d5bff4bc: 48ba a8c0 | 0ded 7902 | 0000 ff82 | 4001 0000 | 4c8b 4424 | 6049 3b00 

  0x00000279d5bff4d4: ;   {metadata(method data for {method} {0x0000027980478680} 'executePrivileged' '(Ljava/security/PrivilegedAction;Ljava/security/AccessControlContext;Ljava/lang/Class;)Ljava/lang/Object;' in 'java/security/AccessController')}
  0x00000279d5bff4d4: 498b d048 | bea8 c00d | ed79 0200 | 008b 5208 | 49ba 0000 | 0080 7902 | 0000 4903 | d248 3b96 
  0x00000279d5bff4f4: b001 0000 | 750d 4883 | 86b8 0100 | 0001 e960 | 0000 0048 | 3b96 c001 | 0000 750d | 4883 86c8 
  0x00000279d5bff514: 0100 0001 | e94a 0000 | 0048 83be | b001 0000 | 0075 1748 | 8996 b001 | 0000 48c7 | 86b8 0100 
  0x00000279d5bff534: 0001 0000 | 00e9 2900 | 0000 4883 | bec0 0100 | 0000 7517 | 4889 96c0 | 0100 0048 | c786 c801 
  0x00000279d5bff554: 0000 0100 | 0000 e908 | 0000 0048 | 8386 a001 | 0000 0149 | 8bd0 6666 | 9048 b8a0 | 26ab f179 
  0x00000279d5bff574: ;   {virtual_call}
  0x00000279d5bff574: 0200 00e8 

  0x00000279d5bff578: ; ImmutableOopMap {[112]=Oop [120]=Oop }
                      ;*invokeinterface run {reexecute=0 rethrow=0 return_oop=0}
                      ; - java.security.AccessController::executePrivileged@29 (line 778)
                      ; - java.security.AccessController::doPrivileged@13 (line 400)
                      ; - java.security.ProtectionDomain$JavaSecurityAccessImpl::doIntersectionPrivilege@18 (line 87)
  0x00000279d5bff578: 942a 4807 

  0x00000279d5bff57c: ;   {other}
  0x00000279d5bff57c: 0f1f 8400 | ec04 0004 

  0x00000279d5bff584: ;   {metadata(method data for {method} {0x0000027980478680} 'executePrivileged' '(Ljava/security/PrivilegedAction;Ljava/security/AccessControlContext;Ljava/lang/Class;)Ljava/lang/Object;' in 'java/security/AccessController')}
  0x00000279d5bff584: 48ba a8c0 | 0ded 7902 | 0000 ff82 | d801 0000 | 488b 5424 

  0x00000279d5bff598: ;   {metadata(method data for {method} {0x0000027980478680} 'executePrivileged' '(Ljava/security/PrivilegedAction;Ljava/security/AccessControlContext;Ljava/lang/Class;)Ljava/lang/Object;' in 'java/security/AccessController')}
  0x00000279d5bff598: 7048 bea8 | c00d ed79 | 0200 0048 | 8386 3802 

  0x00000279d5bff5a8: ;   {metadata(method data for {method} {0x000002798003d400} 'reachabilityFence' '(Ljava/lang/Object;)V' in 'java/lang/ref/Reference')}
  0x00000279d5bff5a8: 0000 0148 | be00 530a | ed79 0200 | 008b becc | 0000 0083 | c702 89be | cc00 0000 | 81e7 feff 
  0x00000279d5bff5c8: 1f00 83ff | 000f 8456 

  0x00000279d5bff5d0: ;   {metadata(method data for {method} {0x0000027980478680} 'executePrivileged' '(Ljava/security/PrivilegedAction;Ljava/security/AccessControlContext;Ljava/lang/Class;)Ljava/lang/Object;' in 'java/security/AccessController')}
  0x00000279d5bff5d0: 0100 0048 | baa8 c00d | ed79 0200 | 0048 8382 | 4802 0000 

  0x00000279d5bff5e4: ;   {metadata(method data for {method} {0x000002798003d400} 'reachabilityFence' '(Ljava/lang/Object;)V' in 'java/lang/ref/Reference')}
  0x00000279d5bff5e4: 0148 ba00 | 530a ed79 | 0200 008b | b2cc 0000 | 0083 c602 | 89b2 cc00 | 0000 81e6 | feff 1f00 
  0x00000279d5bff604: 83fe 000f | 843d 0100 | 0048 81c4 | 9000 0000 

  0x00000279d5bff614: ;   {poll_return}
  0x00000279d5bff614: 5d49 3ba7 | 5004 0000 | 0f87 4901 | 0000 c30f | 1f44 0000 

  0x00000279d5bff628: ;   {no_reloc}
  0x00000279d5bff628: e963 0100 | 0000 0000 | 0000 498b | 87b8 0100 | 0048 8d78 | 3049 3bbf | c801 0000 | 0f87 5001 
  0x00000279d5bff648: 0000 4989 | bfb8 0100 | 0048 c700 | 0100 0000 | 488b ca49 | ba00 0000 | 8079 0200 | 0049 2bca 
  0x00000279d5bff668: 8948 0848 | 33c9 8948 | 0c48 33c9 | 4889 4810 | 4889 4818 | 4889 4820 | 4889 4828 

  0x00000279d5bff684: ;   {metadata(method data for {method} {0x000002798011c670} 'doIntersectionPrivilege' '(Ljava/security/PrivilegedAction;Ljava/security/AccessControlContext;Ljava/security/AccessControlContext;)Ljava/lang/Object;' in 'java/security/ProtectionDomain$JavaSecurityAccessImpl')}
  0x00000279d5bff684: 488b d048 | be78 0879 | ed79 0200 | 0048 8386 | 3001 0000 | 0148 8bd0 | 4889 8424 | 8000 0000 
  0x00000279d5bff6a4: ;   {optimized virtual_call}
  0x00000279d5bff6a4: 6666 90e8 

  0x00000279d5bff6a8: ; ImmutableOopMap {[128]=Oop }
                      ;*invokespecial <init> {reexecute=0 rethrow=0 return_oop=0}
                      ; - java.security.ProtectionDomain$JavaSecurityAccessImpl::doIntersectionPrivilege@8 (line 84)
  0x00000279d5bff6a8: d4f7 3907 

  0x00000279d5bff6ac: ;   {other}
  0x00000279d5bff6ac: 0f1f 8400 | 1c06 0005 | 488b 8424 | 8000 0000 | e903 0100 

  0x00000279d5bff6c0: ;   {metadata({method} {0x000002798011c670} 'doIntersectionPrivilege' '(Ljava/security/PrivilegedAction;Ljava/security/AccessControlContext;Ljava/security/AccessControlContext;)Ljava/lang/Object;' in 'java/security/ProtectionDomain$JavaSecurityAccessImpl')}
  0x00000279d5bff6c0: 0049 ba68 | c611 8079 | 0200 004c | 8954 2408 | 48c7 0424 | ffff ffff 

  0x00000279d5bff6d8: ;   {runtime_call counter_overflow Runtime1 stub}
  0x00000279d5bff6d8: e823 ea47 

  0x00000279d5bff6dc: ; ImmutableOopMap {rdx=Oop r8=Oop r9=Oop rdi=Oop }
                      ;*synchronization entry
                      ; - java.security.ProtectionDomain$JavaSecurityAccessImpl::doIntersectionPrivilege@-1 (line 83)
  0x00000279d5bff6dc: 07e9 45fc 

  0x00000279d5bff6e0: ;   {metadata({method} {0x00000279804783f8} 'doPrivileged' '(Ljava/security/PrivilegedAction;Ljava/security/AccessControlContext;)Ljava/lang/Object;' in 'java/security/AccessController')}
  0x00000279d5bff6e0: ffff 49ba | f083 4780 | 7902 0000 | 4c89 5424 | 0848 c704 | 24ff ffff 

  0x00000279d5bff6f8: ;   {runtime_call counter_overflow Runtime1 stub}
  0x00000279d5bff6f8: ffe8 02ea 

  0x00000279d5bff6fc: ; ImmutableOopMap {rax=Oop [96]=Oop }
                      ;*synchronization entry
                      ; - java.security.AccessController::doPrivileged@-1 (line 398)
                      ; - java.security.ProtectionDomain$JavaSecurityAccessImpl::doIntersectionPrivilege@18 (line 87)
  0x00000279d5bff6fc: 4707 e9c3 

  0x00000279d5bff700: ;   {metadata({method} {0x0000027980478680} 'executePrivileged' '(Ljava/security/PrivilegedAction;Ljava/security/AccessControlContext;Ljava/lang/Class;)Ljava/lang/Object;' in 'java/security/AccessController')}
  0x00000279d5bff700: fcff ff49 | ba78 8647 | 8079 0200 | 004c 8954 | 2408 48c7 | 0424 ffff 

  0x00000279d5bff718: ;   {runtime_call counter_overflow Runtime1 stub}
  0x00000279d5bff718: ffff e8e1 

  0x00000279d5bff71c: ; ImmutableOopMap {rax=Oop [96]=Oop [112]=Oop [120]=Oop }
                      ;*synchronization entry
                      ; - java.security.AccessController::executePrivileged@-1 (line 773)
                      ; - java.security.AccessController::doPrivileged@13 (line 400)
                      ; - java.security.ProtectionDomain$JavaSecurityAccessImpl::doIntersectionPrivilege@18 (line 87)
  0x00000279d5bff71c: e947 07e9 | 37fd ffff 

  0x00000279d5bff724: ;   {runtime_call throw_null_pointer_exception Runtime1 stub}
  0x00000279d5bff724: e8f7 6e47 

  0x00000279d5bff728: ; ImmutableOopMap {r8=Oop [112]=Oop [120]=Oop }
                      ;*invokeinterface run {reexecute=0 rethrow=0 return_oop=0}
                      ; - java.security.AccessController::executePrivileged@29 (line 778)
                      ; - java.security.AccessController::doPrivileged@13 (line 400)
                      ; - java.security.ProtectionDomain$JavaSecurityAccessImpl::doIntersectionPrivilege@18 (line 87)
                      ;   {metadata({method} {0x000002798003d400} 'reachabilityFence' '(Ljava/lang/Object;)V' in 'java/lang/ref/Reference')}
  0x00000279d5bff728: 0749 baf8 | d303 8079 | 0200 004c | 8954 2408 | 48c7 0424 | ffff ffff 

  0x00000279d5bff740: ;   {runtime_call counter_overflow Runtime1 stub}
  0x00000279d5bff740: e8bb e947 

  0x00000279d5bff744: ; ImmutableOopMap {rax=Oop rdx=Oop }
                      ;*synchronization entry
                      ; - java.lang.ref.Reference::reachabilityFence@-1 (line 628)
                      ; - java.security.AccessController::executePrivileged@56 (line 783)
                      ; - java.security.AccessController::doPrivileged@13 (line 400)
                      ; - java.security.ProtectionDomain$JavaSecurityAccessImpl::doIntersectionPrivilege@18 (line 87)
  0x00000279d5bff744: 07e9 89fe 

  0x00000279d5bff748: ;   {metadata({method} {0x000002798003d400} 'reachabilityFence' '(Ljava/lang/Object;)V' in 'java/lang/ref/Reference')}
  0x00000279d5bff748: ffff 49ba | f8d3 0380 | 7902 0000 | 4c89 5424 | 0848 c704 | 24ff ffff 

  0x00000279d5bff760: ;   {runtime_call counter_overflow Runtime1 stub}
  0x00000279d5bff760: ffe8 9ae9 

  0x00000279d5bff764: ; ImmutableOopMap {rax=Oop }
                      ;*synchronization entry
                      ; - java.lang.ref.Reference::reachabilityFence@-1 (line 628)
                      ; - java.security.AccessController::executePrivileged@60 (line 784)
                      ; - java.security.AccessController::doPrivileged@13 (line 400)
                      ; - java.security.ProtectionDomain$JavaSecurityAccessImpl::doIntersectionPrivilege@18 (line 87)
  0x00000279d5bff764: 4707 e9a2 

  0x00000279d5bff768: ;   {internal_word}
  0x00000279d5bff768: feff ff49 | ba15 f6bf | d579 0200 | 004d 8997 | 6804 0000 

  0x00000279d5bff77c: ;   {runtime_call SafepointBlob}
  0x00000279d5bff77c: e9ff 733a 

  0x00000279d5bff780: ;   {metadata(nullptr)}
  0x00000279d5bff780: 0748 ba00 | 0000 0000 | 0000 00b8 | 000f 050a 

  0x00000279d5bff790: ;   {runtime_call load_klass_patching Runtime1 stub}
  0x00000279d5bff790: e86b cc47 

  0x00000279d5bff794: ; ImmutableOopMap {}
                      ;*new {reexecute=1 rethrow=0 return_oop=0}
                      ; - (reexecute) java.security.ProtectionDomain$JavaSecurityAccessImpl::doIntersectionPrivilege@4 (line 84)
  0x00000279d5bff794: 07e9 8efe | ffff 488b 

  0x00000279d5bff79c: ;   {runtime_call fast_new_instance Runtime1 stub}
  0x00000279d5bff79c: d2e8 5e7f 

  0x00000279d5bff7a0: ; ImmutableOopMap {}
                      ;*new {reexecute=0 rethrow=0 return_oop=0}
                      ; - java.security.ProtectionDomain$JavaSecurityAccessImpl::doIntersectionPrivilege@4 (line 84)
  0x00000279d5bff7a0: 4707 e9dd | feff ff49 | 8b87 0005 | 0000 49c7 | 8700 0500 | 0000 0000 | 0049 c787 | 0805 0000 
  0x00000279d5bff7c0: 0000 0000 | 4881 c490 | 0000 005d 

  0x00000279d5bff7cc: ;   {runtime_call unwind_exception Runtime1 stub}
  0x00000279d5bff7cc: e92f 4d47 | 07f4 f4f4 | f4f4 f4f4 
[Stub Code]
  0x00000279d5bff7d8: ;   {no_reloc}
  0x00000279d5bff7d8: 0f1f 4400 

  0x00000279d5bff7dc: ;   {static_stub}
  0x00000279d5bff7dc: 0048 bb00 | 0000 0000 

  0x00000279d5bff7e4: ;   {runtime_call}
  0x00000279d5bff7e4: 0000 00e9 | fbff ffff 

  0x00000279d5bff7ec: ;   {static_stub}
  0x00000279d5bff7ec: 48bb 0000 | 0000 0000 

  0x00000279d5bff7f4: ;   {runtime_call}
  0x00000279d5bff7f4: 0000 e9fb 

  0x00000279d5bff7f8: ;   {static_stub}
  0x00000279d5bff7f8: ffff ff48 | bb00 0000 | 0000 0000 

  0x00000279d5bff804: ;   {runtime_call}
  0x00000279d5bff804: 00e9 fbff 

  0x00000279d5bff808: ;   {static_stub}
  0x00000279d5bff808: ffff 48bb | 0000 0000 | 0000 0000 

  0x00000279d5bff814: ;   {runtime_call}
  0x00000279d5bff814: e9fb ffff 

  0x00000279d5bff818: ;   {static_stub}
  0x00000279d5bff818: ff48 bb00 | 0000 0000 

  0x00000279d5bff820: ;   {runtime_call}
  0x00000279d5bff820: 0000 00e9 | fbff ffff 

  0x00000279d5bff828: ;   {static_stub}
  0x00000279d5bff828: 48bb 0000 | 0000 0000 

  0x00000279d5bff830: ;   {runtime_call}
  0x00000279d5bff830: 0000 e9fb 

  0x00000279d5bff834: ;   {runtime_call handle_exception_from_callee Runtime1 stub}
  0x00000279d5bff834: ffff ffe8 | c49f 4707 

  0x00000279d5bff83c: ;   {external_word}
  0x00000279d5bff83c: 48b9 0028 | 4e2f fc7f | 0000 4883 

  0x00000279d5bff848: ;   {runtime_call}
  0x00000279d5bff848: e4f0 48b8 | e00f 162f | fc7f 0000 

  0x00000279d5bff854: ;   {section_word}
  0x00000279d5bff854: ffd0 f449 | ba57 f8bf | d579 0200 

  0x00000279d5bff860: ;   {runtime_call DeoptimizationBlob}
  0x00000279d5bff860: 0041 52e9 | b887 3a07 
[/MachCode]


---------------  P R O C E S S  ---------------

Threads class SMR info:
_java_thread_list=0x00000279f1c16f30, length=15, elements={
0x00000279eca75350, 0x00000279eca76270, 0x00000279eca797f0, 0x00000279eca7ca00,
0x00000279eca7d460, 0x00000279eca9fad0, 0x00000279ecaad9d0, 0x00000279ecab0480,
0x00000279ecc76460, 0x00000279ecc9aa10, 0x00000279ece0a900, 0x00000279ece0af70,
0x00000279ece0b5e0, 0x00000279ece9daa0, 0x00000279cd5bd750
}

Java Threads: ( => current thread )
  0x00000279eca75350 JavaThread "Reference Handler"          daemon [_thread_blocked, id=7780, stack(0x000000b2e8800000,0x000000b2e8900000) (1024K)]
  0x00000279eca76270 JavaThread "Finalizer"                  daemon [_thread_blocked, id=1964, stack(0x000000b2e8900000,0x000000b2e8a00000) (1024K)]
  0x00000279eca797f0 JavaThread "Signal Dispatcher"          daemon [_thread_blocked, id=17192, stack(0x000000b2e8a00000,0x000000b2e8b00000) (1024K)]
  0x00000279eca7ca00 JavaThread "Attach Listener"            daemon [_thread_blocked, id=16544, stack(0x000000b2e8b00000,0x000000b2e8c00000) (1024K)]
  0x00000279eca7d460 JavaThread "Service Thread"             daemon [_thread_blocked, id=12332, stack(0x000000b2e8c00000,0x000000b2e8d00000) (1024K)]
  0x00000279eca9fad0 JavaThread "Monitor Deflation Thread"   daemon [_thread_blocked, id=13468, stack(0x000000b2e8d00000,0x000000b2e8e00000) (1024K)]
  0x00000279ecaad9d0 JavaThread "C2 CompilerThread0"         daemon [_thread_blocked, id=5692, stack(0x000000b2e8e00000,0x000000b2e8f00000) (1024K)]
  0x00000279ecab0480 JavaThread "C1 CompilerThread0"         daemon [_thread_blocked, id=10280, stack(0x000000b2e8f00000,0x000000b2e9000000) (1024K)]
  0x00000279ecc76460 JavaThread "Notification Thread"        daemon [_thread_blocked, id=11124, stack(0x000000b2e9000000,0x000000b2e9100000) (1024K)]
  0x00000279ecc9aa10 JavaThread "Common-Cleaner"             daemon [_thread_blocked, id=14744, stack(0x000000b2e9100000,0x000000b2e9200000) (1024K)]
  0x00000279ece0a900 JavaThread "Java2D Disposer"            daemon [_thread_blocked, id=5560, stack(0x000000b2e9200000,0x000000b2e9300000) (1024K)]
  0x00000279ece0af70 JavaThread "AWT-Shutdown"                      [_thread_blocked, id=13876, stack(0x000000b2e9300000,0x000000b2e9400000) (1024K)]
  0x00000279ece0b5e0 JavaThread "AWT-Windows"                daemon [_thread_in_native, id=12516, stack(0x000000b2e9400000,0x000000b2e9500000) (1024K)]
=>0x00000279ece9daa0 JavaThread "AWT-EventQueue-0"                  [_thread_in_native, id=7692, stack(0x000000b2e9500000,0x000000b2e9600000) (1024K)]
  0x00000279cd5bd750 JavaThread "DestroyJavaVM"                     [_thread_blocked, id=15036, stack(0x000000b2e8000000,0x000000b2e8100000) (1024K)]
Total: 15

Other Threads:
  0x00000279eca56820 VMThread "VM Thread"                           [id=3080, stack(0x000000b2e8700000,0x000000b2e8800000) (1024K)]
  0x00000279eca3ddc0 WatcherThread "VM Periodic Task Thread"        [id=13656, stack(0x000000b2e8600000,0x000000b2e8700000) (1024K)]
  0x00000279cd620e60 WorkerThread "GC Thread#0"                     [id=17120, stack(0x000000b2e8100000,0x000000b2e8200000) (1024K)]
  0x00000279cd632960 ConcurrentGCThread "G1 Main Marker"            [id=15580, stack(0x000000b2e8200000,0x000000b2e8300000) (1024K)]
  0x00000279cd633370 WorkerThread "G1 Conc#0"                       [id=10960, stack(0x000000b2e8300000,0x000000b2e8400000) (1024K)]
  0x00000279ec911160 ConcurrentGCThread "G1 Refine#0"               [id=16796, stack(0x000000b2e8400000,0x000000b2e8500000) (1024K)]
  0x00000279cd68e130 ConcurrentGCThread "G1 Service"                [id=10832, stack(0x000000b2e8500000,0x000000b2e8600000) (1024K)]
Total: 7

Threads with active compile tasks:
Total: 0

VM state: not at safepoint (normal execution)

VM Mutex/Monitor currently owned by a thread: None

Heap address: 0x0000000704000000, size: 4032 MB, Compressed Oops mode: Zero based, Oop shift amount: 3

CDS archive(s) mapped at: [0x0000027980000000-0x0000027980c90000-0x0000027980c90000), size 13172736, SharedBaseAddress: 0x0000027980000000, ArchiveRelocationMode: 1.
Compressed class space mapped at: 0x0000027981000000-0x00000279c1000000, reserved size: 1073741824
Narrow klass base: 0x0000027980000000, Narrow klass shift: 0, Narrow klass range: 0x100000000

GC Precious Log:
 CardTable entry size: 512
 Card Set container configuration: InlinePtr #cards 4 size 8 Array Of Cards #cards 16 size 48 Howl #buckets 8 coarsen threshold 3686 Howl Bitmap #cards 512 size 80 coarsen threshold 460 Card regions per heap region 1 cards per card region 4096
 CPUs: 12 total, 12 available
 Memory: 16121M
 Large Page Support: Disabled
 NUMA Support: Disabled
 Compressed Oops: Enabled (Zero based)
 Heap Region Size: 2M
 Heap Min Capacity: 8M
 Heap Initial Capacity: 252M
 Heap Max Capacity: 4032M
 Pre-touch: Disabled
 Parallel Workers: 10
 Concurrent Workers: 3
 Concurrent Refinement Workers: 10
 Periodic GC: Disabled

Heap:
 garbage-first heap   total 258048K, used 22528K [0x0000000704000000, 0x0000000800000000)
  region size 2048K, 9 young (18432K), 0 survivors (0K)
 Metaspace       used 8237K, committed 8448K, reserved 1114112K
  class space    used 986K, committed 1088K, reserved 1048576K

Heap Regions: E=young(eden), S=young(survivor), O=old, HS=humongous(starts), HC=humongous(continues), CS=collection set, F=free, TAMS=top-at-mark-start, PB=parsable bottom
|   0|0x0000000704000000, 0x0000000704200000, 0x0000000704200000|100%|HS|  |TAMS 0x0000000704000000| PB 0x0000000704000000| Complete 
|   1|0x0000000704200000, 0x0000000704400000, 0x0000000704400000|100%|HC|  |TAMS 0x0000000704200000| PB 0x0000000704200000| Complete 
|   2|0x0000000704400000, 0x0000000704600000, 0x0000000704600000|100%|HC|  |TAMS 0x0000000704400000| PB 0x0000000704400000| Complete 
|   3|0x0000000704600000, 0x0000000704800000, 0x0000000704800000|100%|HC|  |TAMS 0x0000000704600000| PB 0x0000000704600000| Complete 
|   4|0x0000000704800000, 0x0000000704800000, 0x0000000704a00000|  0%| F|  |TAMS 0x0000000704800000| PB 0x0000000704800000| Untracked 
|   5|0x0000000704a00000, 0x0000000704a00000, 0x0000000704c00000|  0%| F|  |TAMS 0x0000000704a00000| PB 0x0000000704a00000| Untracked 
|   6|0x0000000704c00000, 0x0000000704c00000, 0x0000000704e00000|  0%| F|  |TAMS 0x0000000704c00000| PB 0x0000000704c00000| Untracked 
|   7|0x0000000704e00000, 0x0000000704e00000, 0x0000000705000000|  0%| F|  |TAMS 0x0000000704e00000| PB 0x0000000704e00000| Untracked 
|   8|0x0000000705000000, 0x0000000705000000, 0x0000000705200000|  0%| F|  |TAMS 0x0000000705000000| PB 0x0000000705000000| Untracked 
|   9|0x0000000705200000, 0x0000000705200000, 0x0000000705400000|  0%| F|  |TAMS 0x0000000705200000| PB 0x0000000705200000| Untracked 
|  10|0x0000000705400000, 0x0000000705400000, 0x0000000705600000|  0%| F|  |TAMS 0x0000000705400000| PB 0x0000000705400000| Untracked 
|  11|0x0000000705600000, 0x0000000705600000, 0x0000000705800000|  0%| F|  |TAMS 0x0000000705600000| PB 0x0000000705600000| Untracked 
|  12|0x0000000705800000, 0x0000000705800000, 0x0000000705a00000|  0%| F|  |TAMS 0x0000000705800000| PB 0x0000000705800000| Untracked 
|  13|0x0000000705a00000, 0x0000000705a00000, 0x0000000705c00000|  0%| F|  |TAMS 0x0000000705a00000| PB 0x0000000705a00000| Untracked 
|  14|0x0000000705c00000, 0x0000000705c00000, 0x0000000705e00000|  0%| F|  |TAMS 0x0000000705c00000| PB 0x0000000705c00000| Untracked 
|  15|0x0000000705e00000, 0x0000000705e00000, 0x0000000706000000|  0%| F|  |TAMS 0x0000000705e00000| PB 0x0000000705e00000| Untracked 
|  16|0x0000000706000000, 0x0000000706000000, 0x0000000706200000|  0%| F|  |TAMS 0x0000000706000000| PB 0x0000000706000000| Untracked 
|  17|0x0000000706200000, 0x0000000706200000, 0x0000000706400000|  0%| F|  |TAMS 0x0000000706200000| PB 0x0000000706200000| Untracked 
|  18|0x0000000706400000, 0x0000000706400000, 0x0000000706600000|  0%| F|  |TAMS 0x0000000706400000| PB 0x0000000706400000| Untracked 
|  19|0x0000000706600000, 0x0000000706600000, 0x0000000706800000|  0%| F|  |TAMS 0x0000000706600000| PB 0x0000000706600000| Untracked 
|  20|0x0000000706800000, 0x0000000706800000, 0x0000000706a00000|  0%| F|  |TAMS 0x0000000706800000| PB 0x0000000706800000| Untracked 
|  21|0x0000000706a00000, 0x0000000706a00000, 0x0000000706c00000|  0%| F|  |TAMS 0x0000000706a00000| PB 0x0000000706a00000| Untracked 
|  22|0x0000000706c00000, 0x0000000706c00000, 0x0000000706e00000|  0%| F|  |TAMS 0x0000000706c00000| PB 0x0000000706c00000| Untracked 
|  23|0x0000000706e00000, 0x0000000706e00000, 0x0000000707000000|  0%| F|  |TAMS 0x0000000706e00000| PB 0x0000000706e00000| Untracked 
|  24|0x0000000707000000, 0x0000000707000000, 0x0000000707200000|  0%| F|  |TAMS 0x0000000707000000| PB 0x0000000707000000| Untracked 
|  25|0x0000000707200000, 0x0000000707200000, 0x0000000707400000|  0%| F|  |TAMS 0x0000000707200000| PB 0x0000000707200000| Untracked 
|  26|0x0000000707400000, 0x0000000707400000, 0x0000000707600000|  0%| F|  |TAMS 0x0000000707400000| PB 0x0000000707400000| Untracked 
|  27|0x0000000707600000, 0x0000000707600000, 0x0000000707800000|  0%| F|  |TAMS 0x0000000707600000| PB 0x0000000707600000| Untracked 
|  28|0x0000000707800000, 0x0000000707800000, 0x0000000707a00000|  0%| F|  |TAMS 0x0000000707800000| PB 0x0000000707800000| Untracked 
|  29|0x0000000707a00000, 0x0000000707a00000, 0x0000000707c00000|  0%| F|  |TAMS 0x0000000707a00000| PB 0x0000000707a00000| Untracked 
|  30|0x0000000707c00000, 0x0000000707c00000, 0x0000000707e00000|  0%| F|  |TAMS 0x0000000707c00000| PB 0x0000000707c00000| Untracked 
|  31|0x0000000707e00000, 0x0000000707e00000, 0x0000000708000000|  0%| F|  |TAMS 0x0000000707e00000| PB 0x0000000707e00000| Untracked 
|  32|0x0000000708000000, 0x0000000708000000, 0x0000000708200000|  0%| F|  |TAMS 0x0000000708000000| PB 0x0000000708000000| Untracked 
|  33|0x0000000708200000, 0x0000000708200000, 0x0000000708400000|  0%| F|  |TAMS 0x0000000708200000| PB 0x0000000708200000| Untracked 
|  34|0x0000000708400000, 0x0000000708400000, 0x0000000708600000|  0%| F|  |TAMS 0x0000000708400000| PB 0x0000000708400000| Untracked 
|  35|0x0000000708600000, 0x0000000708600000, 0x0000000708800000|  0%| F|  |TAMS 0x0000000708600000| PB 0x0000000708600000| Untracked 
|  36|0x0000000708800000, 0x0000000708800000, 0x0000000708a00000|  0%| F|  |TAMS 0x0000000708800000| PB 0x0000000708800000| Untracked 
|  37|0x0000000708a00000, 0x0000000708a00000, 0x0000000708c00000|  0%| F|  |TAMS 0x0000000708a00000| PB 0x0000000708a00000| Untracked 
|  38|0x0000000708c00000, 0x0000000708c00000, 0x0000000708e00000|  0%| F|  |TAMS 0x0000000708c00000| PB 0x0000000708c00000| Untracked 
|  39|0x0000000708e00000, 0x0000000708e00000, 0x0000000709000000|  0%| F|  |TAMS 0x0000000708e00000| PB 0x0000000708e00000| Untracked 
|  40|0x0000000709000000, 0x0000000709000000, 0x0000000709200000|  0%| F|  |TAMS 0x0000000709000000| PB 0x0000000709000000| Untracked 
|  41|0x0000000709200000, 0x0000000709200000, 0x0000000709400000|  0%| F|  |TAMS 0x0000000709200000| PB 0x0000000709200000| Untracked 
|  42|0x0000000709400000, 0x0000000709400000, 0x0000000709600000|  0%| F|  |TAMS 0x0000000709400000| PB 0x0000000709400000| Untracked 
|  43|0x0000000709600000, 0x0000000709600000, 0x0000000709800000|  0%| F|  |TAMS 0x0000000709600000| PB 0x0000000709600000| Untracked 
|  44|0x0000000709800000, 0x0000000709800000, 0x0000000709a00000|  0%| F|  |TAMS 0x0000000709800000| PB 0x0000000709800000| Untracked 
|  45|0x0000000709a00000, 0x0000000709a00000, 0x0000000709c00000|  0%| F|  |TAMS 0x0000000709a00000| PB 0x0000000709a00000| Untracked 
|  46|0x0000000709c00000, 0x0000000709c00000, 0x0000000709e00000|  0%| F|  |TAMS 0x0000000709c00000| PB 0x0000000709c00000| Untracked 
|  47|0x0000000709e00000, 0x0000000709e00000, 0x000000070a000000|  0%| F|  |TAMS 0x0000000709e00000| PB 0x0000000709e00000| Untracked 
|  48|0x000000070a000000, 0x000000070a000000, 0x000000070a200000|  0%| F|  |TAMS 0x000000070a000000| PB 0x000000070a000000| Untracked 
|  49|0x000000070a200000, 0x000000070a200000, 0x000000070a400000|  0%| F|  |TAMS 0x000000070a200000| PB 0x000000070a200000| Untracked 
|  50|0x000000070a400000, 0x000000070a400000, 0x000000070a600000|  0%| F|  |TAMS 0x000000070a400000| PB 0x000000070a400000| Untracked 
|  51|0x000000070a600000, 0x000000070a600000, 0x000000070a800000|  0%| F|  |TAMS 0x000000070a600000| PB 0x000000070a600000| Untracked 
|  52|0x000000070a800000, 0x000000070a800000, 0x000000070aa00000|  0%| F|  |TAMS 0x000000070a800000| PB 0x000000070a800000| Untracked 
|  53|0x000000070aa00000, 0x000000070aa00000, 0x000000070ac00000|  0%| F|  |TAMS 0x000000070aa00000| PB 0x000000070aa00000| Untracked 
|  54|0x000000070ac00000, 0x000000070ac00000, 0x000000070ae00000|  0%| F|  |TAMS 0x000000070ac00000| PB 0x000000070ac00000| Untracked 
|  55|0x000000070ae00000, 0x000000070ae00000, 0x000000070b000000|  0%| F|  |TAMS 0x000000070ae00000| PB 0x000000070ae00000| Untracked 
|  56|0x000000070b000000, 0x000000070b000000, 0x000000070b200000|  0%| F|  |TAMS 0x000000070b000000| PB 0x000000070b000000| Untracked 
|  57|0x000000070b200000, 0x000000070b200000, 0x000000070b400000|  0%| F|  |TAMS 0x000000070b200000| PB 0x000000070b200000| Untracked 
|  58|0x000000070b400000, 0x000000070b400000, 0x000000070b600000|  0%| F|  |TAMS 0x000000070b400000| PB 0x000000070b400000| Untracked 
|  59|0x000000070b600000, 0x000000070b600000, 0x000000070b800000|  0%| F|  |TAMS 0x000000070b600000| PB 0x000000070b600000| Untracked 
|  60|0x000000070b800000, 0x000000070b800000, 0x000000070ba00000|  0%| F|  |TAMS 0x000000070b800000| PB 0x000000070b800000| Untracked 
|  61|0x000000070ba00000, 0x000000070ba00000, 0x000000070bc00000|  0%| F|  |TAMS 0x000000070ba00000| PB 0x000000070ba00000| Untracked 
|  62|0x000000070bc00000, 0x000000070bc00000, 0x000000070be00000|  0%| F|  |TAMS 0x000000070bc00000| PB 0x000000070bc00000| Untracked 
|  63|0x000000070be00000, 0x000000070be00000, 0x000000070c000000|  0%| F|  |TAMS 0x000000070be00000| PB 0x000000070be00000| Untracked 
|  64|0x000000070c000000, 0x000000070c000000, 0x000000070c200000|  0%| F|  |TAMS 0x000000070c000000| PB 0x000000070c000000| Untracked 
|  65|0x000000070c200000, 0x000000070c200000, 0x000000070c400000|  0%| F|  |TAMS 0x000000070c200000| PB 0x000000070c200000| Untracked 
|  66|0x000000070c400000, 0x000000070c400000, 0x000000070c600000|  0%| F|  |TAMS 0x000000070c400000| PB 0x000000070c400000| Untracked 
|  67|0x000000070c600000, 0x000000070c600000, 0x000000070c800000|  0%| F|  |TAMS 0x000000070c600000| PB 0x000000070c600000| Untracked 
|  68|0x000000070c800000, 0x000000070c800000, 0x000000070ca00000|  0%| F|  |TAMS 0x000000070c800000| PB 0x000000070c800000| Untracked 
|  69|0x000000070ca00000, 0x000000070ca00000, 0x000000070cc00000|  0%| F|  |TAMS 0x000000070ca00000| PB 0x000000070ca00000| Untracked 
|  70|0x000000070cc00000, 0x000000070cc00000, 0x000000070ce00000|  0%| F|  |TAMS 0x000000070cc00000| PB 0x000000070cc00000| Untracked 
|  71|0x000000070ce00000, 0x000000070ce00000, 0x000000070d000000|  0%| F|  |TAMS 0x000000070ce00000| PB 0x000000070ce00000| Untracked 
|  72|0x000000070d000000, 0x000000070d000000, 0x000000070d200000|  0%| F|  |TAMS 0x000000070d000000| PB 0x000000070d000000| Untracked 
|  73|0x000000070d200000, 0x000000070d200000, 0x000000070d400000|  0%| F|  |TAMS 0x000000070d200000| PB 0x000000070d200000| Untracked 
|  74|0x000000070d400000, 0x000000070d400000, 0x000000070d600000|  0%| F|  |TAMS 0x000000070d400000| PB 0x000000070d400000| Untracked 
|  75|0x000000070d600000, 0x000000070d600000, 0x000000070d800000|  0%| F|  |TAMS 0x000000070d600000| PB 0x000000070d600000| Untracked 
|  76|0x000000070d800000, 0x000000070d800000, 0x000000070da00000|  0%| F|  |TAMS 0x000000070d800000| PB 0x000000070d800000| Untracked 
|  77|0x000000070da00000, 0x000000070da00000, 0x000000070dc00000|  0%| F|  |TAMS 0x000000070da00000| PB 0x000000070da00000| Untracked 
|  78|0x000000070dc00000, 0x000000070dc00000, 0x000000070de00000|  0%| F|  |TAMS 0x000000070dc00000| PB 0x000000070dc00000| Untracked 
|  79|0x000000070de00000, 0x000000070de00000, 0x000000070e000000|  0%| F|  |TAMS 0x000000070de00000| PB 0x000000070de00000| Untracked 
|  80|0x000000070e000000, 0x000000070e000000, 0x000000070e200000|  0%| F|  |TAMS 0x000000070e000000| PB 0x000000070e000000| Untracked 
|  81|0x000000070e200000, 0x000000070e200000, 0x000000070e400000|  0%| F|  |TAMS 0x000000070e200000| PB 0x000000070e200000| Untracked 
|  82|0x000000070e400000, 0x000000070e400000, 0x000000070e600000|  0%| F|  |TAMS 0x000000070e400000| PB 0x000000070e400000| Untracked 
|  83|0x000000070e600000, 0x000000070e600000, 0x000000070e800000|  0%| F|  |TAMS 0x000000070e600000| PB 0x000000070e600000| Untracked 
|  84|0x000000070e800000, 0x000000070e800000, 0x000000070ea00000|  0%| F|  |TAMS 0x000000070e800000| PB 0x000000070e800000| Untracked 
|  85|0x000000070ea00000, 0x000000070ea00000, 0x000000070ec00000|  0%| F|  |TAMS 0x000000070ea00000| PB 0x000000070ea00000| Untracked 
|  86|0x000000070ec00000, 0x000000070ec00000, 0x000000070ee00000|  0%| F|  |TAMS 0x000000070ec00000| PB 0x000000070ec00000| Untracked 
|  87|0x000000070ee00000, 0x000000070ee00000, 0x000000070f000000|  0%| F|  |TAMS 0x000000070ee00000| PB 0x000000070ee00000| Untracked 
|  88|0x000000070f000000, 0x000000070f000000, 0x000000070f200000|  0%| F|  |TAMS 0x000000070f000000| PB 0x000000070f000000| Untracked 
|  89|0x000000070f200000, 0x000000070f200000, 0x000000070f400000|  0%| F|  |TAMS 0x000000070f200000| PB 0x000000070f200000| Untracked 
|  90|0x000000070f400000, 0x000000070f400000, 0x000000070f600000|  0%| F|  |TAMS 0x000000070f400000| PB 0x000000070f400000| Untracked 
|  91|0x000000070f600000, 0x000000070f600000, 0x000000070f800000|  0%| F|  |TAMS 0x000000070f600000| PB 0x000000070f600000| Untracked 
|  92|0x000000070f800000, 0x000000070f800000, 0x000000070fa00000|  0%| F|  |TAMS 0x000000070f800000| PB 0x000000070f800000| Untracked 
|  93|0x000000070fa00000, 0x000000070fa00000, 0x000000070fc00000|  0%| F|  |TAMS 0x000000070fa00000| PB 0x000000070fa00000| Untracked 
|  94|0x000000070fc00000, 0x000000070fc00000, 0x000000070fe00000|  0%| F|  |TAMS 0x000000070fc00000| PB 0x000000070fc00000| Untracked 
|  95|0x000000070fe00000, 0x000000070fe00000, 0x0000000710000000|  0%| F|  |TAMS 0x000000070fe00000| PB 0x000000070fe00000| Untracked 
|  96|0x0000000710000000, 0x0000000710000000, 0x0000000710200000|  0%| F|  |TAMS 0x0000000710000000| PB 0x0000000710000000| Untracked 
|  97|0x0000000710200000, 0x0000000710200000, 0x0000000710400000|  0%| F|  |TAMS 0x0000000710200000| PB 0x0000000710200000| Untracked 
|  98|0x0000000710400000, 0x0000000710400000, 0x0000000710600000|  0%| F|  |TAMS 0x0000000710400000| PB 0x0000000710400000| Untracked 
|  99|0x0000000710600000, 0x0000000710600000, 0x0000000710800000|  0%| F|  |TAMS 0x0000000710600000| PB 0x0000000710600000| Untracked 
| 100|0x0000000710800000, 0x0000000710800000, 0x0000000710a00000|  0%| F|  |TAMS 0x0000000710800000| PB 0x0000000710800000| Untracked 
| 101|0x0000000710a00000, 0x0000000710a00000, 0x0000000710c00000|  0%| F|  |TAMS 0x0000000710a00000| PB 0x0000000710a00000| Untracked 
| 102|0x0000000710c00000, 0x0000000710c00000, 0x0000000710e00000|  0%| F|  |TAMS 0x0000000710c00000| PB 0x0000000710c00000| Untracked 
| 103|0x0000000710e00000, 0x0000000710e00000, 0x0000000711000000|  0%| F|  |TAMS 0x0000000710e00000| PB 0x0000000710e00000| Untracked 
| 104|0x0000000711000000, 0x0000000711000000, 0x0000000711200000|  0%| F|  |TAMS 0x0000000711000000| PB 0x0000000711000000| Untracked 
| 105|0x0000000711200000, 0x0000000711200000, 0x0000000711400000|  0%| F|  |TAMS 0x0000000711200000| PB 0x0000000711200000| Untracked 
| 106|0x0000000711400000, 0x0000000711400000, 0x0000000711600000|  0%| F|  |TAMS 0x0000000711400000| PB 0x0000000711400000| Untracked 
| 107|0x0000000711600000, 0x0000000711600000, 0x0000000711800000|  0%| F|  |TAMS 0x0000000711600000| PB 0x0000000711600000| Untracked 
| 108|0x0000000711800000, 0x0000000711800000, 0x0000000711a00000|  0%| F|  |TAMS 0x0000000711800000| PB 0x0000000711800000| Untracked 
| 109|0x0000000711a00000, 0x0000000711a00000, 0x0000000711c00000|  0%| F|  |TAMS 0x0000000711a00000| PB 0x0000000711a00000| Untracked 
| 110|0x0000000711c00000, 0x0000000711c00000, 0x0000000711e00000|  0%| F|  |TAMS 0x0000000711c00000| PB 0x0000000711c00000| Untracked 
| 111|0x0000000711e00000, 0x0000000711e00000, 0x0000000712000000|  0%| F|  |TAMS 0x0000000711e00000| PB 0x0000000711e00000| Untracked 
| 112|0x0000000712000000, 0x0000000712000000, 0x0000000712200000|  0%| F|  |TAMS 0x0000000712000000| PB 0x0000000712000000| Untracked 
| 113|0x0000000712200000, 0x0000000712200000, 0x0000000712400000|  0%| F|  |TAMS 0x0000000712200000| PB 0x0000000712200000| Untracked 
| 114|0x0000000712400000, 0x0000000712400000, 0x0000000712600000|  0%| F|  |TAMS 0x0000000712400000| PB 0x0000000712400000| Untracked 
| 115|0x0000000712600000, 0x0000000712600000, 0x0000000712800000|  0%| F|  |TAMS 0x0000000712600000| PB 0x0000000712600000| Untracked 
| 116|0x0000000712800000, 0x0000000712800000, 0x0000000712a00000|  0%| F|  |TAMS 0x0000000712800000| PB 0x0000000712800000| Untracked 
| 117|0x0000000712a00000, 0x0000000712c00000, 0x0000000712c00000|100%| E|  |TAMS 0x0000000712a00000| PB 0x0000000712a00000| Complete 
| 118|0x0000000712c00000, 0x0000000712e00000, 0x0000000712e00000|100%| E|  |TAMS 0x0000000712c00000| PB 0x0000000712c00000| Complete 
| 119|0x0000000712e00000, 0x0000000713000000, 0x0000000713000000|100%| E|CS|TAMS 0x0000000712e00000| PB 0x0000000712e00000| Complete 
| 120|0x0000000713000000, 0x0000000713200000, 0x0000000713200000|100%| E|CS|TAMS 0x0000000713000000| PB 0x0000000713000000| Complete 
| 121|0x0000000713200000, 0x0000000713400000, 0x0000000713400000|100%| E|CS|TAMS 0x0000000713200000| PB 0x0000000713200000| Complete 
| 122|0x0000000713400000, 0x0000000713600000, 0x0000000713600000|100%| E|CS|TAMS 0x0000000713400000| PB 0x0000000713400000| Complete 
| 123|0x0000000713600000, 0x0000000713800000, 0x0000000713800000|100%| E|CS|TAMS 0x0000000713600000| PB 0x0000000713600000| Complete 
| 124|0x0000000713800000, 0x0000000713a00000, 0x0000000713a00000|100%| E|CS|TAMS 0x0000000713800000| PB 0x0000000713800000| Complete 
| 125|0x0000000713a00000, 0x0000000713c00000, 0x0000000713c00000|100%| E|CS|TAMS 0x0000000713a00000| PB 0x0000000713a00000| Complete 

Card table byte_map: [0x00000279e5750000,0x00000279e5f30000] _byte_map_base: 0x00000279e1f30000

Marking Bits: (CMBitMap*) 0x00000279cd622480
 Bits: [0x00000279e5f30000, 0x00000279e9e30000)

Polling page: 0x00000279cb530000

Metaspace:

Usage:
  Non-class:      7.08 MB used.
      Class:    986.90 KB used.
       Both:      8.04 MB used.

Virtual space:
  Non-class space:       64.00 MB reserved,       7.19 MB ( 11%) committed,  1 nodes.
      Class space:        1.00 GB reserved,       1.06 MB ( <1%) committed,  1 nodes.
             Both:        1.06 GB reserved,       8.25 MB ( <1%) committed. 

Chunk freelists:
   Non-Class:  8.45 MB
       Class:  14.99 MB
        Both:  23.44 MB

MaxMetaspaceSize: unlimited
CompressedClassSpaceSize: 1.00 GB
Initial GC threshold: 21.00 MB
Current GC threshold: 21.00 MB
CDS: on
 - commit_granule_bytes: 65536.
 - commit_granule_words: 8192.
 - virtual_space_node_default_size: 8388608.
 - enlarge_chunks_in_place: 1.
 - use_allocation_guard: 0.


Internal statistics:

num_allocs_failed_limit: 0.
num_arena_births: 140.
num_arena_deaths: 0.
num_vsnodes_births: 2.
num_vsnodes_deaths: 0.
num_space_committed: 132.
num_space_uncommitted: 0.
num_chunks_returned_to_freelist: 0.
num_chunks_taken_from_freelist: 192.
num_chunk_merges: 0.
num_chunk_splits: 115.
num_chunks_enlarged: 48.
num_inconsistent_stats: 0.

CodeHeap 'non-profiled nmethods': size=120000Kb used=380Kb max_used=380Kb free=119620Kb
 bounds [0x00000279dd4f0000, 0x00000279dd760000, 0x00000279e4a20000]
CodeHeap 'profiled nmethods': size=120000Kb used=1955Kb max_used=1955Kb free=118044Kb
 bounds [0x00000279d5a20000, 0x00000279d5c90000, 0x00000279dcf50000]
CodeHeap 'non-nmethods': size=5760Kb used=1690Kb max_used=1724Kb free=4069Kb
 bounds [0x00000279dcf50000, 0x00000279dd1c0000, 0x00000279dd4f0000]
 total_blobs=1841 nmethods=1247 adapters=499
 compilation: enabled
              stopped_count=0, restarted_count=0
 full_count=0

Compilation events (20 events):
Event: 2.499 Thread 0x00000279ecab0480 nmethod 1238 0x00000279d5c06510 code [0x00000279d5c06700, 0x00000279d5c06b20]
Event: 2.499 Thread 0x00000279ecab0480 1235       1       java.awt.Component::getY (5 bytes)
Event: 2.499 Thread 0x00000279ecab0480 nmethod 1235 0x00000279dd54e110 code [0x00000279dd54e2a0, 0x00000279dd54e368]
Event: 2.499 Thread 0x00000279ecab0480 1239       1       java.awt.RenderingHints$Key::intKey (5 bytes)
Event: 2.499 Thread 0x00000279ecab0480 nmethod 1239 0x00000279dd54e410 code [0x00000279dd54e5a0, 0x00000279dd54e668]
Event: 2.499 Thread 0x00000279ecab0480 1240       1       java.awt.geom.AffineTransform::getTranslateX (5 bytes)
Event: 2.499 Thread 0x00000279ecab0480 nmethod 1240 0x00000279dd54e710 code [0x00000279dd54e8a0, 0x00000279dd54e968]
Event: 2.499 Thread 0x00000279ecab0480 1241       1       java.awt.geom.AffineTransform::getTranslateY (5 bytes)
Event: 2.499 Thread 0x00000279ecab0480 nmethod 1241 0x00000279dd54ea10 code [0x00000279dd54eba0, 0x00000279dd54ec68]
Event: 2.499 Thread 0x00000279ecab0480 1242       3       java.util.IdentityHashMap$IdentityHashMapIterator::nextIndex (72 bytes)
Event: 2.499 Thread 0x00000279ecab0480 nmethod 1242 0x00000279d5c06d10 code [0x00000279d5c06f00, 0x00000279d5c072a0]
Event: 2.500 Thread 0x00000279ecab0480 1243       3       java.awt.EventQueue::postEvent (13 bytes)
Event: 2.500 Thread 0x00000279ecab0480 nmethod 1243 0x00000279d5c07410 code [0x00000279d5c07600, 0x00000279d5c07978]
Event: 2.500 Thread 0x00000279ecab0480 1244       3       sun.java2d.pipe.ValidatePipe::validate (6 bytes)
Event: 2.500 Thread 0x00000279ecab0480 nmethod 1244 0x00000279d5c07b10 code [0x00000279d5c07ce0, 0x00000279d5c08050]
Event: 2.500 Thread 0x00000279ecab0480 1245       3       sun.java2d.SunGraphics2D::validatePipe (30 bytes)
Event: 2.500 Thread 0x00000279ecab0480 nmethod 1245 0x00000279d5c08190 code [0x00000279d5c08360, 0x00000279d5c08668]
Event: 2.500 Thread 0x00000279ecab0480 1246       1       java.awt.geom.AffineTransform::getShearX (5 bytes)
Event: 2.500 Thread 0x00000279ecab0480 nmethod 1246 0x00000279dd54ed10 code [0x00000279dd54eea0, 0x00000279dd54ef68]
Event: 2.576 Thread 0x00000279ecab0480 1247       3       java.awt.AWTEvent::<init> (81 bytes)

GC Heap History (0 events):
No events

Dll operation events (9 events):
Event: 0.005 Loaded shared library C:\Program Files\Java\jdk-21\bin\java.dll
Event: 0.038 Loaded shared library C:\Program Files\Java\jdk-21\bin\jsvml.dll
Event: 0.053 Loaded shared library C:\Users\14858\Desktop\Cwork\genealogy-homework\C_functions.dll
Event: 0.063 Loaded shared library C:\Program Files\Java\jdk-21\bin\jimage.dll
Event: 0.075 Loaded shared library C:\Program Files\Java\jdk-21\bin\awt.dll
Event: 0.174 Loaded shared library C:\Program Files\Java\jdk-21\bin\freetype.dll
Event: 0.175 Loaded shared library C:\Program Files\Java\jdk-21\bin\fontmanager.dll
Event: 0.289 Loaded shared library C:\Program Files\Java\jdk-21\bin\net.dll
Event: 0.291 Loaded shared library C:\Program Files\Java\jdk-21\bin\nio.dll

Deoptimization events (20 events):
Event: 1.310 Thread 0x00000279ece9daa0 DEOPT PACKING pc=0x00000279d5a35d87 sp=0x000000b2e95f9720
Event: 1.310 Thread 0x00000279ece9daa0 DEOPT UNPACKING pc=0x00000279dcfa88e2 sp=0x000000b2e95f8c28 mode 0
Event: 1.327 Thread 0x00000279ece9daa0 Uncommon trap: trap_request=0xffffff45 fr.pc=0x00000279dd52a30c relative=0x00000000000004ac
Event: 1.327 Thread 0x00000279ece9daa0 Uncommon trap: reason=unstable_if action=reinterpret pc=0x00000279dd52a30c method=java.lang.StringLatin1.toLowerCase(Ljava/lang/String;[BLjava/util/Locale;)Ljava/lang/String; @ 43 c2
Event: 1.327 Thread 0x00000279ece9daa0 DEOPT PACKING pc=0x00000279dd52a30c sp=0x000000b2e95fcf90
Event: 1.327 Thread 0x00000279ece9daa0 DEOPT UNPACKING pc=0x00000279dcfa7da2 sp=0x000000b2e95fcf00 mode 2
Event: 1.350 Thread 0x00000279ece9daa0 DEOPT PACKING pc=0x00000279d5a38861 sp=0x000000b2e95fcb70
Event: 1.350 Thread 0x00000279ece9daa0 DEOPT UNPACKING pc=0x00000279dcfa88e2 sp=0x000000b2e95fbfd8 mode 0
Event: 1.373 Thread 0x00000279ece9daa0 Uncommon trap: trap_request=0xffffff45 fr.pc=0x00000279dd52ecec relative=0x000000000000032c
Event: 1.373 Thread 0x00000279ece9daa0 Uncommon trap: reason=unstable_if action=reinterpret pc=0x00000279dd52ecec method=jdk.internal.util.ArraysSupport.mismatch([BI[BII)I @ 55 c2
Event: 1.373 Thread 0x00000279ece9daa0 DEOPT PACKING pc=0x00000279dd52ecec sp=0x000000b2e95fcae0
Event: 1.373 Thread 0x00000279ece9daa0 DEOPT UNPACKING pc=0x00000279dcfa7da2 sp=0x000000b2e95fc9d8 mode 2
Event: 1.404 Thread 0x00000279ece9daa0 Uncommon trap: trap_request=0xffffff45 fr.pc=0x00000279dd536878 relative=0x0000000000000418
Event: 1.404 Thread 0x00000279ece9daa0 Uncommon trap: reason=unstable_if action=reinterpret pc=0x00000279dd536878 method=java.lang.Character.isSurrogate(C)Z @ 3 c2
Event: 1.404 Thread 0x00000279ece9daa0 DEOPT PACKING pc=0x00000279dd536878 sp=0x000000b2e95fc960
Event: 1.404 Thread 0x00000279ece9daa0 DEOPT UNPACKING pc=0x00000279dcfa7da2 sp=0x000000b2e95fc878 mode 2
Event: 2.321 Thread 0x00000279ece9daa0 DEOPT PACKING pc=0x00000279d5bdbc9b sp=0x000000b2e95fd1b0
Event: 2.321 Thread 0x00000279ece9daa0 DEOPT UNPACKING pc=0x00000279dcfa88e2 sp=0x000000b2e95fc620 mode 0
Event: 2.321 Thread 0x00000279ece9daa0 DEOPT PACKING pc=0x00000279d5bdbc9b sp=0x000000b2e95fd1b0
Event: 2.321 Thread 0x00000279ece9daa0 DEOPT UNPACKING pc=0x00000279dcfa88e2 sp=0x000000b2e95fc620 mode 0

Classes loaded (20 events):
Event: 1.414 Loading class java/awt/PaintContext done
Event: 1.414 Loading class java/awt/GradientPaintContext done
Event: 1.414 Loading class java/awt/geom/Point2D$Double
Event: 1.414 Loading class java/awt/geom/Point2D$Double done
Event: 1.414 Loading class sun/java2d/pipe/AlphaPaintPipe$TileContext
Event: 1.414 Loading class sun/java2d/pipe/AlphaPaintPipe$TileContext done
Event: 1.415 Loading class sun/awt/image/MultiResolutionToolkitImage
Event: 1.415 Loading class sun/awt/image/MultiResolutionToolkitImage done
Event: 1.419 Loading class java/awt/print/PrinterGraphics
Event: 1.420 Loading class java/awt/print/PrinterGraphics done
Event: 1.420 Loading class java/awt/PrintGraphics
Event: 1.420 Loading class java/awt/PrintGraphics done
Event: 1.544 Loading class java/awt/LightweightDispatcher$1
Event: 1.544 Loading class java/awt/LightweightDispatcher$1 done
Event: 1.544 Loading class java/awt/Toolkit$SelectiveAWTEventListener
Event: 1.544 Loading class java/awt/Toolkit$SelectiveAWTEventListener done
Event: 2.320 Loading class java/awt/event/ContainerEvent
Event: 2.320 Loading class java/awt/event/ContainerEvent done
Event: 2.320 Loading class javax/swing/event/ChangeEvent
Event: 2.320 Loading class javax/swing/event/ChangeEvent done

Classes unloaded (0 events):
No events

Classes redefined (0 events):
No events

Internal exceptions (12 events):
Event: 0.068 Thread 0x00000279cd5bd750 Exception <a 'java/lang/ClassNotFoundException'{0x000000071384a720}: sun/awt/resources/spi/awtProvider> (0x000000071384a720) 
thrown [s\open\src\hotspot\share\classfile\systemDictionary.cpp, line 312]
Event: 0.081 Thread 0x00000279cd5bd750 Exception <a 'java/io/FileNotFoundException'{0x00000007139163e0}> (0x00000007139163e0) 
thrown [s\open\src\hotspot\share\prims\jni.cpp, line 520]
Event: 0.085 Thread 0x00000279cd5bd750 Exception <a 'java/io/FileNotFoundException'{0x0000000713940438}> (0x0000000713940438) 
thrown [s\open\src\hotspot\share\prims\jni.cpp, line 520]
Event: 0.132 Thread 0x00000279cd5bd750 Exception <a 'java/lang/NoSuchMethodError'{0x0000000713684bd0}: 'void java.lang.invoke.DirectMethodHandle$Holder.invokeSpecial(java.lang.Object, java.lang.Object, java.lang.Object)'> (0x0000000713684bd0) 
thrown [s\open\src\hotspot\share\interpreter\linkResolver.cpp, line 773]
Event: 0.136 Thread 0x00000279cd5bd750 Exception <a 'java/lang/NoSuchMethodError'{0x00000007136aa750}: 'java.lang.Object java.lang.invoke.DirectMethodHandle$Holder.newInvokeSpecial(java.lang.Object, java.lang.Object, java.lang.Object, java.lang.Object, java.lang.Object)'> (0x00000007136aa750) 
thrown [s\open\src\hotspot\share\interpreter\linkResolver.cpp, line 773]
Event: 0.140 Thread 0x00000279cd5bd750 Exception <a 'java/lang/NoSuchMethodError'{0x00000007136d62d8}: 'java.lang.Object java.lang.invoke.DirectMethodHandle$Holder.invokeStatic(java.lang.Object, int, java.lang.Object)'> (0x00000007136d62d8) 
thrown [s\open\src\hotspot\share\interpreter\linkResolver.cpp, line 773]
Event: 0.150 Thread 0x00000279cd5bd750 Exception <a 'java/lang/ClassNotFoundException'{0x0000000713775c48}: com/sun/swing/internal/plaf/metal/resources/spi/metalProvider> (0x0000000713775c48) 
thrown [s\open\src\hotspot\share\classfile\systemDictionary.cpp, line 312]
Event: 0.151 Thread 0x00000279cd5bd750 Exception <a 'java/lang/ClassNotFoundException'{0x000000071377ba58}: com/sun/swing/internal/plaf/basic/resources/spi/basicProvider> (0x000000071377ba58) 
thrown [s\open\src\hotspot\share\classfile\systemDictionary.cpp, line 312]
Event: 0.157 Thread 0x00000279cd5bd750 Exception <a 'java/lang/NoSuchMethodError'{0x000000071379f4e0}: 'int java.lang.invoke.Invokers$Holder.invokeExact_MT(java.lang.Object, java.lang.Object)'> (0x000000071379f4e0) 
thrown [s\open\src\hotspot\share\interpreter\linkResolver.cpp, line 773]
Event: 0.162 Thread 0x00000279ece0b5e0 Exception <a 'java/lang/NoSuchMethodError'{0x000000071360e618}: 'void java.lang.invoke.DirectMethodHandle$Holder.invokeVirtual(java.lang.Object, java.lang.Object)'> (0x000000071360e618) 
thrown [s\open\src\hotspot\share\interpreter\linkResolver.cpp, line 773]
Event: 0.171 Thread 0x00000279cd5bd750 Exception <a 'java/lang/NoSuchMethodError'{0x0000000713401630}: 'void java.lang.invoke.DirectMethodHandle$Holder.invokeStaticInit(java.lang.Object)'> (0x0000000713401630) 
thrown [s\open\src\hotspot\share\interpreter\linkResolver.cpp, line 773]
Event: 0.177 Thread 0x00000279cd5bd750 Exception <a 'java/io/FileNotFoundException'{0x000000071340dbf0}> (0x000000071340dbf0) 
thrown [s\open\src\hotspot\share\prims\jni.cpp, line 520]

ZGC Phase Switch (0 events):
No events

VM Operations (12 events):
Event: 0.090 Executing VM operation: HandshakeAllThreads (Deoptimize)
Event: 0.090 Executing VM operation: HandshakeAllThreads (Deoptimize) done
Event: 0.150 Executing VM operation: HandshakeAllThreads (Deoptimize)
Event: 0.150 Executing VM operation: HandshakeAllThreads (Deoptimize) done
Event: 0.166 Executing VM operation: HandshakeAllThreads (Deoptimize)
Event: 0.166 Executing VM operation: HandshakeAllThreads (Deoptimize) done
Event: 0.236 Executing VM operation: HandshakeAllThreads (Deoptimize)
Event: 0.236 Executing VM operation: HandshakeAllThreads (Deoptimize) done
Event: 1.243 Executing VM operation: Cleanup
Event: 1.243 Executing VM operation: Cleanup done
Event: 2.253 Executing VM operation: Cleanup
Event: 2.253 Executing VM operation: Cleanup done

Events (19 events):
Event: 0.018 Thread 0x00000279cd5bd750 Thread added: 0x00000279cd5bd750
Event: 0.036 Thread 0x00000279eca75350 Thread added: 0x00000279eca75350
Event: 0.036 Thread 0x00000279eca76270 Thread added: 0x00000279eca76270
Event: 0.036 Thread 0x00000279eca797f0 Thread added: 0x00000279eca797f0
Event: 0.036 Thread 0x00000279eca7ca00 Thread added: 0x00000279eca7ca00
Event: 0.036 Thread 0x00000279eca7d460 Thread added: 0x00000279eca7d460
Event: 0.036 Thread 0x00000279eca9fad0 Thread added: 0x00000279eca9fad0
Event: 0.036 Thread 0x00000279ecaad9d0 Thread added: 0x00000279ecaad9d0
Event: 0.036 Thread 0x00000279ecab0480 Thread added: 0x00000279ecab0480
Event: 0.046 Thread 0x00000279ecc76460 Thread added: 0x00000279ecc76460
Event: 0.048 Thread 0x00000279ecc9aa10 Thread added: 0x00000279ecc9aa10
Event: 0.114 Thread 0x00000279ece0a900 Thread added: 0x00000279ece0a900
Event: 0.115 Thread 0x00000279ece0af70 Thread added: 0x00000279ece0af70
Event: 0.116 Thread 0x00000279ece0b5e0 Thread added: 0x00000279ece0b5e0
Event: 0.163 Thread 0x00000279ece9daa0 Thread added: 0x00000279ece9daa0
Event: 0.284 Thread 0x00000279cd5bd750 Thread exited: 0x00000279cd5bd750
Event: 0.284 Thread 0x00000279cd5bd750 Thread added: 0x00000279cd5bd750
Event: 1.434 Thread 0x00000279f1a3cfc0 Thread added: 0x00000279f1a3cfc0
Event: 1.560 Thread 0x00000279f1a3cfc0 Thread exited: 0x00000279f1a3cfc0


Dynamic libraries:
0x00007ff72bc50000 - 0x00007ff72bc60000 	C:\Program Files\Java\jdk-21\bin\java.exe
0x00007ffc8d090000 - 0x00007ffc8d288000 	C:\WINDOWS\SYSTEM32\ntdll.dll
0x00007ffc8b460000 - 0x00007ffc8b51d000 	C:\WINDOWS\System32\KERNEL32.DLL
0x00007ffc8a800000 - 0x00007ffc8aaf6000 	C:\WINDOWS\System32\KERNELBASE.dll
0x00007ffc8adb0000 - 0x00007ffc8aeb0000 	C:\WINDOWS\System32\ucrtbase.dll
0x00007ffc73420000 - 0x00007ffc7343b000 	C:\Program Files\Java\jdk-21\bin\VCRUNTIME140.dll
0x00007ffc73380000 - 0x00007ffc73399000 	C:\Program Files\Java\jdk-21\bin\jli.dll
0x00007ffc8b190000 - 0x00007ffc8b240000 	C:\WINDOWS\System32\ADVAPI32.dll
0x00007ffc8b7f0000 - 0x00007ffc8b88e000 	C:\WINDOWS\System32\msvcrt.dll
0x00007ffc8b0c0000 - 0x00007ffc8b160000 	C:\WINDOWS\System32\sechost.dll
0x00007ffc8b5e0000 - 0x00007ffc8b703000 	C:\WINDOWS\System32\RPCRT4.dll
0x00007ffc8ab00000 - 0x00007ffc8ab27000 	C:\WINDOWS\System32\bcrypt.dll
0x00007ffc8c630000 - 0x00007ffc8c7cf000 	C:\WINDOWS\System32\USER32.dll
0x00007ffc8a7d0000 - 0x00007ffc8a7f2000 	C:\WINDOWS\System32\win32u.dll
0x00007ffc702c0000 - 0x00007ffc7055a000 	C:\WINDOWS\WinSxS\amd64_microsoft.windows.common-controls_6595b64144ccf1df_6.0.19041.4355_none_60b8b9eb71f62e16\COMCTL32.dll
0x00007ffc8b160000 - 0x00007ffc8b18b000 	C:\WINDOWS\System32\GDI32.dll
0x00007ffc8af00000 - 0x00007ffc8b017000 	C:\WINDOWS\System32\gdi32full.dll
0x00007ffc8b020000 - 0x00007ffc8b0bd000 	C:\WINDOWS\System32\msvcp_win.dll
0x00007ffc7ba50000 - 0x00007ffc7ba5a000 	C:\WINDOWS\SYSTEM32\VERSION.dll
0x00007ffc8c540000 - 0x00007ffc8c572000 	C:\WINDOWS\System32\IMM32.DLL
0x00007ffc733e0000 - 0x00007ffc733ec000 	C:\Program Files\Java\jdk-21\bin\vcruntime140_1.dll
0x00007ffc730a0000 - 0x00007ffc7312e000 	C:\Program Files\Java\jdk-21\bin\msvcp140.dll
0x00007ffc2eb40000 - 0x00007ffc2f855000 	C:\Program Files\Java\jdk-21\bin\server\jvm.dll
0x00007ffc8c410000 - 0x00007ffc8c47b000 	C:\WINDOWS\System32\WS2_32.dll
0x00007ffc89cc0000 - 0x00007ffc89d0b000 	C:\WINDOWS\SYSTEM32\POWRPROF.dll
0x00007ffc7c390000 - 0x00007ffc7c3b7000 	C:\WINDOWS\SYSTEM32\WINMM.dll
0x00007ffc89b30000 - 0x00007ffc89b42000 	C:\WINDOWS\SYSTEM32\UMPDC.dll
0x00007ffc88f10000 - 0x00007ffc88f22000 	C:\WINDOWS\SYSTEM32\kernel.appcore.dll
0x00007ffc73370000 - 0x00007ffc7337a000 	C:\Program Files\Java\jdk-21\bin\jimage.dll
0x00007ffc884a0000 - 0x00007ffc88684000 	C:\WINDOWS\SYSTEM32\DBGHELP.DLL
0x00007ffc62da0000 - 0x00007ffc62dd4000 	C:\WINDOWS\SYSTEM32\dbgcore.DLL
0x00007ffc8a740000 - 0x00007ffc8a7c2000 	C:\WINDOWS\System32\bcryptPrimitives.dll
0x00007ffc70ad0000 - 0x00007ffc70aef000 	C:\Program Files\Java\jdk-21\bin\java.dll
0x00007ffc8c880000 - 0x00007ffc8cfeb000 	C:\WINDOWS\System32\SHELL32.dll
0x00007ffc88690000 - 0x00007ffc88e2d000 	C:\WINDOWS\SYSTEM32\windows.storage.dll
0x00007ffc8c0b0000 - 0x00007ffc8c403000 	C:\WINDOWS\System32\combase.dll
0x00007ffc8a160000 - 0x00007ffc8a18e000 	C:\WINDOWS\SYSTEM32\Wldp.dll
0x00007ffc8b9b0000 - 0x00007ffc8ba7d000 	C:\WINDOWS\System32\OLEAUT32.dll
0x00007ffc8c7d0000 - 0x00007ffc8c87d000 	C:\WINDOWS\System32\SHCORE.dll
0x00007ffc8cff0000 - 0x00007ffc8d045000 	C:\WINDOWS\System32\shlwapi.dll
0x00007ffc8a670000 - 0x00007ffc8a694000 	C:\WINDOWS\SYSTEM32\profapi.dll
0x00007ffc37440000 - 0x00007ffc37517000 	C:\Program Files\Java\jdk-21\bin\jsvml.dll
0x00000000624c0000 - 0x00000000624d7000 	C:\Users\14858\Desktop\Cwork\genealogy-homework\C_functions.dll
0x00007ffc34c80000 - 0x00007ffc34e0f000 	C:\Program Files\Java\jdk-21\bin\awt.dll
0x00007ffc851e0000 - 0x00007ffc85270000 	C:\WINDOWS\SYSTEM32\apphelp.dll
0x00007ffc85730000 - 0x00007ffc8575f000 	C:\WINDOWS\system32\DWMAPI.DLL
0x00007ffc853a0000 - 0x00007ffc8543e000 	C:\WINDOWS\system32\uxtheme.dll
0x00007ffc50900000 - 0x00007ffc50a25000 	C:\WINDOWS\system32\opengl32.dll
0x00007ffc508d0000 - 0x00007ffc508fc000 	C:\WINDOWS\SYSTEM32\GLU32.dll
0x00007ffc8b890000 - 0x00007ffc8b9a4000 	C:\WINDOWS\System32\MSCTF.dll
0x00007ffc8bf80000 - 0x00007ffc8c0ab000 	C:\WINDOWS\System32\ole32.dll
0x00007ffc622e0000 - 0x00007ffc62367000 	C:\Program Files\Java\jdk-21\bin\freetype.dll
0x00007ffc37360000 - 0x00007ffc37433000 	C:\Program Files\Java\jdk-21\bin\fontmanager.dll
0x00007ffc7a9b0000 - 0x00007ffc7aaa9000 	C:\WINDOWS\SYSTEM32\textinputframework.dll
0x00007ffc84e90000 - 0x00007ffc84f82000 	C:\WINDOWS\System32\CoreMessaging.dll
0x00007ffc84b30000 - 0x00007ffc84e8b000 	C:\WINDOWS\System32\CoreUIComponents.dll
0x00007ffc89870000 - 0x00007ffc898a3000 	C:\WINDOWS\SYSTEM32\ntmarta.dll
0x00007ffc839c0000 - 0x00007ffc83b17000 	C:\WINDOWS\SYSTEM32\wintypes.dll
0x00007ffc73350000 - 0x00007ffc73360000 	C:\Program Files\Java\jdk-21\bin\net.dll
0x00007ffc83410000 - 0x00007ffc8351a000 	C:\WINDOWS\SYSTEM32\WINHTTP.dll
0x00007ffc89ec0000 - 0x00007ffc89f2a000 	C:\WINDOWS\system32\mswsock.dll
0x00007ffc70ab0000 - 0x00007ffc70ac6000 	C:\Program Files\Java\jdk-21\bin\nio.dll

dbghelp: loaded successfully - version: 4.0.5 - missing functions: none
symbol engine: initialized successfully - sym options: 0x614 - pdb path: .;C:\Program Files\Java\jdk-21\bin;C:\WINDOWS\SYSTEM32;C:\WINDOWS\WinSxS\amd64_microsoft.windows.common-controls_6595b64144ccf1df_6.0.19041.4355_none_60b8b9eb71f62e16;C:\Program Files\Java\jdk-21\bin\server;C:\Users\14858\Desktop\Cwork\genealogy-homework

VM Arguments:
java_command: JavaGUI
java_class_path (initial): .
Launcher Type: SUN_STANDARD

[Global flags]
     intx CICompilerCount                          = 4                                         {product} {ergonomic}
     uint ConcGCThreads                            = 3                                         {product} {ergonomic}
     uint G1ConcRefinementThreads                  = 10                                        {product} {ergonomic}
   size_t G1HeapRegionSize                         = 2097152                                   {product} {ergonomic}
    uintx GCDrainStackTargetSize                   = 64                                        {product} {ergonomic}
   size_t InitialHeapSize                          = 264241152                                 {product} {ergonomic}
   size_t MarkStackSize                            = 4194304                                   {product} {ergonomic}
   size_t MaxHeapSize                              = 4227858432                                {product} {ergonomic}
   size_t MaxNewSize                               = 2535456768                                {product} {ergonomic}
   size_t MinHeapDeltaBytes                        = 2097152                                   {product} {ergonomic}
   size_t MinHeapSize                              = 8388608                                   {product} {ergonomic}
    uintx NonNMethodCodeHeapSize                   = 5839372                                {pd product} {ergonomic}
    uintx NonProfiledCodeHeapSize                  = 122909434                              {pd product} {ergonomic}
    uintx ProfiledCodeHeapSize                     = 122909434                              {pd product} {ergonomic}
    uintx ReservedCodeCacheSize                    = 251658240                              {pd product} {ergonomic}
     bool SegmentedCodeCache                       = true                                      {product} {ergonomic}
   size_t SoftMaxHeapSize                          = 4227858432                             {manageable} {ergonomic}
     bool UseCompressedOops                        = true                           {product lp64_product} {ergonomic}
     bool UseG1GC                                  = true                                      {product} {ergonomic}
     bool UseLargePagesIndividualAllocation        = false                                  {pd product} {ergonomic}

Logging:
Log output configuration:
 #0: stdout all=warning uptime,level,tags foldmultilines=false
 #1: stderr all=off uptime,level,tags foldmultilines=false

Environment Variables:
JAVA_HOME=C:\Program Files\Java\jdk-21
PATH=C:\Program Files\Common Files\Oracle\Java\javapath;C:\Program Files (x86)\Common Files\Oracle\Java\java8path;C:\Program Files (x86)\Common Files\Oracle\Java\javapath;C:\Program Files (x86)\VMware\VMware Workstation\bin\;C:\Windows\system32;C:\Windows;C:\Windows\System32\Wbem;C:\Windows\System32\WindowsPowerShell\v1.0\;C:\Windows\System32\OpenSSH\;C:\Program Files\WireGuard\;C:\Program Files\mingw64\bin\;C:\Program Files\NVIDIA Corporation\NVIDIA NvDLISR;C:\WINDOWS\system32;C:\WINDOWS;C:\WINDOWS\System32\Wbem;C:\WINDOWS\System32\WindowsPowerShell\v1.0\;C:\WINDOWS\System32\OpenSSH\;C:\Program Files\Git\cmd;C:\Program Files (x86)\NVIDIA Corporation\PhysX\Common;C:\Program Files\dotnet\;C:\Program Files (x86)\GTK2-Runtime\bin;C:\Program Files (x86)\Windows Kits\10\Windows Performance Toolkit\;C:\Program Files (x86)\Microsoft SQL Server\100\Tools\Binn\;C:\Program Files (x86)\Microsoft SQL Server\100\DTS\Binn\;C:\Program Files (x86)\Microsoft SQL Server\100\Tools\Binn\VSShell\Common7\IDE\;C:\Program Files\Docker\Docker\resources\bin;C:\Program Files\Cloudflare\Cloudflare WARP\;C:\Program Files (x86)\NetSarang\Xftp 7\;C:\Program Files (x86)\NetSarang\Xshell 7\;C:\Users\14858\anaconda3;C:\Users\14858\anaconda3\Library\mingw-w64\bin;C:\Users\14858\anaconda3\Library\usr\bin;C:\Users\14858\anaconda3\Library\bin;C:\Users\14858\anaconda3\Scripts;C:\Users\14858\AppData\Local\Programs\Python\Python311\Scripts\;C:\Users\14858\AppData\Local\Programs\Python\Python311\;C:\Users\14858\AppData\Local\Microsoft\WindowsApps;C:\Users\14858\AppData\Local\Programs\Microsoft VS Code\bin;C:\Program Files\JetBrains\PyCharm 2023.2.1\bin;C:\Program Files\mingw64\bin;C:\php-8.2.12-Win32-vs16-x64;C:\Users\14858\AppData\Local\GitHubDesktop\bin;C:\Program Files\CMake\bin;C:\Program Files\JetBrains\PyCharm Community Edition 2023.3.4\bin;;C:\Users\14858\AppData\Local\Programs\MiKTeX\miktex\bin\x64\
USERNAME=y~
LANG=zh_CN.UTF-8
OS=Windows_NT
PROCESSOR_IDENTIFIER=Intel64 Family 6 Model 141 Stepping 1, GenuineIntel
TMP=C:\Users\14858\AppData\Local\Temp
TEMP=C:\Users\14858\AppData\Local\Temp




Periodic native trim disabled

---------------  S Y S T E M  ---------------

OS:
 Windows 10 , 64 bit Build 19041 (10.0.19041.3636)
OS uptime: 0 days 12:39 hours
Hyper-V role detected

CPU: total 12 (initial active 12) (6 cores per cpu, 2 threads per core) family 6 model 141 stepping 1 microcode 0x34, cx8, cmov, fxsr, ht, mmx, 3dnowpref, sse, sse2, sse3, ssse3, sse4.1, sse4.2, popcnt, lzcnt, tsc, tscinvbit, avx, avx2, aes, erms, clmul, bmi1, bmi2, adx, avx512f, avx512dq, avx512cd, avx512bw, avx512vl, sha, fma, vzeroupper, avx512_vpopcntdq, avx512_vpclmulqdq, avx512_vaes, avx512_vnni, clflush, clflushopt, clwb, avx512_vbmi2, avx512_vbmi, hv, rdtscp, rdpid, fsrm, gfni, avx512_bitalg, f16c, cet_ibt, cet_ss, avx512_ifma
Processor Information for all 12 processors :
  Max Mhz: 2688, Current Mhz: 2688, Mhz Limit: 2688

Memory: 4k page, system-wide physical 16121M (6723M free)
TotalPageFile size 21241M (AvailPageFile size 6203M)
current process WorkingSet (physical memory assigned to process): 105M, peak: 107M
current process commit charge ("private bytes"): 377M, peak: 379M

vm_info: Java HotSpot(TM) 64-Bit Server VM (21.0.1+12-LTS-29) for windows-amd64 JRE (21.0.1+12-LTS-29), built on 2023-10-05T13:27:09Z by "mach5one" with MS VC++ 17.1 (VS2022)

END.
