#
# A fatal error has been detected by the Java Runtime Environment:
#
#  EXCEPTION_ACCESS_VIOLATION (0xc0000005) at pc=0x00000000624c2681, pid=12432, tid=12416
#
# JRE version: Java(TM) SE Runtime Environment (21.0.1+12) (build 21.0.1+12-LTS-29)
# Java VM: Java HotSpot(TM) 64-Bit Server VM (21.0.1+12-LTS-29, mixed mode, sharing, tiered, compressed oops, compressed class ptrs, g1 gc, windows-amd64)
# Problematic frame:
# C  [C_functions.dll+0x2681]
#
# No core dump will be written. Minidumps are not enabled by default on client versions of Windows
#
# If you would like to submit a bug report, please visit:
#   https://bugreport.java.com/bugreport/crash.jsp
# The crash happened outside the Java Virtual Machine in native code.
# See problematic frame for where to report the bug.
#

---------------  S U M M A R Y ------------

Command Line: JavaGUI

Host: 11th Gen Intel(R) Core(TM) i5-11400H @ 2.70GHz, 12 cores, 15G,  Windows 10 , 64 bit Build 19041 (10.0.19041.3636)
Time: Sat Jun  8 23:57:57 2024  Windows 10 , 64 bit Build 19041 (10.0.19041.3636) elapsed time: 2.391786 seconds (0d 0h 0m 2s)

---------------  T H R E A D  ---------------

Current thread (0x000001af793b9410):  JavaThread "AWT-EventQueue-0"        [_thread_in_native, id=12416, stack(0x0000007e85a00000,0x0000007e85b00000) (1024K)]

Stack: [0x0000007e85a00000,0x0000007e85b00000],  sp=0x0000007e85afe230,  free space=1016k
Native frames: (J=compiled Java code, j=interpreted, Vv=VM code, C=native code)
C  [C_functions.dll+0x2681]

Java frames: (J=compiled Java code, j=interpreted, Vv=VM code)
j  JavaGUI.sortByBirth(J)Ljava/lang/String;+0
j  MyActionListener.actionPerformed(Ljava/awt/event/ActionEvent;)V+611
j  javax.swing.AbstractButton.fireActionPerformed(Ljava/awt/event/ActionEvent;)V+84 java.desktop@21.0.1
j  javax.swing.AbstractButton$Handler.actionPerformed(Ljava/awt/event/ActionEvent;)V+5 java.desktop@21.0.1
j  javax.swing.DefaultButtonModel.fireActionPerformed(Ljava/awt/event/ActionEvent;)V+34 java.desktop@21.0.1
j  javax.swing.DefaultButtonModel.setPressed(Z)V+117 java.desktop@21.0.1
j  javax.swing.plaf.basic.BasicButtonListener.mouseReleased(Ljava/awt/event/MouseEvent;)V+35 java.desktop@21.0.1
j  java.awt.Component.processMouseEvent(Ljava/awt/event/MouseEvent;)V+64 java.desktop@21.0.1
j  javax.swing.JComponent.processMouseEvent(Ljava/awt/event/MouseEvent;)V+23 java.desktop@21.0.1
j  java.awt.Component.processEvent(Ljava/awt/AWTEvent;)V+81 java.desktop@21.0.1
j  java.awt.Container.processEvent(Ljava/awt/AWTEvent;)V+18 java.desktop@21.0.1
j  java.awt.Component.dispatchEventImpl(Ljava/awt/AWTEvent;)V+504 java.desktop@21.0.1
j  java.awt.Container.dispatchEventImpl(Ljava/awt/AWTEvent;)V+42 java.desktop@21.0.1
j  java.awt.Component.dispatchEvent(Ljava/awt/AWTEvent;)V+2 java.desktop@21.0.1
j  java.awt.LightweightDispatcher.retargetMouseEvent(Ljava/awt/Component;ILjava/awt/event/MouseEvent;)V+349 java.desktop@21.0.1
j  java.awt.LightweightDispatcher.processMouseEvent(Ljava/awt/event/MouseEvent;)Z+155 java.desktop@21.0.1
j  java.awt.LightweightDispatcher.dispatchEvent(Ljava/awt/AWTEvent;)Z+50 java.desktop@21.0.1
j  java.awt.Container.dispatchEventImpl(Ljava/awt/AWTEvent;)V+12 java.desktop@21.0.1
j  java.awt.Window.dispatchEventImpl(Ljava/awt/AWTEvent;)V+19 java.desktop@21.0.1
j  java.awt.Component.dispatchEvent(Ljava/awt/AWTEvent;)V+2 java.desktop@21.0.1
j  java.awt.EventQueue.dispatchEventImpl(Ljava/awt/AWTEvent;Ljava/lang/Object;)V+41 java.desktop@21.0.1
j  java.awt.EventQueue$4.run()Ljava/lang/Void;+32 java.desktop@21.0.1
j  java.awt.EventQueue$4.run()Ljava/lang/Object;+1 java.desktop@21.0.1
J 1243 c1 java.security.ProtectionDomain$JavaSecurityAccessImpl.doIntersectionPrivilege(Ljava/security/PrivilegedAction;Ljava/security/AccessControlContext;Ljava/security/AccessControlContext;)Ljava/lang/Object; java.base@21.0.1 (22 bytes) @ 0x000001af1cce7a7c [0x000001af1cce77c0+0x00000000000002bc]
j  java.security.ProtectionDomain$JavaSecurityAccessImpl.doIntersectionPrivilege(Ljava/security/PrivilegedAction;Ljava/security/AccessControlContext;)Ljava/lang/Object;+6 java.base@21.0.1
j  java.awt.EventQueue$5.run()Ljava/lang/Void;+11 java.desktop@21.0.1
j  java.awt.EventQueue$5.run()Ljava/lang/Object;+1 java.desktop@21.0.1
J 1243 c1 java.security.ProtectionDomain$JavaSecurityAccessImpl.doIntersectionPrivilege(Ljava/security/PrivilegedAction;Ljava/security/AccessControlContext;Ljava/security/AccessControlContext;)Ljava/lang/Object; java.base@21.0.1 (22 bytes) @ 0x000001af1cce7a7c [0x000001af1cce77c0+0x00000000000002bc]
j  java.awt.EventQueue.dispatchEvent(Ljava/awt/AWTEvent;)V+73 java.desktop@21.0.1
j  java.awt.EventDispatchThread.pumpOneEventForFilters(I)V+81 java.desktop@21.0.1
j  java.awt.EventDispatchThread.pumpEventsForFilter(ILjava/awt/Conditional;Ljava/awt/EventFilter;)V+35 java.desktop@21.0.1
j  java.awt.EventDispatchThread.pumpEventsForHierarchy(ILjava/awt/Conditional;Ljava/awt/Component;)V+11 java.desktop@21.0.1
j  java.awt.EventDispatchThread.pumpEvents(ILjava/awt/Conditional;)V+4 java.desktop@21.0.1
j  java.awt.EventDispatchThread.pumpEvents(Ljava/awt/Conditional;)V+3 java.desktop@21.0.1
j  java.awt.EventDispatchThread.run()V+9 java.desktop@21.0.1
v  ~StubRoutines::call_stub 0x000001af240310e7

siginfo: EXCEPTION_ACCESS_VIOLATION (0xc0000005), reading address 0x0000000000000000


Registers:
RAX=0x0000000000000000, RBX=0x00007ffc2e2cc070, RCX=0x000001af126cd410, RDX=0x0000000000000004
RSP=0x0000007e85afe230, RBP=0x0000007e85afe260, RSI=0x0000000712bd75e0, RDI=0x000001af75652190
R8 =0x0000000000000000, R9 =0x0000000000000005, R10=0x00007ffc354c08a0, R11=0x00000001c72f67df
R12=0x0000000000000000, R13=0x000001af75400770, R14=0x0000007e85afe3d8, R15=0x000001af793b9410
RIP=0x00000000624c2681, EFLAGS=0x0000000000010202


Register to memory mapping:

RAX=0x0 is null
RBX=0x00007ffc2e2cc070 jvm.dll
RCX=0x000001af126cd410 points into unknown readable memory: 0x0000277500000001 | 01 00 00 00 75 27 00 00
RDX=0x0000000000000004 is an unknown value
RSP=0x0000007e85afe230 is pointing into the stack for thread: 0x000001af793b9410
RBP=0x0000007e85afe260 is pointing into the stack for thread: 0x000001af793b9410
RSI=0x0000000712bd75e0 is an oop: java.security.AccessControlContext 
{0x0000000712bd75e0} - klass: 'java/security/AccessControlContext'
 - ---- fields (total size 5 words):
 - private 'isPrivileged' 'Z' @12  true (0x01)
 - private 'isAuthorized' 'Z' @13  false (0x00)
 - private 'isWrapped' 'Z' @14  false (0x00)
 - private 'isLimited' 'Z' @15  false (0x00)
 - private 'context' '[Ljava/security/ProtectionDomain;' @16  a 'java/security/ProtectionDomain'[1] {0x0000000713949598} (0xe27292b3)
 - private 'privilegedContext' 'Ljava/security/AccessControlContext;' @20  a 'java/security/AccessControlContext'{0x0000000712bd75b8} (0xe257aeb7)
 - private 'combiner' 'Ljava/security/DomainCombiner;' @24  null (0x00000000)
 - private 'permissions' '[Ljava/security/Permission;' @28  null (0x00000000)
 - private 'parent' 'Ljava/security/AccessControlContext;' @32  null (0x00000000)
 - private 'limitedContext' '[Ljava/security/ProtectionDomain;' @36  null (0x00000000)
RDI=0x000001af75652190 is pointing into metadata
R8 =0x0 is null
R9 =0x0000000000000005 is an unknown value
R10=0x00007ffc354c08a0 AcLayers.DLL
R11=0x00000001c72f67df is an unknown value
R12=0x0 is null
R13={method} {0x000001af75400778} 'sortByBirth' '(J)Ljava/lang/String;' in 'JavaGUI'
R14=0x0000007e85afe3d8 is pointing into the stack for thread: 0x000001af793b9410
R15=0x000001af793b9410 is a thread

Top of Stack: (sp=0x0000007e85afe230)
0x0000007e85afe230:   0000000000000028 00007ffc8b809d40
0x0000007e85afe240:   0000000000000028 00000000793b9410
0x0000007e85afe250:   0000007e85afe2f0 0000000712bd75e0
0x0000007e85afe260:   0000007e85afe2f0 00000000624c27ed
0x0000007e85afe270:   000001af126cd410 000001af79010f60
0x0000007e85afe280:   0000000000000004 0000000000000005
0x0000007e85afe290:   000001af75652190 000001af79010f60
0x0000007e85afe2a0:   000001af7900fc30 0000000000000000
0x0000007e85afe2b0:   0000000575652190 0000000000000178
0x0000007e85afe2c0:   000001af793b9410 000001af75652190
0x0000007e85afe2d0:   0000007e85afe360 00000000624c3b57
0x0000007e85afe2e0:   000001af126cd410 000001af2403cd7c
0x0000007e85afe2f0:   000001af75400770 000001af75400770
0x0000007e85afe300:   000001af793b9410 000001af75400770
0x0000007e85afe310:   0000007e85afe3a8 000001af2403cf0b
0x0000007e85afe320:   000001af793b97c8 0000007e85afe3d8
0x0000007e85afe330:   000001af126cd410 0000000712bd75e0
0x0000007e85afe340:   0000007e85aff750 00007ffc2e2519b9
0x0000007e85afe350:   000001af793b9410 000001af2403cb9f
0x0000007e85afe360:   0000007e85afe360 000001af75400770
0x0000007e85afe370:   0000000000000006 000001af75400f18
0x0000007e85afe380:   0000000000000000 000000071380da50
0x0000007e85afe390:   000001af75400770 0000000000000000
0x0000007e85afe3a0:   0000007e85afe3c8 0000007e85afe430
0x0000007e85afe3b0:   000001af240389b8 0000000000000000
0x0000007e85afe3c0:   000001af2403a39a 000001af126cd410
0x0000007e85afe3d0:   0000000000000000 0000000712bd7840
0x0000007e85afe3e0:   0000000713514e20 0000007e85afe3e8
0x0000007e85afe3f0:   000001af7542829b 0000000000000016
0x0000007e85afe400:   000001af75426dd8 0000000000000000
0x0000007e85afe410:   000000071346f788 000001af75429d00
0x0000007e85afe420:   0000007e85afe3c8 0000007e85afe4d8 

Instructions: (pc=0x00000000624c2681)
0x00000000624c2581:   8b 40 10 48 8b 55 20 8b 12 89 10 48 8b 55 10 0f
0x00000000624c2591:   b6 45 28 88 42 18 48 8b 45 30 48 89 c1 e8 65 2c
0x00000000624c25a1:   00 00 48 89 c2 48 8b 45 10 48 89 50 20 48 8b 55
0x00000000624c25b1:   10 0f b6 45 fc 88 42 28 48 8b 45 10 48 8b 40 30
0x00000000624c25c1:   48 8b 55 40 8b 52 08 89 50 08 48 8b 45 10 48 8b
0x00000000624c25d1:   40 30 48 8b 55 40 8b 52 04 89 50 04 48 8b 45 10
0x00000000624c25e1:   48 8b 40 30 48 8b 55 40 8b 12 89 10 48 8b 45 10
0x00000000624c25f1:   48 83 c4 30 5d c3 55 53 48 83 ec 38 48 8d ac 24
0x00000000624c2601:   80 00 00 00 48 89 4d d0 c7 45 ac 00 00 00 00 48
0x00000000624c2611:   83 7d d0 00 75 07 b8 00 00 00 00 eb 27 48 8b 45
0x00000000624c2621:   d0 48 8b 40 48 48 89 c1 e8 c9 ff ff ff 89 c3 48
0x00000000624c2631:   8b 45 d0 48 8b 40 40 48 89 c1 e8 b7 ff ff ff 01
0x00000000624c2641:   d8 83 c0 01 48 83 c4 38 5b 5d c3 55 48 89 e5 48
0x00000000624c2651:   83 ec 30 48 89 4d 10 48 89 55 18 4c 89 45 20 44
0x00000000624c2661:   89 4d 28 48 83 7d 10 00 75 0a b8 00 00 00 00 e9
0x00000000624c2671:   a4 00 00 00 48 8b 45 20 48 8d 50 04 48 89 55 20
0x00000000624c2681:   8b 00 48 98 48 8d 14 c5 00 00 00 00 48 8b 45 18
0x00000000624c2691:   48 01 d0 48 8b 55 10 48 89 10 48 8b 45 10 48 8b
0x00000000624c26a1:   40 08 48 89 c1 e8 f5 2a 00 00 48 8b 45 10 48 8b
0x00000000624c26b1:   40 48 44 8b 45 28 48 8b 4d 20 48 8b 55 18 45 89
0x00000000624c26c1:   c1 49 89 c8 48 89 c1 e8 7f ff ff ff 48 89 45 f8
0x00000000624c26d1:   48 83 7d f8 00 74 08 48 8b 45 f8 48 89 45 18 48
0x00000000624c26e1:   8b 45 10 48 8b 40 40 44 8b 45 28 48 8b 4d 20 48
0x00000000624c26f1:   8b 55 18 45 89 c1 49 89 c8 48 89 c1 e8 4a ff ff
0x00000000624c2701:   ff 48 89 45 f8 48 83 7d f8 00 74 08 48 8b 45 f8
0x00000000624c2711:   48 89 45 18 48 8b 45 18 48 83 c4 30 5d c3 55 48
0x00000000624c2721:   89 e5 48 83 ec 10 48 89 4d 10 48 89 55 18 48 8b
0x00000000624c2731:   45 10 48 8b 00 48 89 45 f8 48 8b 45 18 48 8b 10
0x00000000624c2741:   48 8b 45 10 48 89 10 48 8b 45 18 48 8b 55 f8 48
0x00000000624c2751:   89 10 90 48 83 c4 10 5d c3 55 57 48 83 ec 58 48
0x00000000624c2761:   8d ac 24 80 00 00 00 48 89 4d f0 48 8b 4d f0 e8
0x00000000624c2771:   82 fe ff ff 89 45 c4 48 c7 45 b8 00 00 00 00 8b 


Stack slot to memory mapping:

stack at sp + 0 slots: 0x0000000000000028 is an unknown value
stack at sp + 1 slots: 0x00007ffc8b809d40 msvcrt.dll
stack at sp + 2 slots: 0x0000000000000028 is an unknown value
stack at sp + 3 slots: 0x00000000793b9410 is an unknown value
stack at sp + 4 slots: 0x0000007e85afe2f0 is pointing into the stack for thread: 0x000001af793b9410
stack at sp + 5 slots: 0x0000000712bd75e0 is an oop: java.security.AccessControlContext 
{0x0000000712bd75e0} - klass: 'java/security/AccessControlContext'
 - ---- fields (total size 5 words):
 - private 'isPrivileged' 'Z' @12  true (0x01)
 - private 'isAuthorized' 'Z' @13  false (0x00)
 - private 'isWrapped' 'Z' @14  false (0x00)
 - private 'isLimited' 'Z' @15  false (0x00)
 - private 'context' '[Ljava/security/ProtectionDomain;' @16  a 'java/security/ProtectionDomain'[1] {0x0000000713949598} (0xe27292b3)
 - private 'privilegedContext' 'Ljava/security/AccessControlContext;' @20  a 'java/security/AccessControlContext'{0x0000000712bd75b8} (0xe257aeb7)
 - private 'combiner' 'Ljava/security/DomainCombiner;' @24  null (0x00000000)
 - private 'permissions' '[Ljava/security/Permission;' @28  null (0x00000000)
 - private 'parent' 'Ljava/security/AccessControlContext;' @32  null (0x00000000)
 - private 'limitedContext' '[Ljava/security/ProtectionDomain;' @36  null (0x00000000)
stack at sp + 6 slots: 0x0000007e85afe2f0 is pointing into the stack for thread: 0x000001af793b9410
stack at sp + 7 slots: 0x00000000624c27ed C_functions.dll


Compiled method (c1)    2411 1243       3       java.security.ProtectionDomain$JavaSecurityAccessImpl::doIntersectionPrivilege (22 bytes)
 total in heap  [0x000001af1cce7590,0x000001af1cce7f80] = 2544
 relocation     [0x000001af1cce76f0,0x000001af1cce77b0] = 192
 main code      [0x000001af1cce77c0,0x000001af1cce7cd8] = 1304
 stub code      [0x000001af1cce7cd8,0x000001af1cce7d68] = 144
 metadata       [0x000001af1cce7d68,0x000001af1cce7d88] = 32
 scopes data    [0x000001af1cce7d88,0x000001af1cce7e68] = 224
 scopes pcs     [0x000001af1cce7e68,0x000001af1cce7f68] = 256
 dependencies   [0x000001af1cce7f68,0x000001af1cce7f70] = 8
 nul chk table  [0x000001af1cce7f70,0x000001af1cce7f80] = 16

[Constant Pool (empty)]

[MachCode]
[Entry Point]
  # {method} {0x000001af3411c670} 'doIntersectionPrivilege' '(Ljava/security/PrivilegedAction;Ljava/security/AccessControlContext;Ljava/security/AccessControlContext;)Ljava/lang/Object;' in 'java/security/ProtectionDomain$JavaSecurityAccessImpl'
  # this:     rdx:rdx   = 'java/security/ProtectionDomain$JavaSecurityAccessImpl'
  # parm0:    r8:r8     = 'java/security/PrivilegedAction'
  # parm1:    r9:r9     = 'java/security/AccessControlContext'
  # parm2:    rdi:rdi   = 'java/security/AccessControlContext'
  #           [sp+0xa0]  (sp of caller)
  0x000001af1cce77c0: 448b 5208 | 49bb 0000 | 0034 af01 | 0000 4d03 | d34c 3bd0 

  0x000001af1cce77d4: ;   {runtime_call ic_miss_stub}
  0x000001af1cce77d4: 0f85 a671 | 3907 660f | 1f44 0000 
[Verified Entry Point]
  0x000001af1cce77e0: 8984 2400 | 80ff ff55 | 4881 ec90 | 0000 0090 | 4181 7f20 | 0100 0000 

  0x000001af1cce77f8: ;   {runtime_call StubRoutines (final stubs)}
  0x000001af1cce77f8: 7405 e881 

  0x000001af1cce77fc: ;   {metadata(method data for {method} {0x000001af3411c670} 'doIntersectionPrivilege' '(Ljava/security/PrivilegedAction;Ljava/security/AccessControlContext;Ljava/security/AccessControlContext;)Ljava/lang/Object;' in 'java/security/ProtectionDomain$JavaSecurityAccessImpl')}
  0x000001af1cce77fc: e537 0748 | bec8 6079 | 75af 0100 | 008b 9ecc | 0000 0083 | c302 899e | cc00 0000 | 81e3 fe07 
  0x000001af1cce781c: 0000 83fb | 000f 849a | 0300 0049 

  0x000001af1cce7828: ;   {metadata(method data for {method} {0x000001af3411c670} 'doIntersectionPrivilege' '(Ljava/security/PrivilegedAction;Ljava/security/AccessControlContext;Ljava/security/AccessControlContext;)Ljava/lang/Object;' in 'java/security/ProtectionDomain$JavaSecurityAccessImpl')}
  0x000001af1cce7828: 83f8 0048 | bac8 6079 | 75af 0100 | 0048 be20 | 0100 0000 | 0000 000f | 840a 0000 | 0048 be10 
  0x000001af1cce7848: 0100 0000 | 0000 0048 | 8b1c 3248 | 8d5b 0148 | 891c 320f | 84c2 0200 | 004c 8944 

  0x000001af1cce7864: ;   {metadata(method data for {method} {0x000001af3411c670} 'doIntersectionPrivilege' '(Ljava/security/PrivilegedAction;Ljava/security/AccessControlContext;Ljava/security/AccessControlContext;)Ljava/lang/Object;' in 'java/security/ProtectionDomain$JavaSecurityAccessImpl')}
  0x000001af1cce7864: 2460 48ba | c860 7975 | af01 0000 | 4883 8240 | 0100 0001 | 488b d74d 

  0x000001af1cce787c: ;   {static_call}
  0x000001af1cce787c: 8bc1 90e8 

  0x000001af1cce7880: ; ImmutableOopMap {[96]=Oop }
                      ;*invokestatic getCombinedACC {reexecute=0 rethrow=0 return_oop=0}
                      ; - java.security.ProtectionDomain$JavaSecurityAccessImpl::doIntersectionPrivilege@15 (line 89)
  0x000001af1cce7880: dc08 0000 

  0x000001af1cce7884: ;   {other}
  0x000001af1cce7884: 0f1f 8400 | f402 0000 

  0x000001af1cce788c: ;   {metadata(method data for {method} {0x000001af3411c670} 'doIntersectionPrivilege' '(Ljava/security/PrivilegedAction;Ljava/security/AccessControlContext;Ljava/security/AccessControlContext;)Ljava/lang/Object;' in 'java/security/ProtectionDomain$JavaSecurityAccessImpl')}
  0x000001af1cce788c: 48be c860 | 7975 af01 | 0000 4883 | 8650 0100 

  0x000001af1cce789c: ;   {metadata(method data for {method} {0x000001af344783f8} 'doPrivileged' '(Ljava/security/PrivilegedAction;Ljava/security/AccessControlContext;)Ljava/lang/Object;' in 'java/security/AccessController')}
  0x000001af1cce789c: 0001 48be | 0858 7975 | af01 0000 | 8bbe cc00 | 0000 83c7 | 0289 becc | 0000 0081 | e7fe ff1f 
  0x000001af1cce78bc: 0083 ff00 | 0f84 1c03 

  0x000001af1cce78c4: ;   {metadata(method data for {method} {0x000001af344783f8} 'doPrivileged' '(Ljava/security/PrivilegedAction;Ljava/security/AccessControlContext;)Ljava/lang/Object;' in 'java/security/AccessController')}
  0x000001af1cce78c4: 0000 48be | 0858 7975 | af01 0000 | 4883 8610 | 0100 0001 | 4889 4424 

  0x000001af1cce78dc: ;   {static_call}
  0x000001af1cce78dc: 6866 90e8 

  0x000001af1cce78e0: ; ImmutableOopMap {[96]=Oop [104]=Oop }
                      ;*invokestatic getCallerClass {reexecute=0 rethrow=0 return_oop=0}
                      ; - java.security.AccessController::doPrivileged@0 (line 398)
                      ; - java.security.ProtectionDomain$JavaSecurityAccessImpl::doIntersectionPrivilege@18 (line 87)
  0x000001af1cce78e0: 7c32 9107 

  0x000001af1cce78e4: ;   {other}
  0x000001af1cce78e4: 0f1f 8400 | 5403 0001 

  0x000001af1cce78ec: ;   {metadata(method data for {method} {0x000001af344783f8} 'doPrivileged' '(Ljava/security/PrivilegedAction;Ljava/security/AccessControlContext;)Ljava/lang/Object;' in 'java/security/AccessController')}
  0x000001af1cce78ec: 48ba 0858 | 7975 af01 | 0000 4883 | 8220 0100 | 0001 488b | 5424 684c | 8bc0 4889 | 4424 700f 
  0x000001af1cce790c: ;   {static_call}
  0x000001af1cce790c: 1f40 00e8 

  0x000001af1cce7910: ; ImmutableOopMap {[96]=Oop [112]=Oop }
                      ;*invokestatic checkContext {reexecute=0 rethrow=0 return_oop=0}
                      ; - java.security.AccessController::doPrivileged@6 (line 399)
                      ; - java.security.ProtectionDomain$JavaSecurityAccessImpl::doIntersectionPrivilege@18 (line 87)
  0x000001af1cce7910: acda ffff 

  0x000001af1cce7914: ;   {other}
  0x000001af1cce7914: 0f1f 8400 | 8403 0002 | 4889 4424 

  0x000001af1cce7920: ;   {metadata(method data for {method} {0x000001af344783f8} 'doPrivileged' '(Ljava/security/PrivilegedAction;Ljava/security/AccessControlContext;)Ljava/lang/Object;' in 'java/security/AccessController')}
  0x000001af1cce7920: 7848 ba08 | 5879 75af | 0100 0048 | 8382 3001 

  0x000001af1cce7930: ;   {metadata(method data for {method} {0x000001af34478680} 'executePrivileged' '(Ljava/security/PrivilegedAction;Ljava/security/AccessControlContext;Ljava/lang/Class;)Ljava/lang/Object;' in 'java/security/AccessController')}
  0x000001af1cce7930: 0000 0148 | ba58 dd0d | 75af 0100 | 008b b2cc | 0000 0083 | c602 89b2 | cc00 0000 | 81e6 feff 
  0x000001af1cce7950: 1f00 83fe | 000f 84a8 | 0200 0048 

  0x000001af1cce795c: ;   {metadata(method data for {method} {0x000001af34478680} 'executePrivileged' '(Ljava/security/PrivilegedAction;Ljava/security/AccessControlContext;Ljava/lang/Class;)Ljava/lang/Object;' in 'java/security/AccessController')}
  0x000001af1cce795c: 83f8 0048 | ba58 dd0d | 75af 0100 | 0048 be10 | 0100 0000 | 0000 000f | 840a 0000 | 0048 be20 
  0x000001af1cce797c: 0100 0000 | 0000 0048 | 8b3c 3248 | 8d7f 0148 | 893c 320f | 8427 0000 

  0x000001af1cce7994: ;   {metadata(method data for {method} {0x000001af34478680} 'executePrivileged' '(Ljava/security/PrivilegedAction;Ljava/security/AccessControlContext;Ljava/lang/Class;)Ljava/lang/Object;' in 'java/security/AccessController')}
  0x000001af1cce7994: 0048 ba58 | dd0d 75af | 0100 0048 | 8382 3001 | 0000 0148 | 8bd0 0f1f 

  0x000001af1cce79ac: ;   {static_call}
  0x000001af1cce79ac: 4400 00e8 

  0x000001af1cce79b0: ; ImmutableOopMap {[96]=Oop [112]=Oop [120]=Oop }
                      ;*invokestatic ensureMaterializedForStackWalk {reexecute=0 rethrow=0 return_oop=0}
                      ; - java.security.AccessController::executePrivileged@5 (line 774)
                      ; - java.security.AccessController::doPrivileged@13 (line 400)
                      ; - java.security.ProtectionDomain$JavaSecurityAccessImpl::doIntersectionPrivilege@18 (line 87)
  0x000001af1cce79b0: 2c5c 9407 

  0x000001af1cce79b4: ;   {other}
  0x000001af1cce79b4: 0f1f 8400 | 2404 0003 

  0x000001af1cce79bc: ;   {metadata(method data for {method} {0x000001af34478680} 'executePrivileged' '(Ljava/security/PrivilegedAction;Ljava/security/AccessControlContext;Ljava/lang/Class;)Ljava/lang/Object;' in 'java/security/AccessController')}
  0x000001af1cce79bc: 48ba 58dd | 0d75 af01 | 0000 ff82 | 4001 0000 | 4c8b 4424 | 6049 3b00 

  0x000001af1cce79d4: ;   {metadata(method data for {method} {0x000001af34478680} 'executePrivileged' '(Ljava/security/PrivilegedAction;Ljava/security/AccessControlContext;Ljava/lang/Class;)Ljava/lang/Object;' in 'java/security/AccessController')}
  0x000001af1cce79d4: 498b d048 | be58 dd0d | 75af 0100 | 008b 5208 | 49ba 0000 | 0034 af01 | 0000 4903 | d248 3b96 
  0x000001af1cce79f4: b001 0000 | 750d 4883 | 86b8 0100 | 0001 e960 | 0000 0048 | 3b96 c001 | 0000 750d | 4883 86c8 
  0x000001af1cce7a14: 0100 0001 | e94a 0000 | 0048 83be | b001 0000 | 0075 1748 | 8996 b001 | 0000 48c7 | 86b8 0100 
  0x000001af1cce7a34: 0001 0000 | 00e9 2900 | 0000 4883 | bec0 0100 | 0000 7517 | 4889 96c0 | 0100 0048 | c786 c801 
  0x000001af1cce7a54: 0000 0100 | 0000 e908 | 0000 0048 | 8386 a001 | 0000 0149 | 8bd0 6666 | 9048 b8a0 | 727a 79af 
  0x000001af1cce7a74: ;   {virtual_call}
  0x000001af1cce7a74: 0100 00e8 

  0x000001af1cce7a78: ; ImmutableOopMap {[112]=Oop [120]=Oop }
                      ;*invokeinterface run {reexecute=0 rethrow=0 return_oop=0}
                      ; - java.security.AccessController::executePrivileged@29 (line 778)
                      ; - java.security.AccessController::doPrivileged@13 (line 400)
                      ; - java.security.ProtectionDomain$JavaSecurityAccessImpl::doIntersectionPrivilege@18 (line 87)
  0x000001af1cce7a78: 94ca 4707 

  0x000001af1cce7a7c: ;   {other}
  0x000001af1cce7a7c: 0f1f 8400 | ec04 0004 

  0x000001af1cce7a84: ;   {metadata(method data for {method} {0x000001af34478680} 'executePrivileged' '(Ljava/security/PrivilegedAction;Ljava/security/AccessControlContext;Ljava/lang/Class;)Ljava/lang/Object;' in 'java/security/AccessController')}
  0x000001af1cce7a84: 48ba 58dd | 0d75 af01 | 0000 ff82 | d801 0000 | 488b 5424 

  0x000001af1cce7a98: ;   {metadata(method data for {method} {0x000001af34478680} 'executePrivileged' '(Ljava/security/PrivilegedAction;Ljava/security/AccessControlContext;Ljava/lang/Class;)Ljava/lang/Object;' in 'java/security/AccessController')}
  0x000001af1cce7a98: 7048 be58 | dd0d 75af | 0100 0048 | 8386 3802 

  0x000001af1cce7aa8: ;   {metadata(method data for {method} {0x000001af3403d400} 'reachabilityFence' '(Ljava/lang/Object;)V' in 'java/lang/ref/Reference')}
  0x000001af1cce7aa8: 0000 0148 | be30 570a | 75af 0100 | 008b becc | 0000 0083 | c702 89be | cc00 0000 | 81e7 feff 
  0x000001af1cce7ac8: 1f00 83ff | 000f 8456 

  0x000001af1cce7ad0: ;   {metadata(method data for {method} {0x000001af34478680} 'executePrivileged' '(Ljava/security/PrivilegedAction;Ljava/security/AccessControlContext;Ljava/lang/Class;)Ljava/lang/Object;' in 'java/security/AccessController')}
  0x000001af1cce7ad0: 0100 0048 | ba58 dd0d | 75af 0100 | 0048 8382 | 4802 0000 

  0x000001af1cce7ae4: ;   {metadata(method data for {method} {0x000001af3403d400} 'reachabilityFence' '(Ljava/lang/Object;)V' in 'java/lang/ref/Reference')}
  0x000001af1cce7ae4: 0148 ba30 | 570a 75af | 0100 008b | b2cc 0000 | 0083 c602 | 89b2 cc00 | 0000 81e6 | feff 1f00 
  0x000001af1cce7b04: 83fe 000f | 843d 0100 | 0048 81c4 | 9000 0000 

  0x000001af1cce7b14: ;   {poll_return}
  0x000001af1cce7b14: 5d49 3ba7 | 5004 0000 | 0f87 4901 | 0000 c30f | 1f44 0000 

  0x000001af1cce7b28: ;   {no_reloc}
  0x000001af1cce7b28: e963 0100 | 0000 0000 | 0000 498b | 87b8 0100 | 0048 8d78 | 3049 3bbf | c801 0000 | 0f87 5001 
  0x000001af1cce7b48: 0000 4989 | bfb8 0100 | 0048 c700 | 0100 0000 | 488b ca49 | ba00 0000 | 34af 0100 | 0049 2bca 
  0x000001af1cce7b68: 8948 0848 | 33c9 8948 | 0c48 33c9 | 4889 4810 | 4889 4818 | 4889 4820 | 4889 4828 

  0x000001af1cce7b84: ;   {metadata(method data for {method} {0x000001af3411c670} 'doIntersectionPrivilege' '(Ljava/security/PrivilegedAction;Ljava/security/AccessControlContext;Ljava/security/AccessControlContext;)Ljava/lang/Object;' in 'java/security/ProtectionDomain$JavaSecurityAccessImpl')}
  0x000001af1cce7b84: 488b d048 | bec8 6079 | 75af 0100 | 0048 8386 | 3001 0000 | 0148 8bd0 | 4889 8424 | 8000 0000 
  0x000001af1cce7ba4: ;   {optimized virtual_call}
  0x000001af1cce7ba4: 6666 90e8 

  0x000001af1cce7ba8: ; ImmutableOopMap {[128]=Oop }
                      ;*invokespecial <init> {reexecute=0 rethrow=0 return_oop=0}
                      ; - java.security.ProtectionDomain$JavaSecurityAccessImpl::doIntersectionPrivilege@8 (line 84)
  0x000001af1cce7ba8: d472 3907 

  0x000001af1cce7bac: ;   {other}
  0x000001af1cce7bac: 0f1f 8400 | 1c06 0005 | 488b 8424 | 8000 0000 | e903 0100 

  0x000001af1cce7bc0: ;   {metadata({method} {0x000001af3411c670} 'doIntersectionPrivilege' '(Ljava/security/PrivilegedAction;Ljava/security/AccessControlContext;Ljava/security/AccessControlContext;)Ljava/lang/Object;' in 'java/security/ProtectionDomain$JavaSecurityAccessImpl')}
  0x000001af1cce7bc0: 0049 ba68 | c611 34af | 0100 004c | 8954 2408 | 48c7 0424 | ffff ffff 

  0x000001af1cce7bd8: ;   {runtime_call counter_overflow Runtime1 stub}
  0x000001af1cce7bd8: e8a3 5247 

  0x000001af1cce7bdc: ; ImmutableOopMap {rdx=Oop r8=Oop r9=Oop rdi=Oop }
                      ;*synchronization entry
                      ; - java.security.ProtectionDomain$JavaSecurityAccessImpl::doIntersectionPrivilege@-1 (line 83)
  0x000001af1cce7bdc: 07e9 45fc 

  0x000001af1cce7be0: ;   {metadata({method} {0x000001af344783f8} 'doPrivileged' '(Ljava/security/PrivilegedAction;Ljava/security/AccessControlContext;)Ljava/lang/Object;' in 'java/security/AccessController')}
  0x000001af1cce7be0: ffff 49ba | f083 4734 | af01 0000 | 4c89 5424 | 0848 c704 | 24ff ffff 

  0x000001af1cce7bf8: ;   {runtime_call counter_overflow Runtime1 stub}
  0x000001af1cce7bf8: ffe8 8252 

  0x000001af1cce7bfc: ; ImmutableOopMap {rax=Oop [96]=Oop }
                      ;*synchronization entry
                      ; - java.security.AccessController::doPrivileged@-1 (line 398)
                      ; - java.security.ProtectionDomain$JavaSecurityAccessImpl::doIntersectionPrivilege@18 (line 87)
  0x000001af1cce7bfc: 4707 e9c3 

  0x000001af1cce7c00: ;   {metadata({method} {0x000001af34478680} 'executePrivileged' '(Ljava/security/PrivilegedAction;Ljava/security/AccessControlContext;Ljava/lang/Class;)Ljava/lang/Object;' in 'java/security/AccessController')}
  0x000001af1cce7c00: fcff ff49 | ba78 8647 | 34af 0100 | 004c 8954 | 2408 48c7 | 0424 ffff 

  0x000001af1cce7c18: ;   {runtime_call counter_overflow Runtime1 stub}
  0x000001af1cce7c18: ffff e861 

  0x000001af1cce7c1c: ; ImmutableOopMap {rax=Oop [96]=Oop [112]=Oop [120]=Oop }
                      ;*synchronization entry
                      ; - java.security.AccessController::executePrivileged@-1 (line 773)
                      ; - java.security.AccessController::doPrivileged@13 (line 400)
                      ; - java.security.ProtectionDomain$JavaSecurityAccessImpl::doIntersectionPrivilege@18 (line 87)
  0x000001af1cce7c1c: 5247 07e9 | 37fd ffff 

  0x000001af1cce7c24: ;   {runtime_call throw_null_pointer_exception Runtime1 stub}
  0x000001af1cce7c24: e877 c046 

  0x000001af1cce7c28: ; ImmutableOopMap {r8=Oop [112]=Oop [120]=Oop }
                      ;*invokeinterface run {reexecute=0 rethrow=0 return_oop=0}
                      ; - java.security.AccessController::executePrivileged@29 (line 778)
                      ; - java.security.AccessController::doPrivileged@13 (line 400)
                      ; - java.security.ProtectionDomain$JavaSecurityAccessImpl::doIntersectionPrivilege@18 (line 87)
                      ;   {metadata({method} {0x000001af3403d400} 'reachabilityFence' '(Ljava/lang/Object;)V' in 'java/lang/ref/Reference')}
  0x000001af1cce7c28: 0749 baf8 | d303 34af | 0100 004c | 8954 2408 | 48c7 0424 | ffff ffff 

  0x000001af1cce7c40: ;   {runtime_call counter_overflow Runtime1 stub}
  0x000001af1cce7c40: e83b 5247 

  0x000001af1cce7c44: ; ImmutableOopMap {rax=Oop rdx=Oop }
                      ;*synchronization entry
                      ; - java.lang.ref.Reference::reachabilityFence@-1 (line 628)
                      ; - java.security.AccessController::executePrivileged@56 (line 783)
                      ; - java.security.AccessController::doPrivileged@13 (line 400)
                      ; - java.security.ProtectionDomain$JavaSecurityAccessImpl::doIntersectionPrivilege@18 (line 87)
  0x000001af1cce7c44: 07e9 89fe 

  0x000001af1cce7c48: ;   {metadata({method} {0x000001af3403d400} 'reachabilityFence' '(Ljava/lang/Object;)V' in 'java/lang/ref/Reference')}
  0x000001af1cce7c48: ffff 49ba | f8d3 0334 | af01 0000 | 4c89 5424 | 0848 c704 | 24ff ffff 

  0x000001af1cce7c60: ;   {runtime_call counter_overflow Runtime1 stub}
  0x000001af1cce7c60: ffe8 1a52 

  0x000001af1cce7c64: ; ImmutableOopMap {rax=Oop }
                      ;*synchronization entry
                      ; - java.lang.ref.Reference::reachabilityFence@-1 (line 628)
                      ; - java.security.AccessController::executePrivileged@60 (line 784)
                      ; - java.security.AccessController::doPrivileged@13 (line 400)
                      ; - java.security.ProtectionDomain$JavaSecurityAccessImpl::doIntersectionPrivilege@18 (line 87)
  0x000001af1cce7c64: 4707 e9a2 

  0x000001af1cce7c68: ;   {internal_word}
  0x000001af1cce7c68: feff ff49 | ba15 7bce | 1caf 0100 | 004d 8997 | 6804 0000 

  0x000001af1cce7c7c: ;   {runtime_call SafepointBlob}
  0x000001af1cce7c7c: e9ff ee39 

  0x000001af1cce7c80: ;   {metadata(nullptr)}
  0x000001af1cce7c80: 0748 ba00 | 0000 0000 | 0000 00b8 | 000f 050a 

  0x000001af1cce7c90: ;   {runtime_call load_klass_patching Runtime1 stub}
  0x000001af1cce7c90: e86b 2f47 

  0x000001af1cce7c94: ; ImmutableOopMap {}
                      ;*new {reexecute=1 rethrow=0 return_oop=0}
                      ; - (reexecute) java.security.ProtectionDomain$JavaSecurityAccessImpl::doIntersectionPrivilege@4 (line 84)
  0x000001af1cce7c94: 07e9 8efe | ffff 488b 

  0x000001af1cce7c9c: ;   {runtime_call fast_new_instance Runtime1 stub}
  0x000001af1cce7c9c: d2e8 deca 

  0x000001af1cce7ca0: ; ImmutableOopMap {}
                      ;*new {reexecute=0 rethrow=0 return_oop=0}
                      ; - java.security.ProtectionDomain$JavaSecurityAccessImpl::doIntersectionPrivilege@4 (line 84)
  0x000001af1cce7ca0: 4607 e9dd | feff ff49 | 8b87 0005 | 0000 49c7 | 8700 0500 | 0000 0000 | 0049 c787 | 0805 0000 
  0x000001af1cce7cc0: 0000 0000 | 4881 c490 | 0000 005d 

  0x000001af1cce7ccc: ;   {runtime_call unwind_exception Runtime1 stub}
  0x000001af1cce7ccc: e9af a446 | 07f4 f4f4 | f4f4 f4f4 
[Stub Code]
  0x000001af1cce7cd8: ;   {no_reloc}
  0x000001af1cce7cd8: 0f1f 4400 

  0x000001af1cce7cdc: ;   {static_stub}
  0x000001af1cce7cdc: 0048 bb00 | 0000 0000 

  0x000001af1cce7ce4: ;   {runtime_call}
  0x000001af1cce7ce4: 0000 00e9 | fbff ffff 

  0x000001af1cce7cec: ;   {static_stub}
  0x000001af1cce7cec: 48bb 0000 | 0000 0000 

  0x000001af1cce7cf4: ;   {runtime_call}
  0x000001af1cce7cf4: 0000 e9fb 

  0x000001af1cce7cf8: ;   {static_stub}
  0x000001af1cce7cf8: ffff ff48 | bb00 0000 | 0000 0000 

  0x000001af1cce7d04: ;   {runtime_call}
  0x000001af1cce7d04: 00e9 fbff 

  0x000001af1cce7d08: ;   {static_stub}
  0x000001af1cce7d08: ffff 48bb | 0000 0000 | 0000 0000 

  0x000001af1cce7d14: ;   {runtime_call}
  0x000001af1cce7d14: e9fb ffff 

  0x000001af1cce7d18: ;   {static_stub}
  0x000001af1cce7d18: ff48 bb00 | 0000 0000 

  0x000001af1cce7d20: ;   {runtime_call}
  0x000001af1cce7d20: 0000 00e9 | fbff ffff 

  0x000001af1cce7d28: ;   {static_stub}
  0x000001af1cce7d28: 48bb 0000 | 0000 0000 

  0x000001af1cce7d30: ;   {runtime_call}
  0x000001af1cce7d30: 0000 e9fb 

  0x000001af1cce7d34: ;   {runtime_call handle_exception_from_callee Runtime1 stub}
  0x000001af1cce7d34: ffff ffe8 | c4ea 4607 

  0x000001af1cce7d3c: ;   {external_word}
  0x000001af1cce7d3c: 48b9 0028 | 832e fc7f | 0000 4883 

  0x000001af1cce7d48: ;   {runtime_call}
  0x000001af1cce7d48: e4f0 48b8 | e00f 4b2e | fc7f 0000 

  0x000001af1cce7d54: ;   {section_word}
  0x000001af1cce7d54: ffd0 f449 | ba57 7dce | 1caf 0100 

  0x000001af1cce7d60: ;   {runtime_call DeoptimizationBlob}
  0x000001af1cce7d60: 0041 52e9 | b802 3a07 
[/MachCode]


---------------  P R O C E S S  ---------------

Threads class SMR info:
_java_thread_list=0x000001af7b87a530, length=15, elements={
0x000001af33c43fe0, 0x000001af33c449a0, 0x000001af33c45be0, 0x000001af33c489d0,
0x000001af33c4c4d0, 0x000001af33c4cfa0, 0x000001af33c598d0, 0x000001af31119260,
0x000001af33e08740, 0x000001af33e12d60, 0x000001af792ad060, 0x000001af792b3410,
0x000001af792bef90, 0x000001af793b9410, 0x000001af79446710
}

Java Threads: ( => current thread )
  0x000001af33c43fe0 JavaThread "Reference Handler"          daemon [_thread_blocked, id=15100, stack(0x0000007e84d00000,0x0000007e84e00000) (1024K)]
  0x000001af33c449a0 JavaThread "Finalizer"                  daemon [_thread_blocked, id=12980, stack(0x0000007e84e00000,0x0000007e84f00000) (1024K)]
  0x000001af33c45be0 JavaThread "Signal Dispatcher"          daemon [_thread_blocked, id=11684, stack(0x0000007e84f00000,0x0000007e85000000) (1024K)]
  0x000001af33c489d0 JavaThread "Attach Listener"            daemon [_thread_blocked, id=15728, stack(0x0000007e85000000,0x0000007e85100000) (1024K)]
  0x000001af33c4c4d0 JavaThread "Service Thread"             daemon [_thread_blocked, id=9072, stack(0x0000007e85100000,0x0000007e85200000) (1024K)]
  0x000001af33c4cfa0 JavaThread "Monitor Deflation Thread"   daemon [_thread_blocked, id=15036, stack(0x0000007e85200000,0x0000007e85300000) (1024K)]
  0x000001af33c598d0 JavaThread "C2 CompilerThread0"         daemon [_thread_blocked, id=13612, stack(0x0000007e85300000,0x0000007e85400000) (1024K)]
  0x000001af31119260 JavaThread "C1 CompilerThread0"         daemon [_thread_blocked, id=15776, stack(0x0000007e85400000,0x0000007e85500000) (1024K)]
  0x000001af33e08740 JavaThread "Notification Thread"        daemon [_thread_blocked, id=13460, stack(0x0000007e85500000,0x0000007e85600000) (1024K)]
  0x000001af33e12d60 JavaThread "Common-Cleaner"             daemon [_thread_blocked, id=11892, stack(0x0000007e85600000,0x0000007e85700000) (1024K)]
  0x000001af792ad060 JavaThread "Java2D Disposer"            daemon [_thread_blocked, id=3208, stack(0x0000007e85700000,0x0000007e85800000) (1024K)]
  0x000001af792b3410 JavaThread "AWT-Shutdown"                      [_thread_blocked, id=4672, stack(0x0000007e85800000,0x0000007e85900000) (1024K)]
  0x000001af792bef90 JavaThread "AWT-Windows"                daemon [_thread_in_native, id=3272, stack(0x0000007e85900000,0x0000007e85a00000) (1024K)]
=>0x000001af793b9410 JavaThread "AWT-EventQueue-0"                  [_thread_in_native, id=12416, stack(0x0000007e85a00000,0x0000007e85b00000) (1024K)]
  0x000001af79446710 JavaThread "DestroyJavaVM"                     [_thread_blocked, id=14676, stack(0x0000007e84500000,0x0000007e84600000) (1024K)]
Total: 15

Other Threads:
  0x000001af310d3fb0 VMThread "VM Thread"                           [id=16764, stack(0x0000007e84c00000,0x0000007e84d00000) (1024K)]
  0x000001af33c41800 WatcherThread "VM Periodic Task Thread"        [id=2752, stack(0x0000007e84b00000,0x0000007e84c00000) (1024K)]
  0x000001af30f3f890 WorkerThread "GC Thread#0"                     [id=13900, stack(0x0000007e84600000,0x0000007e84700000) (1024K)]
  0x000001af30f40730 ConcurrentGCThread "G1 Main Marker"            [id=13852, stack(0x0000007e84700000,0x0000007e84800000) (1024K)]
  0x000001af1476bec0 WorkerThread "G1 Conc#0"                       [id=11844, stack(0x0000007e84800000,0x0000007e84900000) (1024K)]
  0x000001af30ffc970 ConcurrentGCThread "G1 Refine#0"               [id=14648, stack(0x0000007e84900000,0x0000007e84a00000) (1024K)]
  0x000001af30fff3b0 ConcurrentGCThread "G1 Service"                [id=14444, stack(0x0000007e84a00000,0x0000007e84b00000) (1024K)]
Total: 7

Threads with active compile tasks:
Total: 0

VM state: not at safepoint (normal execution)

VM Mutex/Monitor currently owned by a thread: None

Heap address: 0x0000000704000000, size: 4032 MB, Compressed Oops mode: Zero based, Oop shift amount: 3

CDS archive(s) mapped at: [0x000001af34000000-0x000001af34c90000-0x000001af34c90000), size 13172736, SharedBaseAddress: 0x000001af34000000, ArchiveRelocationMode: 1.
Compressed class space mapped at: 0x000001af35000000-0x000001af75000000, reserved size: 1073741824
Narrow klass base: 0x000001af34000000, Narrow klass shift: 0, Narrow klass range: 0x100000000

GC Precious Log:
 CardTable entry size: 512
 Card Set container configuration: InlinePtr #cards 4 size 8 Array Of Cards #cards 16 size 48 Howl #buckets 8 coarsen threshold 3686 Howl Bitmap #cards 512 size 80 coarsen threshold 460 Card regions per heap region 1 cards per card region 4096
 CPUs: 12 total, 12 available
 Memory: 16121M
 Large Page Support: Disabled
 NUMA Support: Disabled
 Compressed Oops: Enabled (Zero based)
 Heap Region Size: 2M
 Heap Min Capacity: 8M
 Heap Initial Capacity: 252M
 Heap Max Capacity: 4032M
 Pre-touch: Disabled
 Parallel Workers: 10
 Concurrent Workers: 3
 Concurrent Refinement Workers: 10
 Periodic GC: Disabled

Heap:
 garbage-first heap   total 258048K, used 22528K [0x0000000704000000, 0x0000000800000000)
  region size 2048K, 9 young (18432K), 0 survivors (0K)
 Metaspace       used 8245K, committed 8448K, reserved 1114112K
  class space    used 986K, committed 1088K, reserved 1048576K

Heap Regions: E=young(eden), S=young(survivor), O=old, HS=humongous(starts), HC=humongous(continues), CS=collection set, F=free, TAMS=top-at-mark-start, PB=parsable bottom
|   0|0x0000000704000000, 0x0000000704200000, 0x0000000704200000|100%|HS|  |TAMS 0x0000000704000000| PB 0x0000000704000000| Complete 
|   1|0x0000000704200000, 0x0000000704400000, 0x0000000704400000|100%|HC|  |TAMS 0x0000000704200000| PB 0x0000000704200000| Complete 
|   2|0x0000000704400000, 0x0000000704600000, 0x0000000704600000|100%|HC|  |TAMS 0x0000000704400000| PB 0x0000000704400000| Complete 
|   3|0x0000000704600000, 0x0000000704800000, 0x0000000704800000|100%|HC|  |TAMS 0x0000000704600000| PB 0x0000000704600000| Complete 
|   4|0x0000000704800000, 0x0000000704800000, 0x0000000704a00000|  0%| F|  |TAMS 0x0000000704800000| PB 0x0000000704800000| Untracked 
|   5|0x0000000704a00000, 0x0000000704a00000, 0x0000000704c00000|  0%| F|  |TAMS 0x0000000704a00000| PB 0x0000000704a00000| Untracked 
|   6|0x0000000704c00000, 0x0000000704c00000, 0x0000000704e00000|  0%| F|  |TAMS 0x0000000704c00000| PB 0x0000000704c00000| Untracked 
|   7|0x0000000704e00000, 0x0000000704e00000, 0x0000000705000000|  0%| F|  |TAMS 0x0000000704e00000| PB 0x0000000704e00000| Untracked 
|   8|0x0000000705000000, 0x0000000705000000, 0x0000000705200000|  0%| F|  |TAMS 0x0000000705000000| PB 0x0000000705000000| Untracked 
|   9|0x0000000705200000, 0x0000000705200000, 0x0000000705400000|  0%| F|  |TAMS 0x0000000705200000| PB 0x0000000705200000| Untracked 
|  10|0x0000000705400000, 0x0000000705400000, 0x0000000705600000|  0%| F|  |TAMS 0x0000000705400000| PB 0x0000000705400000| Untracked 
|  11|0x0000000705600000, 0x0000000705600000, 0x0000000705800000|  0%| F|  |TAMS 0x0000000705600000| PB 0x0000000705600000| Untracked 
|  12|0x0000000705800000, 0x0000000705800000, 0x0000000705a00000|  0%| F|  |TAMS 0x0000000705800000| PB 0x0000000705800000| Untracked 
|  13|0x0000000705a00000, 0x0000000705a00000, 0x0000000705c00000|  0%| F|  |TAMS 0x0000000705a00000| PB 0x0000000705a00000| Untracked 
|  14|0x0000000705c00000, 0x0000000705c00000, 0x0000000705e00000|  0%| F|  |TAMS 0x0000000705c00000| PB 0x0000000705c00000| Untracked 
|  15|0x0000000705e00000, 0x0000000705e00000, 0x0000000706000000|  0%| F|  |TAMS 0x0000000705e00000| PB 0x0000000705e00000| Untracked 
|  16|0x0000000706000000, 0x0000000706000000, 0x0000000706200000|  0%| F|  |TAMS 0x0000000706000000| PB 0x0000000706000000| Untracked 
|  17|0x0000000706200000, 0x0000000706200000, 0x0000000706400000|  0%| F|  |TAMS 0x0000000706200000| PB 0x0000000706200000| Untracked 
|  18|0x0000000706400000, 0x0000000706400000, 0x0000000706600000|  0%| F|  |TAMS 0x0000000706400000| PB 0x0000000706400000| Untracked 
|  19|0x0000000706600000, 0x0000000706600000, 0x0000000706800000|  0%| F|  |TAMS 0x0000000706600000| PB 0x0000000706600000| Untracked 
|  20|0x0000000706800000, 0x0000000706800000, 0x0000000706a00000|  0%| F|  |TAMS 0x0000000706800000| PB 0x0000000706800000| Untracked 
|  21|0x0000000706a00000, 0x0000000706a00000, 0x0000000706c00000|  0%| F|  |TAMS 0x0000000706a00000| PB 0x0000000706a00000| Untracked 
|  22|0x0000000706c00000, 0x0000000706c00000, 0x0000000706e00000|  0%| F|  |TAMS 0x0000000706c00000| PB 0x0000000706c00000| Untracked 
|  23|0x0000000706e00000, 0x0000000706e00000, 0x0000000707000000|  0%| F|  |TAMS 0x0000000706e00000| PB 0x0000000706e00000| Untracked 
|  24|0x0000000707000000, 0x0000000707000000, 0x0000000707200000|  0%| F|  |TAMS 0x0000000707000000| PB 0x0000000707000000| Untracked 
|  25|0x0000000707200000, 0x0000000707200000, 0x0000000707400000|  0%| F|  |TAMS 0x0000000707200000| PB 0x0000000707200000| Untracked 
|  26|0x0000000707400000, 0x0000000707400000, 0x0000000707600000|  0%| F|  |TAMS 0x0000000707400000| PB 0x0000000707400000| Untracked 
|  27|0x0000000707600000, 0x0000000707600000, 0x0000000707800000|  0%| F|  |TAMS 0x0000000707600000| PB 0x0000000707600000| Untracked 
|  28|0x0000000707800000, 0x0000000707800000, 0x0000000707a00000|  0%| F|  |TAMS 0x0000000707800000| PB 0x0000000707800000| Untracked 
|  29|0x0000000707a00000, 0x0000000707a00000, 0x0000000707c00000|  0%| F|  |TAMS 0x0000000707a00000| PB 0x0000000707a00000| Untracked 
|  30|0x0000000707c00000, 0x0000000707c00000, 0x0000000707e00000|  0%| F|  |TAMS 0x0000000707c00000| PB 0x0000000707c00000| Untracked 
|  31|0x0000000707e00000, 0x0000000707e00000, 0x0000000708000000|  0%| F|  |TAMS 0x0000000707e00000| PB 0x0000000707e00000| Untracked 
|  32|0x0000000708000000, 0x0000000708000000, 0x0000000708200000|  0%| F|  |TAMS 0x0000000708000000| PB 0x0000000708000000| Untracked 
|  33|0x0000000708200000, 0x0000000708200000, 0x0000000708400000|  0%| F|  |TAMS 0x0000000708200000| PB 0x0000000708200000| Untracked 
|  34|0x0000000708400000, 0x0000000708400000, 0x0000000708600000|  0%| F|  |TAMS 0x0000000708400000| PB 0x0000000708400000| Untracked 
|  35|0x0000000708600000, 0x0000000708600000, 0x0000000708800000|  0%| F|  |TAMS 0x0000000708600000| PB 0x0000000708600000| Untracked 
|  36|0x0000000708800000, 0x0000000708800000, 0x0000000708a00000|  0%| F|  |TAMS 0x0000000708800000| PB 0x0000000708800000| Untracked 
|  37|0x0000000708a00000, 0x0000000708a00000, 0x0000000708c00000|  0%| F|  |TAMS 0x0000000708a00000| PB 0x0000000708a00000| Untracked 
|  38|0x0000000708c00000, 0x0000000708c00000, 0x0000000708e00000|  0%| F|  |TAMS 0x0000000708c00000| PB 0x0000000708c00000| Untracked 
|  39|0x0000000708e00000, 0x0000000708e00000, 0x0000000709000000|  0%| F|  |TAMS 0x0000000708e00000| PB 0x0000000708e00000| Untracked 
|  40|0x0000000709000000, 0x0000000709000000, 0x0000000709200000|  0%| F|  |TAMS 0x0000000709000000| PB 0x0000000709000000| Untracked 
|  41|0x0000000709200000, 0x0000000709200000, 0x0000000709400000|  0%| F|  |TAMS 0x0000000709200000| PB 0x0000000709200000| Untracked 
|  42|0x0000000709400000, 0x0000000709400000, 0x0000000709600000|  0%| F|  |TAMS 0x0000000709400000| PB 0x0000000709400000| Untracked 
|  43|0x0000000709600000, 0x0000000709600000, 0x0000000709800000|  0%| F|  |TAMS 0x0000000709600000| PB 0x0000000709600000| Untracked 
|  44|0x0000000709800000, 0x0000000709800000, 0x0000000709a00000|  0%| F|  |TAMS 0x0000000709800000| PB 0x0000000709800000| Untracked 
|  45|0x0000000709a00000, 0x0000000709a00000, 0x0000000709c00000|  0%| F|  |TAMS 0x0000000709a00000| PB 0x0000000709a00000| Untracked 
|  46|0x0000000709c00000, 0x0000000709c00000, 0x0000000709e00000|  0%| F|  |TAMS 0x0000000709c00000| PB 0x0000000709c00000| Untracked 
|  47|0x0000000709e00000, 0x0000000709e00000, 0x000000070a000000|  0%| F|  |TAMS 0x0000000709e00000| PB 0x0000000709e00000| Untracked 
|  48|0x000000070a000000, 0x000000070a000000, 0x000000070a200000|  0%| F|  |TAMS 0x000000070a000000| PB 0x000000070a000000| Untracked 
|  49|0x000000070a200000, 0x000000070a200000, 0x000000070a400000|  0%| F|  |TAMS 0x000000070a200000| PB 0x000000070a200000| Untracked 
|  50|0x000000070a400000, 0x000000070a400000, 0x000000070a600000|  0%| F|  |TAMS 0x000000070a400000| PB 0x000000070a400000| Untracked 
|  51|0x000000070a600000, 0x000000070a600000, 0x000000070a800000|  0%| F|  |TAMS 0x000000070a600000| PB 0x000000070a600000| Untracked 
|  52|0x000000070a800000, 0x000000070a800000, 0x000000070aa00000|  0%| F|  |TAMS 0x000000070a800000| PB 0x000000070a800000| Untracked 
|  53|0x000000070aa00000, 0x000000070aa00000, 0x000000070ac00000|  0%| F|  |TAMS 0x000000070aa00000| PB 0x000000070aa00000| Untracked 
|  54|0x000000070ac00000, 0x000000070ac00000, 0x000000070ae00000|  0%| F|  |TAMS 0x000000070ac00000| PB 0x000000070ac00000| Untracked 
|  55|0x000000070ae00000, 0x000000070ae00000, 0x000000070b000000|  0%| F|  |TAMS 0x000000070ae00000| PB 0x000000070ae00000| Untracked 
|  56|0x000000070b000000, 0x000000070b000000, 0x000000070b200000|  0%| F|  |TAMS 0x000000070b000000| PB 0x000000070b000000| Untracked 
|  57|0x000000070b200000, 0x000000070b200000, 0x000000070b400000|  0%| F|  |TAMS 0x000000070b200000| PB 0x000000070b200000| Untracked 
|  58|0x000000070b400000, 0x000000070b400000, 0x000000070b600000|  0%| F|  |TAMS 0x000000070b400000| PB 0x000000070b400000| Untracked 
|  59|0x000000070b600000, 0x000000070b600000, 0x000000070b800000|  0%| F|  |TAMS 0x000000070b600000| PB 0x000000070b600000| Untracked 
|  60|0x000000070b800000, 0x000000070b800000, 0x000000070ba00000|  0%| F|  |TAMS 0x000000070b800000| PB 0x000000070b800000| Untracked 
|  61|0x000000070ba00000, 0x000000070ba00000, 0x000000070bc00000|  0%| F|  |TAMS 0x000000070ba00000| PB 0x000000070ba00000| Untracked 
|  62|0x000000070bc00000, 0x000000070bc00000, 0x000000070be00000|  0%| F|  |TAMS 0x000000070bc00000| PB 0x000000070bc00000| Untracked 
|  63|0x000000070be00000, 0x000000070be00000, 0x000000070c000000|  0%| F|  |TAMS 0x000000070be00000| PB 0x000000070be00000| Untracked 
|  64|0x000000070c000000, 0x000000070c000000, 0x000000070c200000|  0%| F|  |TAMS 0x000000070c000000| PB 0x000000070c000000| Untracked 
|  65|0x000000070c200000, 0x000000070c200000, 0x000000070c400000|  0%| F|  |TAMS 0x000000070c200000| PB 0x000000070c200000| Untracked 
|  66|0x000000070c400000, 0x000000070c400000, 0x000000070c600000|  0%| F|  |TAMS 0x000000070c400000| PB 0x000000070c400000| Untracked 
|  67|0x000000070c600000, 0x000000070c600000, 0x000000070c800000|  0%| F|  |TAMS 0x000000070c600000| PB 0x000000070c600000| Untracked 
|  68|0x000000070c800000, 0x000000070c800000, 0x000000070ca00000|  0%| F|  |TAMS 0x000000070c800000| PB 0x000000070c800000| Untracked 
|  69|0x000000070ca00000, 0x000000070ca00000, 0x000000070cc00000|  0%| F|  |TAMS 0x000000070ca00000| PB 0x000000070ca00000| Untracked 
|  70|0x000000070cc00000, 0x000000070cc00000, 0x000000070ce00000|  0%| F|  |TAMS 0x000000070cc00000| PB 0x000000070cc00000| Untracked 
|  71|0x000000070ce00000, 0x000000070ce00000, 0x000000070d000000|  0%| F|  |TAMS 0x000000070ce00000| PB 0x000000070ce00000| Untracked 
|  72|0x000000070d000000, 0x000000070d000000, 0x000000070d200000|  0%| F|  |TAMS 0x000000070d000000| PB 0x000000070d000000| Untracked 
|  73|0x000000070d200000, 0x000000070d200000, 0x000000070d400000|  0%| F|  |TAMS 0x000000070d200000| PB 0x000000070d200000| Untracked 
|  74|0x000000070d400000, 0x000000070d400000, 0x000000070d600000|  0%| F|  |TAMS 0x000000070d400000| PB 0x000000070d400000| Untracked 
|  75|0x000000070d600000, 0x000000070d600000, 0x000000070d800000|  0%| F|  |TAMS 0x000000070d600000| PB 0x000000070d600000| Untracked 
|  76|0x000000070d800000, 0x000000070d800000, 0x000000070da00000|  0%| F|  |TAMS 0x000000070d800000| PB 0x000000070d800000| Untracked 
|  77|0x000000070da00000, 0x000000070da00000, 0x000000070dc00000|  0%| F|  |TAMS 0x000000070da00000| PB 0x000000070da00000| Untracked 
|  78|0x000000070dc00000, 0x000000070dc00000, 0x000000070de00000|  0%| F|  |TAMS 0x000000070dc00000| PB 0x000000070dc00000| Untracked 
|  79|0x000000070de00000, 0x000000070de00000, 0x000000070e000000|  0%| F|  |TAMS 0x000000070de00000| PB 0x000000070de00000| Untracked 
|  80|0x000000070e000000, 0x000000070e000000, 0x000000070e200000|  0%| F|  |TAMS 0x000000070e000000| PB 0x000000070e000000| Untracked 
|  81|0x000000070e200000, 0x000000070e200000, 0x000000070e400000|  0%| F|  |TAMS 0x000000070e200000| PB 0x000000070e200000| Untracked 
|  82|0x000000070e400000, 0x000000070e400000, 0x000000070e600000|  0%| F|  |TAMS 0x000000070e400000| PB 0x000000070e400000| Untracked 
|  83|0x000000070e600000, 0x000000070e600000, 0x000000070e800000|  0%| F|  |TAMS 0x000000070e600000| PB 0x000000070e600000| Untracked 
|  84|0x000000070e800000, 0x000000070e800000, 0x000000070ea00000|  0%| F|  |TAMS 0x000000070e800000| PB 0x000000070e800000| Untracked 
|  85|0x000000070ea00000, 0x000000070ea00000, 0x000000070ec00000|  0%| F|  |TAMS 0x000000070ea00000| PB 0x000000070ea00000| Untracked 
|  86|0x000000070ec00000, 0x000000070ec00000, 0x000000070ee00000|  0%| F|  |TAMS 0x000000070ec00000| PB 0x000000070ec00000| Untracked 
|  87|0x000000070ee00000, 0x000000070ee00000, 0x000000070f000000|  0%| F|  |TAMS 0x000000070ee00000| PB 0x000000070ee00000| Untracked 
|  88|0x000000070f000000, 0x000000070f000000, 0x000000070f200000|  0%| F|  |TAMS 0x000000070f000000| PB 0x000000070f000000| Untracked 
|  89|0x000000070f200000, 0x000000070f200000, 0x000000070f400000|  0%| F|  |TAMS 0x000000070f200000| PB 0x000000070f200000| Untracked 
|  90|0x000000070f400000, 0x000000070f400000, 0x000000070f600000|  0%| F|  |TAMS 0x000000070f400000| PB 0x000000070f400000| Untracked 
|  91|0x000000070f600000, 0x000000070f600000, 0x000000070f800000|  0%| F|  |TAMS 0x000000070f600000| PB 0x000000070f600000| Untracked 
|  92|0x000000070f800000, 0x000000070f800000, 0x000000070fa00000|  0%| F|  |TAMS 0x000000070f800000| PB 0x000000070f800000| Untracked 
|  93|0x000000070fa00000, 0x000000070fa00000, 0x000000070fc00000|  0%| F|  |TAMS 0x000000070fa00000| PB 0x000000070fa00000| Untracked 
|  94|0x000000070fc00000, 0x000000070fc00000, 0x000000070fe00000|  0%| F|  |TAMS 0x000000070fc00000| PB 0x000000070fc00000| Untracked 
|  95|0x000000070fe00000, 0x000000070fe00000, 0x0000000710000000|  0%| F|  |TAMS 0x000000070fe00000| PB 0x000000070fe00000| Untracked 
|  96|0x0000000710000000, 0x0000000710000000, 0x0000000710200000|  0%| F|  |TAMS 0x0000000710000000| PB 0x0000000710000000| Untracked 
|  97|0x0000000710200000, 0x0000000710200000, 0x0000000710400000|  0%| F|  |TAMS 0x0000000710200000| PB 0x0000000710200000| Untracked 
|  98|0x0000000710400000, 0x0000000710400000, 0x0000000710600000|  0%| F|  |TAMS 0x0000000710400000| PB 0x0000000710400000| Untracked 
|  99|0x0000000710600000, 0x0000000710600000, 0x0000000710800000|  0%| F|  |TAMS 0x0000000710600000| PB 0x0000000710600000| Untracked 
| 100|0x0000000710800000, 0x0000000710800000, 0x0000000710a00000|  0%| F|  |TAMS 0x0000000710800000| PB 0x0000000710800000| Untracked 
| 101|0x0000000710a00000, 0x0000000710a00000, 0x0000000710c00000|  0%| F|  |TAMS 0x0000000710a00000| PB 0x0000000710a00000| Untracked 
| 102|0x0000000710c00000, 0x0000000710c00000, 0x0000000710e00000|  0%| F|  |TAMS 0x0000000710c00000| PB 0x0000000710c00000| Untracked 
| 103|0x0000000710e00000, 0x0000000710e00000, 0x0000000711000000|  0%| F|  |TAMS 0x0000000710e00000| PB 0x0000000710e00000| Untracked 
| 104|0x0000000711000000, 0x0000000711000000, 0x0000000711200000|  0%| F|  |TAMS 0x0000000711000000| PB 0x0000000711000000| Untracked 
| 105|0x0000000711200000, 0x0000000711200000, 0x0000000711400000|  0%| F|  |TAMS 0x0000000711200000| PB 0x0000000711200000| Untracked 
| 106|0x0000000711400000, 0x0000000711400000, 0x0000000711600000|  0%| F|  |TAMS 0x0000000711400000| PB 0x0000000711400000| Untracked 
| 107|0x0000000711600000, 0x0000000711600000, 0x0000000711800000|  0%| F|  |TAMS 0x0000000711600000| PB 0x0000000711600000| Untracked 
| 108|0x0000000711800000, 0x0000000711800000, 0x0000000711a00000|  0%| F|  |TAMS 0x0000000711800000| PB 0x0000000711800000| Untracked 
| 109|0x0000000711a00000, 0x0000000711a00000, 0x0000000711c00000|  0%| F|  |TAMS 0x0000000711a00000| PB 0x0000000711a00000| Untracked 
| 110|0x0000000711c00000, 0x0000000711c00000, 0x0000000711e00000|  0%| F|  |TAMS 0x0000000711c00000| PB 0x0000000711c00000| Untracked 
| 111|0x0000000711e00000, 0x0000000711e00000, 0x0000000712000000|  0%| F|  |TAMS 0x0000000711e00000| PB 0x0000000711e00000| Untracked 
| 112|0x0000000712000000, 0x0000000712000000, 0x0000000712200000|  0%| F|  |TAMS 0x0000000712000000| PB 0x0000000712000000| Untracked 
| 113|0x0000000712200000, 0x0000000712200000, 0x0000000712400000|  0%| F|  |TAMS 0x0000000712200000| PB 0x0000000712200000| Untracked 
| 114|0x0000000712400000, 0x0000000712400000, 0x0000000712600000|  0%| F|  |TAMS 0x0000000712400000| PB 0x0000000712400000| Untracked 
| 115|0x0000000712600000, 0x0000000712600000, 0x0000000712800000|  0%| F|  |TAMS 0x0000000712600000| PB 0x0000000712600000| Untracked 
| 116|0x0000000712800000, 0x0000000712800000, 0x0000000712a00000|  0%| F|  |TAMS 0x0000000712800000| PB 0x0000000712800000| Untracked 
| 117|0x0000000712a00000, 0x0000000712bfb818, 0x0000000712c00000| 99%| E|  |TAMS 0x0000000712a00000| PB 0x0000000712a00000| Complete 
| 118|0x0000000712c00000, 0x0000000712e00000, 0x0000000712e00000|100%| E|  |TAMS 0x0000000712c00000| PB 0x0000000712c00000| Complete 
| 119|0x0000000712e00000, 0x0000000713000000, 0x0000000713000000|100%| E|CS|TAMS 0x0000000712e00000| PB 0x0000000712e00000| Complete 
| 120|0x0000000713000000, 0x0000000713200000, 0x0000000713200000|100%| E|CS|TAMS 0x0000000713000000| PB 0x0000000713000000| Complete 
| 121|0x0000000713200000, 0x0000000713400000, 0x0000000713400000|100%| E|CS|TAMS 0x0000000713200000| PB 0x0000000713200000| Complete 
| 122|0x0000000713400000, 0x0000000713600000, 0x0000000713600000|100%| E|CS|TAMS 0x0000000713400000| PB 0x0000000713400000| Complete 
| 123|0x0000000713600000, 0x0000000713800000, 0x0000000713800000|100%| E|CS|TAMS 0x0000000713600000| PB 0x0000000713600000| Complete 
| 124|0x0000000713800000, 0x0000000713a00000, 0x0000000713a00000|100%| E|CS|TAMS 0x0000000713800000| PB 0x0000000713800000| Complete 
| 125|0x0000000713a00000, 0x0000000713c00000, 0x0000000713c00000|100%| E|CS|TAMS 0x0000000713a00000| PB 0x0000000713a00000| Complete 

Card table byte_map: [0x000001af2c840000,0x000001af2d020000] _byte_map_base: 0x000001af29020000

Marking Bits: (CMBitMap*) 0x000001af30f3fe10
 Bits: [0x000001af2d020000, 0x000001af30f20000)

Polling page: 0x000001af12620000

Metaspace:

Usage:
  Non-class:      7.09 MB used.
      Class:    986.90 KB used.
       Both:      8.05 MB used.

Virtual space:
  Non-class space:       64.00 MB reserved,       7.19 MB ( 11%) committed,  1 nodes.
      Class space:        1.00 GB reserved,       1.06 MB ( <1%) committed,  1 nodes.
             Both:        1.06 GB reserved,       8.25 MB ( <1%) committed. 

Chunk freelists:
   Non-Class:  8.45 MB
       Class:  14.99 MB
        Both:  23.44 MB

MaxMetaspaceSize: unlimited
CompressedClassSpaceSize: 1.00 GB
Initial GC threshold: 21.00 MB
Current GC threshold: 21.00 MB
CDS: on
 - commit_granule_bytes: 65536.
 - commit_granule_words: 8192.
 - virtual_space_node_default_size: 8388608.
 - enlarge_chunks_in_place: 1.
 - use_allocation_guard: 0.


Internal statistics:

num_allocs_failed_limit: 0.
num_arena_births: 140.
num_arena_deaths: 0.
num_vsnodes_births: 2.
num_vsnodes_deaths: 0.
num_space_committed: 132.
num_space_uncommitted: 0.
num_chunks_returned_to_freelist: 0.
num_chunks_taken_from_freelist: 192.
num_chunk_merges: 0.
num_chunk_splits: 115.
num_chunks_enlarged: 48.
num_inconsistent_stats: 0.

CodeHeap 'non-profiled nmethods': size=120000Kb used=377Kb max_used=377Kb free=119623Kb
 bounds [0x000001af245d0000, 0x000001af24840000, 0x000001af2bb00000]
CodeHeap 'profiled nmethods': size=120000Kb used=1962Kb max_used=1962Kb free=118037Kb
 bounds [0x000001af1cb00000, 0x000001af1cd70000, 0x000001af24030000]
CodeHeap 'non-nmethods': size=5760Kb used=1690Kb max_used=1721Kb free=4069Kb
 bounds [0x000001af24030000, 0x000001af242a0000, 0x000001af245d0000]
 total_blobs=1845 nmethods=1251 adapters=499
 compilation: enabled
              stopped_count=0, restarted_count=0
 full_count=0

Compilation events (20 events):
Event: 2.145 Thread 0x000001af31119260 1242       1       java.awt.Window::isRecursivelyVisible (5 bytes)
Event: 2.145 Thread 0x000001af31119260 nmethod 1242 0x000001af2462de10 code [0x000001af2462dfa0, 0x000001af2462e070]
Event: 2.161 Thread 0x000001af31119260 1243       3       java.security.ProtectionDomain$JavaSecurityAccessImpl::doIntersectionPrivilege (22 bytes)
Event: 2.162 Thread 0x000001af31119260 nmethod 1243 0x000001af1cce7590 code [0x000001af1cce77c0, 0x000001af1cce7d68]
Event: 2.162 Thread 0x000001af31119260 1244       3       java.security.ProtectionDomain$JavaSecurityAccessImpl::getCombinedACC (30 bytes)
Event: 2.162 Thread 0x000001af31119260 nmethod 1244 0x000001af1cce7f90 code [0x000001af1cce8160, 0x000001af1cce8570]
Event: 2.292 Thread 0x000001af31119260 1245       3       java.awt.geom.AffineTransform::getDeterminant (99 bytes)
Event: 2.292 Thread 0x000001af31119260 nmethod 1245 0x000001af1cce8710 code [0x000001af1cce8920, 0x000001af1cce8d60]
Event: 2.292 Thread 0x000001af31119260 1246       1       java.awt.geom.AffineTransform::getShearX (5 bytes)
Event: 2.293 Thread 0x000001af31119260 nmethod 1246 0x000001af2462e110 code [0x000001af2462e2a0, 0x000001af2462e368]
Event: 2.293 Thread 0x000001af31119260 1247       3       java.util.HashMap$KeySet::iterator (12 bytes)
Event: 2.293 Thread 0x000001af31119260 nmethod 1247 0x000001af1cce8e90 code [0x000001af1cce9040, 0x000001af1cce9250]
Event: 2.293 Thread 0x000001af31119260 1248       3       java.util.HashMap$KeyIterator::<init> (6 bytes)
Event: 2.293 Thread 0x000001af31119260 nmethod 1248 0x000001af1cce9390 code [0x000001af1cce9540, 0x000001af1cce9680]
Event: 2.294 Thread 0x000001af31119260 1249       3       sun.java2d.pipe.Region::clipScale (41 bytes)
Event: 2.294 Thread 0x000001af31119260 nmethod 1249 0x000001af1cce9710 code [0x000001af1cce9900, 0x000001af1cce9bd8]
Event: 2.294 Thread 0x000001af31119260 1250       3       java.lang.Math::round (70 bytes)
Event: 2.294 Thread 0x000001af31119260 nmethod 1250 0x000001af1cce9c90 code [0x000001af1cce9e40, 0x000001af1ccea090]
Event: 2.294 Thread 0x000001af31119260 1251       3       sun.java2d.SunGraphics2D::setColor (108 bytes)
Event: 2.295 Thread 0x000001af31119260 nmethod 1251 0x000001af1ccea110 code [0x000001af1ccea300, 0x000001af1ccea7e0]

GC Heap History (0 events):
No events

Dll operation events (9 events):
Event: 0.007 Loaded shared library C:\Program Files\Java\jdk-21\bin\java.dll
Event: 0.043 Loaded shared library C:\Program Files\Java\jdk-21\bin\jsvml.dll
Event: 0.059 Loaded shared library C:\Users\14858\Desktop\Cwork\genealogy-homework\C_functions.dll
Event: 0.071 Loaded shared library C:\Program Files\Java\jdk-21\bin\jimage.dll
Event: 0.082 Loaded shared library C:\Program Files\Java\jdk-21\bin\awt.dll
Event: 0.193 Loaded shared library C:\Program Files\Java\jdk-21\bin\freetype.dll
Event: 0.194 Loaded shared library C:\Program Files\Java\jdk-21\bin\fontmanager.dll
Event: 0.317 Loaded shared library C:\Program Files\Java\jdk-21\bin\net.dll
Event: 0.318 Loaded shared library C:\Program Files\Java\jdk-21\bin\nio.dll

Deoptimization events (20 events):
Event: 1.521 Thread 0x000001af793b9410 Uncommon trap: trap_request=0xffffff45 fr.pc=0x000001af24615878 relative=0x0000000000000418
Event: 1.521 Thread 0x000001af793b9410 Uncommon trap: reason=unstable_if action=reinterpret pc=0x000001af24615878 method=java.lang.Character.isSurrogate(C)Z @ 3 c2
Event: 1.521 Thread 0x000001af793b9410 DEOPT PACKING pc=0x000001af24615878 sp=0x0000007e85afca20
Event: 1.521 Thread 0x000001af793b9410 DEOPT UNPACKING pc=0x000001af24087da2 sp=0x0000007e85afc938 mode 2
Event: 1.577 Thread 0x000001af793b9410 DEOPT PACKING pc=0x000001af1ccbe99b sp=0x0000007e85afc860
Event: 1.577 Thread 0x000001af793b9410 DEOPT UNPACKING pc=0x000001af240888e2 sp=0x0000007e85afbd30 mode 0
Event: 1.578 Thread 0x000001af793b9410 DEOPT PACKING pc=0x000001af1ccbe99b sp=0x0000007e85afc860
Event: 1.578 Thread 0x000001af793b9410 DEOPT UNPACKING pc=0x000001af240888e2 sp=0x0000007e85afbd30 mode 0
Event: 1.579 Thread 0x000001af793b9410 DEOPT PACKING pc=0x000001af1ccbe99b sp=0x0000007e85afc860
Event: 1.579 Thread 0x000001af793b9410 DEOPT UNPACKING pc=0x000001af240888e2 sp=0x0000007e85afbd30 mode 0
Event: 1.579 Thread 0x000001af793b9410 DEOPT PACKING pc=0x000001af1ccbe99b sp=0x0000007e85afc860
Event: 1.579 Thread 0x000001af793b9410 DEOPT UNPACKING pc=0x000001af240888e2 sp=0x0000007e85afbd30 mode 0
Event: 1.580 Thread 0x000001af793b9410 DEOPT PACKING pc=0x000001af1ccbe99b sp=0x0000007e85afc860
Event: 1.580 Thread 0x000001af793b9410 DEOPT UNPACKING pc=0x000001af240888e2 sp=0x0000007e85afbd30 mode 0
Event: 1.581 Thread 0x000001af793b9410 DEOPT PACKING pc=0x000001af1ccbe99b sp=0x0000007e85afc860
Event: 1.581 Thread 0x000001af793b9410 DEOPT UNPACKING pc=0x000001af240888e2 sp=0x0000007e85afbd30 mode 0
Event: 1.581 Thread 0x000001af793b9410 DEOPT PACKING pc=0x000001af1ccbe99b sp=0x0000007e85afc870
Event: 1.581 Thread 0x000001af793b9410 DEOPT UNPACKING pc=0x000001af240888e2 sp=0x0000007e85afbce0 mode 0
Event: 1.582 Thread 0x000001af793b9410 DEOPT PACKING pc=0x000001af1ccbe99b sp=0x0000007e85afc870
Event: 1.582 Thread 0x000001af793b9410 DEOPT UNPACKING pc=0x000001af240888e2 sp=0x0000007e85afbce0 mode 0

Classes loaded (20 events):
Event: 1.545 Loading class java/awt/PaintContext done
Event: 1.545 Loading class java/awt/GradientPaintContext done
Event: 1.545 Loading class java/awt/geom/Point2D$Double
Event: 1.545 Loading class java/awt/geom/Point2D$Double done
Event: 1.545 Loading class sun/java2d/pipe/AlphaPaintPipe$TileContext
Event: 1.545 Loading class sun/java2d/pipe/AlphaPaintPipe$TileContext done
Event: 1.545 Loading class sun/awt/image/MultiResolutionToolkitImage
Event: 1.546 Loading class sun/awt/image/MultiResolutionToolkitImage done
Event: 1.550 Loading class java/awt/print/PrinterGraphics
Event: 1.550 Loading class java/awt/print/PrinterGraphics done
Event: 1.550 Loading class java/awt/PrintGraphics
Event: 1.550 Loading class java/awt/PrintGraphics done
Event: 1.591 Loading class java/awt/LightweightDispatcher$1
Event: 1.591 Loading class java/awt/LightweightDispatcher$1 done
Event: 1.591 Loading class java/awt/Toolkit$SelectiveAWTEventListener
Event: 1.591 Loading class java/awt/Toolkit$SelectiveAWTEventListener done
Event: 1.633 Loading class java/awt/event/ContainerEvent
Event: 1.633 Loading class java/awt/event/ContainerEvent done
Event: 1.633 Loading class javax/swing/event/ChangeEvent
Event: 1.633 Loading class javax/swing/event/ChangeEvent done

Classes unloaded (0 events):
No events

Classes redefined (0 events):
No events

Internal exceptions (12 events):
Event: 0.075 Thread 0x000001af124ed000 Exception <a 'java/lang/ClassNotFoundException'{0x000000071384a720}: sun/awt/resources/spi/awtProvider> (0x000000071384a720) 
thrown [s\open\src\hotspot\share\classfile\systemDictionary.cpp, line 312]
Event: 0.090 Thread 0x000001af124ed000 Exception <a 'java/io/FileNotFoundException'{0x00000007139163e0}> (0x00000007139163e0) 
thrown [s\open\src\hotspot\share\prims\jni.cpp, line 520]
Event: 0.094 Thread 0x000001af124ed000 Exception <a 'java/io/FileNotFoundException'{0x0000000713940438}> (0x0000000713940438) 
thrown [s\open\src\hotspot\share\prims\jni.cpp, line 520]
Event: 0.147 Thread 0x000001af124ed000 Exception <a 'java/lang/NoSuchMethodError'{0x0000000713684cd0}: 'void java.lang.invoke.DirectMethodHandle$Holder.invokeSpecial(java.lang.Object, java.lang.Object, java.lang.Object)'> (0x0000000713684cd0) 
thrown [s\open\src\hotspot\share\interpreter\linkResolver.cpp, line 773]
Event: 0.152 Thread 0x000001af124ed000 Exception <a 'java/lang/NoSuchMethodError'{0x00000007136aa760}: 'java.lang.Object java.lang.invoke.DirectMethodHandle$Holder.newInvokeSpecial(java.lang.Object, java.lang.Object, java.lang.Object, java.lang.Object, java.lang.Object)'> (0x00000007136aa760) 
thrown [s\open\src\hotspot\share\interpreter\linkResolver.cpp, line 773]
Event: 0.156 Thread 0x000001af124ed000 Exception <a 'java/lang/NoSuchMethodError'{0x00000007136d62e8}: 'java.lang.Object java.lang.invoke.DirectMethodHandle$Holder.invokeStatic(java.lang.Object, int, java.lang.Object)'> (0x00000007136d62e8) 
thrown [s\open\src\hotspot\share\interpreter\linkResolver.cpp, line 773]
Event: 0.168 Thread 0x000001af124ed000 Exception <a 'java/lang/ClassNotFoundException'{0x0000000713775c48}: com/sun/swing/internal/plaf/metal/resources/spi/metalProvider> (0x0000000713775c48) 
thrown [s\open\src\hotspot\share\classfile\systemDictionary.cpp, line 312]
Event: 0.169 Thread 0x000001af124ed000 Exception <a 'java/lang/ClassNotFoundException'{0x000000071377ba58}: com/sun/swing/internal/plaf/basic/resources/spi/basicProvider> (0x000000071377ba58) 
thrown [s\open\src\hotspot\share\classfile\systemDictionary.cpp, line 312]
Event: 0.176 Thread 0x000001af124ed000 Exception <a 'java/lang/NoSuchMethodError'{0x000000071379f4e0}: 'int java.lang.invoke.Invokers$Holder.invokeExact_MT(java.lang.Object, java.lang.Object)'> (0x000000071379f4e0) 
thrown [s\open\src\hotspot\share\interpreter\linkResolver.cpp, line 773]
Event: 0.181 Thread 0x000001af792bef90 Exception <a 'java/lang/NoSuchMethodError'{0x000000071360e618}: 'void java.lang.invoke.DirectMethodHandle$Holder.invokeVirtual(java.lang.Object, java.lang.Object)'> (0x000000071360e618) 
thrown [s\open\src\hotspot\share\interpreter\linkResolver.cpp, line 773]
Event: 0.191 Thread 0x000001af124ed000 Exception <a 'java/lang/NoSuchMethodError'{0x0000000713401630}: 'void java.lang.invoke.DirectMethodHandle$Holder.invokeStaticInit(java.lang.Object)'> (0x0000000713401630) 
thrown [s\open\src\hotspot\share\interpreter\linkResolver.cpp, line 773]
Event: 0.197 Thread 0x000001af124ed000 Exception <a 'java/io/FileNotFoundException'{0x000000071340dbf0}> (0x000000071340dbf0) 
thrown [s\open\src\hotspot\share\prims\jni.cpp, line 520]

ZGC Phase Switch (0 events):
No events

VM Operations (10 events):
Event: 0.167 Executing VM operation: HandshakeAllThreads (Deoptimize)
Event: 0.167 Executing VM operation: HandshakeAllThreads (Deoptimize) done
Event: 0.185 Executing VM operation: HandshakeAllThreads (Deoptimize)
Event: 0.185 Executing VM operation: HandshakeAllThreads (Deoptimize) done
Event: 0.264 Executing VM operation: HandshakeAllThreads (Deoptimize)
Event: 0.264 Executing VM operation: HandshakeAllThreads (Deoptimize) done
Event: 1.274 Executing VM operation: Cleanup
Event: 1.274 Executing VM operation: Cleanup done
Event: 2.287 Executing VM operation: Cleanup
Event: 2.287 Executing VM operation: Cleanup done

Events (19 events):
Event: 0.024 Thread 0x000001af124ed000 Thread added: 0x000001af124ed000
Event: 0.041 Thread 0x000001af33c43fe0 Thread added: 0x000001af33c43fe0
Event: 0.041 Thread 0x000001af33c449a0 Thread added: 0x000001af33c449a0
Event: 0.041 Thread 0x000001af33c45be0 Thread added: 0x000001af33c45be0
Event: 0.041 Thread 0x000001af33c489d0 Thread added: 0x000001af33c489d0
Event: 0.041 Thread 0x000001af33c4c4d0 Thread added: 0x000001af33c4c4d0
Event: 0.041 Thread 0x000001af33c4cfa0 Thread added: 0x000001af33c4cfa0
Event: 0.041 Thread 0x000001af33c598d0 Thread added: 0x000001af33c598d0
Event: 0.041 Thread 0x000001af31119260 Thread added: 0x000001af31119260
Event: 0.052 Thread 0x000001af33e08740 Thread added: 0x000001af33e08740
Event: 0.055 Thread 0x000001af33e12d60 Thread added: 0x000001af33e12d60
Event: 0.127 Thread 0x000001af792ad060 Thread added: 0x000001af792ad060
Event: 0.128 Thread 0x000001af792b3410 Thread added: 0x000001af792b3410
Event: 0.129 Thread 0x000001af792bef90 Thread added: 0x000001af792bef90
Event: 0.182 Thread 0x000001af793b9410 Thread added: 0x000001af793b9410
Event: 0.311 Thread 0x000001af124ed000 Thread exited: 0x000001af124ed000
Event: 0.311 Thread 0x000001af79446710 Thread added: 0x000001af79446710
Event: 1.523 Thread 0x000001af31118440 Thread added: 0x000001af31118440
Event: 1.714 Thread 0x000001af31118440 Thread exited: 0x000001af31118440


Dynamic libraries:
0x00007ff72bc50000 - 0x00007ff72bc60000 	C:\Program Files\Java\jdk-21\bin\java.exe
0x00007ffc8d090000 - 0x00007ffc8d288000 	C:\WINDOWS\SYSTEM32\ntdll.dll
0x00007ffc8b460000 - 0x00007ffc8b51d000 	C:\WINDOWS\System32\KERNEL32.DLL
0x00007ffc8a800000 - 0x00007ffc8aaf6000 	C:\WINDOWS\System32\KERNELBASE.dll
0x00007ffc851e0000 - 0x00007ffc85270000 	C:\WINDOWS\SYSTEM32\apphelp.dll
0x00007ffc35470000 - 0x00007ffc35906000 	C:\WINDOWS\SYSTEM32\AcLayers.DLL
0x00007ffc8b7f0000 - 0x00007ffc8b88e000 	C:\WINDOWS\System32\msvcrt.dll
0x00007ffc8c630000 - 0x00007ffc8c7cf000 	C:\WINDOWS\System32\USER32.dll
0x00007ffc8a7d0000 - 0x00007ffc8a7f2000 	C:\WINDOWS\System32\win32u.dll
0x00007ffc8b160000 - 0x00007ffc8b18b000 	C:\WINDOWS\System32\GDI32.dll
0x00007ffc8af00000 - 0x00007ffc8b017000 	C:\WINDOWS\System32\gdi32full.dll
0x00007ffc8b020000 - 0x00007ffc8b0bd000 	C:\WINDOWS\System32\msvcp_win.dll
0x00007ffc8adb0000 - 0x00007ffc8aeb0000 	C:\WINDOWS\System32\ucrtbase.dll
0x00007ffc8c880000 - 0x00007ffc8cfeb000 	C:\WINDOWS\System32\SHELL32.dll
0x00007ffc8cff0000 - 0x00007ffc8d045000 	C:\WINDOWS\System32\SHLWAPI.dll
0x00007ffc8b190000 - 0x00007ffc8b240000 	C:\WINDOWS\System32\ADVAPI32.dll
0x00007ffc8b0c0000 - 0x00007ffc8b160000 	C:\WINDOWS\System32\sechost.dll
0x00007ffc8b5e0000 - 0x00007ffc8b703000 	C:\WINDOWS\System32\RPCRT4.dll
0x00007ffc8ab00000 - 0x00007ffc8ab27000 	C:\WINDOWS\System32\bcrypt.dll
0x000001af12280000 - 0x000001af12283000 	C:\WINDOWS\SYSTEM32\sfc.dll
0x00007ffc70950000 - 0x00007ffc709f5000 	C:\WINDOWS\SYSTEM32\WINSPOOL.DRV
0x00007ffc8c0b0000 - 0x00007ffc8c403000 	C:\WINDOWS\System32\combase.dll
0x00007ffc8c7d0000 - 0x00007ffc8c87d000 	C:\WINDOWS\System32\shcore.dll
0x00007ffc67890000 - 0x00007ffc678a2000 	C:\WINDOWS\SYSTEM32\sfc_os.DLL
0x00007ffc8c540000 - 0x00007ffc8c572000 	C:\WINDOWS\System32\IMM32.DLL
0x00007ffc73420000 - 0x00007ffc73439000 	C:\Program Files\Java\jdk-21\bin\jli.dll
0x00007ffc73280000 - 0x00007ffc7329b000 	C:\Program Files\Java\jdk-21\bin\VCRUNTIME140.dll
0x00007ffc702c0000 - 0x00007ffc7055a000 	C:\WINDOWS\WinSxS\amd64_microsoft.windows.common-controls_6595b64144ccf1df_6.0.19041.4355_none_60b8b9eb71f62e16\COMCTL32.dll
0x00007ffc7ba50000 - 0x00007ffc7ba5a000 	C:\WINDOWS\SYSTEM32\VERSION.dll
0x00007ffc733e0000 - 0x00007ffc733ec000 	C:\Program Files\Java\jdk-21\bin\vcruntime140_1.dll
0x00007ffc730a0000 - 0x00007ffc7312e000 	C:\Program Files\Java\jdk-21\bin\msvcp140.dll
0x00007ffc2de90000 - 0x00007ffc2eba5000 	C:\Program Files\Java\jdk-21\bin\server\jvm.dll
0x00007ffc8c410000 - 0x00007ffc8c47b000 	C:\WINDOWS\System32\WS2_32.dll
0x00007ffc89cc0000 - 0x00007ffc89d0b000 	C:\WINDOWS\SYSTEM32\POWRPROF.dll
0x00007ffc7c390000 - 0x00007ffc7c3b7000 	C:\WINDOWS\SYSTEM32\WINMM.dll
0x00007ffc89b30000 - 0x00007ffc89b42000 	C:\WINDOWS\SYSTEM32\UMPDC.dll
0x00007ffc88f10000 - 0x00007ffc88f22000 	C:\WINDOWS\SYSTEM32\kernel.appcore.dll
0x00007ffc73370000 - 0x00007ffc7337a000 	C:\Program Files\Java\jdk-21\bin\jimage.dll
0x00007ffc884a0000 - 0x00007ffc88684000 	C:\WINDOWS\SYSTEM32\DBGHELP.DLL
0x00007ffc62da0000 - 0x00007ffc62dd4000 	C:\WINDOWS\SYSTEM32\dbgcore.DLL
0x00007ffc8a740000 - 0x00007ffc8a7c2000 	C:\WINDOWS\System32\bcryptPrimitives.dll
0x00007ffc70af0000 - 0x00007ffc70b0f000 	C:\Program Files\Java\jdk-21\bin\java.dll
0x00007ffc88690000 - 0x00007ffc88e2d000 	C:\WINDOWS\SYSTEM32\windows.storage.dll
0x00007ffc8a160000 - 0x00007ffc8a18e000 	C:\WINDOWS\SYSTEM32\Wldp.dll
0x00007ffc8b9b0000 - 0x00007ffc8ba7d000 	C:\WINDOWS\System32\OLEAUT32.dll
0x00007ffc8a670000 - 0x00007ffc8a694000 	C:\WINDOWS\SYSTEM32\profapi.dll
0x00007ffc373a0000 - 0x00007ffc37477000 	C:\Program Files\Java\jdk-21\bin\jsvml.dll
0x00000000624c0000 - 0x00000000624d7000 	C:\Users\14858\Desktop\Cwork\genealogy-homework\C_functions.dll
0x00007ffc35e00000 - 0x00007ffc35f8f000 	C:\Program Files\Java\jdk-21\bin\awt.dll
0x00007ffc85730000 - 0x00007ffc8575f000 	C:\WINDOWS\system32\DWMAPI.DLL
0x00007ffc853a0000 - 0x00007ffc8543e000 	C:\WINDOWS\system32\uxtheme.dll
0x00007ffc50900000 - 0x00007ffc50a25000 	C:\WINDOWS\system32\opengl32.dll
0x00007ffc508d0000 - 0x00007ffc508fc000 	C:\WINDOWS\SYSTEM32\GLU32.dll
0x00007ffc8b890000 - 0x00007ffc8b9a4000 	C:\WINDOWS\System32\MSCTF.dll
0x00007ffc8bf80000 - 0x00007ffc8c0ab000 	C:\WINDOWS\System32\ole32.dll
0x00007ffc62190000 - 0x00007ffc62217000 	C:\Program Files\Java\jdk-21\bin\freetype.dll
0x00007ffc35d20000 - 0x00007ffc35df3000 	C:\Program Files\Java\jdk-21\bin\fontmanager.dll
0x00007ffc7a9b0000 - 0x00007ffc7aaa9000 	C:\WINDOWS\SYSTEM32\textinputframework.dll
0x00007ffc84b30000 - 0x00007ffc84e8b000 	C:\WINDOWS\System32\CoreUIComponents.dll
0x00007ffc84e90000 - 0x00007ffc84f82000 	C:\WINDOWS\System32\CoreMessaging.dll
0x00007ffc89870000 - 0x00007ffc898a3000 	C:\WINDOWS\SYSTEM32\ntmarta.dll
0x00007ffc839c0000 - 0x00007ffc83b17000 	C:\WINDOWS\SYSTEM32\wintypes.dll
0x00007ffc73350000 - 0x00007ffc73360000 	C:\Program Files\Java\jdk-21\bin\net.dll
0x00007ffc83410000 - 0x00007ffc8351a000 	C:\WINDOWS\SYSTEM32\WINHTTP.dll
0x00007ffc89ec0000 - 0x00007ffc89f2a000 	C:\WINDOWS\system32\mswsock.dll
0x00007ffc70ad0000 - 0x00007ffc70ae6000 	C:\Program Files\Java\jdk-21\bin\nio.dll

dbghelp: loaded successfully - version: 4.0.5 - missing functions: none
symbol engine: initialized successfully - sym options: 0x614 - pdb path: .;C:\Program Files\Java\jdk-21\bin;C:\WINDOWS\SYSTEM32;C:\WINDOWS\WinSxS\amd64_microsoft.windows.common-controls_6595b64144ccf1df_6.0.19041.4355_none_60b8b9eb71f62e16;C:\Program Files\Java\jdk-21\bin\server;C:\Users\14858\Desktop\Cwork\genealogy-homework

VM Arguments:
java_command: JavaGUI
java_class_path (initial): .
Launcher Type: SUN_STANDARD

[Global flags]
     intx CICompilerCount                          = 4                                         {product} {ergonomic}
     uint ConcGCThreads                            = 3                                         {product} {ergonomic}
     uint G1ConcRefinementThreads                  = 10                                        {product} {ergonomic}
   size_t G1HeapRegionSize                         = 2097152                                   {product} {ergonomic}
    uintx GCDrainStackTargetSize                   = 64                                        {product} {ergonomic}
   size_t InitialHeapSize                          = 264241152                                 {product} {ergonomic}
   size_t MarkStackSize                            = 4194304                                   {product} {ergonomic}
   size_t MaxHeapSize                              = 4227858432                                {product} {ergonomic}
   size_t MaxNewSize                               = 2535456768                                {product} {ergonomic}
   size_t MinHeapDeltaBytes                        = 2097152                                   {product} {ergonomic}
   size_t MinHeapSize                              = 8388608                                   {product} {ergonomic}
    uintx NonNMethodCodeHeapSize                   = 5839372                                {pd product} {ergonomic}
    uintx NonProfiledCodeHeapSize                  = 122909434                              {pd product} {ergonomic}
    uintx ProfiledCodeHeapSize                     = 122909434                              {pd product} {ergonomic}
    uintx ReservedCodeCacheSize                    = 251658240                              {pd product} {ergonomic}
     bool SegmentedCodeCache                       = true                                      {product} {ergonomic}
   size_t SoftMaxHeapSize                          = 4227858432                             {manageable} {ergonomic}
     bool UseCompressedOops                        = true                           {product lp64_product} {ergonomic}
     bool UseG1GC                                  = true                                      {product} {ergonomic}
     bool UseLargePagesIndividualAllocation        = false                                  {pd product} {ergonomic}

Logging:
Log output configuration:
 #0: stdout all=warning uptime,level,tags foldmultilines=false
 #1: stderr all=off uptime,level,tags foldmultilines=false

Environment Variables:
JAVA_HOME=C:\Program Files\Java\jdk-21
PATH=C:\Program Files\Common Files\Oracle\Java\javapath;C:\Program Files (x86)\Common Files\Oracle\Java\java8path;C:\Program Files (x86)\Common Files\Oracle\Java\javapath;C:\Program Files (x86)\VMware\VMware Workstation\bin\;C:\Windows\system32;C:\Windows;C:\Windows\System32\Wbem;C:\Windows\System32\WindowsPowerShell\v1.0\;C:\Windows\System32\OpenSSH\;C:\Program Files\WireGuard\;C:\Program Files\mingw64\bin\;C:\Program Files\NVIDIA Corporation\NVIDIA NvDLISR;C:\WINDOWS\system32;C:\WINDOWS;C:\WINDOWS\System32\Wbem;C:\WINDOWS\System32\WindowsPowerShell\v1.0\;C:\WINDOWS\System32\OpenSSH\;C:\Program Files\Git\cmd;C:\Program Files (x86)\NVIDIA Corporation\PhysX\Common;C:\Program Files\dotnet\;C:\Program Files (x86)\GTK2-Runtime\bin;C:\Program Files (x86)\Windows Kits\10\Windows Performance Toolkit\;C:\Program Files (x86)\Microsoft SQL Server\100\Tools\Binn\;C:\Program Files (x86)\Microsoft SQL Server\100\DTS\Binn\;C:\Program Files (x86)\Microsoft SQL Server\100\Tools\Binn\VSShell\Common7\IDE\;C:\Program Files\Docker\Docker\resources\bin;C:\Program Files\Cloudflare\Cloudflare WARP\;C:\Program Files (x86)\NetSarang\Xftp 7\;C:\Program Files (x86)\NetSarang\Xshell 7\;C:\Users\14858\anaconda3;C:\Users\14858\anaconda3\Library\mingw-w64\bin;C:\Users\14858\anaconda3\Library\usr\bin;C:\Users\14858\anaconda3\Library\bin;C:\Users\14858\anaconda3\Scripts;C:\Users\14858\AppData\Local\Programs\Python\Python311\Scripts\;C:\Users\14858\AppData\Local\Programs\Python\Python311\;C:\Users\14858\AppData\Local\Microsoft\WindowsApps;C:\Users\14858\AppData\Local\Programs\Microsoft VS Code\bin;C:\Program Files\JetBrains\PyCharm 2023.2.1\bin;C:\Program Files\mingw64\bin;C:\php-8.2.12-Win32-vs16-x64;C:\Users\14858\AppData\Local\GitHubDesktop\bin;C:\Program Files\CMake\bin;C:\Program Files\JetBrains\PyCharm Community Edition 2023.3.4\bin;;C:\Users\14858\AppData\Local\Programs\MiKTeX\miktex\bin\x64\
USERNAME=y~
LANG=zh_CN.UTF-8
OS=Windows_NT
PROCESSOR_IDENTIFIER=Intel64 Family 6 Model 141 Stepping 1, GenuineIntel
TMP=C:\Users\14858\AppData\Local\Temp
TEMP=C:\Users\14858\AppData\Local\Temp




Periodic native trim disabled

---------------  S Y S T E M  ---------------

OS:
 Windows 10 , 64 bit Build 19041 (10.0.19041.3636)
OS uptime: 0 days 14:15 hours
Hyper-V role detected

CPU: total 12 (initial active 12) (6 cores per cpu, 2 threads per core) family 6 model 141 stepping 1 microcode 0x34, cx8, cmov, fxsr, ht, mmx, 3dnowpref, sse, sse2, sse3, ssse3, sse4.1, sse4.2, popcnt, lzcnt, tsc, tscinvbit, avx, avx2, aes, erms, clmul, bmi1, bmi2, adx, avx512f, avx512dq, avx512cd, avx512bw, avx512vl, sha, fma, vzeroupper, avx512_vpopcntdq, avx512_vpclmulqdq, avx512_vaes, avx512_vnni, clflush, clflushopt, clwb, avx512_vbmi2, avx512_vbmi, hv, rdtscp, rdpid, fsrm, gfni, avx512_bitalg, f16c, cet_ibt, cet_ss, avx512_ifma
Processor Information for all 12 processors :
  Max Mhz: 2688, Current Mhz: 2688, Mhz Limit: 2688

Memory: 4k page, system-wide physical 16121M (6304M free)
TotalPageFile size 21241M (AvailPageFile size 5374M)
current process WorkingSet (physical memory assigned to process): 116M, peak: 117M
current process commit charge ("private bytes"): 385M, peak: 388M

vm_info: Java HotSpot(TM) 64-Bit Server VM (21.0.1+12-LTS-29) for windows-amd64 JRE (21.0.1+12-LTS-29), built on 2023-10-05T13:27:09Z by "mach5one" with MS VC++ 17.1 (VS2022)

END.
