#
# A fatal error has been detected by the Java Runtime Environment:
#
#  EXCEPTION_ACCESS_VIOLATION (0xc0000005) at pc=0x00007ffeffc7f8b6, pid=17960, tid=1428
#
# JRE version: Java(TM) SE Runtime Environment (21.0.1+12) (build 21.0.1+12-LTS-29)
# Java VM: Java HotSpot(TM) 64-Bit Server VM (21.0.1+12-LTS-29, mixed mode, sharing, tiered, compressed oops, compressed class ptrs, g1 gc, windows-amd64)
# Problematic frame:
# C  [msvcrt.dll+0x4f8b6]
#
# No core dump will be written. Minidumps are not enabled by default on client versions of Windows
#
# If you would like to submit a bug report, please visit:
#   https://bugreport.java.com/bugreport/crash.jsp
# The crash happened outside the Java Virtual Machine in native code.
# See problematic frame for where to report the bug.
#

---------------  S U M M A R Y ------------

Command Line: JavaGUI

Host: 11th Gen Intel(R) Core(TM) i5-11400H @ 2.70GHz, 12 cores, 15G,  Windows 10 , 64 bit Build 19041 (10.0.19041.3636)
Time: Fri Jun  7 00:35:29 2024  Windows 10 , 64 bit Build 19041 (10.0.19041.3636) elapsed time: 0.062784 seconds (0d 0h 0m 0s)

---------------  T H R E A D  ---------------

Current thread (0x000001330133dd80):  JavaThread "main"             [_thread_in_native, id=1428, stack(0x0000000a42900000,0x0000000a42a00000) (1024K)]

Stack: [0x0000000a42900000,0x0000000a42a00000],  sp=0x0000000a429fedd0,  free space=1019k
Native frames: (J=compiled Java code, j=interpreted, Vv=VM code, C=native code)
C  [msvcrt.dll+0x4f8b6]
C  [msvcrt.dll+0x48bd1]
C  [C_functions.dll+0x2fc9]

Java frames: (J=compiled Java code, j=interpreted, Vv=VM code)
j  JavaGUI.load()J+0
j  JavaGUI.main([Ljava/lang/String;)V+9
v  ~StubRoutines::call_stub 0x00000133126b10e7

siginfo: EXCEPTION_ACCESS_VIOLATION (0xc0000005), reading address 0x0000000000000003


Registers:
RAX=0x0000000000000003, RBX=0x0000000000000003, RCX=0x000000007ffffffe, RDX=0x0000000000000073
RSP=0x0000000a429fedd0, RBP=0x0000000a429feed0, RSI=0x00000000624c7247, RDI=0x0000000000000073
R8 =0xffffffffffffffff, R9 =0x0000000000000007, R10=0x0000000000000000, R11=0x0000000000000200
R12=0x00000000ffffffff, R13=0x0000000a429ff168, R14=0x0000000000000012, R15=0x0000000000000000
RIP=0x00007ffeffc7f8b6, EFLAGS=0x0000000000010202


Register to memory mapping:

RAX=0x0000000000000003 is an unknown value
RBX=0x0000000000000003 is an unknown value
RCX=0x000000007ffffffe is an unknown value
RDX=0x0000000000000073 is an unknown value
RSP=0x0000000a429fedd0 is pointing into the stack for thread: 0x000001330133dd80
RBP=0x0000000a429feed0 is pointing into the stack for thread: 0x000001330133dd80
RSI=0x00000000624c7247 C_functions.dll
RDI=0x0000000000000073 is an unknown value
R8 =0xffffffffffffffff is an unknown value
R9 =0x0000000000000007 is an unknown value
R10=0x0 is null
R11=0x0000000000000200 is an unknown value
R12=0x00000000ffffffff is an unknown value
R13=0x0000000a429ff168 is pointing into the stack for thread: 0x000001330133dd80
R14=0x0000000000000012 is an unknown value
R15=0x0 is null

Top of Stack: (sp=0x0000000a429fedd0)
0x0000000a429fedd0:   00007ffeffcbfa90 00000000fffffffa
0x0000000a429fede0:   0000000000000006 0000013301640150
0x0000000a429fedf0:   000000000000007a 0000000000000298
0x0000000a429fee00:   0000000000000030 000000009a000399
0x0000000a429fee10:   0000000200000012 0000000600000000
0x0000000a429fee20:   0000000000000000 0000000700000000
0x0000000a429fee30:   0000000000000000 00007ffeffcbfa30
0x0000000a429fee40:   0000000a429ff2d8 0000000000000000
0x0000000a429fee50:   00000000624c7247 0000000000001010
0x0000000a429fee60:   00007ffeffcbf0a0 0000013301644750
0x0000000a429fee70:   0000013301645f90 0000013301642401
0x0000000a429fee80:   0000000000000008 000000009a000298
0x0000000a429fee90:   0000000000001010 000000009a000298
0x0000000a429feea0:   0000000000000002 0000013301640000
0x0000000a429feeb0:   0000000000000081 00007fff01c1b44d
0x0000000a429feec0:   0000013301640000 0000000a0000000a
0x0000000a429feed0:   0000000000001000 00007ffeff494303
0x0000000a429feee0:   0000013301642f50 0000000a429feef4
0x0000000a429feef0:   0000000300000000 0000000000000000
0x0000000a429fef00:   0000000000000000 0000000000000000
0x0000000a429fef10:   0000000000001010 0000000000001000
0x0000000a429fef20:   0000000000000002 0000013301640000
0x0000000a429fef30:   0000000000000081 00007fff01c1b44d
0x0000000a429fef40:   0000013301640000 0000000000000002
0x0000000a429fef50:   0000000000001000 0000000000000000
0x0000000a429fef60:   0000013301642f50 0000000a429fef74
0x0000000a429fef70:   00000003003a0043 0000000a429fef90
0x0000000a429fef80:   0000000000000000 0044005c00380035
0x0000000a429fef90:   fffffffe00000010 0000000000000000
0x0000000a429fefa0:   0000013300001000 0000000000000000
0x0000000a429fefb0:   0000000000000003 0000000000001000
0x0000000a429fefc0:   0000000000000001 0000000000000000 

Instructions: (pc=0x00007ffeffc7f8b6)
0x00007ffeffc7f7b6:   f7 c7 30 08 00 00 75 05 41 0f ba ef 0b 49 83 c5
0x00007ffeffc7f7c6:   08 41 f7 c7 10 08 00 00 74 27 45 0f b7 4d f8 48
0x00007ffeffc7f7d6:   8d 55 b0 4d 8b c3 48 8d 4c 24 4c e8 ba 64 fb ff
0x00007ffeffc7f7e6:   45 33 d2 85 c0 74 19 c7 44 24 58 01 00 00 00 eb
0x00007ffeffc7f7f6:   0f 41 8a 45 f8 88 45 b0 c7 44 24 4c 01 00 00 00
0x00007ffeffc7f806:   48 8d 5d b0 e9 4a 03 00 00 c7 44 24 64 01 00 00
0x00007ffeffc7f816:   00 40 80 c7 20 41 83 cf 40 48 8d 5d b0 45 8b f3
0x00007ffeffc7f826:   45 85 e4 0f 89 34 02 00 00 41 bc 06 00 00 00 e9
0x00007ffeffc7f836:   78 02 00 00 40 80 ff 67 7e db 40 80 ff 69 0f 84
0x00007ffeffc7f846:   fb 00 00 00 40 80 ff 6e 0f 84 bd 00 00 00 40 80
0x00007ffeffc7f856:   ff 6f 0f 84 a3 00 00 00 40 80 ff 70 74 69 40 80
0x00007ffeffc7f866:   ff 73 0f 84 01 ff ff ff 40 80 ff 75 0f 84 d1 00
0x00007ffeffc7f876:   00 00 40 80 ff 78 0f 85 d7 02 00 00 b8 27 00 00
0x00007ffeffc7f886:   00 eb 54 ff c9 66 44 39 10 74 08 48 83 c0 02 85
0x00007ffeffc7f896:   c9 75 f0 48 2b c3 48 d1 f8 eb 23 48 85 db 48 8d
0x00007ffeffc7f8a6:   05 71 c7 02 00 48 0f 45 c3 48 8b d8 eb 0a ff c9
0x00007ffeffc7f8b6:   44 38 10 74 07 48 ff c0 85 c9 75 f2 2b c3 89 44
0x00007ffeffc7f8c6:   24 4c e9 8c 02 00 00 41 bc 10 00 00 00 41 0f ba
0x00007ffeffc7f8d6:   ef 0f b8 07 00 00 00 89 44 24 60 45 84 ff 79 13
0x00007ffeffc7f8e6:   04 51 c6 44 24 44 30 88 44 24 45 c7 44 24 48 02
0x00007ffeffc7f8f6:   00 00 00 41 ba 10 00 00 00 eb 4e 41 ba 08 00 00
0x00007ffeffc7f906:   00 45 84 ff 79 43 45 0b fb eb 3e 49 8b 7d 00 49
0x00007ffeffc7f916:   83 c5 08 e8 36 fa ff ff 45 33 d2 85 c0 0f 84 b4
0x00007ffeffc7f926:   05 00 00 41 f6 c7 20 74 06 66 44 89 37 eb 03 44
0x00007ffeffc7f936:   89 37 c7 44 24 58 01 00 00 00 e9 59 03 00 00 41
0x00007ffeffc7f946:   83 cf 40 41 ba 0a 00 00 00 49 83 c5 08 41 0f ba
0x00007ffeffc7f956:   e7 0f 72 07 41 0f ba e7 0c 73 06 49 8b 45 f8 eb
0x00007ffeffc7f966:   2c 41 8b c7 83 e0 40 41 f6 c7 20 74 12 85 c0 74
0x00007ffeffc7f976:   07 49 0f bf 45 f8 eb 15 41 0f b7 45 f8 eb 0e 85
0x00007ffeffc7f986:   c0 74 06 49 63 45 f8 eb 04 41 8b 45 f8 41 f6 c7
0x00007ffeffc7f996:   40 74 0d 48 85 c0 79 08 48 f7 d8 41 0f ba ef 08
0x00007ffeffc7f9a6:   41 f7 c7 00 90 00 00 44 8b c0 bf 00 02 00 00 4c 


Stack slot to memory mapping:

stack at sp + 0 slots: 0x00007ffeffcbfa90 msvcrt.dll
stack at sp + 1 slots: 0x00000000fffffffa is an unknown value
stack at sp + 2 slots: 0x0000000000000006 is an unknown value
stack at sp + 3 slots: 0x0000013301640150 points into unknown readable memory: 0x000001330164d660 | 60 d6 64 01 33 01 00 00
stack at sp + 4 slots: 0x000000000000007a is an unknown value
stack at sp + 5 slots: 0x0000000000000298 is an unknown value
stack at sp + 6 slots: 0x0000000000000030 is an unknown value
stack at sp + 7 slots: 0x000000009a000399 is an unknown value


---------------  P R O C E S S  ---------------

Threads class SMR info:
_java_thread_list=0x0000013322b9ff10, length=11, elements={
0x000001330133dd80, 0x00000133229a86e0, 0x00000133229a9600, 0x00000133229ac3e0,
0x00000133229aee50, 0x00000133229afec0, 0x00000133229bca30, 0x00000133229bde50,
0x00000133229c1df0, 0x0000013322bce320, 0x0000013322bcdc90
}

Java Threads: ( => current thread )
=>0x000001330133dd80 JavaThread "main"                              [_thread_in_native, id=1428, stack(0x0000000a42900000,0x0000000a42a00000) (1024K)]
  0x00000133229a86e0 JavaThread "Reference Handler"          daemon [_thread_blocked, id=18088, stack(0x0000000a43100000,0x0000000a43200000) (1024K)]
  0x00000133229a9600 JavaThread "Finalizer"                  daemon [_thread_blocked, id=14832, stack(0x0000000a43200000,0x0000000a43300000) (1024K)]
  0x00000133229ac3e0 JavaThread "Signal Dispatcher"          daemon [_thread_blocked, id=10544, stack(0x0000000a43300000,0x0000000a43400000) (1024K)]
  0x00000133229aee50 JavaThread "Attach Listener"            daemon [_thread_blocked, id=8996, stack(0x0000000a43400000,0x0000000a43500000) (1024K)]
  0x00000133229afec0 JavaThread "Service Thread"             daemon [_thread_blocked, id=17544, stack(0x0000000a43500000,0x0000000a43600000) (1024K)]
  0x00000133229bca30 JavaThread "Monitor Deflation Thread"   daemon [_thread_blocked, id=10748, stack(0x0000000a43600000,0x0000000a43700000) (1024K)]
  0x00000133229bde50 JavaThread "C2 CompilerThread0"         daemon [_thread_blocked, id=16884, stack(0x0000000a43700000,0x0000000a43800000) (1024K)]
  0x00000133229c1df0 JavaThread "C1 CompilerThread0"         daemon [_thread_blocked, id=15536, stack(0x0000000a43800000,0x0000000a43900000) (1024K)]
  0x0000013322bce320 JavaThread "Notification Thread"        daemon [_thread_blocked, id=18192, stack(0x0000000a43900000,0x0000000a43a00000) (1024K)]
  0x0000013322bcdc90 JavaThread "Common-Cleaner"             daemon [_thread_blocked, id=15880, stack(0x0000000a43a00000,0x0000000a43b00000) (1024K)]
Total: 11

Other Threads:
  0x0000013322988340 VMThread "VM Thread"                           [id=18368, stack(0x0000000a43000000,0x0000000a43100000) (1024K)]
  0x000001332296fc80 WatcherThread "VM Periodic Task Thread"        [id=9780, stack(0x0000000a42f00000,0x0000000a43000000) (1024K)]
  0x0000013301591540 WorkerThread "GC Thread#0"                     [id=2044, stack(0x0000000a42a00000,0x0000000a42b00000) (1024K)]
  0x00000133015a2030 ConcurrentGCThread "G1 Main Marker"            [id=9384, stack(0x0000000a42b00000,0x0000000a42c00000) (1024K)]
  0x00000133015a3400 WorkerThread "G1 Conc#0"                       [id=7164, stack(0x0000000a42c00000,0x0000000a42d00000) (1024K)]
  0x0000013322844500 ConcurrentGCThread "G1 Refine#0"               [id=17620, stack(0x0000000a42d00000,0x0000000a42e00000) (1024K)]
  0x0000013322844f80 ConcurrentGCThread "G1 Service"                [id=17516, stack(0x0000000a42e00000,0x0000000a42f00000) (1024K)]
Total: 7

Threads with active compile tasks:
Total: 0

VM state: not at safepoint (normal execution)

VM Mutex/Monitor currently owned by a thread: None

Heap address: 0x0000000704000000, size: 4032 MB, Compressed Oops mode: Zero based, Oop shift amount: 3

CDS archive(s) mapped at: [0x0000013323000000-0x0000013323c90000-0x0000013323c90000), size 13172736, SharedBaseAddress: 0x0000013323000000, ArchiveRelocationMode: 1.
Compressed class space mapped at: 0x0000013324000000-0x0000013364000000, reserved size: 1073741824
Narrow klass base: 0x0000013323000000, Narrow klass shift: 0, Narrow klass range: 0x100000000

GC Precious Log:
 CardTable entry size: 512
 Card Set container configuration: InlinePtr #cards 4 size 8 Array Of Cards #cards 16 size 48 Howl #buckets 8 coarsen threshold 3686 Howl Bitmap #cards 512 size 80 coarsen threshold 460 Card regions per heap region 1 cards per card region 4096
 CPUs: 12 total, 12 available
 Memory: 16121M
 Large Page Support: Disabled
 NUMA Support: Disabled
 Compressed Oops: Enabled (Zero based)
 Heap Region Size: 2M
 Heap Min Capacity: 8M
 Heap Initial Capacity: 252M
 Heap Max Capacity: 4032M
 Pre-touch: Disabled
 Parallel Workers: 10
 Concurrent Workers: 3
 Concurrent Refinement Workers: 10
 Periodic GC: Disabled

Heap:
 garbage-first heap   total 258048K, used 2048K [0x0000000704000000, 0x0000000800000000)
  region size 2048K, 2 young (4096K), 0 survivors (0K)
 Metaspace       used 198K, committed 384K, reserved 1114112K
  class space    used 11K, committed 128K, reserved 1048576K

Heap Regions: E=young(eden), S=young(survivor), O=old, HS=humongous(starts), HC=humongous(continues), CS=collection set, F=free, TAMS=top-at-mark-start, PB=parsable bottom
|   0|0x0000000704000000, 0x0000000704000000, 0x0000000704200000|  0%| F|  |TAMS 0x0000000704000000| PB 0x0000000704000000| Untracked 
|   1|0x0000000704200000, 0x0000000704200000, 0x0000000704400000|  0%| F|  |TAMS 0x0000000704200000| PB 0x0000000704200000| Untracked 
|   2|0x0000000704400000, 0x0000000704400000, 0x0000000704600000|  0%| F|  |TAMS 0x0000000704400000| PB 0x0000000704400000| Untracked 
|   3|0x0000000704600000, 0x0000000704600000, 0x0000000704800000|  0%| F|  |TAMS 0x0000000704600000| PB 0x0000000704600000| Untracked 
|   4|0x0000000704800000, 0x0000000704800000, 0x0000000704a00000|  0%| F|  |TAMS 0x0000000704800000| PB 0x0000000704800000| Untracked 
|   5|0x0000000704a00000, 0x0000000704a00000, 0x0000000704c00000|  0%| F|  |TAMS 0x0000000704a00000| PB 0x0000000704a00000| Untracked 
|   6|0x0000000704c00000, 0x0000000704c00000, 0x0000000704e00000|  0%| F|  |TAMS 0x0000000704c00000| PB 0x0000000704c00000| Untracked 
|   7|0x0000000704e00000, 0x0000000704e00000, 0x0000000705000000|  0%| F|  |TAMS 0x0000000704e00000| PB 0x0000000704e00000| Untracked 
|   8|0x0000000705000000, 0x0000000705000000, 0x0000000705200000|  0%| F|  |TAMS 0x0000000705000000| PB 0x0000000705000000| Untracked 
|   9|0x0000000705200000, 0x0000000705200000, 0x0000000705400000|  0%| F|  |TAMS 0x0000000705200000| PB 0x0000000705200000| Untracked 
|  10|0x0000000705400000, 0x0000000705400000, 0x0000000705600000|  0%| F|  |TAMS 0x0000000705400000| PB 0x0000000705400000| Untracked 
|  11|0x0000000705600000, 0x0000000705600000, 0x0000000705800000|  0%| F|  |TAMS 0x0000000705600000| PB 0x0000000705600000| Untracked 
|  12|0x0000000705800000, 0x0000000705800000, 0x0000000705a00000|  0%| F|  |TAMS 0x0000000705800000| PB 0x0000000705800000| Untracked 
|  13|0x0000000705a00000, 0x0000000705a00000, 0x0000000705c00000|  0%| F|  |TAMS 0x0000000705a00000| PB 0x0000000705a00000| Untracked 
|  14|0x0000000705c00000, 0x0000000705c00000, 0x0000000705e00000|  0%| F|  |TAMS 0x0000000705c00000| PB 0x0000000705c00000| Untracked 
|  15|0x0000000705e00000, 0x0000000705e00000, 0x0000000706000000|  0%| F|  |TAMS 0x0000000705e00000| PB 0x0000000705e00000| Untracked 
|  16|0x0000000706000000, 0x0000000706000000, 0x0000000706200000|  0%| F|  |TAMS 0x0000000706000000| PB 0x0000000706000000| Untracked 
|  17|0x0000000706200000, 0x0000000706200000, 0x0000000706400000|  0%| F|  |TAMS 0x0000000706200000| PB 0x0000000706200000| Untracked 
|  18|0x0000000706400000, 0x0000000706400000, 0x0000000706600000|  0%| F|  |TAMS 0x0000000706400000| PB 0x0000000706400000| Untracked 
|  19|0x0000000706600000, 0x0000000706600000, 0x0000000706800000|  0%| F|  |TAMS 0x0000000706600000| PB 0x0000000706600000| Untracked 
|  20|0x0000000706800000, 0x0000000706800000, 0x0000000706a00000|  0%| F|  |TAMS 0x0000000706800000| PB 0x0000000706800000| Untracked 
|  21|0x0000000706a00000, 0x0000000706a00000, 0x0000000706c00000|  0%| F|  |TAMS 0x0000000706a00000| PB 0x0000000706a00000| Untracked 
|  22|0x0000000706c00000, 0x0000000706c00000, 0x0000000706e00000|  0%| F|  |TAMS 0x0000000706c00000| PB 0x0000000706c00000| Untracked 
|  23|0x0000000706e00000, 0x0000000706e00000, 0x0000000707000000|  0%| F|  |TAMS 0x0000000706e00000| PB 0x0000000706e00000| Untracked 
|  24|0x0000000707000000, 0x0000000707000000, 0x0000000707200000|  0%| F|  |TAMS 0x0000000707000000| PB 0x0000000707000000| Untracked 
|  25|0x0000000707200000, 0x0000000707200000, 0x0000000707400000|  0%| F|  |TAMS 0x0000000707200000| PB 0x0000000707200000| Untracked 
|  26|0x0000000707400000, 0x0000000707400000, 0x0000000707600000|  0%| F|  |TAMS 0x0000000707400000| PB 0x0000000707400000| Untracked 
|  27|0x0000000707600000, 0x0000000707600000, 0x0000000707800000|  0%| F|  |TAMS 0x0000000707600000| PB 0x0000000707600000| Untracked 
|  28|0x0000000707800000, 0x0000000707800000, 0x0000000707a00000|  0%| F|  |TAMS 0x0000000707800000| PB 0x0000000707800000| Untracked 
|  29|0x0000000707a00000, 0x0000000707a00000, 0x0000000707c00000|  0%| F|  |TAMS 0x0000000707a00000| PB 0x0000000707a00000| Untracked 
|  30|0x0000000707c00000, 0x0000000707c00000, 0x0000000707e00000|  0%| F|  |TAMS 0x0000000707c00000| PB 0x0000000707c00000| Untracked 
|  31|0x0000000707e00000, 0x0000000707e00000, 0x0000000708000000|  0%| F|  |TAMS 0x0000000707e00000| PB 0x0000000707e00000| Untracked 
|  32|0x0000000708000000, 0x0000000708000000, 0x0000000708200000|  0%| F|  |TAMS 0x0000000708000000| PB 0x0000000708000000| Untracked 
|  33|0x0000000708200000, 0x0000000708200000, 0x0000000708400000|  0%| F|  |TAMS 0x0000000708200000| PB 0x0000000708200000| Untracked 
|  34|0x0000000708400000, 0x0000000708400000, 0x0000000708600000|  0%| F|  |TAMS 0x0000000708400000| PB 0x0000000708400000| Untracked 
|  35|0x0000000708600000, 0x0000000708600000, 0x0000000708800000|  0%| F|  |TAMS 0x0000000708600000| PB 0x0000000708600000| Untracked 
|  36|0x0000000708800000, 0x0000000708800000, 0x0000000708a00000|  0%| F|  |TAMS 0x0000000708800000| PB 0x0000000708800000| Untracked 
|  37|0x0000000708a00000, 0x0000000708a00000, 0x0000000708c00000|  0%| F|  |TAMS 0x0000000708a00000| PB 0x0000000708a00000| Untracked 
|  38|0x0000000708c00000, 0x0000000708c00000, 0x0000000708e00000|  0%| F|  |TAMS 0x0000000708c00000| PB 0x0000000708c00000| Untracked 
|  39|0x0000000708e00000, 0x0000000708e00000, 0x0000000709000000|  0%| F|  |TAMS 0x0000000708e00000| PB 0x0000000708e00000| Untracked 
|  40|0x0000000709000000, 0x0000000709000000, 0x0000000709200000|  0%| F|  |TAMS 0x0000000709000000| PB 0x0000000709000000| Untracked 
|  41|0x0000000709200000, 0x0000000709200000, 0x0000000709400000|  0%| F|  |TAMS 0x0000000709200000| PB 0x0000000709200000| Untracked 
|  42|0x0000000709400000, 0x0000000709400000, 0x0000000709600000|  0%| F|  |TAMS 0x0000000709400000| PB 0x0000000709400000| Untracked 
|  43|0x0000000709600000, 0x0000000709600000, 0x0000000709800000|  0%| F|  |TAMS 0x0000000709600000| PB 0x0000000709600000| Untracked 
|  44|0x0000000709800000, 0x0000000709800000, 0x0000000709a00000|  0%| F|  |TAMS 0x0000000709800000| PB 0x0000000709800000| Untracked 
|  45|0x0000000709a00000, 0x0000000709a00000, 0x0000000709c00000|  0%| F|  |TAMS 0x0000000709a00000| PB 0x0000000709a00000| Untracked 
|  46|0x0000000709c00000, 0x0000000709c00000, 0x0000000709e00000|  0%| F|  |TAMS 0x0000000709c00000| PB 0x0000000709c00000| Untracked 
|  47|0x0000000709e00000, 0x0000000709e00000, 0x000000070a000000|  0%| F|  |TAMS 0x0000000709e00000| PB 0x0000000709e00000| Untracked 
|  48|0x000000070a000000, 0x000000070a000000, 0x000000070a200000|  0%| F|  |TAMS 0x000000070a000000| PB 0x000000070a000000| Untracked 
|  49|0x000000070a200000, 0x000000070a200000, 0x000000070a400000|  0%| F|  |TAMS 0x000000070a200000| PB 0x000000070a200000| Untracked 
|  50|0x000000070a400000, 0x000000070a400000, 0x000000070a600000|  0%| F|  |TAMS 0x000000070a400000| PB 0x000000070a400000| Untracked 
|  51|0x000000070a600000, 0x000000070a600000, 0x000000070a800000|  0%| F|  |TAMS 0x000000070a600000| PB 0x000000070a600000| Untracked 
|  52|0x000000070a800000, 0x000000070a800000, 0x000000070aa00000|  0%| F|  |TAMS 0x000000070a800000| PB 0x000000070a800000| Untracked 
|  53|0x000000070aa00000, 0x000000070aa00000, 0x000000070ac00000|  0%| F|  |TAMS 0x000000070aa00000| PB 0x000000070aa00000| Untracked 
|  54|0x000000070ac00000, 0x000000070ac00000, 0x000000070ae00000|  0%| F|  |TAMS 0x000000070ac00000| PB 0x000000070ac00000| Untracked 
|  55|0x000000070ae00000, 0x000000070ae00000, 0x000000070b000000|  0%| F|  |TAMS 0x000000070ae00000| PB 0x000000070ae00000| Untracked 
|  56|0x000000070b000000, 0x000000070b000000, 0x000000070b200000|  0%| F|  |TAMS 0x000000070b000000| PB 0x000000070b000000| Untracked 
|  57|0x000000070b200000, 0x000000070b200000, 0x000000070b400000|  0%| F|  |TAMS 0x000000070b200000| PB 0x000000070b200000| Untracked 
|  58|0x000000070b400000, 0x000000070b400000, 0x000000070b600000|  0%| F|  |TAMS 0x000000070b400000| PB 0x000000070b400000| Untracked 
|  59|0x000000070b600000, 0x000000070b600000, 0x000000070b800000|  0%| F|  |TAMS 0x000000070b600000| PB 0x000000070b600000| Untracked 
|  60|0x000000070b800000, 0x000000070b800000, 0x000000070ba00000|  0%| F|  |TAMS 0x000000070b800000| PB 0x000000070b800000| Untracked 
|  61|0x000000070ba00000, 0x000000070ba00000, 0x000000070bc00000|  0%| F|  |TAMS 0x000000070ba00000| PB 0x000000070ba00000| Untracked 
|  62|0x000000070bc00000, 0x000000070bc00000, 0x000000070be00000|  0%| F|  |TAMS 0x000000070bc00000| PB 0x000000070bc00000| Untracked 
|  63|0x000000070be00000, 0x000000070be00000, 0x000000070c000000|  0%| F|  |TAMS 0x000000070be00000| PB 0x000000070be00000| Untracked 
|  64|0x000000070c000000, 0x000000070c000000, 0x000000070c200000|  0%| F|  |TAMS 0x000000070c000000| PB 0x000000070c000000| Untracked 
|  65|0x000000070c200000, 0x000000070c200000, 0x000000070c400000|  0%| F|  |TAMS 0x000000070c200000| PB 0x000000070c200000| Untracked 
|  66|0x000000070c400000, 0x000000070c400000, 0x000000070c600000|  0%| F|  |TAMS 0x000000070c400000| PB 0x000000070c400000| Untracked 
|  67|0x000000070c600000, 0x000000070c600000, 0x000000070c800000|  0%| F|  |TAMS 0x000000070c600000| PB 0x000000070c600000| Untracked 
|  68|0x000000070c800000, 0x000000070c800000, 0x000000070ca00000|  0%| F|  |TAMS 0x000000070c800000| PB 0x000000070c800000| Untracked 
|  69|0x000000070ca00000, 0x000000070ca00000, 0x000000070cc00000|  0%| F|  |TAMS 0x000000070ca00000| PB 0x000000070ca00000| Untracked 
|  70|0x000000070cc00000, 0x000000070cc00000, 0x000000070ce00000|  0%| F|  |TAMS 0x000000070cc00000| PB 0x000000070cc00000| Untracked 
|  71|0x000000070ce00000, 0x000000070ce00000, 0x000000070d000000|  0%| F|  |TAMS 0x000000070ce00000| PB 0x000000070ce00000| Untracked 
|  72|0x000000070d000000, 0x000000070d000000, 0x000000070d200000|  0%| F|  |TAMS 0x000000070d000000| PB 0x000000070d000000| Untracked 
|  73|0x000000070d200000, 0x000000070d200000, 0x000000070d400000|  0%| F|  |TAMS 0x000000070d200000| PB 0x000000070d200000| Untracked 
|  74|0x000000070d400000, 0x000000070d400000, 0x000000070d600000|  0%| F|  |TAMS 0x000000070d400000| PB 0x000000070d400000| Untracked 
|  75|0x000000070d600000, 0x000000070d600000, 0x000000070d800000|  0%| F|  |TAMS 0x000000070d600000| PB 0x000000070d600000| Untracked 
|  76|0x000000070d800000, 0x000000070d800000, 0x000000070da00000|  0%| F|  |TAMS 0x000000070d800000| PB 0x000000070d800000| Untracked 
|  77|0x000000070da00000, 0x000000070da00000, 0x000000070dc00000|  0%| F|  |TAMS 0x000000070da00000| PB 0x000000070da00000| Untracked 
|  78|0x000000070dc00000, 0x000000070dc00000, 0x000000070de00000|  0%| F|  |TAMS 0x000000070dc00000| PB 0x000000070dc00000| Untracked 
|  79|0x000000070de00000, 0x000000070de00000, 0x000000070e000000|  0%| F|  |TAMS 0x000000070de00000| PB 0x000000070de00000| Untracked 
|  80|0x000000070e000000, 0x000000070e000000, 0x000000070e200000|  0%| F|  |TAMS 0x000000070e000000| PB 0x000000070e000000| Untracked 
|  81|0x000000070e200000, 0x000000070e200000, 0x000000070e400000|  0%| F|  |TAMS 0x000000070e200000| PB 0x000000070e200000| Untracked 
|  82|0x000000070e400000, 0x000000070e400000, 0x000000070e600000|  0%| F|  |TAMS 0x000000070e400000| PB 0x000000070e400000| Untracked 
|  83|0x000000070e600000, 0x000000070e600000, 0x000000070e800000|  0%| F|  |TAMS 0x000000070e600000| PB 0x000000070e600000| Untracked 
|  84|0x000000070e800000, 0x000000070e800000, 0x000000070ea00000|  0%| F|  |TAMS 0x000000070e800000| PB 0x000000070e800000| Untracked 
|  85|0x000000070ea00000, 0x000000070ea00000, 0x000000070ec00000|  0%| F|  |TAMS 0x000000070ea00000| PB 0x000000070ea00000| Untracked 
|  86|0x000000070ec00000, 0x000000070ec00000, 0x000000070ee00000|  0%| F|  |TAMS 0x000000070ec00000| PB 0x000000070ec00000| Untracked 
|  87|0x000000070ee00000, 0x000000070ee00000, 0x000000070f000000|  0%| F|  |TAMS 0x000000070ee00000| PB 0x000000070ee00000| Untracked 
|  88|0x000000070f000000, 0x000000070f000000, 0x000000070f200000|  0%| F|  |TAMS 0x000000070f000000| PB 0x000000070f000000| Untracked 
|  89|0x000000070f200000, 0x000000070f200000, 0x000000070f400000|  0%| F|  |TAMS 0x000000070f200000| PB 0x000000070f200000| Untracked 
|  90|0x000000070f400000, 0x000000070f400000, 0x000000070f600000|  0%| F|  |TAMS 0x000000070f400000| PB 0x000000070f400000| Untracked 
|  91|0x000000070f600000, 0x000000070f600000, 0x000000070f800000|  0%| F|  |TAMS 0x000000070f600000| PB 0x000000070f600000| Untracked 
|  92|0x000000070f800000, 0x000000070f800000, 0x000000070fa00000|  0%| F|  |TAMS 0x000000070f800000| PB 0x000000070f800000| Untracked 
|  93|0x000000070fa00000, 0x000000070fa00000, 0x000000070fc00000|  0%| F|  |TAMS 0x000000070fa00000| PB 0x000000070fa00000| Untracked 
|  94|0x000000070fc00000, 0x000000070fc00000, 0x000000070fe00000|  0%| F|  |TAMS 0x000000070fc00000| PB 0x000000070fc00000| Untracked 
|  95|0x000000070fe00000, 0x000000070fe00000, 0x0000000710000000|  0%| F|  |TAMS 0x000000070fe00000| PB 0x000000070fe00000| Untracked 
|  96|0x0000000710000000, 0x0000000710000000, 0x0000000710200000|  0%| F|  |TAMS 0x0000000710000000| PB 0x0000000710000000| Untracked 
|  97|0x0000000710200000, 0x0000000710200000, 0x0000000710400000|  0%| F|  |TAMS 0x0000000710200000| PB 0x0000000710200000| Untracked 
|  98|0x0000000710400000, 0x0000000710400000, 0x0000000710600000|  0%| F|  |TAMS 0x0000000710400000| PB 0x0000000710400000| Untracked 
|  99|0x0000000710600000, 0x0000000710600000, 0x0000000710800000|  0%| F|  |TAMS 0x0000000710600000| PB 0x0000000710600000| Untracked 
| 100|0x0000000710800000, 0x0000000710800000, 0x0000000710a00000|  0%| F|  |TAMS 0x0000000710800000| PB 0x0000000710800000| Untracked 
| 101|0x0000000710a00000, 0x0000000710a00000, 0x0000000710c00000|  0%| F|  |TAMS 0x0000000710a00000| PB 0x0000000710a00000| Untracked 
| 102|0x0000000710c00000, 0x0000000710c00000, 0x0000000710e00000|  0%| F|  |TAMS 0x0000000710c00000| PB 0x0000000710c00000| Untracked 
| 103|0x0000000710e00000, 0x0000000710e00000, 0x0000000711000000|  0%| F|  |TAMS 0x0000000710e00000| PB 0x0000000710e00000| Untracked 
| 104|0x0000000711000000, 0x0000000711000000, 0x0000000711200000|  0%| F|  |TAMS 0x0000000711000000| PB 0x0000000711000000| Untracked 
| 105|0x0000000711200000, 0x0000000711200000, 0x0000000711400000|  0%| F|  |TAMS 0x0000000711200000| PB 0x0000000711200000| Untracked 
| 106|0x0000000711400000, 0x0000000711400000, 0x0000000711600000|  0%| F|  |TAMS 0x0000000711400000| PB 0x0000000711400000| Untracked 
| 107|0x0000000711600000, 0x0000000711600000, 0x0000000711800000|  0%| F|  |TAMS 0x0000000711600000| PB 0x0000000711600000| Untracked 
| 108|0x0000000711800000, 0x0000000711800000, 0x0000000711a00000|  0%| F|  |TAMS 0x0000000711800000| PB 0x0000000711800000| Untracked 
| 109|0x0000000711a00000, 0x0000000711a00000, 0x0000000711c00000|  0%| F|  |TAMS 0x0000000711a00000| PB 0x0000000711a00000| Untracked 
| 110|0x0000000711c00000, 0x0000000711c00000, 0x0000000711e00000|  0%| F|  |TAMS 0x0000000711c00000| PB 0x0000000711c00000| Untracked 
| 111|0x0000000711e00000, 0x0000000711e00000, 0x0000000712000000|  0%| F|  |TAMS 0x0000000711e00000| PB 0x0000000711e00000| Untracked 
| 112|0x0000000712000000, 0x0000000712000000, 0x0000000712200000|  0%| F|  |TAMS 0x0000000712000000| PB 0x0000000712000000| Untracked 
| 113|0x0000000712200000, 0x0000000712200000, 0x0000000712400000|  0%| F|  |TAMS 0x0000000712200000| PB 0x0000000712200000| Untracked 
| 114|0x0000000712400000, 0x0000000712400000, 0x0000000712600000|  0%| F|  |TAMS 0x0000000712400000| PB 0x0000000712400000| Untracked 
| 115|0x0000000712600000, 0x0000000712600000, 0x0000000712800000|  0%| F|  |TAMS 0x0000000712600000| PB 0x0000000712600000| Untracked 
| 116|0x0000000712800000, 0x0000000712800000, 0x0000000712a00000|  0%| F|  |TAMS 0x0000000712800000| PB 0x0000000712800000| Untracked 
| 117|0x0000000712a00000, 0x0000000712a00000, 0x0000000712c00000|  0%| F|  |TAMS 0x0000000712a00000| PB 0x0000000712a00000| Untracked 
| 118|0x0000000712c00000, 0x0000000712c00000, 0x0000000712e00000|  0%| F|  |TAMS 0x0000000712c00000| PB 0x0000000712c00000| Untracked 
| 119|0x0000000712e00000, 0x0000000712e00000, 0x0000000713000000|  0%| F|  |TAMS 0x0000000712e00000| PB 0x0000000712e00000| Untracked 
| 120|0x0000000713000000, 0x0000000713000000, 0x0000000713200000|  0%| F|  |TAMS 0x0000000713000000| PB 0x0000000713000000| Untracked 
| 121|0x0000000713200000, 0x0000000713200000, 0x0000000713400000|  0%| F|  |TAMS 0x0000000713200000| PB 0x0000000713200000| Untracked 
| 122|0x0000000713400000, 0x0000000713400000, 0x0000000713600000|  0%| F|  |TAMS 0x0000000713400000| PB 0x0000000713400000| Untracked 
| 123|0x0000000713600000, 0x0000000713600000, 0x0000000713800000|  0%| F|  |TAMS 0x0000000713600000| PB 0x0000000713600000| Untracked 
| 124|0x0000000713800000, 0x00000007138e1ec8, 0x0000000713a00000| 44%| E|  |TAMS 0x0000000713800000| PB 0x0000000713800000| Complete 
| 125|0x0000000713a00000, 0x0000000713c00000, 0x0000000713c00000|100%| E|CS|TAMS 0x0000000713a00000| PB 0x0000000713a00000| Complete 

Card table byte_map: [0x000001331b5f0000,0x000001331bdd0000] _byte_map_base: 0x0000013317dd0000

Marking Bits: (CMBitMap*) 0x0000013301591b50
 Bits: [0x000001331bdd0000, 0x000001331fcd0000)

Polling page: 0x0000013301600000

Metaspace:

Usage:
  Non-class:    187.11 KB used.
      Class:     11.44 KB used.
       Both:    198.55 KB used.

Virtual space:
  Non-class space:       64.00 MB reserved,     256.00 KB ( <1%) committed,  1 nodes.
      Class space:        1.00 GB reserved,     128.00 KB ( <1%) committed,  1 nodes.
             Both:        1.06 GB reserved,     384.00 KB ( <1%) committed. 

Chunk freelists:
   Non-Class:  11.99 MB
       Class:  15.75 MB
        Both:  27.74 MB

MaxMetaspaceSize: unlimited
CompressedClassSpaceSize: 1.00 GB
Initial GC threshold: 21.00 MB
Current GC threshold: 21.00 MB
CDS: on
 - commit_granule_bytes: 65536.
 - commit_granule_words: 8192.
 - virtual_space_node_default_size: 8388608.
 - enlarge_chunks_in_place: 1.
 - use_allocation_guard: 0.


Internal statistics:

num_allocs_failed_limit: 0.
num_arena_births: 4.
num_arena_deaths: 0.
num_vsnodes_births: 2.
num_vsnodes_deaths: 0.
num_space_committed: 6.
num_space_uncommitted: 0.
num_chunks_returned_to_freelist: 0.
num_chunks_taken_from_freelist: 5.
num_chunk_merges: 0.
num_chunk_splits: 3.
num_chunks_enlarged: 1.
num_inconsistent_stats: 0.

CodeHeap 'non-profiled nmethods': size=120000Kb used=15Kb max_used=15Kb free=119984Kb
 bounds [0x0000013312c50000, 0x0000013312ec0000, 0x000001331a180000]
CodeHeap 'profiled nmethods': size=120000Kb used=105Kb max_used=105Kb free=119894Kb
 bounds [0x000001330b180000, 0x000001330b3f0000, 0x00000133126b0000]
CodeHeap 'non-nmethods': size=5760Kb used=1267Kb max_used=1281Kb free=4492Kb
 bounds [0x00000133126b0000, 0x0000013312920000, 0x0000013312c50000]
 total_blobs=394 nmethods=80 adapters=219
 compilation: enabled
              stopped_count=0, restarted_count=0
 full_count=0

Compilation events (20 events):
Event: 0.051 Thread 0x00000133229c1df0 nmethod 71 0x000001330b197110 code [0x000001330b1972a0, 0x000001330b1973e0]
Event: 0.052 Thread 0x00000133229c1df0   72       3       java.lang.AbstractStringBuilder::ensureCapacityInternal (39 bytes)
Event: 0.052 Thread 0x00000133229c1df0 nmethod 72 0x000001330b197490 code [0x000001330b197660, 0x000001330b1978a0]
Event: 0.052 Thread 0x00000133229c1df0   73       3       java.lang.String::isEmpty (14 bytes)
Event: 0.052 Thread 0x00000133229c1df0 nmethod 73 0x000001330b197990 code [0x000001330b197b40, 0x000001330b197cb8]
Event: 0.053 Thread 0x00000133229c1df0   74       3       java.lang.StringLatin1::canEncode (13 bytes)
Event: 0.053 Thread 0x00000133229c1df0 nmethod 74 0x000001330b197d90 code [0x000001330b197f20, 0x000001330b198070]
Event: 0.054 Thread 0x00000133229c1df0   75       3       java.lang.StringLatin1::indexOfChar (33 bytes)
Event: 0.054 Thread 0x00000133229c1df0 nmethod 75 0x000001330b198110 code [0x000001330b1982c0, 0x000001330b1984f8]
Event: 0.054 Thread 0x00000133229c1df0   76       3       java.lang.Math::max (11 bytes)
Event: 0.054 Thread 0x00000133229c1df0 nmethod 76 0x000001330b198610 code [0x000001330b1987a0, 0x000001330b1988e0]
Event: 0.054 Thread 0x00000133229bde50 nmethod 70% 0x0000013312c53990 code [0x0000013312c53b20, 0x0000013312c53dc0]
Event: 0.055 Thread 0x00000133229c1df0   77       3       java.lang.StringLatin1::inflate (34 bytes)
Event: 0.055 Thread 0x00000133229c1df0 nmethod 77 0x000001330b198990 code [0x000001330b198b40, 0x000001330b198d48]
Event: 0.056 Thread 0x00000133229c1df0   78       3       java.lang.StringCoding::countPositives (33 bytes)
Event: 0.056 Thread 0x00000133229c1df0 nmethod 78 0x000001330b198e90 code [0x000001330b199040, 0x000001330b199278]
Event: 0.056 Thread 0x00000133229c1df0   79       3       java.lang.String::indexOf (37 bytes)
Event: 0.056 Thread 0x00000133229c1df0 nmethod 79 0x000001330b199390 code [0x000001330b1995a0, 0x000001330b199a48]
Event: 0.056 Thread 0x00000133229c1df0   80       3       java.lang.StringLatin1::indexOf (37 bytes)
Event: 0.056 Thread 0x00000133229c1df0 nmethod 80 0x000001330b199c10 code [0x000001330b199e00, 0x000001330b19a340]

GC Heap History (0 events):
No events

Dll operation events (3 events):
Event: 0.004 Loaded shared library C:\Program Files\Java\jdk-21\bin\java.dll
Event: 0.042 Loaded shared library C:\Program Files\Java\jdk-21\bin\jsvml.dll
Event: 0.057 Loaded shared library C:\Users\14858\Desktop\Cwork\genealogy-homework\C_functions.dll

Deoptimization events (0 events):
No events

Classes loaded (20 events):
Event: 0.027 Loading class sun/nio/cs/DelegatableDecoder done
Event: 0.027 Loading class sun/nio/cs/DoubleByte$Decoder done
Event: 0.027 Loading class sun/nio/cs/GBK$DecodeHolder
Event: 0.028 Loading class sun/nio/cs/GBK$DecodeHolder done
Event: 0.028 Loading class sun/nio/cs/DoubleByte
Event: 0.028 Loading class sun/nio/cs/DoubleByte done
Event: 0.032 Loading class sun/nio/cs/MS936
Event: 0.032 Loading class sun/nio/cs/MS936 done
Event: 0.032 Loading class sun/nio/cs/DoubleByte$Encoder
Event: 0.032 Loading class sun/nio/cs/DoubleByte$Encoder done
Event: 0.032 Loading class sun/nio/cs/MS936$EncodeHolder
Event: 0.032 Loading class sun/nio/cs/MS936$EncodeHolder done
Event: 0.032 Loading class sun/nio/cs/MS936$DecodeHolder
Event: 0.033 Loading class sun/nio/cs/MS936$DecodeHolder done
Event: 0.050 Loading class sun/nio/cs/GBK$EncodeHolder
Event: 0.050 Loading class sun/nio/cs/GBK$EncodeHolder done
Event: 0.052 Loading class jdk/internal/loader/URLClassPath$FileLoader
Event: 0.052 Loading class jdk/internal/loader/URLClassPath$FileLoader done
Event: 0.052 Loading class jdk/internal/loader/URLClassPath$FileLoader$1
Event: 0.052 Loading class jdk/internal/loader/URLClassPath$FileLoader$1 done

Classes unloaded (0 events):
No events

Classes redefined (0 events):
No events

Internal exceptions (0 events):
No events

ZGC Phase Switch (0 events):
No events

VM Operations (0 events):
No events

Events (11 events):
Event: 0.015 Thread 0x000001330133dd80 Thread added: 0x000001330133dd80
Event: 0.039 Thread 0x00000133229a86e0 Thread added: 0x00000133229a86e0
Event: 0.039 Thread 0x00000133229a9600 Thread added: 0x00000133229a9600
Event: 0.040 Thread 0x00000133229ac3e0 Thread added: 0x00000133229ac3e0
Event: 0.040 Thread 0x00000133229aee50 Thread added: 0x00000133229aee50
Event: 0.040 Thread 0x00000133229afec0 Thread added: 0x00000133229afec0
Event: 0.040 Thread 0x00000133229bca30 Thread added: 0x00000133229bca30
Event: 0.040 Thread 0x00000133229bde50 Thread added: 0x00000133229bde50
Event: 0.040 Thread 0x00000133229c1df0 Thread added: 0x00000133229c1df0
Event: 0.050 Thread 0x0000013322bce320 Thread added: 0x0000013322bce320
Event: 0.052 Thread 0x0000013322bcdc90 Thread added: 0x0000013322bcdc90


Dynamic libraries:
0x00007ff709060000 - 0x00007ff709070000 	C:\Program Files\Java\jdk-21\bin\java.exe
0x00007fff01bf0000 - 0x00007fff01de8000 	C:\WINDOWS\SYSTEM32\ntdll.dll
0x00007ffefffa0000 - 0x00007fff0005d000 	C:\WINDOWS\System32\KERNEL32.DLL
0x00007ffeff460000 - 0x00007ffeff756000 	C:\WINDOWS\System32\KERNELBASE.dll
0x00007ffeff360000 - 0x00007ffeff460000 	C:\WINDOWS\System32\ucrtbase.dll
0x00007ffef6db0000 - 0x00007ffef6dc9000 	C:\Program Files\Java\jdk-21\bin\jli.dll
0x00007ffef6d90000 - 0x00007ffef6dab000 	C:\Program Files\Java\jdk-21\bin\VCRUNTIME140.dll
0x00007fff00eb0000 - 0x00007fff00f60000 	C:\WINDOWS\System32\ADVAPI32.dll
0x00007ffeffc30000 - 0x00007ffeffcce000 	C:\WINDOWS\System32\msvcrt.dll
0x00007fff00260000 - 0x00007fff00300000 	C:\WINDOWS\System32\sechost.dll
0x00007fff00130000 - 0x00007fff00253000 	C:\WINDOWS\System32\RPCRT4.dll
0x00007ffeffbf0000 - 0x00007ffeffc17000 	C:\WINDOWS\System32\bcrypt.dll
0x00007fff01080000 - 0x00007fff0121f000 	C:\WINDOWS\System32\USER32.dll
0x00007ffeffbc0000 - 0x00007ffeffbe2000 	C:\WINDOWS\System32\win32u.dll
0x00007ffee4610000 - 0x00007ffee48aa000 	C:\WINDOWS\WinSxS\amd64_microsoft.windows.common-controls_6595b64144ccf1df_6.0.19041.4355_none_60b8b9eb71f62e16\COMCTL32.dll
0x00007fff00e80000 - 0x00007fff00eab000 	C:\WINDOWS\System32\GDI32.dll
0x00007ffeff9f0000 - 0x00007ffeffb07000 	C:\WINDOWS\System32\gdi32full.dll
0x00007ffeff760000 - 0x00007ffeff7fd000 	C:\WINDOWS\System32\msvcp_win.dll
0x00007ffef0be0000 - 0x00007ffef0bea000 	C:\WINDOWS\SYSTEM32\VERSION.dll
0x00007fff000f0000 - 0x00007fff00122000 	C:\WINDOWS\System32\IMM32.DLL
0x00007ffef8710000 - 0x00007ffef871c000 	C:\Program Files\Java\jdk-21\bin\vcruntime140_1.dll
0x00007ffeab600000 - 0x00007ffeab68e000 	C:\Program Files\Java\jdk-21\bin\msvcp140.dll
0x00007ffea0a90000 - 0x00007ffea17a5000 	C:\Program Files\Java\jdk-21\bin\server\jvm.dll
0x00007fff00300000 - 0x00007fff0036b000 	C:\WINDOWS\System32\WS2_32.dll
0x00007ffef0d20000 - 0x00007ffef0d47000 	C:\WINDOWS\SYSTEM32\WINMM.dll
0x00007ffefe820000 - 0x00007ffefe86b000 	C:\WINDOWS\SYSTEM32\POWRPROF.dll
0x00007ffefe690000 - 0x00007ffefe6a2000 	C:\WINDOWS\SYSTEM32\UMPDC.dll
0x00007ffefda70000 - 0x00007ffefda82000 	C:\WINDOWS\SYSTEM32\kernel.appcore.dll
0x00007ffef6d80000 - 0x00007ffef6d8a000 	C:\Program Files\Java\jdk-21\bin\jimage.dll
0x00007ffefd7b0000 - 0x00007ffefd994000 	C:\WINDOWS\SYSTEM32\DBGHELP.DLL
0x00007ffed1c90000 - 0x00007ffed1cc4000 	C:\WINDOWS\SYSTEM32\dbgcore.DLL
0x00007ffeff960000 - 0x00007ffeff9e2000 	C:\WINDOWS\System32\bcryptPrimitives.dll
0x00007ffef69f0000 - 0x00007ffef6a0f000 	C:\Program Files\Java\jdk-21\bin\java.dll
0x00007fff012f0000 - 0x00007fff01a5b000 	C:\WINDOWS\System32\SHELL32.dll
0x00007ffefcf40000 - 0x00007ffefd6dd000 	C:\WINDOWS\SYSTEM32\windows.storage.dll
0x00007fff003d0000 - 0x00007fff00723000 	C:\WINDOWS\System32\combase.dll
0x00007ffefecc0000 - 0x00007ffefecee000 	C:\WINDOWS\SYSTEM32\Wldp.dll
0x00007fff01220000 - 0x00007fff012ed000 	C:\WINDOWS\System32\OLEAUT32.dll
0x00007fff00f70000 - 0x00007fff0101d000 	C:\WINDOWS\System32\SHCORE.dll
0x00007fff01020000 - 0x00007fff01075000 	C:\WINDOWS\System32\shlwapi.dll
0x00007ffeff1d0000 - 0x00007ffeff1f4000 	C:\WINDOWS\SYSTEM32\profapi.dll
0x00007ffeab520000 - 0x00007ffeab5f7000 	C:\Program Files\Java\jdk-21\bin\jsvml.dll
0x00000000624c0000 - 0x00000000624d7000 	C:\Users\14858\Desktop\Cwork\genealogy-homework\C_functions.dll

dbghelp: loaded successfully - version: 4.0.5 - missing functions: none
symbol engine: initialized successfully - sym options: 0x614 - pdb path: .;C:\Program Files\Java\jdk-21\bin;C:\WINDOWS\SYSTEM32;C:\WINDOWS\WinSxS\amd64_microsoft.windows.common-controls_6595b64144ccf1df_6.0.19041.4355_none_60b8b9eb71f62e16;C:\Program Files\Java\jdk-21\bin\server;C:\Users\14858\Desktop\Cwork\genealogy-homework

VM Arguments:
java_command: JavaGUI
java_class_path (initial): .
Launcher Type: SUN_STANDARD

[Global flags]
     intx CICompilerCount                          = 4                                         {product} {ergonomic}
     uint ConcGCThreads                            = 3                                         {product} {ergonomic}
     uint G1ConcRefinementThreads                  = 10                                        {product} {ergonomic}
   size_t G1HeapRegionSize                         = 2097152                                   {product} {ergonomic}
    uintx GCDrainStackTargetSize                   = 64                                        {product} {ergonomic}
   size_t InitialHeapSize                          = 264241152                                 {product} {ergonomic}
   size_t MarkStackSize                            = 4194304                                   {product} {ergonomic}
   size_t MaxHeapSize                              = 4227858432                                {product} {ergonomic}
   size_t MaxNewSize                               = 2535456768                                {product} {ergonomic}
   size_t MinHeapDeltaBytes                        = 2097152                                   {product} {ergonomic}
   size_t MinHeapSize                              = 8388608                                   {product} {ergonomic}
    uintx NonNMethodCodeHeapSize                   = 5839372                                {pd product} {ergonomic}
    uintx NonProfiledCodeHeapSize                  = 122909434                              {pd product} {ergonomic}
    uintx ProfiledCodeHeapSize                     = 122909434                              {pd product} {ergonomic}
    uintx ReservedCodeCacheSize                    = 251658240                              {pd product} {ergonomic}
     bool SegmentedCodeCache                       = true                                      {product} {ergonomic}
   size_t SoftMaxHeapSize                          = 4227858432                             {manageable} {ergonomic}
     bool UseCompressedOops                        = true                           {product lp64_product} {ergonomic}
     bool UseG1GC                                  = true                                      {product} {ergonomic}
     bool UseLargePagesIndividualAllocation        = false                                  {pd product} {ergonomic}

Logging:
Log output configuration:
 #0: stdout all=warning uptime,level,tags foldmultilines=false
 #1: stderr all=off uptime,level,tags foldmultilines=false

Environment Variables:
JAVA_HOME=C:\Program Files\Java\jdk-21
PATH=C:\Program Files\Common Files\Oracle\Java\javapath;C:\Program Files (x86)\Common Files\Oracle\Java\java8path;C:\Program Files (x86)\Common Files\Oracle\Java\javapath;C:\Program Files (x86)\VMware\VMware Workstation\bin\;C:\Windows\system32;C:\Windows;C:\Windows\System32\Wbem;C:\Windows\System32\WindowsPowerShell\v1.0\;C:\Windows\System32\OpenSSH\;C:\Program Files\WireGuard\;C:\Program Files\mingw64\bin\;C:\Program Files\NVIDIA Corporation\NVIDIA NvDLISR;C:\WINDOWS\system32;C:\WINDOWS;C:\WINDOWS\System32\Wbem;C:\WINDOWS\System32\WindowsPowerShell\v1.0\;C:\WINDOWS\System32\OpenSSH\;C:\Program Files\Git\cmd;C:\Program Files (x86)\NVIDIA Corporation\PhysX\Common;C:\Program Files\dotnet\;C:\Program Files (x86)\GTK2-Runtime\bin;C:\Program Files (x86)\Windows Kits\10\Windows Performance Toolkit\;C:\Program Files (x86)\Microsoft SQL Server\100\Tools\Binn\;C:\Program Files (x86)\Microsoft SQL Server\100\DTS\Binn\;C:\Program Files (x86)\Microsoft SQL Server\100\Tools\Binn\VSShell\Common7\IDE\;C:\Program Files\Docker\Docker\resources\bin;C:\Program Files\Cloudflare\Cloudflare WARP\;C:\Program Files (x86)\NetSarang\Xftp 7\;C:\Program Files (x86)\NetSarang\Xshell 7\;C:\Users\14858\anaconda3;C:\Users\14858\anaconda3\Library\mingw-w64\bin;C:\Users\14858\anaconda3\Library\usr\bin;C:\Users\14858\anaconda3\Library\bin;C:\Users\14858\anaconda3\Scripts;C:\Users\14858\AppData\Local\Programs\Python\Python311\Scripts\;C:\Users\14858\AppData\Local\Programs\Python\Python311\;C:\Users\14858\AppData\Local\Microsoft\WindowsApps;C:\Users\14858\AppData\Local\Programs\Microsoft VS Code\bin;C:\Program Files\JetBrains\PyCharm 2023.2.1\bin;C:\Program Files\mingw64\bin;C:\php-8.2.12-Win32-vs16-x64;C:\Users\14858\AppData\Local\GitHubDesktop\bin;C:\Program Files\CMake\bin;C:\Program Files\JetBrains\PyCharm Community Edition 2023.3.4\bin;;C:\Users\14858\AppData\Local\Programs\MiKTeX\miktex\bin\x64\
USERNAME=°¸°åÉÏµÄûyô~
LANG=zh_CN.UTF-8
OS=Windows_NT
PROCESSOR_IDENTIFIER=Intel64 Family 6 Model 141 Stepping 1, GenuineIntel
TMP=C:\Users\14858\AppData\Local\Temp
TEMP=C:\Users\14858\AppData\Local\Temp




Periodic native trim disabled

---------------  S Y S T E M  ---------------

OS:
 Windows 10 , 64 bit Build 19041 (10.0.19041.3636)
OS uptime: 0 days 12:33 hours
Hyper-V role detected

CPU: total 12 (initial active 12) (6 cores per cpu, 2 threads per core) family 6 model 141 stepping 1 microcode 0x34, cx8, cmov, fxsr, ht, mmx, 3dnowpref, sse, sse2, sse3, ssse3, sse4.1, sse4.2, popcnt, lzcnt, tsc, tscinvbit, avx, avx2, aes, erms, clmul, bmi1, bmi2, adx, avx512f, avx512dq, avx512cd, avx512bw, avx512vl, sha, fma, vzeroupper, avx512_vpopcntdq, avx512_vpclmulqdq, avx512_vaes, avx512_vnni, clflush, clflushopt, clwb, avx512_vbmi2, avx512_vbmi, hv, rdtscp, rdpid, fsrm, gfni, avx512_bitalg, f16c, cet_ibt, cet_ss, avx512_ifma
Processor Information for all 12 processors :
  Max Mhz: 2688, Current Mhz: 2688, Mhz Limit: 2688

Memory: 4k page, system-wide physical 16121M (4475M free)
TotalPageFile size 21241M (AvailPageFile size 3648M)
current process WorkingSet (physical memory assigned to process): 36M, peak: 36M
current process commit charge ("private bytes"): 339M, peak: 339M

vm_info: Java HotSpot(TM) 64-Bit Server VM (21.0.1+12-LTS-29) for windows-amd64 JRE (21.0.1+12-LTS-29), built on 2023-10-05T13:27:09Z by "mach5one" with MS VC++ 17.1 (VS2022)

END.
