#
# A fatal error has been detected by the Java Runtime Environment:
#
#  EXCEPTION_ACCESS_VIOLATION (0xc0000005) at pc=0x00000000624c27f1, pid=7332, tid=15120
#
# JRE version: Java(TM) SE Runtime Environment (21.0.1+12) (build 21.0.1+12-LTS-29)
# Java VM: Java HotSpot(TM) 64-Bit Server VM (21.0.1+12-LTS-29, mixed mode, sharing, tiered, compressed oops, compressed class ptrs, g1 gc, windows-amd64)
# Problematic frame:
# C  [C_functions.dll+0x27f1]
#
# No core dump will be written. Minidumps are not enabled by default on client versions of Windows
#
# If you would like to submit a bug report, please visit:
#   https://bugreport.java.com/bugreport/crash.jsp
# The crash happened outside the Java Virtual Machine in native code.
# See problematic frame for where to report the bug.
#

---------------  S U M M A R Y ------------

Command Line: JavaGUI

Host: 11th Gen Intel(R) Core(TM) i5-11400H @ 2.70GHz, 12 cores, 15G,  Windows 10 , 64 bit Build 19041 (10.0.19041.3636)
Time: Sat Jun  8 23:37:49 2024  Windows 10 , 64 bit Build 19041 (10.0.19041.3636) elapsed time: 2.490850 seconds (0d 0h 0m 2s)

---------------  T H R E A D  ---------------

Current thread (0x000001326d2197e0):  JavaThread "AWT-EventQueue-0"        [_thread_in_native, id=15120, stack(0x0000000757800000,0x0000000757900000) (1024K)]

Stack: [0x0000000757800000,0x0000000757900000],  sp=0x00000007578fdf40,  free space=1015k
Native frames: (J=compiled Java code, j=interpreted, Vv=VM code, C=native code)
C  [C_functions.dll+0x27f1]

Java frames: (J=compiled Java code, j=interpreted, Vv=VM code)
j  JavaGUI.sortByBirth(J)Ljava/lang/String;+0
j  MyActionListener.actionPerformed(Ljava/awt/event/ActionEvent;)V+611
j  javax.swing.AbstractButton.fireActionPerformed(Ljava/awt/event/ActionEvent;)V+84 java.desktop@21.0.1
j  javax.swing.AbstractButton$Handler.actionPerformed(Ljava/awt/event/ActionEvent;)V+5 java.desktop@21.0.1
j  javax.swing.DefaultButtonModel.fireActionPerformed(Ljava/awt/event/ActionEvent;)V+34 java.desktop@21.0.1
j  javax.swing.DefaultButtonModel.setPressed(Z)V+117 java.desktop@21.0.1
j  javax.swing.plaf.basic.BasicButtonListener.mouseReleased(Ljava/awt/event/MouseEvent;)V+35 java.desktop@21.0.1
j  java.awt.Component.processMouseEvent(Ljava/awt/event/MouseEvent;)V+64 java.desktop@21.0.1
j  javax.swing.JComponent.processMouseEvent(Ljava/awt/event/MouseEvent;)V+23 java.desktop@21.0.1
j  java.awt.Component.processEvent(Ljava/awt/AWTEvent;)V+81 java.desktop@21.0.1
j  java.awt.Container.processEvent(Ljava/awt/AWTEvent;)V+18 java.desktop@21.0.1
j  java.awt.Component.dispatchEventImpl(Ljava/awt/AWTEvent;)V+504 java.desktop@21.0.1
j  java.awt.Container.dispatchEventImpl(Ljava/awt/AWTEvent;)V+42 java.desktop@21.0.1
j  java.awt.Component.dispatchEvent(Ljava/awt/AWTEvent;)V+2 java.desktop@21.0.1
j  java.awt.LightweightDispatcher.retargetMouseEvent(Ljava/awt/Component;ILjava/awt/event/MouseEvent;)V+349 java.desktop@21.0.1
j  java.awt.LightweightDispatcher.processMouseEvent(Ljava/awt/event/MouseEvent;)Z+155 java.desktop@21.0.1
j  java.awt.LightweightDispatcher.dispatchEvent(Ljava/awt/AWTEvent;)Z+50 java.desktop@21.0.1
j  java.awt.Container.dispatchEventImpl(Ljava/awt/AWTEvent;)V+12 java.desktop@21.0.1
j  java.awt.Window.dispatchEventImpl(Ljava/awt/AWTEvent;)V+19 java.desktop@21.0.1
j  java.awt.Component.dispatchEvent(Ljava/awt/AWTEvent;)V+2 java.desktop@21.0.1
j  java.awt.EventQueue.dispatchEventImpl(Ljava/awt/AWTEvent;Ljava/lang/Object;)V+41 java.desktop@21.0.1
j  java.awt.EventQueue$4.run()Ljava/lang/Void;+32 java.desktop@21.0.1
j  java.awt.EventQueue$4.run()Ljava/lang/Object;+1 java.desktop@21.0.1
J 1202 c1 java.security.ProtectionDomain$JavaSecurityAccessImpl.doIntersectionPrivilege(Ljava/security/PrivilegedAction;Ljava/security/AccessControlContext;Ljava/security/AccessControlContext;)Ljava/lang/Object; java.base@21.0.1 (22 bytes) @ 0x00000132108d077c [0x00000132108d04c0+0x00000000000002bc]
j  java.security.ProtectionDomain$JavaSecurityAccessImpl.doIntersectionPrivilege(Ljava/security/PrivilegedAction;Ljava/security/AccessControlContext;)Ljava/lang/Object;+6 java.base@21.0.1
j  java.awt.EventQueue$5.run()Ljava/lang/Void;+11 java.desktop@21.0.1
j  java.awt.EventQueue$5.run()Ljava/lang/Object;+1 java.desktop@21.0.1
J 1202 c1 java.security.ProtectionDomain$JavaSecurityAccessImpl.doIntersectionPrivilege(Ljava/security/PrivilegedAction;Ljava/security/AccessControlContext;Ljava/security/AccessControlContext;)Ljava/lang/Object; java.base@21.0.1 (22 bytes) @ 0x00000132108d077c [0x00000132108d04c0+0x00000000000002bc]
j  java.awt.EventQueue.dispatchEvent(Ljava/awt/AWTEvent;)V+73 java.desktop@21.0.1
j  java.awt.EventDispatchThread.pumpOneEventForFilters(I)V+81 java.desktop@21.0.1
j  java.awt.EventDispatchThread.pumpEventsForFilter(ILjava/awt/Conditional;Ljava/awt/EventFilter;)V+35 java.desktop@21.0.1
j  java.awt.EventDispatchThread.pumpEventsForHierarchy(ILjava/awt/Conditional;Ljava/awt/Component;)V+11 java.desktop@21.0.1
j  java.awt.EventDispatchThread.pumpEvents(ILjava/awt/Conditional;)V+4 java.desktop@21.0.1
j  java.awt.EventDispatchThread.pumpEvents(Ljava/awt/Conditional;)V+3 java.desktop@21.0.1
j  java.awt.EventDispatchThread.run()V+9 java.desktop@21.0.1
v  ~StubRoutines::call_stub 0x0000013217c210e7

siginfo: EXCEPTION_ACCESS_VIOLATION (0xc0000005), reading address 0x0000000000000008


Registers:
RAX=0x0000000000000000, RBX=0x00007ffc2e2cc070, RCX=0x00000000ffffffff, RDX=0x0000000000000020
RSP=0x00000007578fdf40, RBP=0x00000007578fdfc0, RSI=0x00000004e6b2f7f8, RDI=0x0000013269654b90
R8 =0x00007ffc8b885940, R9 =0x00000007578fc3b0, R10=0x0000000000000000, R11=0x0000000000000246
R12=0x0000000000000000, R13=0x0000013269400770, R14=0x00000007578fe098, R15=0x000001326d2197e0
RIP=0x00000000624c27f1, EFLAGS=0x0000000000010202


Register to memory mapping:

RAX=0x0 is null
RBX=0x00007ffc2e2cc070 jvm.dll
RCX=0x00000000ffffffff is an unknown value
RDX=0x0000000000000020 is an unknown value
RSP=0x00000007578fdf40 is pointing into the stack for thread: 0x000001326d2197e0
RBP=0x00000007578fdfc0 is pointing into the stack for thread: 0x000001326d2197e0
RSI=0x00000004e6b2f7f8 is an oop: java.security.AccessControlContext 
{0x00000004e6b2f7f8} - klass: 'java/security/AccessControlContext'
 - ---- fields (total size 5 words):
 - private 'isPrivileged' 'Z' @12  true (0x01)
 - private 'isAuthorized' 'Z' @13  false (0x00)
 - private 'isWrapped' 'Z' @14  false (0x00)
 - private 'isLimited' 'Z' @15  false (0x00)
 - private 'context' '[Ljava/security/ProtectionDomain;' @16  a 'java/security/ProtectionDomain'[1] {0x00000004e79494f8} (0x9cf2929f)
 - private 'privilegedContext' 'Ljava/security/AccessControlContext;' @20  a 'java/security/AccessControlContext'{0x00000004e6b2f7d0} (0x9cd65efa)
 - private 'combiner' 'Ljava/security/DomainCombiner;' @24  null (0x00000000)
 - private 'permissions' '[Ljava/security/Permission;' @28  null (0x00000000)
 - private 'parent' 'Ljava/security/AccessControlContext;' @32  null (0x00000000)
 - private 'limitedContext' '[Ljava/security/ProtectionDomain;' @36  null (0x00000000)
RDI=0x0000013269654b90 is pointing into metadata
R8 =0x00007ffc8b885940 msvcrt.dll
R9 =0x00000007578fc3b0 is pointing into the stack for thread: 0x000001326d2197e0
R10=0x0 is null
R11=0x0000000000000246 is an unknown value
R12=0x0 is null
R13={method} {0x0000013269400778} 'sortByBirth' '(J)Ljava/lang/String;' in 'JavaGUI'
R14=0x00000007578fe098 is pointing into the stack for thread: 0x000001326d2197e0
R15=0x000001326d2197e0 is a thread

Top of Stack: (sp=0x00000007578fdf40)
0x00000007578fdf40:   00007ffc2e2cc070 00000004e6b2f7f8
0x00000007578fdf50:   0000013269654b90 00000007578fe098
0x00000007578fdf60:   0000013227c22550 0000013227c1fc20
0x00000007578fdf70:   0000000669654b90 0000000400000178
0x00000007578fdf80:   000001326d2197e0 0000013269654b90
0x00000007578fdf90:   00000007578fe020 00000000624c3b6f
0x00000007578fdfa0:   000001320641d410 0000013217c2cd7c
0x00000007578fdfb0:   0000013269400770 0000013269400770
0x00000007578fdfc0:   000001326d2197e0 0000013269400770
0x00000007578fdfd0:   00000007578fe068 0000013217c2cf0b
0x00000007578fdfe0:   000001326d219b98 00000007578fe098
0x00000007578fdff0:   000001320641d410 00000004e6b2f7f8
0x00000007578fe000:   00000007578ff410 00007ffc2e2519b9
0x00000007578fe010:   000001326d2197e0 0000013217c2cb9f
0x00000007578fe020:   00000007578fe020 0000013269400770
0x00000007578fe030:   0000000000000006 0000013269400f18
0x00000007578fe040:   0000000000000000 00000004e780da50
0x00000007578fe050:   0000013269400770 0000000000000000
0x00000007578fe060:   00000007578fe088 00000007578fe0f0
0x00000007578fe070:   0000013217c289b8 0000000000000000
0x00000007578fe080:   0000013217c2a39a 000001320641d410
0x00000007578fe090:   0000000000000000 00000004e6b2fa58
0x00000007578fe0a0:   00000004e7515f10 00000007578fe0a8
0x00000007578fe0b0:   000001326942829b 0000000000000016
0x00000007578fe0c0:   0000013269426dd8 0000000000000000
0x00000007578fe0d0:   00000004e746f440 0000013269429d00
0x00000007578fe0e0:   00000007578fe088 00000007578fe198
0x00000007578fe0f0:   00000007578fe1f0 0000013217c28cd2
0x00000007578fe100:   0000000000000000 0000000000000000
0x00000007578fe110:   0000000000000000 0000000000000000
0x00000007578fe120:   0000000000000000 0000000000000000
0x00000007578fe130:   0000000000000000 0000000000000000 

Instructions: (pc=0x00000000624c27f1)
0x00000000624c26f1:   00 74 08 48 8b 45 f8 48 89 45 18 48 8b 45 18 48
0x00000000624c2701:   83 c4 30 5d c3 55 48 89 e5 48 83 ec 10 48 89 4d
0x00000000624c2711:   10 48 89 55 18 48 8b 45 10 48 8b 00 48 89 45 f8
0x00000000624c2721:   48 8b 45 18 48 8b 10 48 8b 45 10 48 89 10 48 8b
0x00000000624c2731:   45 18 48 8b 55 f8 48 89 10 90 48 83 c4 10 5d c3
0x00000000624c2741:   55 57 48 83 ec 48 48 8d ac 24 80 00 00 00 48 89
0x00000000624c2751:   4d e0 48 8b 4d e0 e8 9b fe ff ff 89 45 b4 8b 45
0x00000000624c2761:   b4 89 c2 48 8d 0d 49 4a 00 00 e8 48 2a 00 00 83
0x00000000624c2771:   7d b4 00 75 0c 48 8d 05 83 48 00 00 e9 a4 01 00
0x00000000624c2781:   00 8b 55 b4 89 d0 c1 e0 02 01 d0 48 98 48 89 c1
0x00000000624c2791:   e8 2a 2a 00 00 48 89 45 a8 8b 45 b4 01 c0 48 98
0x00000000624c27a1:   48 c1 e0 03 48 89 c1 e8 13 2a 00 00 48 89 45 a0
0x00000000624c27b1:   8b 55 b4 48 8b 45 a0 41 89 d1 41 b8 00 00 00 00
0x00000000624c27c1:   48 89 c2 48 8b 4d e0 e8 7f fe ff ff 48 89 45 a0
0x00000000624c27d1:   c7 45 bc 00 00 00 00 eb 27 8b 45 bc 48 98 48 8d
0x00000000624c27e1:   14 c5 00 00 00 00 48 8b 45 a0 48 01 d0 48 8b 00
0x00000000624c27f1:   48 8b 40 08 48 89 c1 e8 b3 29 00 00 83 45 bc 01
0x00000000624c2801:   8b 45 bc 3b 45 b4 7c d1 c7 45 bc 00 00 00 00 e9
0x00000000624c2811:   80 00 00 00 8b 45 bc 89 45 b8 eb 6c 8b 45 bc 48
0x00000000624c2821:   98 48 8d 14 c5 00 00 00 00 48 8b 45 a0 48 01 d0
0x00000000624c2831:   48 8b 00 8b 50 04 8b 45 b8 48 98 48 8d 0c c5 00
0x00000000624c2841:   00 00 00 48 8b 45 a0 48 01 c8 48 8b 00 8b 40 04
0x00000000624c2851:   39 c2 7e 30 8b 45 b8 48 98 48 8d 14 c5 00 00 00
0x00000000624c2861:   00 48 8b 45 a0 48 01 c2 8b 45 bc 48 98 48 8d 0c
0x00000000624c2871:   c5 00 00 00 00 48 8b 45 a0 48 01 c8 48 89 c1 e8
0x00000000624c2881:   81 fe ff ff 83 45 b8 01 8b 45 b8 3b 45 b4 7c 8c
0x00000000624c2891:   83 45 bc 01 8b 45 bc 3b 45 b4 0f 8c 74 ff ff ff
0x00000000624c28a1:   48 8b 45 a0 48 8b 00 48 8b 50 08 48 8b 45 a8 48
0x00000000624c28b1:   89 c1 e8 d0 28 00 00 c7 45 bc 01 00 00 00 eb 59
0x00000000624c28c1:   48 8b 45 a8 48 c7 c1 ff ff ff ff 48 89 c2 b8 00
0x00000000624c28d1:   00 00 00 48 89 d7 f2 ae 48 89 c8 48 f7 d0 48 8d
0x00000000624c28e1:   50 ff 48 8b 45 a8 48 01 d0 66 c7 00 20 00 8b 45 


Stack slot to memory mapping:

stack at sp + 0 slots: 0x00007ffc2e2cc070 jvm.dll
stack at sp + 1 slots: 0x00000004e6b2f7f8 is an oop: java.security.AccessControlContext 
{0x00000004e6b2f7f8} - klass: 'java/security/AccessControlContext'
 - ---- fields (total size 5 words):
 - private 'isPrivileged' 'Z' @12  true (0x01)
 - private 'isAuthorized' 'Z' @13  false (0x00)
 - private 'isWrapped' 'Z' @14  false (0x00)
 - private 'isLimited' 'Z' @15  false (0x00)
 - private 'context' '[Ljava/security/ProtectionDomain;' @16  a 'java/security/ProtectionDomain'[1] {0x00000004e79494f8} (0x9cf2929f)
 - private 'privilegedContext' 'Ljava/security/AccessControlContext;' @20  a 'java/security/AccessControlContext'{0x00000004e6b2f7d0} (0x9cd65efa)
 - private 'combiner' 'Ljava/security/DomainCombiner;' @24  null (0x00000000)
 - private 'permissions' '[Ljava/security/Permission;' @28  null (0x00000000)
 - private 'parent' 'Ljava/security/AccessControlContext;' @32  null (0x00000000)
 - private 'limitedContext' '[Ljava/security/ProtectionDomain;' @36  null (0x00000000)
stack at sp + 2 slots: 0x0000013269654b90 is pointing into metadata
stack at sp + 3 slots: 0x00000007578fe098 is pointing into the stack for thread: 0x000001326d2197e0
stack at sp + 4 slots: 0x0000013227c22550 points into unknown readable memory: 0x000001320641d410 | 10 d4 41 06 32 01 00 00
stack at sp + 5 slots: 0x0000013227c1fc20 points into unknown readable memory: 0x0000000000000000 | 00 00 00 00 00 00 00 00
stack at sp + 6 slots: 0x0000000669654b90 is an unknown value
stack at sp + 7 slots: 0x0000000400000178 is an unknown value


Compiled method (c1)    2506 1202       3       java.security.ProtectionDomain$JavaSecurityAccessImpl::doIntersectionPrivilege (22 bytes)
 total in heap  [0x00000132108d0290,0x00000132108d0c80] = 2544
 relocation     [0x00000132108d03f0,0x00000132108d04b0] = 192
 main code      [0x00000132108d04c0,0x00000132108d09d8] = 1304
 stub code      [0x00000132108d09d8,0x00000132108d0a68] = 144
 metadata       [0x00000132108d0a68,0x00000132108d0a88] = 32
 scopes data    [0x00000132108d0a88,0x00000132108d0b68] = 224
 scopes pcs     [0x00000132108d0b68,0x00000132108d0c68] = 256
 dependencies   [0x00000132108d0c68,0x00000132108d0c70] = 8
 nul chk table  [0x00000132108d0c70,0x00000132108d0c80] = 16

[Constant Pool (empty)]

[MachCode]
[Entry Point]
  # {method} {0x000001322811c670} 'doIntersectionPrivilege' '(Ljava/security/PrivilegedAction;Ljava/security/AccessControlContext;Ljava/security/AccessControlContext;)Ljava/lang/Object;' in 'java/security/ProtectionDomain$JavaSecurityAccessImpl'
  # this:     rdx:rdx   = 'java/security/ProtectionDomain$JavaSecurityAccessImpl'
  # parm0:    r8:r8     = 'java/security/PrivilegedAction'
  # parm1:    r9:r9     = 'java/security/AccessControlContext'
  # parm2:    rdi:rdi   = 'java/security/AccessControlContext'
  #           [sp+0xa0]  (sp of caller)
  0x00000132108d04c0: 448b 5208 | 49bb 0000 | 0028 3201 | 0000 4d03 | d34c 3bd0 

  0x00000132108d04d4: ;   {runtime_call ic_miss_stub}
  0x00000132108d04d4: 0f85 a6e4 | 3907 660f | 1f44 0000 
[Verified Entry Point]
  0x00000132108d04e0: 8984 2400 | 80ff ff55 | 4881 ec90 | 0000 0090 | 4181 7f20 | 0100 0000 

  0x00000132108d04f8: ;   {runtime_call StubRoutines (final stubs)}
  0x00000132108d04f8: 7405 e881 

  0x00000132108d04fc: ;   {metadata(method data for {method} {0x000001322811c670} 'doIntersectionPrivilege' '(Ljava/security/PrivilegedAction;Ljava/security/AccessControlContext;Ljava/security/AccessControlContext;)Ljava/lang/Object;' in 'java/security/ProtectionDomain$JavaSecurityAccessImpl')}
  0x00000132108d04fc: 5838 0748 | be68 2779 | 6932 0100 | 008b 9ecc | 0000 0083 | c302 899e | cc00 0000 | 81e3 fe07 
  0x00000132108d051c: 0000 83fb | 000f 849a | 0300 0049 

  0x00000132108d0528: ;   {metadata(method data for {method} {0x000001322811c670} 'doIntersectionPrivilege' '(Ljava/security/PrivilegedAction;Ljava/security/AccessControlContext;Ljava/security/AccessControlContext;)Ljava/lang/Object;' in 'java/security/ProtectionDomain$JavaSecurityAccessImpl')}
  0x00000132108d0528: 83f8 0048 | ba68 2779 | 6932 0100 | 0048 be20 | 0100 0000 | 0000 000f | 840a 0000 | 0048 be10 
  0x00000132108d0548: 0100 0000 | 0000 0048 | 8b1c 3248 | 8d5b 0148 | 891c 320f | 84c2 0200 | 004c 8944 

  0x00000132108d0564: ;   {metadata(method data for {method} {0x000001322811c670} 'doIntersectionPrivilege' '(Ljava/security/PrivilegedAction;Ljava/security/AccessControlContext;Ljava/security/AccessControlContext;)Ljava/lang/Object;' in 'java/security/ProtectionDomain$JavaSecurityAccessImpl')}
  0x00000132108d0564: 2460 48ba | 6827 7969 | 3201 0000 | 4883 8240 | 0100 0001 | 488b d74d 

  0x00000132108d057c: ;   {static_call}
  0x00000132108d057c: 8bc1 90e8 

  0x00000132108d0580: ; ImmutableOopMap {[96]=Oop }
                      ;*invokestatic getCombinedACC {reexecute=0 rethrow=0 return_oop=0}
                      ; - java.security.ProtectionDomain$JavaSecurityAccessImpl::doIntersectionPrivilege@15 (line 89)
  0x00000132108d0580: dc08 0000 

  0x00000132108d0584: ;   {other}
  0x00000132108d0584: 0f1f 8400 | f402 0000 

  0x00000132108d058c: ;   {metadata(method data for {method} {0x000001322811c670} 'doIntersectionPrivilege' '(Ljava/security/PrivilegedAction;Ljava/security/AccessControlContext;Ljava/security/AccessControlContext;)Ljava/lang/Object;' in 'java/security/ProtectionDomain$JavaSecurityAccessImpl')}
  0x00000132108d058c: 48be 6827 | 7969 3201 | 0000 4883 | 8650 0100 

  0x00000132108d059c: ;   {metadata(method data for {method} {0x00000132284783f8} 'doPrivileged' '(Ljava/security/PrivilegedAction;Ljava/security/AccessControlContext;)Ljava/lang/Object;' in 'java/security/AccessController')}
  0x00000132108d059c: 0001 48be | 5021 7969 | 3201 0000 | 8bbe cc00 | 0000 83c7 | 0289 becc | 0000 0081 | e7fe ff1f 
  0x00000132108d05bc: 0083 ff00 | 0f84 1c03 

  0x00000132108d05c4: ;   {metadata(method data for {method} {0x00000132284783f8} 'doPrivileged' '(Ljava/security/PrivilegedAction;Ljava/security/AccessControlContext;)Ljava/lang/Object;' in 'java/security/AccessController')}
  0x00000132108d05c4: 0000 48be | 5021 7969 | 3201 0000 | 4883 8610 | 0100 0001 | 4889 4424 

  0x00000132108d05dc: ;   {static_call}
  0x00000132108d05dc: 6866 90e8 

  0x00000132108d05e0: ; ImmutableOopMap {[96]=Oop [104]=Oop }
                      ;*invokestatic getCallerClass {reexecute=0 rethrow=0 return_oop=0}
                      ; - java.security.AccessController::doPrivileged@0 (line 398)
                      ; - java.security.ProtectionDomain$JavaSecurityAccessImpl::doIntersectionPrivilege@18 (line 87)
  0x00000132108d05e0: fc9c 9107 

  0x00000132108d05e4: ;   {other}
  0x00000132108d05e4: 0f1f 8400 | 5403 0001 

  0x00000132108d05ec: ;   {metadata(method data for {method} {0x00000132284783f8} 'doPrivileged' '(Ljava/security/PrivilegedAction;Ljava/security/AccessControlContext;)Ljava/lang/Object;' in 'java/security/AccessController')}
  0x00000132108d05ec: 48ba 5021 | 7969 3201 | 0000 4883 | 8220 0100 | 0001 488b | 5424 684c | 8bc0 4889 | 4424 700f 
  0x00000132108d060c: ;   {static_call}
  0x00000132108d060c: 1f40 00e8 

  0x00000132108d0610: ; ImmutableOopMap {[96]=Oop [112]=Oop }
                      ;*invokestatic checkContext {reexecute=0 rethrow=0 return_oop=0}
                      ; - java.security.AccessController::doPrivileged@6 (line 399)
                      ; - java.security.ProtectionDomain$JavaSecurityAccessImpl::doIntersectionPrivilege@18 (line 87)
  0x00000132108d0610: aceb ffff 

  0x00000132108d0614: ;   {other}
  0x00000132108d0614: 0f1f 8400 | 8403 0002 | 4889 4424 

  0x00000132108d0620: ;   {metadata(method data for {method} {0x00000132284783f8} 'doPrivileged' '(Ljava/security/PrivilegedAction;Ljava/security/AccessControlContext;)Ljava/lang/Object;' in 'java/security/AccessController')}
  0x00000132108d0620: 7848 ba50 | 2179 6932 | 0100 0048 | 8382 3001 

  0x00000132108d0630: ;   {metadata(method data for {method} {0x0000013228478680} 'executePrivileged' '(Ljava/security/PrivilegedAction;Ljava/security/AccessControlContext;Ljava/lang/Class;)Ljava/lang/Object;' in 'java/security/AccessController')}
  0x00000132108d0630: 0000 0148 | ba50 b40d | 6932 0100 | 008b b2cc | 0000 0083 | c602 89b2 | cc00 0000 | 81e6 feff 
  0x00000132108d0650: 1f00 83fe | 000f 84a8 | 0200 0048 

  0x00000132108d065c: ;   {metadata(method data for {method} {0x0000013228478680} 'executePrivileged' '(Ljava/security/PrivilegedAction;Ljava/security/AccessControlContext;Ljava/lang/Class;)Ljava/lang/Object;' in 'java/security/AccessController')}
  0x00000132108d065c: 83f8 0048 | ba50 b40d | 6932 0100 | 0048 be10 | 0100 0000 | 0000 000f | 840a 0000 | 0048 be20 
  0x00000132108d067c: 0100 0000 | 0000 0048 | 8b3c 3248 | 8d7f 0148 | 893c 320f | 8427 0000 

  0x00000132108d0694: ;   {metadata(method data for {method} {0x0000013228478680} 'executePrivileged' '(Ljava/security/PrivilegedAction;Ljava/security/AccessControlContext;Ljava/lang/Class;)Ljava/lang/Object;' in 'java/security/AccessController')}
  0x00000132108d0694: 0048 ba50 | b40d 6932 | 0100 0048 | 8382 3001 | 0000 0148 | 8bd0 0f1f 

  0x00000132108d06ac: ;   {static_call}
  0x00000132108d06ac: 4400 00e8 

  0x00000132108d06b0: ; ImmutableOopMap {[96]=Oop [112]=Oop [120]=Oop }
                      ;*invokestatic ensureMaterializedForStackWalk {reexecute=0 rethrow=0 return_oop=0}
                      ; - java.security.AccessController::executePrivileged@5 (line 774)
                      ; - java.security.AccessController::doPrivileged@13 (line 400)
                      ; - java.security.ProtectionDomain$JavaSecurityAccessImpl::doIntersectionPrivilege@18 (line 87)
  0x00000132108d06b0: 7403 0000 

  0x00000132108d06b4: ;   {other}
  0x00000132108d06b4: 0f1f 8400 | 2404 0003 

  0x00000132108d06bc: ;   {metadata(method data for {method} {0x0000013228478680} 'executePrivileged' '(Ljava/security/PrivilegedAction;Ljava/security/AccessControlContext;Ljava/lang/Class;)Ljava/lang/Object;' in 'java/security/AccessController')}
  0x00000132108d06bc: 48ba 50b4 | 0d69 3201 | 0000 ff82 | 4001 0000 | 4c8b 4424 | 6049 3b00 

  0x00000132108d06d4: ;   {metadata(method data for {method} {0x0000013228478680} 'executePrivileged' '(Ljava/security/PrivilegedAction;Ljava/security/AccessControlContext;Ljava/lang/Class;)Ljava/lang/Object;' in 'java/security/AccessController')}
  0x00000132108d06d4: 498b d048 | be50 b40d | 6932 0100 | 008b 5208 | 49ba 0000 | 0028 3201 | 0000 4903 | d248 3b96 
  0x00000132108d06f4: b001 0000 | 750d 4883 | 86b8 0100 | 0001 e960 | 0000 0048 | 3b96 c001 | 0000 750d | 4883 86c8 
  0x00000132108d0714: 0100 0001 | e94a 0000 | 0048 83be | b001 0000 | 0075 1748 | 8996 b001 | 0000 48c7 | 86b8 0100 
  0x00000132108d0734: 0001 0000 | 00e9 2900 | 0000 4883 | bec0 0100 | 0000 7517 | 4889 96c0 | 0100 0048 | c786 c801 
  0x00000132108d0754: 0000 0100 | 0000 e908 | 0000 0048 | 8386 a001 | 0000 0149 | 8bd0 6666 | 9048 b8ff | ffff ffff 
  0x00000132108d0774: ;   {virtual_call}
  0x00000132108d0774: ffff ffe8 

  0x00000132108d0778: ; ImmutableOopMap {[112]=Oop [120]=Oop }
                      ;*invokeinterface run {reexecute=0 rethrow=0 return_oop=0}
                      ; - java.security.AccessController::executePrivileged@29 (line 778)
                      ; - java.security.AccessController::doPrivileged@13 (line 400)
                      ; - java.security.ProtectionDomain$JavaSecurityAccessImpl::doIntersectionPrivilege@18 (line 87)
  0x00000132108d0778: 64af 3907 

  0x00000132108d077c: ;   {other}
  0x00000132108d077c: 0f1f 8400 | ec04 0004 

  0x00000132108d0784: ;   {metadata(method data for {method} {0x0000013228478680} 'executePrivileged' '(Ljava/security/PrivilegedAction;Ljava/security/AccessControlContext;Ljava/lang/Class;)Ljava/lang/Object;' in 'java/security/AccessController')}
  0x00000132108d0784: 48ba 50b4 | 0d69 3201 | 0000 ff82 | d801 0000 | 488b 5424 

  0x00000132108d0798: ;   {metadata(method data for {method} {0x0000013228478680} 'executePrivileged' '(Ljava/security/PrivilegedAction;Ljava/security/AccessControlContext;Ljava/lang/Class;)Ljava/lang/Object;' in 'java/security/AccessController')}
  0x00000132108d0798: 7048 be50 | b40d 6932 | 0100 0048 | 8386 3802 

  0x00000132108d07a8: ;   {metadata(method data for {method} {0x000001322803d400} 'reachabilityFence' '(Ljava/lang/Object;)V' in 'java/lang/ref/Reference')}
  0x00000132108d07a8: 0000 0148 | be28 490a | 6932 0100 | 008b becc | 0000 0083 | c702 89be | cc00 0000 | 81e7 feff 
  0x00000132108d07c8: 1f00 83ff | 000f 8456 

  0x00000132108d07d0: ;   {metadata(method data for {method} {0x0000013228478680} 'executePrivileged' '(Ljava/security/PrivilegedAction;Ljava/security/AccessControlContext;Ljava/lang/Class;)Ljava/lang/Object;' in 'java/security/AccessController')}
  0x00000132108d07d0: 0100 0048 | ba50 b40d | 6932 0100 | 0048 8382 | 4802 0000 

  0x00000132108d07e4: ;   {metadata(method data for {method} {0x000001322803d400} 'reachabilityFence' '(Ljava/lang/Object;)V' in 'java/lang/ref/Reference')}
  0x00000132108d07e4: 0148 ba28 | 490a 6932 | 0100 008b | b2cc 0000 | 0083 c602 | 89b2 cc00 | 0000 81e6 | feff 1f00 
  0x00000132108d0804: 83fe 000f | 843d 0100 | 0048 81c4 | 9000 0000 

  0x00000132108d0814: ;   {poll_return}
  0x00000132108d0814: 5d49 3ba7 | 5004 0000 | 0f87 4901 | 0000 c30f | 1f44 0000 

  0x00000132108d0828: ;   {no_reloc}
  0x00000132108d0828: e963 0100 | 0000 0000 | 0000 498b | 87b8 0100 | 0048 8d78 | 3049 3bbf | c801 0000 | 0f87 5001 
  0x00000132108d0848: 0000 4989 | bfb8 0100 | 0048 c700 | 0100 0000 | 488b ca49 | ba00 0000 | 2832 0100 | 0049 2bca 
  0x00000132108d0868: 8948 0848 | 33c9 8948 | 0c48 33c9 | 4889 4810 | 4889 4818 | 4889 4820 | 4889 4828 

  0x00000132108d0884: ;   {metadata(method data for {method} {0x000001322811c670} 'doIntersectionPrivilege' '(Ljava/security/PrivilegedAction;Ljava/security/AccessControlContext;Ljava/security/AccessControlContext;)Ljava/lang/Object;' in 'java/security/ProtectionDomain$JavaSecurityAccessImpl')}
  0x00000132108d0884: 488b d048 | be68 2779 | 6932 0100 | 0048 8386 | 3001 0000 | 0148 8bd0 | 4889 8424 | 8000 0000 
  0x00000132108d08a4: ;   {optimized virtual_call}
  0x00000132108d08a4: 6666 90e8 

  0x00000132108d08a8: ; ImmutableOopMap {[128]=Oop }
                      ;*invokespecial <init> {reexecute=0 rethrow=0 return_oop=0}
                      ; - java.security.ProtectionDomain$JavaSecurityAccessImpl::doIntersectionPrivilege@8 (line 84)
  0x00000132108d08a8: d4e5 3907 

  0x00000132108d08ac: ;   {other}
  0x00000132108d08ac: 0f1f 8400 | 1c06 0005 | 488b 8424 | 8000 0000 | e903 0100 

  0x00000132108d08c0: ;   {metadata({method} {0x000001322811c670} 'doIntersectionPrivilege' '(Ljava/security/PrivilegedAction;Ljava/security/AccessControlContext;Ljava/security/AccessControlContext;)Ljava/lang/Object;' in 'java/security/ProtectionDomain$JavaSecurityAccessImpl')}
  0x00000132108d08c0: 0049 ba68 | c611 2832 | 0100 004c | 8954 2408 | 48c7 0424 | ffff ffff 

  0x00000132108d08d8: ;   {runtime_call counter_overflow Runtime1 stub}
  0x00000132108d08d8: e8a3 de47 

  0x00000132108d08dc: ; ImmutableOopMap {rdx=Oop r8=Oop r9=Oop rdi=Oop }
                      ;*synchronization entry
                      ; - java.security.ProtectionDomain$JavaSecurityAccessImpl::doIntersectionPrivilege@-1 (line 83)
  0x00000132108d08dc: 07e9 45fc 

  0x00000132108d08e0: ;   {metadata({method} {0x00000132284783f8} 'doPrivileged' '(Ljava/security/PrivilegedAction;Ljava/security/AccessControlContext;)Ljava/lang/Object;' in 'java/security/AccessController')}
  0x00000132108d08e0: ffff 49ba | f083 4728 | 3201 0000 | 4c89 5424 | 0848 c704 | 24ff ffff 

  0x00000132108d08f8: ;   {runtime_call counter_overflow Runtime1 stub}
  0x00000132108d08f8: ffe8 82de 

  0x00000132108d08fc: ; ImmutableOopMap {rax=Oop [96]=Oop }
                      ;*synchronization entry
                      ; - java.security.AccessController::doPrivileged@-1 (line 398)
                      ; - java.security.ProtectionDomain$JavaSecurityAccessImpl::doIntersectionPrivilege@18 (line 87)
  0x00000132108d08fc: 4707 e9c3 

  0x00000132108d0900: ;   {metadata({method} {0x0000013228478680} 'executePrivileged' '(Ljava/security/PrivilegedAction;Ljava/security/AccessControlContext;Ljava/lang/Class;)Ljava/lang/Object;' in 'java/security/AccessController')}
  0x00000132108d0900: fcff ff49 | ba78 8647 | 2832 0100 | 004c 8954 | 2408 48c7 | 0424 ffff 

  0x00000132108d0918: ;   {runtime_call counter_overflow Runtime1 stub}
  0x00000132108d0918: ffff e861 

  0x00000132108d091c: ; ImmutableOopMap {rax=Oop [96]=Oop [112]=Oop [120]=Oop }
                      ;*synchronization entry
                      ; - java.security.AccessController::executePrivileged@-1 (line 773)
                      ; - java.security.AccessController::doPrivileged@13 (line 400)
                      ; - java.security.ProtectionDomain$JavaSecurityAccessImpl::doIntersectionPrivilege@18 (line 87)
  0x00000132108d091c: de47 07e9 | 37fd ffff 

  0x00000132108d0924: ;   {runtime_call throw_null_pointer_exception Runtime1 stub}
  0x00000132108d0924: e877 9046 

  0x00000132108d0928: ; ImmutableOopMap {r8=Oop [112]=Oop [120]=Oop }
                      ;*invokeinterface run {reexecute=0 rethrow=0 return_oop=0}
                      ; - java.security.AccessController::executePrivileged@29 (line 778)
                      ; - java.security.AccessController::doPrivileged@13 (line 400)
                      ; - java.security.ProtectionDomain$JavaSecurityAccessImpl::doIntersectionPrivilege@18 (line 87)
                      ;   {metadata({method} {0x000001322803d400} 'reachabilityFence' '(Ljava/lang/Object;)V' in 'java/lang/ref/Reference')}
  0x00000132108d0928: 0749 baf8 | d303 2832 | 0100 004c | 8954 2408 | 48c7 0424 | ffff ffff 

  0x00000132108d0940: ;   {runtime_call counter_overflow Runtime1 stub}
  0x00000132108d0940: e83b de47 

  0x00000132108d0944: ; ImmutableOopMap {rax=Oop rdx=Oop }
                      ;*synchronization entry
                      ; - java.lang.ref.Reference::reachabilityFence@-1 (line 628)
                      ; - java.security.AccessController::executePrivileged@56 (line 783)
                      ; - java.security.AccessController::doPrivileged@13 (line 400)
                      ; - java.security.ProtectionDomain$JavaSecurityAccessImpl::doIntersectionPrivilege@18 (line 87)
  0x00000132108d0944: 07e9 89fe 

  0x00000132108d0948: ;   {metadata({method} {0x000001322803d400} 'reachabilityFence' '(Ljava/lang/Object;)V' in 'java/lang/ref/Reference')}
  0x00000132108d0948: ffff 49ba | f8d3 0328 | 3201 0000 | 4c89 5424 | 0848 c704 | 24ff ffff 

  0x00000132108d0960: ;   {runtime_call counter_overflow Runtime1 stub}
  0x00000132108d0960: ffe8 1ade 

  0x00000132108d0964: ; ImmutableOopMap {rax=Oop }
                      ;*synchronization entry
                      ; - java.lang.ref.Reference::reachabilityFence@-1 (line 628)
                      ; - java.security.AccessController::executePrivileged@60 (line 784)
                      ; - java.security.AccessController::doPrivileged@13 (line 400)
                      ; - java.security.ProtectionDomain$JavaSecurityAccessImpl::doIntersectionPrivilege@18 (line 87)
  0x00000132108d0964: 4707 e9a2 

  0x00000132108d0968: ;   {internal_word}
  0x00000132108d0968: feff ff49 | ba15 088d | 1032 0100 | 004d 8997 | 6804 0000 

  0x00000132108d097c: ;   {runtime_call SafepointBlob}
  0x00000132108d097c: e9ff 613a 

  0x00000132108d0980: ;   {metadata(nullptr)}
  0x00000132108d0980: 0748 ba00 | 0000 0000 | 0000 00b8 | 000f 050a 

  0x00000132108d0990: ;   {runtime_call load_klass_patching Runtime1 stub}
  0x00000132108d0990: e86b c747 

  0x00000132108d0994: ; ImmutableOopMap {}
                      ;*new {reexecute=1 rethrow=0 return_oop=0}
                      ; - (reexecute) java.security.ProtectionDomain$JavaSecurityAccessImpl::doIntersectionPrivilege@4 (line 84)
  0x00000132108d0994: 07e9 8efe | ffff 488b 

  0x00000132108d099c: ;   {runtime_call fast_new_instance Runtime1 stub}
  0x00000132108d099c: d2e8 5e73 

  0x00000132108d09a0: ; ImmutableOopMap {}
                      ;*new {reexecute=0 rethrow=0 return_oop=0}
                      ; - java.security.ProtectionDomain$JavaSecurityAccessImpl::doIntersectionPrivilege@4 (line 84)
  0x00000132108d09a0: 4707 e9dd | feff ff49 | 8b87 0005 | 0000 49c7 | 8700 0500 | 0000 0000 | 0049 c787 | 0805 0000 
  0x00000132108d09c0: 0000 0000 | 4881 c490 | 0000 005d 

  0x00000132108d09cc: ;   {runtime_call unwind_exception Runtime1 stub}
  0x00000132108d09cc: e9af 7a46 | 07f4 f4f4 | f4f4 f4f4 
[Stub Code]
  0x00000132108d09d8: ;   {no_reloc}
  0x00000132108d09d8: 0f1f 4400 

  0x00000132108d09dc: ;   {static_stub}
  0x00000132108d09dc: 0048 bb00 | 0000 0000 

  0x00000132108d09e4: ;   {runtime_call}
  0x00000132108d09e4: 0000 00e9 | fbff ffff 

  0x00000132108d09ec: ;   {static_stub}
  0x00000132108d09ec: 48bb 0000 | 0000 0000 

  0x00000132108d09f4: ;   {runtime_call}
  0x00000132108d09f4: 0000 e9fb 

  0x00000132108d09f8: ;   {static_stub}
  0x00000132108d09f8: ffff ff48 | bb00 0000 | 0000 0000 

  0x00000132108d0a04: ;   {runtime_call}
  0x00000132108d0a04: 00e9 fbff 

  0x00000132108d0a08: ;   {static_stub}
  0x00000132108d0a08: ffff 48bb | 0000 0000 | 0000 0000 

  0x00000132108d0a14: ;   {runtime_call}
  0x00000132108d0a14: e9fb ffff 

  0x00000132108d0a18: ;   {static_stub}
  0x00000132108d0a18: ff48 bb00 | 0000 0000 

  0x00000132108d0a20: ;   {runtime_call}
  0x00000132108d0a20: 0000 00e9 | fbff ffff 

  0x00000132108d0a28: ;   {static_stub}
  0x00000132108d0a28: 48bb a084 | 4728 3201 

  0x00000132108d0a30: ;   {runtime_call I2C/C2I adapters}
  0x00000132108d0a30: 0000 e94c 

  0x00000132108d0a34: ;   {runtime_call handle_exception_from_callee Runtime1 stub}
  0x00000132108d0a34: 343a 07e8 | c48d 4707 

  0x00000132108d0a3c: ;   {external_word}
  0x00000132108d0a3c: 48b9 0028 | 832e fc7f | 0000 4883 

  0x00000132108d0a48: ;   {runtime_call}
  0x00000132108d0a48: e4f0 48b8 | e00f 4b2e | fc7f 0000 

  0x00000132108d0a54: ;   {section_word}
  0x00000132108d0a54: ffd0 f449 | ba57 0a8d | 1032 0100 

  0x00000132108d0a60: ;   {runtime_call DeoptimizationBlob}
  0x00000132108d0a60: 0041 52e9 | b875 3a07 
[/MachCode]


---------------  P R O C E S S  ---------------

Threads class SMR info:
_java_thread_list=0x000001326d54b800, length=15, elements={
0x0000013224d0de00, 0x0000013227833fe0, 0x0000013227836f10, 0x0000013227838b80,
0x000001322783a260, 0x000001322783b6b0, 0x000001322783f500, 0x0000013227844020,
0x00000132279e4b20, 0x00000132279f3860, 0x000001326d0f33a0, 0x000001326d0c59b0,
0x000001326d0c6ab0, 0x000001326d2197e0, 0x000001326d268bc0
}

Java Threads: ( => current thread )
  0x0000013224d0de00 JavaThread "Reference Handler"          daemon [_thread_blocked, id=16928, stack(0x0000000756b00000,0x0000000756c00000) (1024K)]
  0x0000013227833fe0 JavaThread "Finalizer"                  daemon [_thread_blocked, id=13140, stack(0x0000000756c00000,0x0000000756d00000) (1024K)]
  0x0000013227836f10 JavaThread "Signal Dispatcher"          daemon [_thread_blocked, id=11312, stack(0x0000000756d00000,0x0000000756e00000) (1024K)]
  0x0000013227838b80 JavaThread "Attach Listener"            daemon [_thread_blocked, id=10572, stack(0x0000000756e00000,0x0000000756f00000) (1024K)]
  0x000001322783a260 JavaThread "Service Thread"             daemon [_thread_blocked, id=860, stack(0x0000000756f00000,0x0000000757000000) (1024K)]
  0x000001322783b6b0 JavaThread "Monitor Deflation Thread"   daemon [_thread_blocked, id=12176, stack(0x0000000757000000,0x0000000757100000) (1024K)]
  0x000001322783f500 JavaThread "C2 CompilerThread0"         daemon [_thread_blocked, id=10940, stack(0x0000000757100000,0x0000000757200000) (1024K)]
  0x0000013227844020 JavaThread "C1 CompilerThread0"         daemon [_thread_blocked, id=12884, stack(0x0000000757200000,0x0000000757300000) (1024K)]
  0x00000132279e4b20 JavaThread "Notification Thread"        daemon [_thread_blocked, id=14724, stack(0x0000000757300000,0x0000000757400000) (1024K)]
  0x00000132279f3860 JavaThread "Common-Cleaner"             daemon [_thread_blocked, id=16260, stack(0x0000000757400000,0x0000000757500000) (1024K)]
  0x000001326d0f33a0 JavaThread "Java2D Disposer"            daemon [_thread_blocked, id=8044, stack(0x0000000757500000,0x0000000757600000) (1024K)]
  0x000001326d0c59b0 JavaThread "AWT-Shutdown"                      [_thread_blocked, id=5776, stack(0x0000000757600000,0x0000000757700000) (1024K)]
  0x000001326d0c6ab0 JavaThread "AWT-Windows"                daemon [_thread_in_native, id=12436, stack(0x0000000757700000,0x0000000757800000) (1024K)]
=>0x000001326d2197e0 JavaThread "AWT-EventQueue-0"                  [_thread_in_native, id=15120, stack(0x0000000757800000,0x0000000757900000) (1024K)]
  0x000001326d268bc0 JavaThread "DestroyJavaVM"                     [_thread_blocked, id=3256, stack(0x0000000756300000,0x0000000756400000) (1024K)]
Total: 15

Other Threads:
  0x0000013224cc8850 VMThread "VM Thread"                           [id=16588, stack(0x0000000756a00000,0x0000000756b00000) (1024K)]
  0x0000013227831800 WatcherThread "VM Periodic Task Thread"        [id=10200, stack(0x0000000756900000,0x0000000756a00000) (1024K)]
  0x0000013224b308e0 WorkerThread "GC Thread#0"                     [id=15812, stack(0x0000000756400000,0x0000000756500000) (1024K)]
  0x000001320835ac70 ConcurrentGCThread "G1 Main Marker"            [id=3076, stack(0x0000000756500000,0x0000000756600000) (1024K)]
  0x000001320835b630 WorkerThread "G1 Conc#0"                       [id=15932, stack(0x0000000756600000,0x0000000756700000) (1024K)]
  0x0000013224be9380 ConcurrentGCThread "G1 Refine#0"               [id=4128, stack(0x0000000756700000,0x0000000756800000) (1024K)]
  0x0000013224bebdc0 ConcurrentGCThread "G1 Service"                [id=4196, stack(0x0000000756800000,0x0000000756900000) (1024K)]
Total: 7

Threads with active compile tasks:
Total: 0

VM state: not at safepoint (normal execution)

VM Mutex/Monitor currently owned by a thread: None

Heap address: 0x00000004d8000000, size: 4032 MB, Compressed Oops mode: Zero based, Oop shift amount: 3

CDS archive(s) mapped at: [0x0000013228000000-0x0000013228c90000-0x0000013228c90000), size 13172736, SharedBaseAddress: 0x0000013228000000, ArchiveRelocationMode: 1.
Compressed class space mapped at: 0x0000013229000000-0x0000013269000000, reserved size: 1073741824
Narrow klass base: 0x0000013228000000, Narrow klass shift: 0, Narrow klass range: 0x100000000

GC Precious Log:
 CardTable entry size: 512
 Card Set container configuration: InlinePtr #cards 4 size 8 Array Of Cards #cards 16 size 48 Howl #buckets 8 coarsen threshold 3686 Howl Bitmap #cards 512 size 80 coarsen threshold 460 Card regions per heap region 1 cards per card region 4096
 CPUs: 12 total, 12 available
 Memory: 16121M
 Large Page Support: Disabled
 NUMA Support: Disabled
 Compressed Oops: Enabled (Zero based)
 Heap Region Size: 2M
 Heap Min Capacity: 8M
 Heap Initial Capacity: 252M
 Heap Max Capacity: 4032M
 Pre-touch: Disabled
 Parallel Workers: 10
 Concurrent Workers: 3
 Concurrent Refinement Workers: 10
 Periodic GC: Disabled

Heap:
 garbage-first heap   total 258048K, used 22528K [0x00000004d8000000, 0x00000005d4000000)
  region size 2048K, 9 young (18432K), 0 survivors (0K)
 Metaspace       used 8232K, committed 8448K, reserved 1114112K
  class space    used 986K, committed 1088K, reserved 1048576K

Heap Regions: E=young(eden), S=young(survivor), O=old, HS=humongous(starts), HC=humongous(continues), CS=collection set, F=free, TAMS=top-at-mark-start, PB=parsable bottom
|   0|0x00000004d8000000, 0x00000004d8200000, 0x00000004d8200000|100%|HS|  |TAMS 0x00000004d8000000| PB 0x00000004d8000000| Complete 
|   1|0x00000004d8200000, 0x00000004d8400000, 0x00000004d8400000|100%|HC|  |TAMS 0x00000004d8200000| PB 0x00000004d8200000| Complete 
|   2|0x00000004d8400000, 0x00000004d8600000, 0x00000004d8600000|100%|HC|  |TAMS 0x00000004d8400000| PB 0x00000004d8400000| Complete 
|   3|0x00000004d8600000, 0x00000004d8800000, 0x00000004d8800000|100%|HC|  |TAMS 0x00000004d8600000| PB 0x00000004d8600000| Complete 
|   4|0x00000004d8800000, 0x00000004d8800000, 0x00000004d8a00000|  0%| F|  |TAMS 0x00000004d8800000| PB 0x00000004d8800000| Untracked 
|   5|0x00000004d8a00000, 0x00000004d8a00000, 0x00000004d8c00000|  0%| F|  |TAMS 0x00000004d8a00000| PB 0x00000004d8a00000| Untracked 
|   6|0x00000004d8c00000, 0x00000004d8c00000, 0x00000004d8e00000|  0%| F|  |TAMS 0x00000004d8c00000| PB 0x00000004d8c00000| Untracked 
|   7|0x00000004d8e00000, 0x00000004d8e00000, 0x00000004d9000000|  0%| F|  |TAMS 0x00000004d8e00000| PB 0x00000004d8e00000| Untracked 
|   8|0x00000004d9000000, 0x00000004d9000000, 0x00000004d9200000|  0%| F|  |TAMS 0x00000004d9000000| PB 0x00000004d9000000| Untracked 
|   9|0x00000004d9200000, 0x00000004d9200000, 0x00000004d9400000|  0%| F|  |TAMS 0x00000004d9200000| PB 0x00000004d9200000| Untracked 
|  10|0x00000004d9400000, 0x00000004d9400000, 0x00000004d9600000|  0%| F|  |TAMS 0x00000004d9400000| PB 0x00000004d9400000| Untracked 
|  11|0x00000004d9600000, 0x00000004d9600000, 0x00000004d9800000|  0%| F|  |TAMS 0x00000004d9600000| PB 0x00000004d9600000| Untracked 
|  12|0x00000004d9800000, 0x00000004d9800000, 0x00000004d9a00000|  0%| F|  |TAMS 0x00000004d9800000| PB 0x00000004d9800000| Untracked 
|  13|0x00000004d9a00000, 0x00000004d9a00000, 0x00000004d9c00000|  0%| F|  |TAMS 0x00000004d9a00000| PB 0x00000004d9a00000| Untracked 
|  14|0x00000004d9c00000, 0x00000004d9c00000, 0x00000004d9e00000|  0%| F|  |TAMS 0x00000004d9c00000| PB 0x00000004d9c00000| Untracked 
|  15|0x00000004d9e00000, 0x00000004d9e00000, 0x00000004da000000|  0%| F|  |TAMS 0x00000004d9e00000| PB 0x00000004d9e00000| Untracked 
|  16|0x00000004da000000, 0x00000004da000000, 0x00000004da200000|  0%| F|  |TAMS 0x00000004da000000| PB 0x00000004da000000| Untracked 
|  17|0x00000004da200000, 0x00000004da200000, 0x00000004da400000|  0%| F|  |TAMS 0x00000004da200000| PB 0x00000004da200000| Untracked 
|  18|0x00000004da400000, 0x00000004da400000, 0x00000004da600000|  0%| F|  |TAMS 0x00000004da400000| PB 0x00000004da400000| Untracked 
|  19|0x00000004da600000, 0x00000004da600000, 0x00000004da800000|  0%| F|  |TAMS 0x00000004da600000| PB 0x00000004da600000| Untracked 
|  20|0x00000004da800000, 0x00000004da800000, 0x00000004daa00000|  0%| F|  |TAMS 0x00000004da800000| PB 0x00000004da800000| Untracked 
|  21|0x00000004daa00000, 0x00000004daa00000, 0x00000004dac00000|  0%| F|  |TAMS 0x00000004daa00000| PB 0x00000004daa00000| Untracked 
|  22|0x00000004dac00000, 0x00000004dac00000, 0x00000004dae00000|  0%| F|  |TAMS 0x00000004dac00000| PB 0x00000004dac00000| Untracked 
|  23|0x00000004dae00000, 0x00000004dae00000, 0x00000004db000000|  0%| F|  |TAMS 0x00000004dae00000| PB 0x00000004dae00000| Untracked 
|  24|0x00000004db000000, 0x00000004db000000, 0x00000004db200000|  0%| F|  |TAMS 0x00000004db000000| PB 0x00000004db000000| Untracked 
|  25|0x00000004db200000, 0x00000004db200000, 0x00000004db400000|  0%| F|  |TAMS 0x00000004db200000| PB 0x00000004db200000| Untracked 
|  26|0x00000004db400000, 0x00000004db400000, 0x00000004db600000|  0%| F|  |TAMS 0x00000004db400000| PB 0x00000004db400000| Untracked 
|  27|0x00000004db600000, 0x00000004db600000, 0x00000004db800000|  0%| F|  |TAMS 0x00000004db600000| PB 0x00000004db600000| Untracked 
|  28|0x00000004db800000, 0x00000004db800000, 0x00000004dba00000|  0%| F|  |TAMS 0x00000004db800000| PB 0x00000004db800000| Untracked 
|  29|0x00000004dba00000, 0x00000004dba00000, 0x00000004dbc00000|  0%| F|  |TAMS 0x00000004dba00000| PB 0x00000004dba00000| Untracked 
|  30|0x00000004dbc00000, 0x00000004dbc00000, 0x00000004dbe00000|  0%| F|  |TAMS 0x00000004dbc00000| PB 0x00000004dbc00000| Untracked 
|  31|0x00000004dbe00000, 0x00000004dbe00000, 0x00000004dc000000|  0%| F|  |TAMS 0x00000004dbe00000| PB 0x00000004dbe00000| Untracked 
|  32|0x00000004dc000000, 0x00000004dc000000, 0x00000004dc200000|  0%| F|  |TAMS 0x00000004dc000000| PB 0x00000004dc000000| Untracked 
|  33|0x00000004dc200000, 0x00000004dc200000, 0x00000004dc400000|  0%| F|  |TAMS 0x00000004dc200000| PB 0x00000004dc200000| Untracked 
|  34|0x00000004dc400000, 0x00000004dc400000, 0x00000004dc600000|  0%| F|  |TAMS 0x00000004dc400000| PB 0x00000004dc400000| Untracked 
|  35|0x00000004dc600000, 0x00000004dc600000, 0x00000004dc800000|  0%| F|  |TAMS 0x00000004dc600000| PB 0x00000004dc600000| Untracked 
|  36|0x00000004dc800000, 0x00000004dc800000, 0x00000004dca00000|  0%| F|  |TAMS 0x00000004dc800000| PB 0x00000004dc800000| Untracked 
|  37|0x00000004dca00000, 0x00000004dca00000, 0x00000004dcc00000|  0%| F|  |TAMS 0x00000004dca00000| PB 0x00000004dca00000| Untracked 
|  38|0x00000004dcc00000, 0x00000004dcc00000, 0x00000004dce00000|  0%| F|  |TAMS 0x00000004dcc00000| PB 0x00000004dcc00000| Untracked 
|  39|0x00000004dce00000, 0x00000004dce00000, 0x00000004dd000000|  0%| F|  |TAMS 0x00000004dce00000| PB 0x00000004dce00000| Untracked 
|  40|0x00000004dd000000, 0x00000004dd000000, 0x00000004dd200000|  0%| F|  |TAMS 0x00000004dd000000| PB 0x00000004dd000000| Untracked 
|  41|0x00000004dd200000, 0x00000004dd200000, 0x00000004dd400000|  0%| F|  |TAMS 0x00000004dd200000| PB 0x00000004dd200000| Untracked 
|  42|0x00000004dd400000, 0x00000004dd400000, 0x00000004dd600000|  0%| F|  |TAMS 0x00000004dd400000| PB 0x00000004dd400000| Untracked 
|  43|0x00000004dd600000, 0x00000004dd600000, 0x00000004dd800000|  0%| F|  |TAMS 0x00000004dd600000| PB 0x00000004dd600000| Untracked 
|  44|0x00000004dd800000, 0x00000004dd800000, 0x00000004dda00000|  0%| F|  |TAMS 0x00000004dd800000| PB 0x00000004dd800000| Untracked 
|  45|0x00000004dda00000, 0x00000004dda00000, 0x00000004ddc00000|  0%| F|  |TAMS 0x00000004dda00000| PB 0x00000004dda00000| Untracked 
|  46|0x00000004ddc00000, 0x00000004ddc00000, 0x00000004dde00000|  0%| F|  |TAMS 0x00000004ddc00000| PB 0x00000004ddc00000| Untracked 
|  47|0x00000004dde00000, 0x00000004dde00000, 0x00000004de000000|  0%| F|  |TAMS 0x00000004dde00000| PB 0x00000004dde00000| Untracked 
|  48|0x00000004de000000, 0x00000004de000000, 0x00000004de200000|  0%| F|  |TAMS 0x00000004de000000| PB 0x00000004de000000| Untracked 
|  49|0x00000004de200000, 0x00000004de200000, 0x00000004de400000|  0%| F|  |TAMS 0x00000004de200000| PB 0x00000004de200000| Untracked 
|  50|0x00000004de400000, 0x00000004de400000, 0x00000004de600000|  0%| F|  |TAMS 0x00000004de400000| PB 0x00000004de400000| Untracked 
|  51|0x00000004de600000, 0x00000004de600000, 0x00000004de800000|  0%| F|  |TAMS 0x00000004de600000| PB 0x00000004de600000| Untracked 
|  52|0x00000004de800000, 0x00000004de800000, 0x00000004dea00000|  0%| F|  |TAMS 0x00000004de800000| PB 0x00000004de800000| Untracked 
|  53|0x00000004dea00000, 0x00000004dea00000, 0x00000004dec00000|  0%| F|  |TAMS 0x00000004dea00000| PB 0x00000004dea00000| Untracked 
|  54|0x00000004dec00000, 0x00000004dec00000, 0x00000004dee00000|  0%| F|  |TAMS 0x00000004dec00000| PB 0x00000004dec00000| Untracked 
|  55|0x00000004dee00000, 0x00000004dee00000, 0x00000004df000000|  0%| F|  |TAMS 0x00000004dee00000| PB 0x00000004dee00000| Untracked 
|  56|0x00000004df000000, 0x00000004df000000, 0x00000004df200000|  0%| F|  |TAMS 0x00000004df000000| PB 0x00000004df000000| Untracked 
|  57|0x00000004df200000, 0x00000004df200000, 0x00000004df400000|  0%| F|  |TAMS 0x00000004df200000| PB 0x00000004df200000| Untracked 
|  58|0x00000004df400000, 0x00000004df400000, 0x00000004df600000|  0%| F|  |TAMS 0x00000004df400000| PB 0x00000004df400000| Untracked 
|  59|0x00000004df600000, 0x00000004df600000, 0x00000004df800000|  0%| F|  |TAMS 0x00000004df600000| PB 0x00000004df600000| Untracked 
|  60|0x00000004df800000, 0x00000004df800000, 0x00000004dfa00000|  0%| F|  |TAMS 0x00000004df800000| PB 0x00000004df800000| Untracked 
|  61|0x00000004dfa00000, 0x00000004dfa00000, 0x00000004dfc00000|  0%| F|  |TAMS 0x00000004dfa00000| PB 0x00000004dfa00000| Untracked 
|  62|0x00000004dfc00000, 0x00000004dfc00000, 0x00000004dfe00000|  0%| F|  |TAMS 0x00000004dfc00000| PB 0x00000004dfc00000| Untracked 
|  63|0x00000004dfe00000, 0x00000004dfe00000, 0x00000004e0000000|  0%| F|  |TAMS 0x00000004dfe00000| PB 0x00000004dfe00000| Untracked 
|  64|0x00000004e0000000, 0x00000004e0000000, 0x00000004e0200000|  0%| F|  |TAMS 0x00000004e0000000| PB 0x00000004e0000000| Untracked 
|  65|0x00000004e0200000, 0x00000004e0200000, 0x00000004e0400000|  0%| F|  |TAMS 0x00000004e0200000| PB 0x00000004e0200000| Untracked 
|  66|0x00000004e0400000, 0x00000004e0400000, 0x00000004e0600000|  0%| F|  |TAMS 0x00000004e0400000| PB 0x00000004e0400000| Untracked 
|  67|0x00000004e0600000, 0x00000004e0600000, 0x00000004e0800000|  0%| F|  |TAMS 0x00000004e0600000| PB 0x00000004e0600000| Untracked 
|  68|0x00000004e0800000, 0x00000004e0800000, 0x00000004e0a00000|  0%| F|  |TAMS 0x00000004e0800000| PB 0x00000004e0800000| Untracked 
|  69|0x00000004e0a00000, 0x00000004e0a00000, 0x00000004e0c00000|  0%| F|  |TAMS 0x00000004e0a00000| PB 0x00000004e0a00000| Untracked 
|  70|0x00000004e0c00000, 0x00000004e0c00000, 0x00000004e0e00000|  0%| F|  |TAMS 0x00000004e0c00000| PB 0x00000004e0c00000| Untracked 
|  71|0x00000004e0e00000, 0x00000004e0e00000, 0x00000004e1000000|  0%| F|  |TAMS 0x00000004e0e00000| PB 0x00000004e0e00000| Untracked 
|  72|0x00000004e1000000, 0x00000004e1000000, 0x00000004e1200000|  0%| F|  |TAMS 0x00000004e1000000| PB 0x00000004e1000000| Untracked 
|  73|0x00000004e1200000, 0x00000004e1200000, 0x00000004e1400000|  0%| F|  |TAMS 0x00000004e1200000| PB 0x00000004e1200000| Untracked 
|  74|0x00000004e1400000, 0x00000004e1400000, 0x00000004e1600000|  0%| F|  |TAMS 0x00000004e1400000| PB 0x00000004e1400000| Untracked 
|  75|0x00000004e1600000, 0x00000004e1600000, 0x00000004e1800000|  0%| F|  |TAMS 0x00000004e1600000| PB 0x00000004e1600000| Untracked 
|  76|0x00000004e1800000, 0x00000004e1800000, 0x00000004e1a00000|  0%| F|  |TAMS 0x00000004e1800000| PB 0x00000004e1800000| Untracked 
|  77|0x00000004e1a00000, 0x00000004e1a00000, 0x00000004e1c00000|  0%| F|  |TAMS 0x00000004e1a00000| PB 0x00000004e1a00000| Untracked 
|  78|0x00000004e1c00000, 0x00000004e1c00000, 0x00000004e1e00000|  0%| F|  |TAMS 0x00000004e1c00000| PB 0x00000004e1c00000| Untracked 
|  79|0x00000004e1e00000, 0x00000004e1e00000, 0x00000004e2000000|  0%| F|  |TAMS 0x00000004e1e00000| PB 0x00000004e1e00000| Untracked 
|  80|0x00000004e2000000, 0x00000004e2000000, 0x00000004e2200000|  0%| F|  |TAMS 0x00000004e2000000| PB 0x00000004e2000000| Untracked 
|  81|0x00000004e2200000, 0x00000004e2200000, 0x00000004e2400000|  0%| F|  |TAMS 0x00000004e2200000| PB 0x00000004e2200000| Untracked 
|  82|0x00000004e2400000, 0x00000004e2400000, 0x00000004e2600000|  0%| F|  |TAMS 0x00000004e2400000| PB 0x00000004e2400000| Untracked 
|  83|0x00000004e2600000, 0x00000004e2600000, 0x00000004e2800000|  0%| F|  |TAMS 0x00000004e2600000| PB 0x00000004e2600000| Untracked 
|  84|0x00000004e2800000, 0x00000004e2800000, 0x00000004e2a00000|  0%| F|  |TAMS 0x00000004e2800000| PB 0x00000004e2800000| Untracked 
|  85|0x00000004e2a00000, 0x00000004e2a00000, 0x00000004e2c00000|  0%| F|  |TAMS 0x00000004e2a00000| PB 0x00000004e2a00000| Untracked 
|  86|0x00000004e2c00000, 0x00000004e2c00000, 0x00000004e2e00000|  0%| F|  |TAMS 0x00000004e2c00000| PB 0x00000004e2c00000| Untracked 
|  87|0x00000004e2e00000, 0x00000004e2e00000, 0x00000004e3000000|  0%| F|  |TAMS 0x00000004e2e00000| PB 0x00000004e2e00000| Untracked 
|  88|0x00000004e3000000, 0x00000004e3000000, 0x00000004e3200000|  0%| F|  |TAMS 0x00000004e3000000| PB 0x00000004e3000000| Untracked 
|  89|0x00000004e3200000, 0x00000004e3200000, 0x00000004e3400000|  0%| F|  |TAMS 0x00000004e3200000| PB 0x00000004e3200000| Untracked 
|  90|0x00000004e3400000, 0x00000004e3400000, 0x00000004e3600000|  0%| F|  |TAMS 0x00000004e3400000| PB 0x00000004e3400000| Untracked 
|  91|0x00000004e3600000, 0x00000004e3600000, 0x00000004e3800000|  0%| F|  |TAMS 0x00000004e3600000| PB 0x00000004e3600000| Untracked 
|  92|0x00000004e3800000, 0x00000004e3800000, 0x00000004e3a00000|  0%| F|  |TAMS 0x00000004e3800000| PB 0x00000004e3800000| Untracked 
|  93|0x00000004e3a00000, 0x00000004e3a00000, 0x00000004e3c00000|  0%| F|  |TAMS 0x00000004e3a00000| PB 0x00000004e3a00000| Untracked 
|  94|0x00000004e3c00000, 0x00000004e3c00000, 0x00000004e3e00000|  0%| F|  |TAMS 0x00000004e3c00000| PB 0x00000004e3c00000| Untracked 
|  95|0x00000004e3e00000, 0x00000004e3e00000, 0x00000004e4000000|  0%| F|  |TAMS 0x00000004e3e00000| PB 0x00000004e3e00000| Untracked 
|  96|0x00000004e4000000, 0x00000004e4000000, 0x00000004e4200000|  0%| F|  |TAMS 0x00000004e4000000| PB 0x00000004e4000000| Untracked 
|  97|0x00000004e4200000, 0x00000004e4200000, 0x00000004e4400000|  0%| F|  |TAMS 0x00000004e4200000| PB 0x00000004e4200000| Untracked 
|  98|0x00000004e4400000, 0x00000004e4400000, 0x00000004e4600000|  0%| F|  |TAMS 0x00000004e4400000| PB 0x00000004e4400000| Untracked 
|  99|0x00000004e4600000, 0x00000004e4600000, 0x00000004e4800000|  0%| F|  |TAMS 0x00000004e4600000| PB 0x00000004e4600000| Untracked 
| 100|0x00000004e4800000, 0x00000004e4800000, 0x00000004e4a00000|  0%| F|  |TAMS 0x00000004e4800000| PB 0x00000004e4800000| Untracked 
| 101|0x00000004e4a00000, 0x00000004e4a00000, 0x00000004e4c00000|  0%| F|  |TAMS 0x00000004e4a00000| PB 0x00000004e4a00000| Untracked 
| 102|0x00000004e4c00000, 0x00000004e4c00000, 0x00000004e4e00000|  0%| F|  |TAMS 0x00000004e4c00000| PB 0x00000004e4c00000| Untracked 
| 103|0x00000004e4e00000, 0x00000004e4e00000, 0x00000004e5000000|  0%| F|  |TAMS 0x00000004e4e00000| PB 0x00000004e4e00000| Untracked 
| 104|0x00000004e5000000, 0x00000004e5000000, 0x00000004e5200000|  0%| F|  |TAMS 0x00000004e5000000| PB 0x00000004e5000000| Untracked 
| 105|0x00000004e5200000, 0x00000004e5200000, 0x00000004e5400000|  0%| F|  |TAMS 0x00000004e5200000| PB 0x00000004e5200000| Untracked 
| 106|0x00000004e5400000, 0x00000004e5400000, 0x00000004e5600000|  0%| F|  |TAMS 0x00000004e5400000| PB 0x00000004e5400000| Untracked 
| 107|0x00000004e5600000, 0x00000004e5600000, 0x00000004e5800000|  0%| F|  |TAMS 0x00000004e5600000| PB 0x00000004e5600000| Untracked 
| 108|0x00000004e5800000, 0x00000004e5800000, 0x00000004e5a00000|  0%| F|  |TAMS 0x00000004e5800000| PB 0x00000004e5800000| Untracked 
| 109|0x00000004e5a00000, 0x00000004e5a00000, 0x00000004e5c00000|  0%| F|  |TAMS 0x00000004e5a00000| PB 0x00000004e5a00000| Untracked 
| 110|0x00000004e5c00000, 0x00000004e5c00000, 0x00000004e5e00000|  0%| F|  |TAMS 0x00000004e5c00000| PB 0x00000004e5c00000| Untracked 
| 111|0x00000004e5e00000, 0x00000004e5e00000, 0x00000004e6000000|  0%| F|  |TAMS 0x00000004e5e00000| PB 0x00000004e5e00000| Untracked 
| 112|0x00000004e6000000, 0x00000004e6000000, 0x00000004e6200000|  0%| F|  |TAMS 0x00000004e6000000| PB 0x00000004e6000000| Untracked 
| 113|0x00000004e6200000, 0x00000004e6200000, 0x00000004e6400000|  0%| F|  |TAMS 0x00000004e6200000| PB 0x00000004e6200000| Untracked 
| 114|0x00000004e6400000, 0x00000004e6400000, 0x00000004e6600000|  0%| F|  |TAMS 0x00000004e6400000| PB 0x00000004e6400000| Untracked 
| 115|0x00000004e6600000, 0x00000004e6600000, 0x00000004e6800000|  0%| F|  |TAMS 0x00000004e6600000| PB 0x00000004e6600000| Untracked 
| 116|0x00000004e6800000, 0x00000004e6800000, 0x00000004e6a00000|  0%| F|  |TAMS 0x00000004e6800000| PB 0x00000004e6800000| Untracked 
| 117|0x00000004e6a00000, 0x00000004e6b8fb08, 0x00000004e6c00000| 78%| E|  |TAMS 0x00000004e6a00000| PB 0x00000004e6a00000| Complete 
| 118|0x00000004e6c00000, 0x00000004e6e00000, 0x00000004e6e00000|100%| E|  |TAMS 0x00000004e6c00000| PB 0x00000004e6c00000| Complete 
| 119|0x00000004e6e00000, 0x00000004e7000000, 0x00000004e7000000|100%| E|CS|TAMS 0x00000004e6e00000| PB 0x00000004e6e00000| Complete 
| 120|0x00000004e7000000, 0x00000004e7200000, 0x00000004e7200000|100%| E|CS|TAMS 0x00000004e7000000| PB 0x00000004e7000000| Complete 
| 121|0x00000004e7200000, 0x00000004e7400000, 0x00000004e7400000|100%| E|CS|TAMS 0x00000004e7200000| PB 0x00000004e7200000| Complete 
| 122|0x00000004e7400000, 0x00000004e7600000, 0x00000004e7600000|100%| E|CS|TAMS 0x00000004e7400000| PB 0x00000004e7400000| Complete 
| 123|0x00000004e7600000, 0x00000004e7800000, 0x00000004e7800000|100%| E|CS|TAMS 0x00000004e7600000| PB 0x00000004e7600000| Complete 
| 124|0x00000004e7800000, 0x00000004e7a00000, 0x00000004e7a00000|100%| E|CS|TAMS 0x00000004e7800000| PB 0x00000004e7800000| Complete 
| 125|0x00000004e7a00000, 0x00000004e7c00000, 0x00000004e7c00000|100%| E|CS|TAMS 0x00000004e7a00000| PB 0x00000004e7a00000| Complete 

Card table byte_map: [0x0000013220430000,0x0000013220c10000] _byte_map_base: 0x000001321dd70000

Marking Bits: (CMBitMap*) 0x0000013208348560
 Bits: [0x0000013220c10000, 0x0000013224b10000)

Polling page: 0x0000013207a60000

Metaspace:

Usage:
  Non-class:      7.08 MB used.
      Class:    986.87 KB used.
       Both:      8.04 MB used.

Virtual space:
  Non-class space:       64.00 MB reserved,       7.19 MB ( 11%) committed,  1 nodes.
      Class space:        1.00 GB reserved,       1.06 MB ( <1%) committed,  1 nodes.
             Both:        1.06 GB reserved,       8.25 MB ( <1%) committed. 

Chunk freelists:
   Non-Class:  8.45 MB
       Class:  14.99 MB
        Both:  23.44 MB

MaxMetaspaceSize: unlimited
CompressedClassSpaceSize: 1.00 GB
Initial GC threshold: 21.00 MB
Current GC threshold: 21.00 MB
CDS: on
 - commit_granule_bytes: 65536.
 - commit_granule_words: 8192.
 - virtual_space_node_default_size: 8388608.
 - enlarge_chunks_in_place: 1.
 - use_allocation_guard: 0.


Internal statistics:

num_allocs_failed_limit: 0.
num_arena_births: 140.
num_arena_deaths: 0.
num_vsnodes_births: 2.
num_vsnodes_deaths: 0.
num_space_committed: 132.
num_space_uncommitted: 0.
num_chunks_returned_to_freelist: 0.
num_chunks_taken_from_freelist: 192.
num_chunk_merges: 0.
num_chunk_splits: 115.
num_chunks_enlarged: 48.
num_inconsistent_stats: 0.

CodeHeap 'non-profiled nmethods': size=120000Kb used=366Kb max_used=366Kb free=119633Kb
 bounds [0x00000132181c0000, 0x0000013218430000, 0x000001321f6f0000]
CodeHeap 'profiled nmethods': size=120000Kb used=1938Kb max_used=1938Kb free=118061Kb
 bounds [0x00000132106f0000, 0x0000013210960000, 0x0000013217c20000]
CodeHeap 'non-nmethods': size=5760Kb used=1692Kb max_used=1723Kb free=4068Kb
 bounds [0x0000013217c20000, 0x0000013217e90000, 0x00000132181c0000]
 total_blobs=1810 nmethods=1216 adapters=499
 compilation: enabled
              stopped_count=0, restarted_count=0
 full_count=0

Compilation events (20 events):
Event: 2.399 Thread 0x0000013227844020 1207       1       java.awt.Component::getY (5 bytes)
Event: 2.399 Thread 0x0000013227844020 nmethod 1207 0x000001321821af10 code [0x000001321821b0a0, 0x000001321821b168]
Event: 2.399 Thread 0x0000013227844020 1208       1       javax.swing.AbstractButton::getModel (5 bytes)
Event: 2.399 Thread 0x0000013227844020 nmethod 1208 0x000001321821b210 code [0x000001321821b3a0, 0x000001321821b470]
Event: 2.399 Thread 0x0000013227844020 1209       3       sun.java2d.pipe.Region::clipRound (34 bytes)
Event: 2.399 Thread 0x0000013227844020 nmethod 1209 0x00000132108d1c10 code [0x00000132108d1e00, 0x00000132108d20b8]
Event: 2.399 Thread 0x0000013227844020 1210       3       java.util.HashMap::keySet (25 bytes)
Event: 2.399 Thread 0x0000013227844020 nmethod 1210 0x00000132108d2190 code [0x00000132108d2360, 0x00000132108d2750]
Event: 2.400 Thread 0x0000013227844020 1211       3       java.util.WeakHashMap::getTable (9 bytes)
Event: 2.400 Thread 0x0000013227844020 nmethod 1211 0x00000132108d2890 code [0x00000132108d2a40, 0x00000132108d2b90]
Event: 2.400 Thread 0x0000013227844020 1212   !   3       java.util.WeakHashMap::expungeStaleEntries (139 bytes)
Event: 2.400 Thread 0x0000013227844020 nmethod 1212 0x00000132108d2c10 code [0x00000132108d2e20, 0x00000132108d36e0]
Event: 2.401 Thread 0x0000013227844020 1213       1       java.awt.geom.AffineTransform::getTranslateX (5 bytes)
Event: 2.401 Thread 0x0000013227844020 nmethod 1213 0x000001321821b510 code [0x000001321821b6a0, 0x000001321821b768]
Event: 2.401 Thread 0x0000013227844020 1215       3       sun.java2d.SunGraphics2D::validateColor (102 bytes)
Event: 2.401 Thread 0x0000013227844020 nmethod 1215 0x00000132108d3b10 code [0x00000132108d3d00, 0x00000132108d4240]
Event: 2.401 Thread 0x0000013227844020 1214       1       java.awt.geom.AffineTransform::getTranslateY (5 bytes)
Event: 2.401 Thread 0x0000013227844020 nmethod 1214 0x000001321821b810 code [0x000001321821b9a0, 0x000001321821ba68]
Event: 2.401 Thread 0x0000013227844020 1216       3       java.util.HashMap$KeySet::iterator (12 bytes)
Event: 2.401 Thread 0x0000013227844020 nmethod 1216 0x00000132108d4390 code [0x00000132108d4540, 0x00000132108d4750]

GC Heap History (0 events):
No events

Dll operation events (9 events):
Event: 0.006 Loaded shared library C:\Program Files\Java\jdk-21\bin\java.dll
Event: 0.034 Loaded shared library C:\Program Files\Java\jdk-21\bin\jsvml.dll
Event: 0.048 Loaded shared library C:\Users\14858\Desktop\Cwork\genealogy-homework\C_functions.dll
Event: 0.059 Loaded shared library C:\Program Files\Java\jdk-21\bin\jimage.dll
Event: 0.070 Loaded shared library C:\Program Files\Java\jdk-21\bin\awt.dll
Event: 0.178 Loaded shared library C:\Program Files\Java\jdk-21\bin\freetype.dll
Event: 0.179 Loaded shared library C:\Program Files\Java\jdk-21\bin\fontmanager.dll
Event: 0.317 Loaded shared library C:\Program Files\Java\jdk-21\bin\net.dll
Event: 0.318 Loaded shared library C:\Program Files\Java\jdk-21\bin\nio.dll

Deoptimization events (20 events):
Event: 1.691 Thread 0x000001326d2197e0 DEOPT PACKING pc=0x0000013210703f87 sp=0x00000007578f94a0
Event: 1.691 Thread 0x000001326d2197e0 DEOPT UNPACKING pc=0x0000013217c788e2 sp=0x00000007578f89a8 mode 0
Event: 1.709 Thread 0x000001326d2197e0 Uncommon trap: trap_request=0xffffff45 fr.pc=0x00000132181f908c relative=0x00000000000004ac
Event: 1.709 Thread 0x000001326d2197e0 Uncommon trap: reason=unstable_if action=reinterpret pc=0x00000132181f908c method=java.lang.StringLatin1.toLowerCase(Ljava/lang/String;[BLjava/util/Locale;)Ljava/lang/String; @ 43 c2
Event: 1.709 Thread 0x000001326d2197e0 DEOPT PACKING pc=0x00000132181f908c sp=0x00000007578fcd10
Event: 1.709 Thread 0x000001326d2197e0 DEOPT UNPACKING pc=0x0000013217c77da2 sp=0x00000007578fcc80 mode 2
Event: 1.722 Thread 0x000001326d2197e0 DEOPT PACKING pc=0x0000013210708e19 sp=0x00000007578fc6b0
Event: 1.722 Thread 0x000001326d2197e0 DEOPT UNPACKING pc=0x0000013217c788e2 sp=0x00000007578fbad0 mode 0
Event: 1.751 Thread 0x000001326d2197e0 DEOPT PACKING pc=0x0000013210706fe1 sp=0x00000007578fc2c0
Event: 1.752 Thread 0x000001326d2197e0 DEOPT UNPACKING pc=0x0000013217c788e2 sp=0x00000007578fb728 mode 0
Event: 1.758 Thread 0x000001326d2197e0 Uncommon trap: trap_request=0xffffff45 fr.pc=0x00000132181fd2ec relative=0x000000000000032c
Event: 1.758 Thread 0x000001326d2197e0 Uncommon trap: reason=unstable_if action=reinterpret pc=0x00000132181fd2ec method=jdk.internal.util.ArraysSupport.mismatch([BI[BII)I @ 55 c2
Event: 1.758 Thread 0x000001326d2197e0 DEOPT PACKING pc=0x00000132181fd2ec sp=0x00000007578fc860
Event: 1.758 Thread 0x000001326d2197e0 DEOPT UNPACKING pc=0x0000013217c77da2 sp=0x00000007578fc758 mode 2
Event: 1.780 Thread 0x000001326d2197e0 Uncommon trap: trap_request=0xffffff45 fr.pc=0x0000013218205a78 relative=0x0000000000000418
Event: 1.780 Thread 0x000001326d2197e0 Uncommon trap: reason=unstable_if action=reinterpret pc=0x0000013218205a78 method=java.lang.Character.isSurrogate(C)Z @ 3 c2
Event: 1.780 Thread 0x000001326d2197e0 DEOPT PACKING pc=0x0000013218205a78 sp=0x00000007578fc6e0
Event: 1.780 Thread 0x000001326d2197e0 DEOPT UNPACKING pc=0x0000013217c77da2 sp=0x00000007578fc5f8 mode 2
Event: 1.957 Thread 0x000001326d2197e0 DEOPT PACKING pc=0x00000132108b519b sp=0x00000007578fce00
Event: 1.957 Thread 0x000001326d2197e0 DEOPT UNPACKING pc=0x0000013217c788e2 sp=0x00000007578fc2d0 mode 0

Classes loaded (20 events):
Event: 1.802 Loading class java/awt/PaintContext done
Event: 1.802 Loading class java/awt/GradientPaintContext done
Event: 1.802 Loading class java/awt/geom/Point2D$Double
Event: 1.802 Loading class java/awt/geom/Point2D$Double done
Event: 1.802 Loading class sun/java2d/pipe/AlphaPaintPipe$TileContext
Event: 1.802 Loading class sun/java2d/pipe/AlphaPaintPipe$TileContext done
Event: 1.803 Loading class sun/awt/image/MultiResolutionToolkitImage
Event: 1.803 Loading class sun/awt/image/MultiResolutionToolkitImage done
Event: 1.807 Loading class java/awt/print/PrinterGraphics
Event: 1.807 Loading class java/awt/print/PrinterGraphics done
Event: 1.807 Loading class java/awt/PrintGraphics
Event: 1.807 Loading class java/awt/PrintGraphics done
Event: 1.832 Loading class java/awt/LightweightDispatcher$1
Event: 1.832 Loading class java/awt/LightweightDispatcher$1 done
Event: 1.832 Loading class java/awt/Toolkit$SelectiveAWTEventListener
Event: 1.832 Loading class java/awt/Toolkit$SelectiveAWTEventListener done
Event: 1.956 Loading class java/awt/event/ContainerEvent
Event: 1.956 Loading class java/awt/event/ContainerEvent done
Event: 1.956 Loading class javax/swing/event/ChangeEvent
Event: 1.956 Loading class javax/swing/event/ChangeEvent done

Classes unloaded (0 events):
No events

Classes redefined (0 events):
No events

Internal exceptions (12 events):
Event: 0.063 Thread 0x000001320622cbb0 Exception <a 'java/lang/ClassNotFoundException'{0x00000004e784a698}: sun/awt/resources/spi/awtProvider> (0x00000004e784a698) 
thrown [s\open\src\hotspot\share\classfile\systemDictionary.cpp, line 312]
Event: 0.078 Thread 0x000001320622cbb0 Exception <a 'java/io/FileNotFoundException'{0x00000004e7916340}> (0x00000004e7916340) 
thrown [s\open\src\hotspot\share\prims\jni.cpp, line 520]
Event: 0.082 Thread 0x000001320622cbb0 Exception <a 'java/io/FileNotFoundException'{0x00000004e7940398}> (0x00000004e7940398) 
thrown [s\open\src\hotspot\share\prims\jni.cpp, line 520]
Event: 0.133 Thread 0x000001320622cbb0 Exception <a 'java/lang/NoSuchMethodError'{0x00000004e7684bf0}: 'void java.lang.invoke.DirectMethodHandle$Holder.invokeSpecial(java.lang.Object, java.lang.Object, java.lang.Object)'> (0x00000004e7684bf0) 
thrown [s\open\src\hotspot\share\interpreter\linkResolver.cpp, line 773]
Event: 0.138 Thread 0x000001320622cbb0 Exception <a 'java/lang/NoSuchMethodError'{0x00000004e76aa680}: 'java.lang.Object java.lang.invoke.DirectMethodHandle$Holder.newInvokeSpecial(java.lang.Object, java.lang.Object, java.lang.Object, java.lang.Object, java.lang.Object)'> (0x00000004e76aa680) 
thrown [s\open\src\hotspot\share\interpreter\linkResolver.cpp, line 773]
Event: 0.141 Thread 0x000001320622cbb0 Exception <a 'java/lang/NoSuchMethodError'{0x00000004e76d6290}: 'java.lang.Object java.lang.invoke.DirectMethodHandle$Holder.invokeStatic(java.lang.Object, int, java.lang.Object)'> (0x00000004e76d6290) 
thrown [s\open\src\hotspot\share\interpreter\linkResolver.cpp, line 773]
Event: 0.153 Thread 0x000001320622cbb0 Exception <a 'java/lang/ClassNotFoundException'{0x00000004e7775c40}: com/sun/swing/internal/plaf/metal/resources/spi/metalProvider> (0x00000004e7775c40) 
thrown [s\open\src\hotspot\share\classfile\systemDictionary.cpp, line 312]
Event: 0.154 Thread 0x000001320622cbb0 Exception <a 'java/lang/ClassNotFoundException'{0x00000004e777ba50}: com/sun/swing/internal/plaf/basic/resources/spi/basicProvider> (0x00000004e777ba50) 
thrown [s\open\src\hotspot\share\classfile\systemDictionary.cpp, line 312]
Event: 0.160 Thread 0x000001320622cbb0 Exception <a 'java/lang/NoSuchMethodError'{0x00000004e779f4d8}: 'int java.lang.invoke.Invokers$Holder.invokeExact_MT(java.lang.Object, java.lang.Object)'> (0x00000004e779f4d8) 
thrown [s\open\src\hotspot\share\interpreter\linkResolver.cpp, line 773]
Event: 0.165 Thread 0x000001326d0c6ab0 Exception <a 'java/lang/NoSuchMethodError'{0x00000004e760e618}: 'void java.lang.invoke.DirectMethodHandle$Holder.invokeVirtual(java.lang.Object, java.lang.Object)'> (0x00000004e760e618) 
thrown [s\open\src\hotspot\share\interpreter\linkResolver.cpp, line 773]
Event: 0.175 Thread 0x000001320622cbb0 Exception <a 'java/lang/NoSuchMethodError'{0x00000004e7401490}: 'void java.lang.invoke.DirectMethodHandle$Holder.invokeStaticInit(java.lang.Object)'> (0x00000004e7401490) 
thrown [s\open\src\hotspot\share\interpreter\linkResolver.cpp, line 773]
Event: 0.182 Thread 0x000001320622cbb0 Exception <a 'java/io/FileNotFoundException'{0x00000004e740da50}> (0x00000004e740da50) 
thrown [s\open\src\hotspot\share\prims\jni.cpp, line 520]

ZGC Phase Switch (0 events):
No events

VM Operations (10 events):
Event: 0.153 Executing VM operation: HandshakeAllThreads (Deoptimize)
Event: 0.153 Executing VM operation: HandshakeAllThreads (Deoptimize) done
Event: 0.170 Executing VM operation: HandshakeAllThreads (Deoptimize)
Event: 0.170 Executing VM operation: HandshakeAllThreads (Deoptimize) done
Event: 0.255 Executing VM operation: HandshakeAllThreads (Deoptimize)
Event: 0.255 Executing VM operation: HandshakeAllThreads (Deoptimize) done
Event: 1.269 Executing VM operation: Cleanup
Event: 1.269 Executing VM operation: Cleanup done
Event: 2.271 Executing VM operation: Cleanup
Event: 2.271 Executing VM operation: Cleanup done

Events (19 events):
Event: 0.016 Thread 0x000001320622cbb0 Thread added: 0x000001320622cbb0
Event: 0.031 Thread 0x0000013224d0de00 Thread added: 0x0000013224d0de00
Event: 0.031 Thread 0x0000013227833fe0 Thread added: 0x0000013227833fe0
Event: 0.032 Thread 0x0000013227836f10 Thread added: 0x0000013227836f10
Event: 0.032 Thread 0x0000013227838b80 Thread added: 0x0000013227838b80
Event: 0.032 Thread 0x000001322783a260 Thread added: 0x000001322783a260
Event: 0.032 Thread 0x000001322783b6b0 Thread added: 0x000001322783b6b0
Event: 0.032 Thread 0x000001322783f500 Thread added: 0x000001322783f500
Event: 0.032 Thread 0x0000013227844020 Thread added: 0x0000013227844020
Event: 0.041 Thread 0x00000132279e4b20 Thread added: 0x00000132279e4b20
Event: 0.044 Thread 0x00000132279f3860 Thread added: 0x00000132279f3860
Event: 0.113 Thread 0x000001326d0f33a0 Thread added: 0x000001326d0f33a0
Event: 0.114 Thread 0x000001326d0c59b0 Thread added: 0x000001326d0c59b0
Event: 0.115 Thread 0x000001326d0c6ab0 Thread added: 0x000001326d0c6ab0
Event: 0.167 Thread 0x000001326d2197e0 Thread added: 0x000001326d2197e0
Event: 0.311 Thread 0x000001320622cbb0 Thread exited: 0x000001320622cbb0
Event: 0.311 Thread 0x000001326d268bc0 Thread added: 0x000001326d268bc0
Event: 1.781 Thread 0x000001326d72c240 Thread added: 0x000001326d72c240
Event: 1.947 Thread 0x000001326d72c240 Thread exited: 0x000001326d72c240


Dynamic libraries:
0x00007ff72bc50000 - 0x00007ff72bc60000 	C:\Program Files\Java\jdk-21\bin\java.exe
0x00007ffc8d090000 - 0x00007ffc8d288000 	C:\WINDOWS\SYSTEM32\ntdll.dll
0x00007ffc8b460000 - 0x00007ffc8b51d000 	C:\WINDOWS\System32\KERNEL32.DLL
0x00007ffc8a800000 - 0x00007ffc8aaf6000 	C:\WINDOWS\System32\KERNELBASE.dll
0x00007ffc851e0000 - 0x00007ffc85270000 	C:\WINDOWS\SYSTEM32\apphelp.dll
0x00007ffc35470000 - 0x00007ffc35906000 	C:\WINDOWS\SYSTEM32\AcLayers.DLL
0x00007ffc8b7f0000 - 0x00007ffc8b88e000 	C:\WINDOWS\System32\msvcrt.dll
0x00007ffc8c630000 - 0x00007ffc8c7cf000 	C:\WINDOWS\System32\USER32.dll
0x00007ffc8a7d0000 - 0x00007ffc8a7f2000 	C:\WINDOWS\System32\win32u.dll
0x00007ffc8b160000 - 0x00007ffc8b18b000 	C:\WINDOWS\System32\GDI32.dll
0x00007ffc8af00000 - 0x00007ffc8b017000 	C:\WINDOWS\System32\gdi32full.dll
0x00007ffc8b020000 - 0x00007ffc8b0bd000 	C:\WINDOWS\System32\msvcp_win.dll
0x00007ffc8adb0000 - 0x00007ffc8aeb0000 	C:\WINDOWS\System32\ucrtbase.dll
0x00007ffc8c880000 - 0x00007ffc8cfeb000 	C:\WINDOWS\System32\SHELL32.dll
0x00007ffc8cff0000 - 0x00007ffc8d045000 	C:\WINDOWS\System32\SHLWAPI.dll
0x00007ffc8b190000 - 0x00007ffc8b240000 	C:\WINDOWS\System32\ADVAPI32.dll
0x00007ffc8b0c0000 - 0x00007ffc8b160000 	C:\WINDOWS\System32\sechost.dll
0x00007ffc8b5e0000 - 0x00007ffc8b703000 	C:\WINDOWS\System32\RPCRT4.dll
0x00007ffc8ab00000 - 0x00007ffc8ab27000 	C:\WINDOWS\System32\bcrypt.dll
0x0000013205f10000 - 0x0000013205f13000 	C:\WINDOWS\SYSTEM32\sfc.dll
0x00007ffc70950000 - 0x00007ffc709f5000 	C:\WINDOWS\SYSTEM32\WINSPOOL.DRV
0x00007ffc8c0b0000 - 0x00007ffc8c403000 	C:\WINDOWS\System32\combase.dll
0x00007ffc8c7d0000 - 0x00007ffc8c87d000 	C:\WINDOWS\System32\shcore.dll
0x00007ffc67890000 - 0x00007ffc678a2000 	C:\WINDOWS\SYSTEM32\sfc_os.DLL
0x00007ffc8c540000 - 0x00007ffc8c572000 	C:\WINDOWS\System32\IMM32.DLL
0x00007ffc73420000 - 0x00007ffc73439000 	C:\Program Files\Java\jdk-21\bin\jli.dll
0x00007ffc73380000 - 0x00007ffc7339b000 	C:\Program Files\Java\jdk-21\bin\VCRUNTIME140.dll
0x00007ffc702c0000 - 0x00007ffc7055a000 	C:\WINDOWS\WinSxS\amd64_microsoft.windows.common-controls_6595b64144ccf1df_6.0.19041.4355_none_60b8b9eb71f62e16\COMCTL32.dll
0x00007ffc7ba50000 - 0x00007ffc7ba5a000 	C:\WINDOWS\SYSTEM32\VERSION.dll
0x00007ffc733e0000 - 0x00007ffc733ec000 	C:\Program Files\Java\jdk-21\bin\vcruntime140_1.dll
0x00007ffc622e0000 - 0x00007ffc6236e000 	C:\Program Files\Java\jdk-21\bin\msvcp140.dll
0x00007ffc2de90000 - 0x00007ffc2eba5000 	C:\Program Files\Java\jdk-21\bin\server\jvm.dll
0x00007ffc8c410000 - 0x00007ffc8c47b000 	C:\WINDOWS\System32\WS2_32.dll
0x00007ffc89cc0000 - 0x00007ffc89d0b000 	C:\WINDOWS\SYSTEM32\POWRPROF.dll
0x00007ffc7c390000 - 0x00007ffc7c3b7000 	C:\WINDOWS\SYSTEM32\WINMM.dll
0x00007ffc89b30000 - 0x00007ffc89b42000 	C:\WINDOWS\SYSTEM32\UMPDC.dll
0x00007ffc88f10000 - 0x00007ffc88f22000 	C:\WINDOWS\SYSTEM32\kernel.appcore.dll
0x00007ffc73370000 - 0x00007ffc7337a000 	C:\Program Files\Java\jdk-21\bin\jimage.dll
0x00007ffc884a0000 - 0x00007ffc88684000 	C:\WINDOWS\SYSTEM32\DBGHELP.DLL
0x00007ffc62da0000 - 0x00007ffc62dd4000 	C:\WINDOWS\SYSTEM32\dbgcore.DLL
0x00007ffc8a740000 - 0x00007ffc8a7c2000 	C:\WINDOWS\System32\bcryptPrimitives.dll
0x00007ffc73280000 - 0x00007ffc7329f000 	C:\Program Files\Java\jdk-21\bin\java.dll
0x00007ffc88690000 - 0x00007ffc88e2d000 	C:\WINDOWS\SYSTEM32\windows.storage.dll
0x00007ffc8a160000 - 0x00007ffc8a18e000 	C:\WINDOWS\SYSTEM32\Wldp.dll
0x00007ffc8b9b0000 - 0x00007ffc8ba7d000 	C:\WINDOWS\System32\OLEAUT32.dll
0x00007ffc8a670000 - 0x00007ffc8a694000 	C:\WINDOWS\SYSTEM32\profapi.dll
0x00007ffc373a0000 - 0x00007ffc37477000 	C:\Program Files\Java\jdk-21\bin\jsvml.dll
0x00000000624c0000 - 0x00000000624d7000 	C:\Users\14858\Desktop\Cwork\genealogy-homework\C_functions.dll
0x00007ffc35e00000 - 0x00007ffc35f8f000 	C:\Program Files\Java\jdk-21\bin\awt.dll
0x00007ffc85730000 - 0x00007ffc8575f000 	C:\WINDOWS\system32\DWMAPI.DLL
0x00007ffc853a0000 - 0x00007ffc8543e000 	C:\WINDOWS\system32\uxtheme.dll
0x00007ffc50900000 - 0x00007ffc50a25000 	C:\WINDOWS\system32\opengl32.dll
0x00007ffc508d0000 - 0x00007ffc508fc000 	C:\WINDOWS\SYSTEM32\GLU32.dll
0x00007ffc8b890000 - 0x00007ffc8b9a4000 	C:\WINDOWS\System32\MSCTF.dll
0x00007ffc8bf80000 - 0x00007ffc8c0ab000 	C:\WINDOWS\System32\ole32.dll
0x00007ffc35d70000 - 0x00007ffc35df7000 	C:\Program Files\Java\jdk-21\bin\freetype.dll
0x00007ffc35970000 - 0x00007ffc35a43000 	C:\Program Files\Java\jdk-21\bin\fontmanager.dll
0x00007ffc7a9b0000 - 0x00007ffc7aaa9000 	C:\WINDOWS\SYSTEM32\textinputframework.dll
0x00007ffc84b30000 - 0x00007ffc84e8b000 	C:\WINDOWS\System32\CoreUIComponents.dll
0x00007ffc84e90000 - 0x00007ffc84f82000 	C:\WINDOWS\System32\CoreMessaging.dll
0x00007ffc89870000 - 0x00007ffc898a3000 	C:\WINDOWS\SYSTEM32\ntmarta.dll
0x00007ffc839c0000 - 0x00007ffc83b17000 	C:\WINDOWS\SYSTEM32\wintypes.dll
0x00007ffc73350000 - 0x00007ffc73360000 	C:\Program Files\Java\jdk-21\bin\net.dll
0x00007ffc83410000 - 0x00007ffc8351a000 	C:\WINDOWS\SYSTEM32\WINHTTP.dll
0x00007ffc89ec0000 - 0x00007ffc89f2a000 	C:\WINDOWS\system32\mswsock.dll
0x00007ffc730a0000 - 0x00007ffc730b6000 	C:\Program Files\Java\jdk-21\bin\nio.dll

dbghelp: loaded successfully - version: 4.0.5 - missing functions: none
symbol engine: initialized successfully - sym options: 0x614 - pdb path: .;C:\Program Files\Java\jdk-21\bin;C:\WINDOWS\SYSTEM32;C:\WINDOWS\WinSxS\amd64_microsoft.windows.common-controls_6595b64144ccf1df_6.0.19041.4355_none_60b8b9eb71f62e16;C:\Program Files\Java\jdk-21\bin\server;C:\Users\14858\Desktop\Cwork\genealogy-homework

VM Arguments:
java_command: JavaGUI
java_class_path (initial): .
Launcher Type: SUN_STANDARD

[Global flags]
     intx CICompilerCount                          = 4                                         {product} {ergonomic}
     uint ConcGCThreads                            = 3                                         {product} {ergonomic}
     uint G1ConcRefinementThreads                  = 10                                        {product} {ergonomic}
   size_t G1HeapRegionSize                         = 2097152                                   {product} {ergonomic}
    uintx GCDrainStackTargetSize                   = 64                                        {product} {ergonomic}
   size_t InitialHeapSize                          = 264241152                                 {product} {ergonomic}
   size_t MarkStackSize                            = 4194304                                   {product} {ergonomic}
   size_t MaxHeapSize                              = 4227858432                                {product} {ergonomic}
   size_t MaxNewSize                               = 2535456768                                {product} {ergonomic}
   size_t MinHeapDeltaBytes                        = 2097152                                   {product} {ergonomic}
   size_t MinHeapSize                              = 8388608                                   {product} {ergonomic}
    uintx NonNMethodCodeHeapSize                   = 5839372                                {pd product} {ergonomic}
    uintx NonProfiledCodeHeapSize                  = 122909434                              {pd product} {ergonomic}
    uintx ProfiledCodeHeapSize                     = 122909434                              {pd product} {ergonomic}
    uintx ReservedCodeCacheSize                    = 251658240                              {pd product} {ergonomic}
     bool SegmentedCodeCache                       = true                                      {product} {ergonomic}
   size_t SoftMaxHeapSize                          = 4227858432                             {manageable} {ergonomic}
     bool UseCompressedOops                        = true                           {product lp64_product} {ergonomic}
     bool UseG1GC                                  = true                                      {product} {ergonomic}
     bool UseLargePagesIndividualAllocation        = false                                  {pd product} {ergonomic}

Logging:
Log output configuration:
 #0: stdout all=warning uptime,level,tags foldmultilines=false
 #1: stderr all=off uptime,level,tags foldmultilines=false

Environment Variables:
JAVA_HOME=C:\Program Files\Java\jdk-21
PATH=C:\Program Files\Common Files\Oracle\Java\javapath;C:\Program Files (x86)\Common Files\Oracle\Java\java8path;C:\Program Files (x86)\Common Files\Oracle\Java\javapath;C:\Program Files (x86)\VMware\VMware Workstation\bin\;C:\Windows\system32;C:\Windows;C:\Windows\System32\Wbem;C:\Windows\System32\WindowsPowerShell\v1.0\;C:\Windows\System32\OpenSSH\;C:\Program Files\WireGuard\;C:\Program Files\mingw64\bin\;C:\Program Files\NVIDIA Corporation\NVIDIA NvDLISR;C:\WINDOWS\system32;C:\WINDOWS;C:\WINDOWS\System32\Wbem;C:\WINDOWS\System32\WindowsPowerShell\v1.0\;C:\WINDOWS\System32\OpenSSH\;C:\Program Files\Git\cmd;C:\Program Files (x86)\NVIDIA Corporation\PhysX\Common;C:\Program Files\dotnet\;C:\Program Files (x86)\GTK2-Runtime\bin;C:\Program Files (x86)\Windows Kits\10\Windows Performance Toolkit\;C:\Program Files (x86)\Microsoft SQL Server\100\Tools\Binn\;C:\Program Files (x86)\Microsoft SQL Server\100\DTS\Binn\;C:\Program Files (x86)\Microsoft SQL Server\100\Tools\Binn\VSShell\Common7\IDE\;C:\Program Files\Docker\Docker\resources\bin;C:\Program Files\Cloudflare\Cloudflare WARP\;C:\Program Files (x86)\NetSarang\Xftp 7\;C:\Program Files (x86)\NetSarang\Xshell 7\;C:\Users\14858\anaconda3;C:\Users\14858\anaconda3\Library\mingw-w64\bin;C:\Users\14858\anaconda3\Library\usr\bin;C:\Users\14858\anaconda3\Library\bin;C:\Users\14858\anaconda3\Scripts;C:\Users\14858\AppData\Local\Programs\Python\Python311\Scripts\;C:\Users\14858\AppData\Local\Programs\Python\Python311\;C:\Users\14858\AppData\Local\Microsoft\WindowsApps;C:\Users\14858\AppData\Local\Programs\Microsoft VS Code\bin;C:\Program Files\JetBrains\PyCharm 2023.2.1\bin;C:\Program Files\mingw64\bin;C:\php-8.2.12-Win32-vs16-x64;C:\Users\14858\AppData\Local\GitHubDesktop\bin;C:\Program Files\CMake\bin;C:\Program Files\JetBrains\PyCharm Community Edition 2023.3.4\bin;;C:\Users\14858\AppData\Local\Programs\MiKTeX\miktex\bin\x64\
USERNAME=y~
LANG=zh_CN.UTF-8
OS=Windows_NT
PROCESSOR_IDENTIFIER=Intel64 Family 6 Model 141 Stepping 1, GenuineIntel
TMP=C:\Users\14858\AppData\Local\Temp
TEMP=C:\Users\14858\AppData\Local\Temp




Periodic native trim disabled

---------------  S Y S T E M  ---------------

OS:
 Windows 10 , 64 bit Build 19041 (10.0.19041.3636)
OS uptime: 0 days 13:55 hours
Hyper-V role detected

CPU: total 12 (initial active 12) (6 cores per cpu, 2 threads per core) family 6 model 141 stepping 1 microcode 0x34, cx8, cmov, fxsr, ht, mmx, 3dnowpref, sse, sse2, sse3, ssse3, sse4.1, sse4.2, popcnt, lzcnt, tsc, tscinvbit, avx, avx2, aes, erms, clmul, bmi1, bmi2, adx, avx512f, avx512dq, avx512cd, avx512bw, avx512vl, sha, fma, vzeroupper, avx512_vpopcntdq, avx512_vpclmulqdq, avx512_vaes, avx512_vnni, clflush, clflushopt, clwb, avx512_vbmi2, avx512_vbmi, hv, rdtscp, rdpid, fsrm, gfni, avx512_bitalg, f16c, cet_ibt, cet_ss, avx512_ifma
Processor Information for all 12 processors :
  Max Mhz: 2688, Current Mhz: 2688, Mhz Limit: 2688

Memory: 4k page, system-wide physical 16121M (6487M free)
TotalPageFile size 21241M (AvailPageFile size 5442M)
current process WorkingSet (physical memory assigned to process): 115M, peak: 116M
current process commit charge ("private bytes"): 385M, peak: 388M

vm_info: Java HotSpot(TM) 64-Bit Server VM (21.0.1+12-LTS-29) for windows-amd64 JRE (21.0.1+12-LTS-29), built on 2023-10-05T13:27:09Z by "mach5one" with MS VC++ 17.1 (VS2022)

END.
