#
# A fatal error has been detected by the Java Runtime Environment:
#
#  EXCEPTION_ACCESS_VIOLATION (0xc0000005) at pc=0x00000000624c17c1, pid=13016, tid=10820
#
# JRE version: Java(TM) SE Runtime Environment (21.0.1+12) (build 21.0.1+12-LTS-29)
# Java VM: Java HotSpot(TM) 64-Bit Server VM (21.0.1+12-LTS-29, mixed mode, sharing, tiered, compressed oops, compressed class ptrs, g1 gc, windows-amd64)
# Problematic frame:
# C  [C_functions.dll+0x17c1]
#
# No core dump will be written. Minidumps are not enabled by default on client versions of Windows
#
# If you would like to submit a bug report, please visit:
#   https://bugreport.java.com/bugreport/crash.jsp
# The crash happened outside the Java Virtual Machine in native code.
# See problematic frame for where to report the bug.
#

---------------  S U M M A R Y ------------

Command Line: -agentlib:jdwp=transport=dt_socket,server=n,suspend=y,address=localhost:62775 --enable-preview -XX:+ShowCodeDetailsInExceptionMessages JavaGUI

Host: 11th Gen Intel(R) Core(TM) i5-11400H @ 2.70GHz, 12 cores, 15G,  Windows 10 , 64 bit Build 19041 (10.0.19041.3636)
Time: Mon Feb  5 14:05:40 2024  Windows 10 , 64 bit Build 19041 (10.0.19041.3636) elapsed time: 0.111519 seconds (0d 0h 0m 0s)

---------------  T H R E A D  ---------------

Current thread (0x0000029c14f6cd80):  JavaThread "main"             [_thread_in_native, id=10820, stack(0x000000fb8d500000,0x000000fb8d600000) (1024K)]

Stack: [0x000000fb8d500000,0x000000fb8d600000],  sp=0x000000fb8d5ff420,  free space=1021k
Native frames: (J=compiled Java code, j=interpreted, Vv=VM code, C=native code)
C  [C_functions.dll+0x17c1]

Java frames: (J=compiled Java code, j=interpreted, Vv=VM code)
j  JavaGUI.insert(JLjava/lang/String;Ljava/lang/String;IIIZLjava/lang/String;ZIII)J+0
j  JavaGUI.main([Ljava/lang/String;)V+24
v  ~StubRoutines::call_stub 0x0000029c263d10e7

siginfo: EXCEPTION_ACCESS_VIOLATION (0xc0000005), reading address 0x0000000000000040


Registers:
RAX=0x0000000000000000, RBX=0x0000029c784005d8, RCX=0x0000000000000000, RDX=0x0000000000000000
RSP=0x000000fb8d5ff420, RBP=0x000000fb8d5ff4a0, RSI=0x000000fb8d5ffb50, RDI=0x000000fb8d5ffb58
R8 =0x0000000000000000, R9 =0x0000000000000324, R10=0x0000000000000000, R11=0x0000029c15350150
R12=0x0000000000000000, R13=0x0000029c784005d8, R14=0x000000fb8d5ff6c8, R15=0x0000029c14f6cd80
RIP=0x00000000624c17c1, EFLAGS=0x0000000000010202


Register to memory mapping:

RAX=0x0 is null
RBX={method} {0x0000029c784005e0} 'insert' '(JLjava/lang/String;Ljava/lang/String;IIIZLjava/lang/String;ZIII)J' in 'JavaGUI'
RCX=0x0 is null
RDX=0x0 is null
RSP=0x000000fb8d5ff420 is pointing into the stack for thread: 0x0000029c14f6cd80
RBP=0x000000fb8d5ff4a0 is pointing into the stack for thread: 0x0000029c14f6cd80
RSI=0x000000fb8d5ffb50 is pointing into the stack for thread: 0x0000029c14f6cd80
RDI=0x000000fb8d5ffb58 is pointing into the stack for thread: 0x0000029c14f6cd80
R8 =0x0 is null
R9 =0x0000000000000324 is an unknown value
R10=0x0 is null
R11=0x0000029c15350150 points into unknown readable memory: 0x0000029c1535b590 | 90 b5 35 15 9c 02 00 00
R12=0x0 is null
R13={method} {0x0000029c784005e0} 'insert' '(JLjava/lang/String;Ljava/lang/String;IIIZLjava/lang/String;ZIII)J' in 'JavaGUI'
R14=0x000000fb8d5ff6c8 is pointing into the stack for thread: 0x0000029c14f6cd80
R15=0x0000029c14f6cd80 is a thread

Top of Stack: (sp=0x000000fb8d5ff420)
0x000000fb8d5ff420:   0000000000000000 0000029c368c34b0
0x000000fb8d5ff430:   0000000000000000 0000029c368c3420
0x000000fb8d5ff440:   0000000700000000 0000029c1535b490
0x000000fb8d5ff450:   0000029c368c34b0 0000020014f6cd00
0x000000fb8d5ff460:   00007ffb6d0b23d8 00000006368dfca8
0x000000fb8d5ff470:   0000000000000000 0000029c1535b4b0
0x000000fb8d5ff480:   0000029c1535b470 000000fb8d5ff46c
0x000000fb8d5ff490:   0000029c1535b490 000000fb8d5ffb50
0x000000fb8d5ff4a0:   000000fb8d5ff550 00000000624c2299
0x000000fb8d5ff4b0:   0000000000000000 0000029c368c34b0
0x000000fb8d5ff4c0:   0000029c368c34d0 000000fb00000000
0x000000fb8d5ff4d0:   000000fb00000000 0000029c00000000
0x000000fb8d5ff4e0:   000000fb00000000 0000029c368c3420
0x000000fb8d5ff4f0:   0000029c00000000 0015549800000000
0x000000fb8d5ff500:   0000029c00000000 000000fb00000000
0x000000fb8d5ff510:   0000029c784005d8 0000020014f6cd00
0x000000fb8d5ff520:   000000068d5ffb58 0000000000000000
0x000000fb8d5ff530:   0000029c368c34b0 0000029c368c3420
0x000000fb8d5ff540:   0000029c368c34d0 000000fb8d5ff524
0x000000fb8d5ff550:   000000fb8d5ff640 0000029c263e0816
0x000000fb8d5ff560:   0000029c14f6d138 000000fb8d5ff6c8
0x000000fb8d5ff570:   0000000000000000 000000fb8d5ff6b0
0x000000fb8d5ff580:   000000fb8d5ff6a8 0000029c00000000
0x000000fb8d5ff590:   0000029c00000000 00007ffb00000000
0x000000fb8d5ff5a0:   000000fb00000000 000000fb8d5ff680
0x000000fb8d5ff5b0:   0000029c00000000 000000fb00000000
0x000000fb8d5ff5c0:   000000fb00000000 0000029c00000000
0x000000fb8d5ff5d0:   0000029c784005d8 000000fb8d5ffb50
0x000000fb8d5ff5e0:   0000029c263fbb61 0000029c263d8190
0x000000fb8d5ff5f0:   0000029c263e011f 000000fb8d5ff5f8
0x000000fb8d5ff600:   0000029c784005d8 0000000000000011
0x000000fb8d5ff610:   0000029c784008e0 0000000000000000 

Instructions: (pc=0x00000000624c17c1)
0x00000000624c16c1:   45 b8 c7 45 cc 06 00 00 00 48 8d 45 cc 48 89 45
0x00000000624c16d1:   e8 48 83 7d 10 00 74 18 48 8b 45 18 0f b6 00 0f
0x00000000624c16e1:   b6 c0 85 c0 75 0a b8 00 00 00 00 e9 2d 01 00 00
0x00000000624c16f1:   b9 0c 00 00 00 e8 bd 1f 00 00 48 89 45 e0 48 8b
0x00000000624c1701:   45 e0 8b 55 28 89 10 48 8b 45 e0 8b 55 30 89 50
0x00000000624c1711:   04 48 8b 45 e0 8b 55 38 89 50 08 80 7d b8 00 74
0x00000000624c1721:   0a 48 c7 45 f0 00 00 00 00 eb 2b b9 0c 00 00 00
0x00000000624c1731:   e8 82 1f 00 00 48 89 45 f0 48 8b 45 f0 8b 55 58
0x00000000624c1741:   89 10 48 8b 45 f0 8b 55 60 89 50 04 48 8b 45 f0
0x00000000624c1751:   8b 55 68 89 50 08 0f b6 45 b8 44 0f b6 45 bc 4c
0x00000000624c1761:   8b 55 48 48 8b 55 e0 48 8b 4d 20 4c 8b 4d f0 4c
0x00000000624c1771:   89 4c 24 28 89 44 24 20 4d 89 d1 e8 3a fc ff ff
0x00000000624c1781:   48 89 45 d8 48 83 7d 18 00 75 11 48 8b 45 d8 48
0x00000000624c1791:   89 45 10 48 8b 45 e8 e9 81 00 00 00 48 8b 45 18
0x00000000624c17a1:   48 89 c2 48 8b 4d 10 e8 85 fd ff ff 48 89 45 d0
0x00000000624c17b1:   48 8b 45 d8 48 8b 55 d0 48 89 50 38 48 8b 45 d0
0x00000000624c17c1:   48 8b 40 40 48 85 c0 75 0e 48 8b 45 d0 48 8b 55
0x00000000624c17d1:   d8 48 89 50 40 eb 33 48 8b 45 d0 48 8b 40 40 48
0x00000000624c17e1:   89 45 f8 eb 0c 48 8b 45 f8 48 8b 40 48 48 89 45
0x00000000624c17f1:   f8 48 8b 45 f8 48 8b 40 48 48 85 c0 75 e7 48 8b
0x00000000624c1801:   45 f8 48 8b 55 d8 48 89 50 48 48 8b 45 d0 8b 00
0x00000000624c1811:   8d 50 01 48 8b 45 d8 89 10 48 8b 45 10 48 83 ec
0x00000000624c1821:   80 5d c3 55 48 89 e5 48 83 ec 10 48 89 4d 10 48
0x00000000624c1831:   89 55 18 4c 89 45 20 44 89 c8 8b 55 38 88 45 28
0x00000000624c1841:   89 d0 88 45 fc 48 8b 45 10 48 8b 55 18 48 89 50
0x00000000624c1851:   08 48 8b 45 10 48 8b 55 20 48 89 50 10 48 8b 55
0x00000000624c1861:   10 0f b6 45 28 88 42 18 48 8b 45 10 48 8b 55 30
0x00000000624c1871:   48 89 50 20 48 8b 55 10 0f b6 45 fc 88 42 28 48
0x00000000624c1881:   8b 45 10 48 8b 55 40 48 89 50 30 48 8b 45 10 48
0x00000000624c1891:   83 c4 10 5d c3 55 53 48 83 ec 38 48 8d ac 24 80
0x00000000624c18a1:   00 00 00 48 89 4d d0 c7 45 ac 00 00 00 00 48 83
0x00000000624c18b1:   7d d0 00 75 07 b8 00 00 00 00 eb 27 48 8b 45 d0 


Stack slot to memory mapping:

stack at sp + 0 slots: 0x0 is null
stack at sp + 1 slots: 0x0000029c368c34b0 points into unknown readable memory: 0x000000006c6c756e | 6e 75 6c 6c 00 00 00 00
stack at sp + 2 slots: 0x0 is null
stack at sp + 3 slots: 0x0000029c368c3420 points into unknown readable memory: 0x007372006c6c756e | 6e 75 6c 6c 00 72 73 00
stack at sp + 4 slots: 0x0000000700000000 is an unknown value
stack at sp + 5 slots: 0x0000029c1535b490 points into unknown readable memory: 0x0000000000000000 | 00 00 00 00 00 00 00 00
stack at sp + 6 slots: 0x0000029c368c34b0 points into unknown readable memory: 0x000000006c6c756e | 6e 75 6c 6c 00 00 00 00
stack at sp + 7 slots: 0x0000020014f6cd00 is an unknown value


---------------  P R O C E S S  ---------------

Threads class SMR info:
_java_thread_list=0x0000029c368cfc00, length=14, elements={
0x0000029c14f6cd80, 0x0000029c366c7280, 0x0000029c366c8050, 0x0000029c366cb190,
0x0000029c366cde60, 0x0000029c366d0fa0, 0x0000029c366dfcf0, 0x0000029c36706180,
0x0000029c3670ed50, 0x0000029c368d6e00, 0x0000029c368dc610, 0x0000029c368dedb0,
0x0000029c368e23b0, 0x0000029c368eea50
}

Java Threads: ( => current thread )
=>0x0000029c14f6cd80 JavaThread "main"                              [_thread_in_native, id=10820, stack(0x000000fb8d500000,0x000000fb8d600000) (1024K)]
  0x0000029c366c7280 JavaThread "Reference Handler"          daemon [_thread_blocked, id=2760, stack(0x000000fb8dd00000,0x000000fb8de00000) (1024K)]
  0x0000029c366c8050 JavaThread "Finalizer"                  daemon [_thread_blocked, id=1772, stack(0x000000fb8de00000,0x000000fb8df00000) (1024K)]
  0x0000029c366cb190 JavaThread "Signal Dispatcher"          daemon [_thread_blocked, id=10524, stack(0x000000fb8df00000,0x000000fb8e000000) (1024K)]
  0x0000029c366cde60 JavaThread "Attach Listener"            daemon [_thread_blocked, id=4756, stack(0x000000fb8e000000,0x000000fb8e100000) (1024K)]
  0x0000029c366d0fa0 JavaThread "Service Thread"             daemon [_thread_blocked, id=5844, stack(0x000000fb8e100000,0x000000fb8e200000) (1024K)]
  0x0000029c366dfcf0 JavaThread "Monitor Deflation Thread"   daemon [_thread_blocked, id=7764, stack(0x000000fb8e200000,0x000000fb8e300000) (1024K)]
  0x0000029c36706180 JavaThread "C2 CompilerThread0"         daemon [_thread_blocked, id=840, stack(0x000000fb8e300000,0x000000fb8e400000) (1024K)]
  0x0000029c3670ed50 JavaThread "C1 CompilerThread0"         daemon [_thread_blocked, id=15084, stack(0x000000fb8e400000,0x000000fb8e500000) (1024K)]
  0x0000029c368d6e00 JavaThread "JDWP Transport Listener: dt_socket" daemon [_thread_blocked, id=4224, stack(0x000000fb8e500000,0x000000fb8e600000) (1024K)]
  0x0000029c368dc610 JavaThread "JDWP Event Helper Thread"   daemon [_thread_blocked, id=16240, stack(0x000000fb8e600000,0x000000fb8e700000) (1024K)]
  0x0000029c368dedb0 JavaThread "JDWP Command Reader"        daemon [_thread_in_native, id=5472, stack(0x000000fb8e700000,0x000000fb8e800000) (1024K)]
  0x0000029c368e23b0 JavaThread "Notification Thread"        daemon [_thread_blocked, id=15444, stack(0x000000fb8e800000,0x000000fb8e900000) (1024K)]
  0x0000029c368eea50 JavaThread "Common-Cleaner"             daemon [_thread_blocked, id=14952, stack(0x000000fb8e900000,0x000000fb8ea00000) (1024K)]
Total: 14

Other Threads:
  0x0000029c366a6480 VMThread "VM Thread"                           [id=16008, stack(0x000000fb8dc00000,0x000000fb8dd00000) (1024K)]
  0x0000029c3668dbf0 WatcherThread "VM Periodic Task Thread"        [id=2836, stack(0x000000fb8db00000,0x000000fb8dc00000) (1024K)]
  0x0000029c152ced50 WorkerThread "GC Thread#0"                     [id=14104, stack(0x000000fb8d600000,0x000000fb8d700000) (1024K)]
  0x0000029c152e02f0 ConcurrentGCThread "G1 Main Marker"            [id=16332, stack(0x000000fb8d700000,0x000000fb8d800000) (1024K)]
  0x0000029c152e0df0 WorkerThread "G1 Conc#0"                       [id=15640, stack(0x000000fb8d800000,0x000000fb8d900000) (1024K)]
  0x0000029c36564500 ConcurrentGCThread "G1 Refine#0"               [id=8544, stack(0x000000fb8d900000,0x000000fb8da00000) (1024K)]
  0x0000029c1533e0a0 ConcurrentGCThread "G1 Service"                [id=1356, stack(0x000000fb8da00000,0x000000fb8db00000) (1024K)]
Total: 7

Threads with active compile tasks:
Total: 0

VM state: not at safepoint (normal execution)

VM Mutex/Monitor currently owned by a thread: None

Heap address: 0x0000000704000000, size: 4032 MB, Compressed Oops mode: Zero based, Oop shift amount: 3

CDS archive(s) mapped at: [0x0000029c37000000-0x0000029c37c90000-0x0000029c37c90000), size 13172736, SharedBaseAddress: 0x0000029c37000000, ArchiveRelocationMode: 1.
Compressed class space mapped at: 0x0000029c38000000-0x0000029c78000000, reserved size: 1073741824
Narrow klass base: 0x0000029c37000000, Narrow klass shift: 0, Narrow klass range: 0x100000000

GC Precious Log:
 CardTable entry size: 512
 Card Set container configuration: InlinePtr #cards 4 size 8 Array Of Cards #cards 16 size 48 Howl #buckets 8 coarsen threshold 3686 Howl Bitmap #cards 512 size 80 coarsen threshold 460 Card regions per heap region 1 cards per card region 4096
 CPUs: 12 total, 12 available
 Memory: 16121M
 Large Page Support: Disabled
 NUMA Support: Disabled
 Compressed Oops: Enabled (Zero based)
 Heap Region Size: 2M
 Heap Min Capacity: 8M
 Heap Initial Capacity: 252M
 Heap Max Capacity: 4032M
 Pre-touch: Disabled
 Parallel Workers: 10
 Concurrent Workers: 3
 Concurrent Refinement Workers: 10
 Periodic GC: Disabled

Heap:
 garbage-first heap   total 258048K, used 2048K [0x0000000704000000, 0x0000000800000000)
  region size 2048K, 2 young (4096K), 0 survivors (0K)
 Metaspace       used 220K, committed 448K, reserved 1114112K
  class space    used 11K, committed 128K, reserved 1048576K

Heap Regions: E=young(eden), S=young(survivor), O=old, HS=humongous(starts), HC=humongous(continues), CS=collection set, F=free, TAMS=top-at-mark-start, PB=parsable bottom
|   0|0x0000000704000000, 0x0000000704000000, 0x0000000704200000|  0%| F|  |TAMS 0x0000000704000000| PB 0x0000000704000000| Untracked 
|   1|0x0000000704200000, 0x0000000704200000, 0x0000000704400000|  0%| F|  |TAMS 0x0000000704200000| PB 0x0000000704200000| Untracked 
|   2|0x0000000704400000, 0x0000000704400000, 0x0000000704600000|  0%| F|  |TAMS 0x0000000704400000| PB 0x0000000704400000| Untracked 
|   3|0x0000000704600000, 0x0000000704600000, 0x0000000704800000|  0%| F|  |TAMS 0x0000000704600000| PB 0x0000000704600000| Untracked 
|   4|0x0000000704800000, 0x0000000704800000, 0x0000000704a00000|  0%| F|  |TAMS 0x0000000704800000| PB 0x0000000704800000| Untracked 
|   5|0x0000000704a00000, 0x0000000704a00000, 0x0000000704c00000|  0%| F|  |TAMS 0x0000000704a00000| PB 0x0000000704a00000| Untracked 
|   6|0x0000000704c00000, 0x0000000704c00000, 0x0000000704e00000|  0%| F|  |TAMS 0x0000000704c00000| PB 0x0000000704c00000| Untracked 
|   7|0x0000000704e00000, 0x0000000704e00000, 0x0000000705000000|  0%| F|  |TAMS 0x0000000704e00000| PB 0x0000000704e00000| Untracked 
|   8|0x0000000705000000, 0x0000000705000000, 0x0000000705200000|  0%| F|  |TAMS 0x0000000705000000| PB 0x0000000705000000| Untracked 
|   9|0x0000000705200000, 0x0000000705200000, 0x0000000705400000|  0%| F|  |TAMS 0x0000000705200000| PB 0x0000000705200000| Untracked 
|  10|0x0000000705400000, 0x0000000705400000, 0x0000000705600000|  0%| F|  |TAMS 0x0000000705400000| PB 0x0000000705400000| Untracked 
|  11|0x0000000705600000, 0x0000000705600000, 0x0000000705800000|  0%| F|  |TAMS 0x0000000705600000| PB 0x0000000705600000| Untracked 
|  12|0x0000000705800000, 0x0000000705800000, 0x0000000705a00000|  0%| F|  |TAMS 0x0000000705800000| PB 0x0000000705800000| Untracked 
|  13|0x0000000705a00000, 0x0000000705a00000, 0x0000000705c00000|  0%| F|  |TAMS 0x0000000705a00000| PB 0x0000000705a00000| Untracked 
|  14|0x0000000705c00000, 0x0000000705c00000, 0x0000000705e00000|  0%| F|  |TAMS 0x0000000705c00000| PB 0x0000000705c00000| Untracked 
|  15|0x0000000705e00000, 0x0000000705e00000, 0x0000000706000000|  0%| F|  |TAMS 0x0000000705e00000| PB 0x0000000705e00000| Untracked 
|  16|0x0000000706000000, 0x0000000706000000, 0x0000000706200000|  0%| F|  |TAMS 0x0000000706000000| PB 0x0000000706000000| Untracked 
|  17|0x0000000706200000, 0x0000000706200000, 0x0000000706400000|  0%| F|  |TAMS 0x0000000706200000| PB 0x0000000706200000| Untracked 
|  18|0x0000000706400000, 0x0000000706400000, 0x0000000706600000|  0%| F|  |TAMS 0x0000000706400000| PB 0x0000000706400000| Untracked 
|  19|0x0000000706600000, 0x0000000706600000, 0x0000000706800000|  0%| F|  |TAMS 0x0000000706600000| PB 0x0000000706600000| Untracked 
|  20|0x0000000706800000, 0x0000000706800000, 0x0000000706a00000|  0%| F|  |TAMS 0x0000000706800000| PB 0x0000000706800000| Untracked 
|  21|0x0000000706a00000, 0x0000000706a00000, 0x0000000706c00000|  0%| F|  |TAMS 0x0000000706a00000| PB 0x0000000706a00000| Untracked 
|  22|0x0000000706c00000, 0x0000000706c00000, 0x0000000706e00000|  0%| F|  |TAMS 0x0000000706c00000| PB 0x0000000706c00000| Untracked 
|  23|0x0000000706e00000, 0x0000000706e00000, 0x0000000707000000|  0%| F|  |TAMS 0x0000000706e00000| PB 0x0000000706e00000| Untracked 
|  24|0x0000000707000000, 0x0000000707000000, 0x0000000707200000|  0%| F|  |TAMS 0x0000000707000000| PB 0x0000000707000000| Untracked 
|  25|0x0000000707200000, 0x0000000707200000, 0x0000000707400000|  0%| F|  |TAMS 0x0000000707200000| PB 0x0000000707200000| Untracked 
|  26|0x0000000707400000, 0x0000000707400000, 0x0000000707600000|  0%| F|  |TAMS 0x0000000707400000| PB 0x0000000707400000| Untracked 
|  27|0x0000000707600000, 0x0000000707600000, 0x0000000707800000|  0%| F|  |TAMS 0x0000000707600000| PB 0x0000000707600000| Untracked 
|  28|0x0000000707800000, 0x0000000707800000, 0x0000000707a00000|  0%| F|  |TAMS 0x0000000707800000| PB 0x0000000707800000| Untracked 
|  29|0x0000000707a00000, 0x0000000707a00000, 0x0000000707c00000|  0%| F|  |TAMS 0x0000000707a00000| PB 0x0000000707a00000| Untracked 
|  30|0x0000000707c00000, 0x0000000707c00000, 0x0000000707e00000|  0%| F|  |TAMS 0x0000000707c00000| PB 0x0000000707c00000| Untracked 
|  31|0x0000000707e00000, 0x0000000707e00000, 0x0000000708000000|  0%| F|  |TAMS 0x0000000707e00000| PB 0x0000000707e00000| Untracked 
|  32|0x0000000708000000, 0x0000000708000000, 0x0000000708200000|  0%| F|  |TAMS 0x0000000708000000| PB 0x0000000708000000| Untracked 
|  33|0x0000000708200000, 0x0000000708200000, 0x0000000708400000|  0%| F|  |TAMS 0x0000000708200000| PB 0x0000000708200000| Untracked 
|  34|0x0000000708400000, 0x0000000708400000, 0x0000000708600000|  0%| F|  |TAMS 0x0000000708400000| PB 0x0000000708400000| Untracked 
|  35|0x0000000708600000, 0x0000000708600000, 0x0000000708800000|  0%| F|  |TAMS 0x0000000708600000| PB 0x0000000708600000| Untracked 
|  36|0x0000000708800000, 0x0000000708800000, 0x0000000708a00000|  0%| F|  |TAMS 0x0000000708800000| PB 0x0000000708800000| Untracked 
|  37|0x0000000708a00000, 0x0000000708a00000, 0x0000000708c00000|  0%| F|  |TAMS 0x0000000708a00000| PB 0x0000000708a00000| Untracked 
|  38|0x0000000708c00000, 0x0000000708c00000, 0x0000000708e00000|  0%| F|  |TAMS 0x0000000708c00000| PB 0x0000000708c00000| Untracked 
|  39|0x0000000708e00000, 0x0000000708e00000, 0x0000000709000000|  0%| F|  |TAMS 0x0000000708e00000| PB 0x0000000708e00000| Untracked 
|  40|0x0000000709000000, 0x0000000709000000, 0x0000000709200000|  0%| F|  |TAMS 0x0000000709000000| PB 0x0000000709000000| Untracked 
|  41|0x0000000709200000, 0x0000000709200000, 0x0000000709400000|  0%| F|  |TAMS 0x0000000709200000| PB 0x0000000709200000| Untracked 
|  42|0x0000000709400000, 0x0000000709400000, 0x0000000709600000|  0%| F|  |TAMS 0x0000000709400000| PB 0x0000000709400000| Untracked 
|  43|0x0000000709600000, 0x0000000709600000, 0x0000000709800000|  0%| F|  |TAMS 0x0000000709600000| PB 0x0000000709600000| Untracked 
|  44|0x0000000709800000, 0x0000000709800000, 0x0000000709a00000|  0%| F|  |TAMS 0x0000000709800000| PB 0x0000000709800000| Untracked 
|  45|0x0000000709a00000, 0x0000000709a00000, 0x0000000709c00000|  0%| F|  |TAMS 0x0000000709a00000| PB 0x0000000709a00000| Untracked 
|  46|0x0000000709c00000, 0x0000000709c00000, 0x0000000709e00000|  0%| F|  |TAMS 0x0000000709c00000| PB 0x0000000709c00000| Untracked 
|  47|0x0000000709e00000, 0x0000000709e00000, 0x000000070a000000|  0%| F|  |TAMS 0x0000000709e00000| PB 0x0000000709e00000| Untracked 
|  48|0x000000070a000000, 0x000000070a000000, 0x000000070a200000|  0%| F|  |TAMS 0x000000070a000000| PB 0x000000070a000000| Untracked 
|  49|0x000000070a200000, 0x000000070a200000, 0x000000070a400000|  0%| F|  |TAMS 0x000000070a200000| PB 0x000000070a200000| Untracked 
|  50|0x000000070a400000, 0x000000070a400000, 0x000000070a600000|  0%| F|  |TAMS 0x000000070a400000| PB 0x000000070a400000| Untracked 
|  51|0x000000070a600000, 0x000000070a600000, 0x000000070a800000|  0%| F|  |TAMS 0x000000070a600000| PB 0x000000070a600000| Untracked 
|  52|0x000000070a800000, 0x000000070a800000, 0x000000070aa00000|  0%| F|  |TAMS 0x000000070a800000| PB 0x000000070a800000| Untracked 
|  53|0x000000070aa00000, 0x000000070aa00000, 0x000000070ac00000|  0%| F|  |TAMS 0x000000070aa00000| PB 0x000000070aa00000| Untracked 
|  54|0x000000070ac00000, 0x000000070ac00000, 0x000000070ae00000|  0%| F|  |TAMS 0x000000070ac00000| PB 0x000000070ac00000| Untracked 
|  55|0x000000070ae00000, 0x000000070ae00000, 0x000000070b000000|  0%| F|  |TAMS 0x000000070ae00000| PB 0x000000070ae00000| Untracked 
|  56|0x000000070b000000, 0x000000070b000000, 0x000000070b200000|  0%| F|  |TAMS 0x000000070b000000| PB 0x000000070b000000| Untracked 
|  57|0x000000070b200000, 0x000000070b200000, 0x000000070b400000|  0%| F|  |TAMS 0x000000070b200000| PB 0x000000070b200000| Untracked 
|  58|0x000000070b400000, 0x000000070b400000, 0x000000070b600000|  0%| F|  |TAMS 0x000000070b400000| PB 0x000000070b400000| Untracked 
|  59|0x000000070b600000, 0x000000070b600000, 0x000000070b800000|  0%| F|  |TAMS 0x000000070b600000| PB 0x000000070b600000| Untracked 
|  60|0x000000070b800000, 0x000000070b800000, 0x000000070ba00000|  0%| F|  |TAMS 0x000000070b800000| PB 0x000000070b800000| Untracked 
|  61|0x000000070ba00000, 0x000000070ba00000, 0x000000070bc00000|  0%| F|  |TAMS 0x000000070ba00000| PB 0x000000070ba00000| Untracked 
|  62|0x000000070bc00000, 0x000000070bc00000, 0x000000070be00000|  0%| F|  |TAMS 0x000000070bc00000| PB 0x000000070bc00000| Untracked 
|  63|0x000000070be00000, 0x000000070be00000, 0x000000070c000000|  0%| F|  |TAMS 0x000000070be00000| PB 0x000000070be00000| Untracked 
|  64|0x000000070c000000, 0x000000070c000000, 0x000000070c200000|  0%| F|  |TAMS 0x000000070c000000| PB 0x000000070c000000| Untracked 
|  65|0x000000070c200000, 0x000000070c200000, 0x000000070c400000|  0%| F|  |TAMS 0x000000070c200000| PB 0x000000070c200000| Untracked 
|  66|0x000000070c400000, 0x000000070c400000, 0x000000070c600000|  0%| F|  |TAMS 0x000000070c400000| PB 0x000000070c400000| Untracked 
|  67|0x000000070c600000, 0x000000070c600000, 0x000000070c800000|  0%| F|  |TAMS 0x000000070c600000| PB 0x000000070c600000| Untracked 
|  68|0x000000070c800000, 0x000000070c800000, 0x000000070ca00000|  0%| F|  |TAMS 0x000000070c800000| PB 0x000000070c800000| Untracked 
|  69|0x000000070ca00000, 0x000000070ca00000, 0x000000070cc00000|  0%| F|  |TAMS 0x000000070ca00000| PB 0x000000070ca00000| Untracked 
|  70|0x000000070cc00000, 0x000000070cc00000, 0x000000070ce00000|  0%| F|  |TAMS 0x000000070cc00000| PB 0x000000070cc00000| Untracked 
|  71|0x000000070ce00000, 0x000000070ce00000, 0x000000070d000000|  0%| F|  |TAMS 0x000000070ce00000| PB 0x000000070ce00000| Untracked 
|  72|0x000000070d000000, 0x000000070d000000, 0x000000070d200000|  0%| F|  |TAMS 0x000000070d000000| PB 0x000000070d000000| Untracked 
|  73|0x000000070d200000, 0x000000070d200000, 0x000000070d400000|  0%| F|  |TAMS 0x000000070d200000| PB 0x000000070d200000| Untracked 
|  74|0x000000070d400000, 0x000000070d400000, 0x000000070d600000|  0%| F|  |TAMS 0x000000070d400000| PB 0x000000070d400000| Untracked 
|  75|0x000000070d600000, 0x000000070d600000, 0x000000070d800000|  0%| F|  |TAMS 0x000000070d600000| PB 0x000000070d600000| Untracked 
|  76|0x000000070d800000, 0x000000070d800000, 0x000000070da00000|  0%| F|  |TAMS 0x000000070d800000| PB 0x000000070d800000| Untracked 
|  77|0x000000070da00000, 0x000000070da00000, 0x000000070dc00000|  0%| F|  |TAMS 0x000000070da00000| PB 0x000000070da00000| Untracked 
|  78|0x000000070dc00000, 0x000000070dc00000, 0x000000070de00000|  0%| F|  |TAMS 0x000000070dc00000| PB 0x000000070dc00000| Untracked 
|  79|0x000000070de00000, 0x000000070de00000, 0x000000070e000000|  0%| F|  |TAMS 0x000000070de00000| PB 0x000000070de00000| Untracked 
|  80|0x000000070e000000, 0x000000070e000000, 0x000000070e200000|  0%| F|  |TAMS 0x000000070e000000| PB 0x000000070e000000| Untracked 
|  81|0x000000070e200000, 0x000000070e200000, 0x000000070e400000|  0%| F|  |TAMS 0x000000070e200000| PB 0x000000070e200000| Untracked 
|  82|0x000000070e400000, 0x000000070e400000, 0x000000070e600000|  0%| F|  |TAMS 0x000000070e400000| PB 0x000000070e400000| Untracked 
|  83|0x000000070e600000, 0x000000070e600000, 0x000000070e800000|  0%| F|  |TAMS 0x000000070e600000| PB 0x000000070e600000| Untracked 
|  84|0x000000070e800000, 0x000000070e800000, 0x000000070ea00000|  0%| F|  |TAMS 0x000000070e800000| PB 0x000000070e800000| Untracked 
|  85|0x000000070ea00000, 0x000000070ea00000, 0x000000070ec00000|  0%| F|  |TAMS 0x000000070ea00000| PB 0x000000070ea00000| Untracked 
|  86|0x000000070ec00000, 0x000000070ec00000, 0x000000070ee00000|  0%| F|  |TAMS 0x000000070ec00000| PB 0x000000070ec00000| Untracked 
|  87|0x000000070ee00000, 0x000000070ee00000, 0x000000070f000000|  0%| F|  |TAMS 0x000000070ee00000| PB 0x000000070ee00000| Untracked 
|  88|0x000000070f000000, 0x000000070f000000, 0x000000070f200000|  0%| F|  |TAMS 0x000000070f000000| PB 0x000000070f000000| Untracked 
|  89|0x000000070f200000, 0x000000070f200000, 0x000000070f400000|  0%| F|  |TAMS 0x000000070f200000| PB 0x000000070f200000| Untracked 
|  90|0x000000070f400000, 0x000000070f400000, 0x000000070f600000|  0%| F|  |TAMS 0x000000070f400000| PB 0x000000070f400000| Untracked 
|  91|0x000000070f600000, 0x000000070f600000, 0x000000070f800000|  0%| F|  |TAMS 0x000000070f600000| PB 0x000000070f600000| Untracked 
|  92|0x000000070f800000, 0x000000070f800000, 0x000000070fa00000|  0%| F|  |TAMS 0x000000070f800000| PB 0x000000070f800000| Untracked 
|  93|0x000000070fa00000, 0x000000070fa00000, 0x000000070fc00000|  0%| F|  |TAMS 0x000000070fa00000| PB 0x000000070fa00000| Untracked 
|  94|0x000000070fc00000, 0x000000070fc00000, 0x000000070fe00000|  0%| F|  |TAMS 0x000000070fc00000| PB 0x000000070fc00000| Untracked 
|  95|0x000000070fe00000, 0x000000070fe00000, 0x0000000710000000|  0%| F|  |TAMS 0x000000070fe00000| PB 0x000000070fe00000| Untracked 
|  96|0x0000000710000000, 0x0000000710000000, 0x0000000710200000|  0%| F|  |TAMS 0x0000000710000000| PB 0x0000000710000000| Untracked 
|  97|0x0000000710200000, 0x0000000710200000, 0x0000000710400000|  0%| F|  |TAMS 0x0000000710200000| PB 0x0000000710200000| Untracked 
|  98|0x0000000710400000, 0x0000000710400000, 0x0000000710600000|  0%| F|  |TAMS 0x0000000710400000| PB 0x0000000710400000| Untracked 
|  99|0x0000000710600000, 0x0000000710600000, 0x0000000710800000|  0%| F|  |TAMS 0x0000000710600000| PB 0x0000000710600000| Untracked 
| 100|0x0000000710800000, 0x0000000710800000, 0x0000000710a00000|  0%| F|  |TAMS 0x0000000710800000| PB 0x0000000710800000| Untracked 
| 101|0x0000000710a00000, 0x0000000710a00000, 0x0000000710c00000|  0%| F|  |TAMS 0x0000000710a00000| PB 0x0000000710a00000| Untracked 
| 102|0x0000000710c00000, 0x0000000710c00000, 0x0000000710e00000|  0%| F|  |TAMS 0x0000000710c00000| PB 0x0000000710c00000| Untracked 
| 103|0x0000000710e00000, 0x0000000710e00000, 0x0000000711000000|  0%| F|  |TAMS 0x0000000710e00000| PB 0x0000000710e00000| Untracked 
| 104|0x0000000711000000, 0x0000000711000000, 0x0000000711200000|  0%| F|  |TAMS 0x0000000711000000| PB 0x0000000711000000| Untracked 
| 105|0x0000000711200000, 0x0000000711200000, 0x0000000711400000|  0%| F|  |TAMS 0x0000000711200000| PB 0x0000000711200000| Untracked 
| 106|0x0000000711400000, 0x0000000711400000, 0x0000000711600000|  0%| F|  |TAMS 0x0000000711400000| PB 0x0000000711400000| Untracked 
| 107|0x0000000711600000, 0x0000000711600000, 0x0000000711800000|  0%| F|  |TAMS 0x0000000711600000| PB 0x0000000711600000| Untracked 
| 108|0x0000000711800000, 0x0000000711800000, 0x0000000711a00000|  0%| F|  |TAMS 0x0000000711800000| PB 0x0000000711800000| Untracked 
| 109|0x0000000711a00000, 0x0000000711a00000, 0x0000000711c00000|  0%| F|  |TAMS 0x0000000711a00000| PB 0x0000000711a00000| Untracked 
| 110|0x0000000711c00000, 0x0000000711c00000, 0x0000000711e00000|  0%| F|  |TAMS 0x0000000711c00000| PB 0x0000000711c00000| Untracked 
| 111|0x0000000711e00000, 0x0000000711e00000, 0x0000000712000000|  0%| F|  |TAMS 0x0000000711e00000| PB 0x0000000711e00000| Untracked 
| 112|0x0000000712000000, 0x0000000712000000, 0x0000000712200000|  0%| F|  |TAMS 0x0000000712000000| PB 0x0000000712000000| Untracked 
| 113|0x0000000712200000, 0x0000000712200000, 0x0000000712400000|  0%| F|  |TAMS 0x0000000712200000| PB 0x0000000712200000| Untracked 
| 114|0x0000000712400000, 0x0000000712400000, 0x0000000712600000|  0%| F|  |TAMS 0x0000000712400000| PB 0x0000000712400000| Untracked 
| 115|0x0000000712600000, 0x0000000712600000, 0x0000000712800000|  0%| F|  |TAMS 0x0000000712600000| PB 0x0000000712600000| Untracked 
| 116|0x0000000712800000, 0x0000000712800000, 0x0000000712a00000|  0%| F|  |TAMS 0x0000000712800000| PB 0x0000000712800000| Untracked 
| 117|0x0000000712a00000, 0x0000000712a00000, 0x0000000712c00000|  0%| F|  |TAMS 0x0000000712a00000| PB 0x0000000712a00000| Untracked 
| 118|0x0000000712c00000, 0x0000000712c00000, 0x0000000712e00000|  0%| F|  |TAMS 0x0000000712c00000| PB 0x0000000712c00000| Untracked 
| 119|0x0000000712e00000, 0x0000000712e00000, 0x0000000713000000|  0%| F|  |TAMS 0x0000000712e00000| PB 0x0000000712e00000| Untracked 
| 120|0x0000000713000000, 0x0000000713000000, 0x0000000713200000|  0%| F|  |TAMS 0x0000000713000000| PB 0x0000000713000000| Untracked 
| 121|0x0000000713200000, 0x0000000713200000, 0x0000000713400000|  0%| F|  |TAMS 0x0000000713200000| PB 0x0000000713200000| Untracked 
| 122|0x0000000713400000, 0x0000000713400000, 0x0000000713600000|  0%| F|  |TAMS 0x0000000713400000| PB 0x0000000713400000| Untracked 
| 123|0x0000000713600000, 0x0000000713600000, 0x0000000713800000|  0%| F|  |TAMS 0x0000000713600000| PB 0x0000000713600000| Untracked 
| 124|0x0000000713800000, 0x00000007138e1ec8, 0x0000000713a00000| 44%| E|  |TAMS 0x0000000713800000| PB 0x0000000713800000| Complete 
| 125|0x0000000713a00000, 0x0000000713c00000, 0x0000000713c00000|100%| E|CS|TAMS 0x0000000713a00000| PB 0x0000000713a00000| Complete 

Card table byte_map: [0x0000029c2f310000,0x0000029c2faf0000] _byte_map_base: 0x0000029c2baf0000

Marking Bits: (CMBitMap*) 0x0000029c152cfc60
 Bits: [0x0000029c2faf0000, 0x0000029c339f0000)

Polling page: 0x0000029c15340000

Metaspace:

Usage:
  Non-class:    208.87 KB used.
      Class:     11.36 KB used.
       Both:    220.23 KB used.

Virtual space:
  Non-class space:       64.00 MB reserved,     320.00 KB ( <1%) committed,  1 nodes.
      Class space:        1.00 GB reserved,     128.00 KB ( <1%) committed,  1 nodes.
             Both:        1.06 GB reserved,     448.00 KB ( <1%) committed. 

Chunk freelists:
   Non-Class:  11.99 MB
       Class:  15.75 MB
        Both:  27.74 MB

MaxMetaspaceSize: unlimited
CompressedClassSpaceSize: 1.00 GB
Initial GC threshold: 21.00 MB
Current GC threshold: 21.00 MB
CDS: on
 - commit_granule_bytes: 65536.
 - commit_granule_words: 8192.
 - virtual_space_node_default_size: 8388608.
 - enlarge_chunks_in_place: 1.
 - use_allocation_guard: 0.


Internal statistics:

num_allocs_failed_limit: 0.
num_arena_births: 4.
num_arena_deaths: 0.
num_vsnodes_births: 2.
num_vsnodes_deaths: 0.
num_space_committed: 7.
num_space_uncommitted: 0.
num_chunks_returned_to_freelist: 0.
num_chunks_taken_from_freelist: 5.
num_chunk_merges: 0.
num_chunk_splits: 3.
num_chunks_enlarged: 1.
num_inconsistent_stats: 0.

CodeHeap 'non-profiled nmethods': size=120000Kb used=15Kb max_used=15Kb free=119984Kb
 bounds [0x0000029c26970000, 0x0000029c26be0000, 0x0000029c2dea0000]
CodeHeap 'profiled nmethods': size=120000Kb used=113Kb max_used=113Kb free=119886Kb
 bounds [0x0000029c1eea0000, 0x0000029c1f110000, 0x0000029c263d0000]
CodeHeap 'non-nmethods': size=5760Kb used=1331Kb max_used=1342Kb free=4428Kb
 bounds [0x0000029c263d0000, 0x0000029c26640000, 0x0000029c26970000]
 total_blobs=393 nmethods=79 adapters=219
 compilation: enabled
              stopped_count=0, restarted_count=0
 full_count=0

Compilation events (20 events):
Event: 0.098 Thread 0x0000029c3670ed50 nmethod 68 0x0000029c1eeb7e10 code [0x0000029c1eeb7fc0, 0x0000029c1eeb81a8]
Event: 0.098 Thread 0x0000029c3670ed50   69       3       java.lang.StringUTF16::checkBoundsOffCount (11 bytes)
Event: 0.098 Thread 0x0000029c3670ed50 nmethod 69 0x0000029c1eeb8290 code [0x0000029c1eeb8460, 0x0000029c1eeb8768]
Event: 0.101 Thread 0x0000029c3670ed50   72       3       java.lang.AbstractStringBuilder::ensureCapacityInternal (39 bytes)
Event: 0.101 Thread 0x0000029c3670ed50 nmethod 72 0x0000029c1eeb8910 code [0x0000029c1eeb8ae0, 0x0000029c1eeb8d30]
Event: 0.101 Thread 0x0000029c3670ed50   73       3       java.lang.StringLatin1::canEncode (13 bytes)
Event: 0.101 Thread 0x0000029c3670ed50 nmethod 73 0x0000029c1eeb8e10 code [0x0000029c1eeb8fa0, 0x0000029c1eeb90f0]
Event: 0.101 Thread 0x0000029c3670ed50   74       3       java.lang.AbstractStringBuilder::isLatin1 (19 bytes)
Event: 0.101 Thread 0x0000029c3670ed50 nmethod 74 0x0000029c1eeb9190 code [0x0000029c1eeb9340, 0x0000029c1eeb94c0]
Event: 0.101 Thread 0x0000029c3670ed50   75       3       java.util.HashMap::resize (356 bytes)
Event: 0.102 Thread 0x0000029c3670ed50 nmethod 75 0x0000029c1eeb9590 code [0x0000029c1eeb9840, 0x0000029c1eebada0]
Event: 0.102 Thread 0x0000029c36706180 nmethod 71% 0x0000029c26973990 code [0x0000029c26973b20, 0x0000029c26973dd0]
Event: 0.103 Thread 0x0000029c3670ed50   76       3       java.lang.StringLatin1::indexOfChar (33 bytes)
Event: 0.103 Thread 0x0000029c3670ed50 nmethod 76 0x0000029c1eebb390 code [0x0000029c1eebb540, 0x0000029c1eebb778]
Event: 0.103 Thread 0x0000029c3670ed50   77       3       java.lang.Math::min (11 bytes)
Event: 0.103 Thread 0x0000029c3670ed50 nmethod 77 0x0000029c1eebb890 code [0x0000029c1eebba20, 0x0000029c1eebbb60]
Event: 0.104 Thread 0x0000029c3670ed50   78       3       java.lang.Math::max (11 bytes)
Event: 0.104 Thread 0x0000029c3670ed50 nmethod 78 0x0000029c1eebbc10 code [0x0000029c1eebbda0, 0x0000029c1eebbee0]
Event: 0.105 Thread 0x0000029c3670ed50   79       3       java.lang.StringLatin1::inflate (34 bytes)
Event: 0.105 Thread 0x0000029c3670ed50 nmethod 79 0x0000029c1eebbf90 code [0x0000029c1eebc140, 0x0000029c1eebc348]

GC Heap History (0 events):
No events

Dll operation events (3 events):
Event: 0.005 Loaded shared library C:\Program Files\Java\jdk-21\bin\java.dll
Event: 0.040 Loaded shared library C:\Program Files\Java\jdk-21\bin\jsvml.dll
Event: 0.106 Loaded shared library C:\Users\14858\Desktop\Cwork\genealogy-homework\C_functions.dll

Deoptimization events (0 events):
No events

Classes loaded (20 events):
Event: 0.029 Loading class sun/nio/cs/GBK$DecodeHolder
Event: 0.029 Loading class sun/nio/cs/GBK$DecodeHolder done
Event: 0.029 Loading class sun/nio/cs/DoubleByte
Event: 0.029 Loading class sun/nio/cs/DoubleByte done
Event: 0.032 Loading class sun/nio/cs/MS936
Event: 0.032 Loading class sun/nio/cs/MS936 done
Event: 0.032 Loading class sun/nio/cs/DoubleByte$Encoder
Event: 0.032 Loading class sun/nio/cs/DoubleByte$Encoder done
Event: 0.032 Loading class sun/nio/cs/MS936$EncodeHolder
Event: 0.032 Loading class sun/nio/cs/MS936$EncodeHolder done
Event: 0.032 Loading class sun/nio/cs/MS936$DecodeHolder
Event: 0.032 Loading class sun/nio/cs/MS936$DecodeHolder done
Event: 0.050 Loading class jdk/internal/vm/VMSupport
Event: 0.050 Loading class jdk/internal/vm/VMSupport done
Event: 0.097 Loading class sun/nio/cs/GBK$EncodeHolder
Event: 0.097 Loading class sun/nio/cs/GBK$EncodeHolder done
Event: 0.100 Loading class jdk/internal/loader/URLClassPath$FileLoader
Event: 0.100 Loading class jdk/internal/loader/URLClassPath$FileLoader done
Event: 0.101 Loading class jdk/internal/loader/URLClassPath$FileLoader$1
Event: 0.102 Loading class jdk/internal/loader/URLClassPath$FileLoader$1 done

Classes unloaded (0 events):
No events

Classes redefined (0 events):
No events

Internal exceptions (0 events):
No events

ZGC Phase Switch (0 events):
No events

VM Operations (0 events):
No events

Events (14 events):
Event: 0.018 Thread 0x0000029c14f6cd80 Thread added: 0x0000029c14f6cd80
Event: 0.038 Thread 0x0000029c366c7280 Thread added: 0x0000029c366c7280
Event: 0.038 Thread 0x0000029c366c8050 Thread added: 0x0000029c366c8050
Event: 0.038 Thread 0x0000029c366cb190 Thread added: 0x0000029c366cb190
Event: 0.038 Thread 0x0000029c366cde60 Thread added: 0x0000029c366cde60
Event: 0.038 Thread 0x0000029c366d0fa0 Thread added: 0x0000029c366d0fa0
Event: 0.038 Thread 0x0000029c366dfcf0 Thread added: 0x0000029c366dfcf0
Event: 0.038 Thread 0x0000029c36706180 Thread added: 0x0000029c36706180
Event: 0.038 Thread 0x0000029c3670ed50 Thread added: 0x0000029c3670ed50
Event: 0.056 Thread 0x0000029c368d6e00 Thread added: 0x0000029c368d6e00
Event: 0.056 Thread 0x0000029c368dc610 Thread added: 0x0000029c368dc610
Event: 0.056 Thread 0x0000029c368dedb0 Thread added: 0x0000029c368dedb0
Event: 0.096 Thread 0x0000029c368e23b0 Thread added: 0x0000029c368e23b0
Event: 0.102 Thread 0x0000029c368eea50 Thread added: 0x0000029c368eea50


Dynamic libraries:
0x00007ff668d30000 - 0x00007ff668d40000 	C:\Program Files\Java\jdk-21\bin\java.exe
0x00007ffbfa2d0000 - 0x00007ffbfa4c8000 	C:\WINDOWS\SYSTEM32\ntdll.dll
0x00007ffbfa0c0000 - 0x00007ffbfa17d000 	C:\WINDOWS\System32\KERNEL32.DLL
0x00007ffbf7990000 - 0x00007ffbf7c86000 	C:\WINDOWS\System32\KERNELBASE.dll
0x00007ffbf7db0000 - 0x00007ffbf7eb0000 	C:\WINDOWS\System32\ucrtbase.dll
0x00007ffbede10000 - 0x00007ffbede29000 	C:\Program Files\Java\jdk-21\bin\jli.dll
0x00007ffbeddf0000 - 0x00007ffbede0b000 	C:\Program Files\Java\jdk-21\bin\VCRUNTIME140.dll
0x00007ffbf95a0000 - 0x00007ffbf9653000 	C:\WINDOWS\System32\ADVAPI32.dll
0x00007ffbf83b0000 - 0x00007ffbf844e000 	C:\WINDOWS\System32\msvcrt.dll
0x00007ffbf8310000 - 0x00007ffbf83af000 	C:\WINDOWS\System32\sechost.dll
0x00007ffbf8cc0000 - 0x00007ffbf8de6000 	C:\WINDOWS\System32\RPCRT4.dll
0x00007ffbf8190000 - 0x00007ffbf81b7000 	C:\WINDOWS\System32\bcrypt.dll
0x00007ffbf8f90000 - 0x00007ffbf912e000 	C:\WINDOWS\System32\USER32.dll
0x00007ffbf8270000 - 0x00007ffbf8292000 	C:\WINDOWS\System32\win32u.dll
0x00007ffbf9820000 - 0x00007ffbf984b000 	C:\WINDOWS\System32\GDI32.dll
0x00007ffbde870000 - 0x00007ffbdeb0a000 	C:\WINDOWS\WinSxS\amd64_microsoft.windows.common-controls_6595b64144ccf1df_6.0.19041.3636_none_60b6a03d71f818d5\COMCTL32.dll
0x00007ffbf7c90000 - 0x00007ffbf7da7000 	C:\WINDOWS\System32\gdi32full.dll
0x00007ffbf7eb0000 - 0x00007ffbf7f4d000 	C:\WINDOWS\System32\msvcp_win.dll
0x00007ffbeb490000 - 0x00007ffbeb49a000 	C:\WINDOWS\SYSTEM32\VERSION.dll
0x00007ffbfa250000 - 0x00007ffbfa282000 	C:\WINDOWS\System32\IMM32.DLL
0x00007ffbede40000 - 0x00007ffbede4c000 	C:\Program Files\Java\jdk-21\bin\vcruntime140_1.dll
0x00007ffb91f10000 - 0x00007ffb91f9e000 	C:\Program Files\Java\jdk-21\bin\msvcp140.dll
0x00007ffb6c6d0000 - 0x00007ffb6d3e5000 	C:\Program Files\Java\jdk-21\bin\server\jvm.dll
0x00007ffbf9850000 - 0x00007ffbf98bb000 	C:\WINDOWS\System32\WS2_32.dll
0x00007ffbf6f30000 - 0x00007ffbf6f7b000 	C:\WINDOWS\SYSTEM32\POWRPROF.dll
0x00007ffbe6de0000 - 0x00007ffbe6e07000 	C:\WINDOWS\SYSTEM32\WINMM.dll
0x00007ffbf6da0000 - 0x00007ffbf6db2000 	C:\WINDOWS\SYSTEM32\UMPDC.dll
0x00007ffbf61d0000 - 0x00007ffbf61e2000 	C:\WINDOWS\SYSTEM32\kernel.appcore.dll
0x00007ffbec290000 - 0x00007ffbec29a000 	C:\Program Files\Java\jdk-21\bin\jimage.dll
0x00007ffbf5f00000 - 0x00007ffbf60e4000 	C:\WINDOWS\SYSTEM32\DBGHELP.DLL
0x00007ffbe4400000 - 0x00007ffbe4434000 	C:\WINDOWS\SYSTEM32\dbgcore.DLL
0x00007ffbf7fa0000 - 0x00007ffbf8022000 	C:\WINDOWS\System32\bcryptPrimitives.dll
0x00007ffbded00000 - 0x00007ffbded3c000 	C:\Program Files\Java\jdk-21\bin\jdwp.dll
0x00007ffbec040000 - 0x00007ffbec05f000 	C:\Program Files\Java\jdk-21\bin\java.dll
0x00007ffbf8570000 - 0x00007ffbf8cb5000 	C:\WINDOWS\System32\SHELL32.dll
0x00007ffbf5480000 - 0x00007ffbf5c1c000 	C:\WINDOWS\SYSTEM32\windows.storage.dll
0x00007ffbf9c20000 - 0x00007ffbf9f74000 	C:\WINDOWS\System32\combase.dll
0x00007ffbf73c0000 - 0x00007ffbf73ee000 	C:\WINDOWS\SYSTEM32\Wldp.dll
0x00007ffbfa180000 - 0x00007ffbfa24d000 	C:\WINDOWS\System32\OLEAUT32.dll
0x00007ffbf98d0000 - 0x00007ffbf997d000 	C:\WINDOWS\System32\SHCORE.dll
0x00007ffbf8ed0000 - 0x00007ffbf8f25000 	C:\WINDOWS\System32\shlwapi.dll
0x00007ffbf78c0000 - 0x00007ffbf78e5000 	C:\WINDOWS\SYSTEM32\profapi.dll
0x00007ffb91c30000 - 0x00007ffb91d07000 	C:\Program Files\Java\jdk-21\bin\jsvml.dll
0x00007ffbeb4a0000 - 0x00007ffbeb4ac000 	C:\Program Files\Java\jdk-21\bin\dt_socket.dll
0x00007ffbf6dc0000 - 0x00007ffbf6dfb000 	C:\WINDOWS\SYSTEM32\IPHLPAPI.DLL
0x00007ffbf7120000 - 0x00007ffbf718a000 	C:\WINDOWS\system32\mswsock.dll
0x00007ffbf6e00000 - 0x00007ffbf6eca000 	C:\WINDOWS\SYSTEM32\DNSAPI.dll
0x00007ffbf8df0000 - 0x00007ffbf8df8000 	C:\WINDOWS\System32\NSI.dll
0x00007ffbee630000 - 0x00007ffbee63a000 	C:\Windows\System32\rasadhlp.dll
0x00007ffbebd50000 - 0x00007ffbebdd0000 	C:\WINDOWS\System32\fwpuclnt.dll
0x00000000624c0000 - 0x00000000624d5000 	C:\Users\14858\Desktop\Cwork\genealogy-homework\C_functions.dll

dbghelp: loaded successfully - version: 4.0.5 - missing functions: none
symbol engine: initialized successfully - sym options: 0x614 - pdb path: .;C:\Program Files\Java\jdk-21\bin;C:\WINDOWS\SYSTEM32;C:\WINDOWS\WinSxS\amd64_microsoft.windows.common-controls_6595b64144ccf1df_6.0.19041.3636_none_60b6a03d71f818d5;C:\Program Files\Java\jdk-21\bin\server;C:\Users\14858\Desktop\Cwork\genealogy-homework

VM Arguments:
jvm_args: -agentlib:jdwp=transport=dt_socket,server=n,suspend=y,address=localhost:62775 --enable-preview -XX:+ShowCodeDetailsInExceptionMessages 
java_command: JavaGUI
java_class_path (initial): C:\Users\14858\AppData\Roaming\Code\User\workspaceStorage\dd60fbc91c904000ff81735ad0d62266\redhat.java\jdt_ws\genealogy-homework_678d8400\bin
Launcher Type: SUN_STANDARD

[Global flags]
     intx CICompilerCount                          = 4                                         {product} {ergonomic}
     uint ConcGCThreads                            = 3                                         {product} {ergonomic}
     uint G1ConcRefinementThreads                  = 10                                        {product} {ergonomic}
   size_t G1HeapRegionSize                         = 2097152                                   {product} {ergonomic}
    uintx GCDrainStackTargetSize                   = 64                                        {product} {ergonomic}
   size_t InitialHeapSize                          = 264241152                                 {product} {ergonomic}
   size_t MarkStackSize                            = 4194304                                   {product} {ergonomic}
   size_t MaxHeapSize                              = 4227858432                                {product} {ergonomic}
   size_t MaxNewSize                               = 2535456768                                {product} {ergonomic}
   size_t MinHeapDeltaBytes                        = 2097152                                   {product} {ergonomic}
   size_t MinHeapSize                              = 8388608                                   {product} {ergonomic}
    uintx NonNMethodCodeHeapSize                   = 5839372                                {pd product} {ergonomic}
    uintx NonProfiledCodeHeapSize                  = 122909434                              {pd product} {ergonomic}
    uintx ProfiledCodeHeapSize                     = 122909434                              {pd product} {ergonomic}
    uintx ReservedCodeCacheSize                    = 251658240                              {pd product} {ergonomic}
     bool SegmentedCodeCache                       = true                                      {product} {ergonomic}
     bool ShowCodeDetailsInExceptionMessages       = true                                   {manageable} {command line}
   size_t SoftMaxHeapSize                          = 4227858432                             {manageable} {ergonomic}
     bool UseCompressedOops                        = true                           {product lp64_product} {ergonomic}
     bool UseG1GC                                  = true                                      {product} {ergonomic}
     bool UseLargePagesIndividualAllocation        = false                                  {pd product} {ergonomic}

Logging:
Log output configuration:
 #0: stdout all=warning uptime,level,tags foldmultilines=false
 #1: stderr all=off uptime,level,tags foldmultilines=false

Environment Variables:
JAVA_HOME=C:\Program Files\Java\jdk-21
PATH=C:\Program Files\Common Files\Oracle\Java\javapath;C:\Program Files (x86)\VMware\VMware Workstation\bin\;C:\Windows\system32;C:\Windows;C:\Windows\System32\Wbem;C:\Windows\System32\WindowsPowerShell\v1.0\;C:\Windows\System32\OpenSSH\;C:\Program Files\WireGuard\;C:\Program Files\mingw64\bin\;C:\Program Files\NVIDIA Corporation\NVIDIA NvDLISR;C:\WINDOWS\system32;C:\WINDOWS;C:\WINDOWS\System32\Wbem;C:\WINDOWS\System32\WindowsPowerShell\v1.0\;C:\WINDOWS\System32\OpenSSH\;C:\Program Files\Git\cmd;C:\Program Files (x86)\NVIDIA Corporation\PhysX\Common;C:\Program Files\dotnet\;C:\Program Files (x86)\GTK2-Runtime\bin;C:\Program Files (x86)\Windows Kits\10\Windows Performance Toolkit\;C:\Users\14858\AppData\Local\Programs\Python\Python311\Scripts\;C:\Users\14858\AppData\Local\Programs\Python\Python311\;C:\Users\14858\AppData\Local\Microsoft\WindowsApps;C:\Users\14858\AppData\Local\Programs\Microsoft VS Code\bin;C:\Program Files\JetBrains\PyCharm 2023.2.1\bin;C:\Program Files\mingw64\bin;C:\php-8.2.12-Win32-vs16-x64;C:\Users\14858\AppData\Local\GitHubDesktop\bin;C:\Program Files\CMake\bin
USERNAME=14858
LANG=zh_CN.UTF-8
OS=Windows_NT
PROCESSOR_IDENTIFIER=Intel64 Family 6 Model 141 Stepping 1, GenuineIntel
TMP=C:\Users\14858\AppData\Local\Temp
TEMP=C:\Users\14858\AppData\Local\Temp




Periodic native trim disabled

---------------  S Y S T E M  ---------------

OS:
 Windows 10 , 64 bit Build 19041 (10.0.19041.3636)
OS uptime: 0 days 19:23 hours

CPU: total 12 (initial active 12) (6 cores per cpu, 2 threads per core) family 6 model 141 stepping 1 microcode 0x34, cx8, cmov, fxsr, ht, mmx, 3dnowpref, sse, sse2, sse3, ssse3, sse4.1, sse4.2, popcnt, lzcnt, tsc, tscinvbit, avx, avx2, aes, erms, clmul, bmi1, bmi2, adx, avx512f, avx512dq, avx512cd, avx512bw, avx512vl, sha, fma, vzeroupper, avx512_vpopcntdq, avx512_vpclmulqdq, avx512_vaes, avx512_vnni, clflush, clflushopt, clwb, avx512_vbmi2, avx512_vbmi, rdtscp, rdpid, fsrm, gfni, avx512_bitalg, f16c, pku, cet_ibt, cet_ss, avx512_ifma
Processor Information for all 12 processors :
  Max Mhz: 2688, Current Mhz: 2688, Mhz Limit: 2688

Memory: 4k page, system-wide physical 16121M (8944M free)
TotalPageFile size 22009M (AvailPageFile size 10788M)
current process WorkingSet (physical memory assigned to process): 38M, peak: 38M
current process commit charge ("private bytes"): 340M, peak: 340M

vm_info: Java HotSpot(TM) 64-Bit Server VM (21.0.1+12-LTS-29) for windows-amd64 JRE (21.0.1+12-LTS-29), built on 2023-10-05T13:27:09Z by "mach5one" with MS VC++ 17.1 (VS2022)

END.
