#
# A fatal error has been detected by the Java Runtime Environment:
#
#  EXCEPTION_ACCESS_VIOLATION (0xc0000005) at pc=0x00000000624c2825, pid=12632, tid=16224
#
# JRE version: Java(TM) SE Runtime Environment (21.0.1+12) (build 21.0.1+12-LTS-29)
# Java VM: Java HotSpot(TM) 64-Bit Server VM (21.0.1+12-LTS-29, mixed mode, sharing, tiered, compressed oops, compressed class ptrs, g1 gc, windows-amd64)
# Problematic frame:
# C  [C_functions.dll+0x2825]
#
# No core dump will be written. Minidumps are not enabled by default on client versions of Windows
#
# If you would like to submit a bug report, please visit:
#   https://bugreport.java.com/bugreport/crash.jsp
# The crash happened outside the Java Virtual Machine in native code.
# See problematic frame for where to report the bug.
#

---------------  S U M M A R Y ------------

Command Line: JavaGUI

Host: 11th Gen Intel(R) Core(TM) i5-11400H @ 2.70GHz, 12 cores, 15G,  Windows 10 , 64 bit Build 19041 (10.0.19041.3636)
Time: Sat Jun  8 23:31:58 2024  Windows 10 , 64 bit Build 19041 (10.0.19041.3636) elapsed time: 2.299755 seconds (0d 0h 0m 2s)

---------------  T H R E A D  ---------------

Current thread (0x000001e8165acd30):  JavaThread "AWT-EventQueue-0"        [_thread_in_native, id=16224, stack(0x000000b4d4800000,0x000000b4d4900000) (1024K)]

Stack: [0x000000b4d4800000,0x000000b4d4900000],  sp=0x000000b4d48fe050,  free space=1016k
Native frames: (J=compiled Java code, j=interpreted, Vv=VM code, C=native code)
C  [C_functions.dll+0x2825]

Java frames: (J=compiled Java code, j=interpreted, Vv=VM code)
j  JavaGUI.sortByBirth(J)Ljava/lang/String;+0
j  MyActionListener.actionPerformed(Ljava/awt/event/ActionEvent;)V+611
j  javax.swing.AbstractButton.fireActionPerformed(Ljava/awt/event/ActionEvent;)V+84 java.desktop@21.0.1
j  javax.swing.AbstractButton$Handler.actionPerformed(Ljava/awt/event/ActionEvent;)V+5 java.desktop@21.0.1
j  javax.swing.DefaultButtonModel.fireActionPerformed(Ljava/awt/event/ActionEvent;)V+34 java.desktop@21.0.1
j  javax.swing.DefaultButtonModel.setPressed(Z)V+117 java.desktop@21.0.1
j  javax.swing.plaf.basic.BasicButtonListener.mouseReleased(Ljava/awt/event/MouseEvent;)V+35 java.desktop@21.0.1
j  java.awt.Component.processMouseEvent(Ljava/awt/event/MouseEvent;)V+64 java.desktop@21.0.1
j  javax.swing.JComponent.processMouseEvent(Ljava/awt/event/MouseEvent;)V+23 java.desktop@21.0.1
j  java.awt.Component.processEvent(Ljava/awt/AWTEvent;)V+81 java.desktop@21.0.1
j  java.awt.Container.processEvent(Ljava/awt/AWTEvent;)V+18 java.desktop@21.0.1
j  java.awt.Component.dispatchEventImpl(Ljava/awt/AWTEvent;)V+504 java.desktop@21.0.1
j  java.awt.Container.dispatchEventImpl(Ljava/awt/AWTEvent;)V+42 java.desktop@21.0.1
j  java.awt.Component.dispatchEvent(Ljava/awt/AWTEvent;)V+2 java.desktop@21.0.1
j  java.awt.LightweightDispatcher.retargetMouseEvent(Ljava/awt/Component;ILjava/awt/event/MouseEvent;)V+349 java.desktop@21.0.1
j  java.awt.LightweightDispatcher.processMouseEvent(Ljava/awt/event/MouseEvent;)Z+155 java.desktop@21.0.1
j  java.awt.LightweightDispatcher.dispatchEvent(Ljava/awt/AWTEvent;)Z+50 java.desktop@21.0.1
j  java.awt.Container.dispatchEventImpl(Ljava/awt/AWTEvent;)V+12 java.desktop@21.0.1
j  java.awt.Window.dispatchEventImpl(Ljava/awt/AWTEvent;)V+19 java.desktop@21.0.1
j  java.awt.Component.dispatchEvent(Ljava/awt/AWTEvent;)V+2 java.desktop@21.0.1
j  java.awt.EventQueue.dispatchEventImpl(Ljava/awt/AWTEvent;Ljava/lang/Object;)V+41 java.desktop@21.0.1
j  java.awt.EventQueue$4.run()Ljava/lang/Void;+32 java.desktop@21.0.1
j  java.awt.EventQueue$4.run()Ljava/lang/Object;+1 java.desktop@21.0.1
J 1210 c1 java.security.ProtectionDomain$JavaSecurityAccessImpl.doIntersectionPrivilege(Ljava/security/PrivilegedAction;Ljava/security/AccessControlContext;Ljava/security/AccessControlContext;)Ljava/lang/Object; java.base@21.0.1 (22 bytes) @ 0x000001e8001e147c [0x000001e8001e11c0+0x00000000000002bc]
j  java.security.ProtectionDomain$JavaSecurityAccessImpl.doIntersectionPrivilege(Ljava/security/PrivilegedAction;Ljava/security/AccessControlContext;)Ljava/lang/Object;+6 java.base@21.0.1
j  java.awt.EventQueue$5.run()Ljava/lang/Void;+11 java.desktop@21.0.1
j  java.awt.EventQueue$5.run()Ljava/lang/Object;+1 java.desktop@21.0.1
J 1210 c1 java.security.ProtectionDomain$JavaSecurityAccessImpl.doIntersectionPrivilege(Ljava/security/PrivilegedAction;Ljava/security/AccessControlContext;Ljava/security/AccessControlContext;)Ljava/lang/Object; java.base@21.0.1 (22 bytes) @ 0x000001e8001e147c [0x000001e8001e11c0+0x00000000000002bc]
j  java.awt.EventQueue.dispatchEvent(Ljava/awt/AWTEvent;)V+73 java.desktop@21.0.1
j  java.awt.EventDispatchThread.pumpOneEventForFilters(I)V+81 java.desktop@21.0.1
j  java.awt.EventDispatchThread.pumpEventsForFilter(ILjava/awt/Conditional;Ljava/awt/EventFilter;)V+35 java.desktop@21.0.1
j  java.awt.EventDispatchThread.pumpEventsForHierarchy(ILjava/awt/Conditional;Ljava/awt/Component;)V+11 java.desktop@21.0.1
j  java.awt.EventDispatchThread.pumpEvents(ILjava/awt/Conditional;)V+4 java.desktop@21.0.1
j  java.awt.EventDispatchThread.pumpEvents(Ljava/awt/Conditional;)V+3 java.desktop@21.0.1
j  java.awt.EventDispatchThread.run()V+9 java.desktop@21.0.1
v  ~StubRoutines::call_stub 0x000001e8075310e7

siginfo: EXCEPTION_ACCESS_VIOLATION (0xc0000005), reading address 0x0000000000000004


Registers:
RAX=0x0000000000000000, RBX=0x00007ffc2e2cc070, RCX=0x0000000000000020, RDX=0x00000000012fa6c5
RSP=0x000000b4d48fe050, RBP=0x000000b4d48fe0d0, RSI=0x0000000712b377f8, RDI=0x000001e858652918
R8 =0x00007ffc8b885940, R9 =0x000000b4d48fc3b0, R10=0x0000000000000000, R11=0x0000000000000246
R12=0x0000000000000000, R13=0x000001e858400770, R14=0x000000b4d48fe1a8, R15=0x000001e8165acd30
RIP=0x00000000624c2825, EFLAGS=0x0000000000010206


Register to memory mapping:

RAX=0x0 is null
RBX=0x00007ffc2e2cc070 jvm.dll
RCX=0x0000000000000020 is an unknown value
RDX=0x00000000012fa6c5 is an unknown value
RSP=0x000000b4d48fe050 is pointing into the stack for thread: 0x000001e8165acd30
RBP=0x000000b4d48fe0d0 is pointing into the stack for thread: 0x000001e8165acd30
RSI=0x0000000712b377f8 is an oop: java.security.AccessControlContext 
{0x0000000712b377f8} - klass: 'java/security/AccessControlContext'
 - ---- fields (total size 5 words):
 - private 'isPrivileged' 'Z' @12  true (0x01)
 - private 'isAuthorized' 'Z' @13  false (0x00)
 - private 'isWrapped' 'Z' @14  false (0x00)
 - private 'isLimited' 'Z' @15  false (0x00)
 - private 'context' '[Ljava/security/ProtectionDomain;' @16  a 'java/security/ProtectionDomain'[1] {0x0000000713949490} (0xe2729292)
 - private 'privilegedContext' 'Ljava/security/AccessControlContext;' @20  a 'java/security/AccessControlContext'{0x0000000712b377d0} (0xe2566efa)
 - private 'combiner' 'Ljava/security/DomainCombiner;' @24  null (0x00000000)
 - private 'permissions' '[Ljava/security/Permission;' @28  null (0x00000000)
 - private 'parent' 'Ljava/security/AccessControlContext;' @32  null (0x00000000)
 - private 'limitedContext' '[Ljava/security/ProtectionDomain;' @36  null (0x00000000)
RDI=0x000001e858652918 is pointing into metadata
R8 =0x00007ffc8b885940 msvcrt.dll
R9 =0x000000b4d48fc3b0 is pointing into the stack for thread: 0x000001e8165acd30
R10=0x0 is null
R11=0x0000000000000246 is an unknown value
R12=0x0 is null
R13={method} {0x000001e858400778} 'sortByBirth' '(J)Ljava/lang/String;' in 'JavaGUI'
R14=0x000000b4d48fe1a8 is pointing into the stack for thread: 0x000001e8165acd30
R15=0x000001e8165acd30 is a thread

Top of Stack: (sp=0x000000b4d48fe050)
0x000000b4d48fe050:   000001e87500d460 000001e8169a1ca0
0x000000b4d48fe060:   000001e800000001 0000000000000006
0x000000b4d48fe070:   000001e8169a1ca0 000001e81699f960
0x000000b4d48fe080:   0000000658652918 0000000000000004
0x000000b4d48fe090:   000001e8165acd30 000001e858652918
0x000000b4d48fe0a0:   000000b4d48fe130 00000000624c3b46
0x000000b4d48fe0b0:   000001e87500d460 000001e80753cd7c
0x000000b4d48fe0c0:   000001e858400770 000001e858400770
0x000000b4d48fe0d0:   000001e8165acd30 000001e858400770
0x000000b4d48fe0e0:   000000b4d48fe178 000001e80753cf0b
0x000000b4d48fe0f0:   000001e8165ad0e8 000000b4d48fe1a8
0x000000b4d48fe100:   000001e87500d460 0000000712b377f8
0x000000b4d48fe110:   000000b4d48ff520 00007ffc2e2519b9
0x000000b4d48fe120:   000001e8165acd30 000001e80753cb9f
0x000000b4d48fe130:   000000b4d48fe130 000001e858400770
0x000000b4d48fe140:   0000000000000006 000001e858400f18
0x000000b4d48fe150:   0000000000000000 000000071380da50
0x000000b4d48fe160:   000001e858400770 0000000000000000
0x000000b4d48fe170:   000000b4d48fe198 000000b4d48fe200
0x000000b4d48fe180:   000001e8075389b8 0000000000000000
0x000000b4d48fe190:   000001e80753a39a 000001e87500d460
0x000000b4d48fe1a0:   0000000000000000 0000000712b37a58
0x000000b4d48fe1b0:   00000007135160b0 000000b4d48fe1b8
0x000000b4d48fe1c0:   000001e85842829b 0000000000000016
0x000000b4d48fe1d0:   000001e858426dd8 0000000000000000
0x000000b4d48fe1e0:   000000071346f7a0 000001e858429d00
0x000000b4d48fe1f0:   000000b4d48fe198 000000b4d48fe2a8
0x000000b4d48fe200:   000000b4d48fe300 000001e807538cd2
0x000000b4d48fe210:   0000000000000000 0000000000000000
0x000000b4d48fe220:   0000000000000000 0000000000000000
0x000000b4d48fe230:   0000000000000000 0000000000000000
0x000000b4d48fe240:   0000000000000000 0000000000000000 

Instructions: (pc=0x00000000624c2825)
0x00000000624c2725:   55 18 48 8b 45 10 48 8b 00 48 89 45 f8 48 8b 45
0x00000000624c2735:   18 48 8b 10 48 8b 45 10 48 89 10 48 8b 45 18 48
0x00000000624c2745:   8b 55 f8 48 89 10 90 48 83 c4 10 5d c3 55 57 48
0x00000000624c2755:   83 ec 48 48 8d ac 24 80 00 00 00 48 89 4d e0 48
0x00000000624c2765:   8b 4d e0 e8 8a fe ff ff 89 45 b4 8b 45 b4 89 c2
0x00000000624c2775:   48 8d 0d 3c 4a 00 00 e8 07 2a 00 00 83 7d b4 00
0x00000000624c2785:   75 0c 48 8d 05 72 48 00 00 e9 6a 01 00 00 8b 55
0x00000000624c2795:   b4 89 d0 c1 e0 02 01 d0 48 98 48 89 c1 e8 e9 29
0x00000000624c27a5:   00 00 48 89 45 a8 8b 45 b4 48 98 48 c1 e0 03 48
0x00000000624c27b5:   89 c1 e8 d4 29 00 00 48 89 45 a0 8b 55 b4 48 8b
0x00000000624c27c5:   45 a0 41 89 d1 41 b8 00 00 00 00 48 89 c2 48 8b
0x00000000624c27d5:   4d e0 e8 70 fe ff ff 48 89 45 a0 c7 45 bc 00 00
0x00000000624c27e5:   00 00 e9 80 00 00 00 8b 45 bc 89 45 b8 eb 6c 8b
0x00000000624c27f5:   45 bc 48 98 48 8d 14 c5 00 00 00 00 48 8b 45 a0
0x00000000624c2805:   48 01 d0 48 8b 00 8b 50 04 8b 45 b8 48 98 48 8d
0x00000000624c2815:   0c c5 00 00 00 00 48 8b 45 a0 48 01 c8 48 8b 00
0x00000000624c2825:   8b 40 04 39 c2 7e 30 8b 45 b8 48 98 48 8d 14 c5
0x00000000624c2835:   00 00 00 00 48 8b 45 a0 48 01 c2 8b 45 bc 48 98
0x00000000624c2845:   48 8d 0c c5 00 00 00 00 48 8b 45 a0 48 01 c8 48
0x00000000624c2855:   89 c1 e8 bb fe ff ff 83 45 b8 01 8b 45 b8 3b 45
0x00000000624c2865:   b4 7c 8c 83 45 bc 01 8b 45 bc 3b 45 b4 0f 8c 74
0x00000000624c2875:   ff ff ff 48 8b 45 a0 48 8b 00 48 8b 50 08 48 8b
0x00000000624c2885:   45 a8 48 89 c1 e8 c9 28 00 00 c7 45 bc 01 00 00
0x00000000624c2895:   00 eb 59 48 8b 45 a8 48 c7 c1 ff ff ff ff 48 89
0x00000000624c28a5:   c2 b8 00 00 00 00 48 89 d7 f2 ae 48 89 c8 48 f7
0x00000000624c28b5:   d0 48 8d 50 ff 48 8b 45 a8 48 01 d0 66 c7 00 20
0x00000000624c28c5:   00 8b 45 bc 48 98 48 8d 14 c5 00 00 00 00 48 8b
0x00000000624c28d5:   45 a0 48 01 d0 48 8b 00 48 8b 50 08 48 8b 45 a8
0x00000000624c28e5:   48 89 c1 e8 7b 28 00 00 83 45 bc 01 8b 45 bc 3b
0x00000000624c28f5:   45 b4 7c 9f 48 8b 45 a8 48 83 c4 48 5f 5d c3 55
0x00000000624c2905:   48 89 e5 48 89 4d 10 89 55 18 44 89 45 20 44 89
0x00000000624c2915:   4d 28 48 8b 45 10 8b 55 18 89 10 48 8b 45 10 8b 


Stack slot to memory mapping:

stack at sp + 0 slots: 0x000001e87500d460 points into unknown readable memory: 0x012fa6c500000001 | 01 00 00 00 c5 a6 2f 01
stack at sp + 1 slots: 0x000001e8169a1ca0 points into unknown readable memory: 0x000001e87500d460 | 60 d4 00 75 e8 01 00 00
stack at sp + 2 slots: 0x000001e800000001 points into unknown readable memory: 00 00 00 00 00 00 00
stack at sp + 3 slots: 0x0000000000000006 is an unknown value
stack at sp + 4 slots: 0x000001e8169a1ca0 points into unknown readable memory: 0x000001e87500d460 | 60 d4 00 75 e8 01 00 00
stack at sp + 5 slots: 0x000001e81699f960 points into unknown readable memory: 0x0000000000000000 | 00 00 00 00 00 00 00 00
stack at sp + 6 slots: 0x0000000658652918 is an unknown value
stack at sp + 7 slots: 0x0000000000000004 is an unknown value


Compiled method (c1)    2319 1210       3       java.security.ProtectionDomain$JavaSecurityAccessImpl::doIntersectionPrivilege (22 bytes)
 total in heap  [0x000001e8001e0f90,0x000001e8001e1980] = 2544
 relocation     [0x000001e8001e10f0,0x000001e8001e11b0] = 192
 main code      [0x000001e8001e11c0,0x000001e8001e16d8] = 1304
 stub code      [0x000001e8001e16d8,0x000001e8001e1768] = 144
 metadata       [0x000001e8001e1768,0x000001e8001e1788] = 32
 scopes data    [0x000001e8001e1788,0x000001e8001e1868] = 224
 scopes pcs     [0x000001e8001e1868,0x000001e8001e1968] = 256
 dependencies   [0x000001e8001e1968,0x000001e8001e1970] = 8
 nul chk table  [0x000001e8001e1970,0x000001e8001e1980] = 16

[Constant Pool (empty)]

[MachCode]
[Entry Point]
  # {method} {0x000001e81711c670} 'doIntersectionPrivilege' '(Ljava/security/PrivilegedAction;Ljava/security/AccessControlContext;Ljava/security/AccessControlContext;)Ljava/lang/Object;' in 'java/security/ProtectionDomain$JavaSecurityAccessImpl'
  # this:     rdx:rdx   = 'java/security/ProtectionDomain$JavaSecurityAccessImpl'
  # parm0:    r8:r8     = 'java/security/PrivilegedAction'
  # parm1:    r9:r9     = 'java/security/AccessControlContext'
  # parm2:    rdi:rdi   = 'java/security/AccessControlContext'
  #           [sp+0xa0]  (sp of caller)
  0x000001e8001e11c0: 448b 5208 | 49bb 0000 | 0017 e801 | 0000 4d03 | d34c 3bd0 

  0x000001e8001e11d4: ;   {runtime_call ic_miss_stub}
  0x000001e8001e11d4: 0f85 a6d7 | 3907 660f | 1f44 0000 
[Verified Entry Point]
  0x000001e8001e11e0: 8984 2400 | 80ff ff55 | 4881 ec90 | 0000 0090 | 4181 7f20 | 0100 0000 

  0x000001e8001e11f8: ;   {runtime_call StubRoutines (final stubs)}
  0x000001e8001e11f8: 7405 e881 

  0x000001e8001e11fc: ;   {metadata(method data for {method} {0x000001e81711c670} 'doIntersectionPrivilege' '(Ljava/security/PrivilegedAction;Ljava/security/AccessControlContext;Ljava/security/AccessControlContext;)Ljava/lang/Object;' in 'java/security/ProtectionDomain$JavaSecurityAccessImpl')}
  0x000001e8001e11fc: 4b38 0748 | bed0 2979 | 58e8 0100 | 008b 9ecc | 0000 0083 | c302 899e | cc00 0000 | 81e3 fe07 
  0x000001e8001e121c: 0000 83fb | 000f 849a | 0300 0049 

  0x000001e8001e1228: ;   {metadata(method data for {method} {0x000001e81711c670} 'doIntersectionPrivilege' '(Ljava/security/PrivilegedAction;Ljava/security/AccessControlContext;Ljava/security/AccessControlContext;)Ljava/lang/Object;' in 'java/security/ProtectionDomain$JavaSecurityAccessImpl')}
  0x000001e8001e1228: 83f8 0048 | bad0 2979 | 58e8 0100 | 0048 be20 | 0100 0000 | 0000 000f | 840a 0000 | 0048 be10 
  0x000001e8001e1248: 0100 0000 | 0000 0048 | 8b1c 3248 | 8d5b 0148 | 891c 320f | 84c2 0200 | 004c 8944 

  0x000001e8001e1264: ;   {metadata(method data for {method} {0x000001e81711c670} 'doIntersectionPrivilege' '(Ljava/security/PrivilegedAction;Ljava/security/AccessControlContext;Ljava/security/AccessControlContext;)Ljava/lang/Object;' in 'java/security/ProtectionDomain$JavaSecurityAccessImpl')}
  0x000001e8001e1264: 2460 48ba | d029 7958 | e801 0000 | 4883 8240 | 0100 0001 | 488b d74d 

  0x000001e8001e127c: ;   {static_call}
  0x000001e8001e127c: 8bc1 90e8 

  0x000001e8001e1280: ; ImmutableOopMap {[96]=Oop }
                      ;*invokestatic getCombinedACC {reexecute=0 rethrow=0 return_oop=0}
                      ; - java.security.ProtectionDomain$JavaSecurityAccessImpl::doIntersectionPrivilege@15 (line 89)
  0x000001e8001e1280: 5c0e 0000 

  0x000001e8001e1284: ;   {other}
  0x000001e8001e1284: 0f1f 8400 | f402 0000 

  0x000001e8001e128c: ;   {metadata(method data for {method} {0x000001e81711c670} 'doIntersectionPrivilege' '(Ljava/security/PrivilegedAction;Ljava/security/AccessControlContext;Ljava/security/AccessControlContext;)Ljava/lang/Object;' in 'java/security/ProtectionDomain$JavaSecurityAccessImpl')}
  0x000001e8001e128c: 48be d029 | 7958 e801 | 0000 4883 | 8650 0100 

  0x000001e8001e129c: ;   {metadata(method data for {method} {0x000001e8174783f8} 'doPrivileged' '(Ljava/security/PrivilegedAction;Ljava/security/AccessControlContext;)Ljava/lang/Object;' in 'java/security/AccessController')}
  0x000001e8001e129c: 0001 48be | 4828 7958 | e801 0000 | 8bbe cc00 | 0000 83c7 | 0289 becc | 0000 0081 | e7fe ff1f 
  0x000001e8001e12bc: 0083 ff00 | 0f84 1c03 

  0x000001e8001e12c4: ;   {metadata(method data for {method} {0x000001e8174783f8} 'doPrivileged' '(Ljava/security/PrivilegedAction;Ljava/security/AccessControlContext;)Ljava/lang/Object;' in 'java/security/AccessController')}
  0x000001e8001e12c4: 0000 48be | 4828 7958 | e801 0000 | 4883 8610 | 0100 0001 | 4889 4424 

  0x000001e8001e12dc: ;   {static_call}
  0x000001e8001e12dc: 6866 90e8 

  0x000001e8001e12e0: ; ImmutableOopMap {[96]=Oop [104]=Oop }
                      ;*invokestatic getCallerClass {reexecute=0 rethrow=0 return_oop=0}
                      ; - java.security.AccessController::doPrivileged@0 (line 398)
                      ; - java.security.ProtectionDomain$JavaSecurityAccessImpl::doIntersectionPrivilege@18 (line 87)
  0x000001e8001e12e0: fcfb 9007 

  0x000001e8001e12e4: ;   {other}
  0x000001e8001e12e4: 0f1f 8400 | 5403 0001 

  0x000001e8001e12ec: ;   {metadata(method data for {method} {0x000001e8174783f8} 'doPrivileged' '(Ljava/security/PrivilegedAction;Ljava/security/AccessControlContext;)Ljava/lang/Object;' in 'java/security/AccessController')}
  0x000001e8001e12ec: 48ba 4828 | 7958 e801 | 0000 4883 | 8220 0100 | 0001 488b | 5424 684c | 8bc0 4889 | 4424 700f 
  0x000001e8001e130c: ;   {static_call}
  0x000001e8001e130c: 1f40 00e8 

  0x000001e8001e1310: ; ImmutableOopMap {[96]=Oop [112]=Oop }
                      ;*invokestatic checkContext {reexecute=0 rethrow=0 return_oop=0}
                      ; - java.security.AccessController::doPrivileged@6 (line 399)
                      ; - java.security.ProtectionDomain$JavaSecurityAccessImpl::doIntersectionPrivilege@18 (line 87)
  0x000001e8001e1310: 2cf2 ffff 

  0x000001e8001e1314: ;   {other}
  0x000001e8001e1314: 0f1f 8400 | 8403 0002 | 4889 4424 

  0x000001e8001e1320: ;   {metadata(method data for {method} {0x000001e8174783f8} 'doPrivileged' '(Ljava/security/PrivilegedAction;Ljava/security/AccessControlContext;)Ljava/lang/Object;' in 'java/security/AccessController')}
  0x000001e8001e1320: 7848 ba48 | 2879 58e8 | 0100 0048 | 8382 3001 

  0x000001e8001e1330: ;   {metadata(method data for {method} {0x000001e817478680} 'executePrivileged' '(Ljava/security/PrivilegedAction;Ljava/security/AccessControlContext;Ljava/lang/Class;)Ljava/lang/Object;' in 'java/security/AccessController')}
  0x000001e8001e1330: 0000 0148 | ba18 cc0d | 58e8 0100 | 008b b2cc | 0000 0083 | c602 89b2 | cc00 0000 | 81e6 feff 
  0x000001e8001e1350: 1f00 83fe | 000f 84a8 | 0200 0048 

  0x000001e8001e135c: ;   {metadata(method data for {method} {0x000001e817478680} 'executePrivileged' '(Ljava/security/PrivilegedAction;Ljava/security/AccessControlContext;Ljava/lang/Class;)Ljava/lang/Object;' in 'java/security/AccessController')}
  0x000001e8001e135c: 83f8 0048 | ba18 cc0d | 58e8 0100 | 0048 be10 | 0100 0000 | 0000 000f | 840a 0000 | 0048 be20 
  0x000001e8001e137c: 0100 0000 | 0000 0048 | 8b3c 3248 | 8d7f 0148 | 893c 320f | 8427 0000 

  0x000001e8001e1394: ;   {metadata(method data for {method} {0x000001e817478680} 'executePrivileged' '(Ljava/security/PrivilegedAction;Ljava/security/AccessControlContext;Ljava/lang/Class;)Ljava/lang/Object;' in 'java/security/AccessController')}
  0x000001e8001e1394: 0048 ba18 | cc0d 58e8 | 0100 0048 | 8382 3001 | 0000 0148 | 8bd0 0f1f 

  0x000001e8001e13ac: ;   {static_call}
  0x000001e8001e13ac: 4400 00e8 

  0x000001e8001e13b0: ; ImmutableOopMap {[96]=Oop [112]=Oop [120]=Oop }
                      ;*invokestatic ensureMaterializedForStackWalk {reexecute=0 rethrow=0 return_oop=0}
                      ; - java.security.AccessController::executePrivileged@5 (line 774)
                      ; - java.security.AccessController::doPrivileged@13 (line 400)
                      ; - java.security.ProtectionDomain$JavaSecurityAccessImpl::doIntersectionPrivilege@18 (line 87)
  0x000001e8001e13b0: 2c85 9407 

  0x000001e8001e13b4: ;   {other}
  0x000001e8001e13b4: 0f1f 8400 | 2404 0003 

  0x000001e8001e13bc: ;   {metadata(method data for {method} {0x000001e817478680} 'executePrivileged' '(Ljava/security/PrivilegedAction;Ljava/security/AccessControlContext;Ljava/lang/Class;)Ljava/lang/Object;' in 'java/security/AccessController')}
  0x000001e8001e13bc: 48ba 18cc | 0d58 e801 | 0000 ff82 | 4001 0000 | 4c8b 4424 | 6049 3b00 

  0x000001e8001e13d4: ;   {metadata(method data for {method} {0x000001e817478680} 'executePrivileged' '(Ljava/security/PrivilegedAction;Ljava/security/AccessControlContext;Ljava/lang/Class;)Ljava/lang/Object;' in 'java/security/AccessController')}
  0x000001e8001e13d4: 498b d048 | be18 cc0d | 58e8 0100 | 008b 5208 | 49ba 0000 | 0017 e801 | 0000 4903 | d248 3b96 
  0x000001e8001e13f4: b001 0000 | 750d 4883 | 86b8 0100 | 0001 e960 | 0000 0048 | 3b96 c001 | 0000 750d | 4883 86c8 
  0x000001e8001e1414: 0100 0001 | e94a 0000 | 0048 83be | b001 0000 | 0075 1748 | 8996 b001 | 0000 48c7 | 86b8 0100 
  0x000001e8001e1434: 0001 0000 | 00e9 2900 | 0000 4883 | bec0 0100 | 0000 7517 | 4889 96c0 | 0100 0048 | c786 c801 
  0x000001e8001e1454: 0000 0100 | 0000 e908 | 0000 0048 | 8386 a001 | 0000 0149 | 8bd0 6666 | 9048 b8ff | ffff ffff 
  0x000001e8001e1474: ;   {virtual_call}
  0x000001e8001e1474: ffff ffe8 

  0x000001e8001e1478: ; ImmutableOopMap {[112]=Oop [120]=Oop }
                      ;*invokeinterface run {reexecute=0 rethrow=0 return_oop=0}
                      ; - java.security.AccessController::executePrivileged@29 (line 778)
                      ; - java.security.AccessController::doPrivileged@13 (line 400)
                      ; - java.security.ProtectionDomain$JavaSecurityAccessImpl::doIntersectionPrivilege@18 (line 87)
  0x000001e8001e1478: a4b5 3907 

  0x000001e8001e147c: ;   {other}
  0x000001e8001e147c: 0f1f 8400 | ec04 0004 

  0x000001e8001e1484: ;   {metadata(method data for {method} {0x000001e817478680} 'executePrivileged' '(Ljava/security/PrivilegedAction;Ljava/security/AccessControlContext;Ljava/lang/Class;)Ljava/lang/Object;' in 'java/security/AccessController')}
  0x000001e8001e1484: 48ba 18cc | 0d58 e801 | 0000 ff82 | d801 0000 | 488b 5424 

  0x000001e8001e1498: ;   {metadata(method data for {method} {0x000001e817478680} 'executePrivileged' '(Ljava/security/PrivilegedAction;Ljava/security/AccessControlContext;Ljava/lang/Class;)Ljava/lang/Object;' in 'java/security/AccessController')}
  0x000001e8001e1498: 7048 be18 | cc0d 58e8 | 0100 0048 | 8386 3802 

  0x000001e8001e14a8: ;   {metadata(method data for {method} {0x000001e81703d400} 'reachabilityFence' '(Ljava/lang/Object;)V' in 'java/lang/ref/Reference')}
  0x000001e8001e14a8: 0000 0148 | be20 5b0a | 58e8 0100 | 008b becc | 0000 0083 | c702 89be | cc00 0000 | 81e7 feff 
  0x000001e8001e14c8: 1f00 83ff | 000f 8456 

  0x000001e8001e14d0: ;   {metadata(method data for {method} {0x000001e817478680} 'executePrivileged' '(Ljava/security/PrivilegedAction;Ljava/security/AccessControlContext;Ljava/lang/Class;)Ljava/lang/Object;' in 'java/security/AccessController')}
  0x000001e8001e14d0: 0100 0048 | ba18 cc0d | 58e8 0100 | 0048 8382 | 4802 0000 

  0x000001e8001e14e4: ;   {metadata(method data for {method} {0x000001e81703d400} 'reachabilityFence' '(Ljava/lang/Object;)V' in 'java/lang/ref/Reference')}
  0x000001e8001e14e4: 0148 ba20 | 5b0a 58e8 | 0100 008b | b2cc 0000 | 0083 c602 | 89b2 cc00 | 0000 81e6 | feff 1f00 
  0x000001e8001e1504: 83fe 000f | 843d 0100 | 0048 81c4 | 9000 0000 

  0x000001e8001e1514: ;   {poll_return}
  0x000001e8001e1514: 5d49 3ba7 | 5004 0000 | 0f87 4901 | 0000 c30f | 1f44 0000 

  0x000001e8001e1528: ;   {no_reloc}
  0x000001e8001e1528: e963 0100 | 0000 0000 | 0000 498b | 87b8 0100 | 0048 8d78 | 3049 3bbf | c801 0000 | 0f87 5001 
  0x000001e8001e1548: 0000 4989 | bfb8 0100 | 0048 c700 | 0100 0000 | 488b ca49 | ba00 0000 | 17e8 0100 | 0049 2bca 
  0x000001e8001e1568: 8948 0848 | 33c9 8948 | 0c48 33c9 | 4889 4810 | 4889 4818 | 4889 4820 | 4889 4828 

  0x000001e8001e1584: ;   {metadata(method data for {method} {0x000001e81711c670} 'doIntersectionPrivilege' '(Ljava/security/PrivilegedAction;Ljava/security/AccessControlContext;Ljava/security/AccessControlContext;)Ljava/lang/Object;' in 'java/security/ProtectionDomain$JavaSecurityAccessImpl')}
  0x000001e8001e1584: 488b d048 | bed0 2979 | 58e8 0100 | 0048 8386 | 3001 0000 | 0148 8bd0 | 4889 8424 | 8000 0000 
  0x000001e8001e15a4: ;   {optimized virtual_call}
  0x000001e8001e15a4: 6666 90e8 

  0x000001e8001e15a8: ; ImmutableOopMap {[128]=Oop }
                      ;*invokespecial <init> {reexecute=0 rethrow=0 return_oop=0}
                      ; - java.security.ProtectionDomain$JavaSecurityAccessImpl::doIntersectionPrivilege@8 (line 84)
  0x000001e8001e15a8: d4d8 3907 

  0x000001e8001e15ac: ;   {other}
  0x000001e8001e15ac: 0f1f 8400 | 1c06 0005 | 488b 8424 | 8000 0000 | e903 0100 

  0x000001e8001e15c0: ;   {metadata({method} {0x000001e81711c670} 'doIntersectionPrivilege' '(Ljava/security/PrivilegedAction;Ljava/security/AccessControlContext;Ljava/security/AccessControlContext;)Ljava/lang/Object;' in 'java/security/ProtectionDomain$JavaSecurityAccessImpl')}
  0x000001e8001e15c0: 0049 ba68 | c611 17e8 | 0100 004c | 8954 2408 | 48c7 0424 | ffff ffff 

  0x000001e8001e15d8: ;   {runtime_call counter_overflow Runtime1 stub}
  0x000001e8001e15d8: e8a3 be47 

  0x000001e8001e15dc: ; ImmutableOopMap {rdx=Oop r8=Oop r9=Oop rdi=Oop }
                      ;*synchronization entry
                      ; - java.security.ProtectionDomain$JavaSecurityAccessImpl::doIntersectionPrivilege@-1 (line 83)
  0x000001e8001e15dc: 07e9 45fc 

  0x000001e8001e15e0: ;   {metadata({method} {0x000001e8174783f8} 'doPrivileged' '(Ljava/security/PrivilegedAction;Ljava/security/AccessControlContext;)Ljava/lang/Object;' in 'java/security/AccessController')}
  0x000001e8001e15e0: ffff 49ba | f083 4717 | e801 0000 | 4c89 5424 | 0848 c704 | 24ff ffff 

  0x000001e8001e15f8: ;   {runtime_call counter_overflow Runtime1 stub}
  0x000001e8001e15f8: ffe8 82be 

  0x000001e8001e15fc: ; ImmutableOopMap {rax=Oop [96]=Oop }
                      ;*synchronization entry
                      ; - java.security.AccessController::doPrivileged@-1 (line 398)
                      ; - java.security.ProtectionDomain$JavaSecurityAccessImpl::doIntersectionPrivilege@18 (line 87)
  0x000001e8001e15fc: 4707 e9c3 

  0x000001e8001e1600: ;   {metadata({method} {0x000001e817478680} 'executePrivileged' '(Ljava/security/PrivilegedAction;Ljava/security/AccessControlContext;Ljava/lang/Class;)Ljava/lang/Object;' in 'java/security/AccessController')}
  0x000001e8001e1600: fcff ff49 | ba78 8647 | 17e8 0100 | 004c 8954 | 2408 48c7 | 0424 ffff 

  0x000001e8001e1618: ;   {runtime_call counter_overflow Runtime1 stub}
  0x000001e8001e1618: ffff e861 

  0x000001e8001e161c: ; ImmutableOopMap {rax=Oop [96]=Oop [112]=Oop [120]=Oop }
                      ;*synchronization entry
                      ; - java.security.AccessController::executePrivileged@-1 (line 773)
                      ; - java.security.AccessController::doPrivileged@13 (line 400)
                      ; - java.security.ProtectionDomain$JavaSecurityAccessImpl::doIntersectionPrivilege@18 (line 87)
  0x000001e8001e161c: be47 07e9 | 37fd ffff 

  0x000001e8001e1624: ;   {runtime_call throw_null_pointer_exception Runtime1 stub}
  0x000001e8001e1624: e877 2647 

  0x000001e8001e1628: ; ImmutableOopMap {r8=Oop [112]=Oop [120]=Oop }
                      ;*invokeinterface run {reexecute=0 rethrow=0 return_oop=0}
                      ; - java.security.AccessController::executePrivileged@29 (line 778)
                      ; - java.security.AccessController::doPrivileged@13 (line 400)
                      ; - java.security.ProtectionDomain$JavaSecurityAccessImpl::doIntersectionPrivilege@18 (line 87)
                      ;   {metadata({method} {0x000001e81703d400} 'reachabilityFence' '(Ljava/lang/Object;)V' in 'java/lang/ref/Reference')}
  0x000001e8001e1628: 0749 baf8 | d303 17e8 | 0100 004c | 8954 2408 | 48c7 0424 | ffff ffff 

  0x000001e8001e1640: ;   {runtime_call counter_overflow Runtime1 stub}
  0x000001e8001e1640: e83b be47 

  0x000001e8001e1644: ; ImmutableOopMap {rax=Oop rdx=Oop }
                      ;*synchronization entry
                      ; - java.lang.ref.Reference::reachabilityFence@-1 (line 628)
                      ; - java.security.AccessController::executePrivileged@56 (line 783)
                      ; - java.security.AccessController::doPrivileged@13 (line 400)
                      ; - java.security.ProtectionDomain$JavaSecurityAccessImpl::doIntersectionPrivilege@18 (line 87)
  0x000001e8001e1644: 07e9 89fe 

  0x000001e8001e1648: ;   {metadata({method} {0x000001e81703d400} 'reachabilityFence' '(Ljava/lang/Object;)V' in 'java/lang/ref/Reference')}
  0x000001e8001e1648: ffff 49ba | f8d3 0317 | e801 0000 | 4c89 5424 | 0848 c704 | 24ff ffff 

  0x000001e8001e1660: ;   {runtime_call counter_overflow Runtime1 stub}
  0x000001e8001e1660: ffe8 1abe 

  0x000001e8001e1664: ; ImmutableOopMap {rax=Oop }
                      ;*synchronization entry
                      ; - java.lang.ref.Reference::reachabilityFence@-1 (line 628)
                      ; - java.security.AccessController::executePrivileged@60 (line 784)
                      ; - java.security.AccessController::doPrivileged@13 (line 400)
                      ; - java.security.ProtectionDomain$JavaSecurityAccessImpl::doIntersectionPrivilege@18 (line 87)
  0x000001e8001e1664: 4707 e9a2 

  0x000001e8001e1668: ;   {internal_word}
  0x000001e8001e1668: feff ff49 | ba15 151e | 00e8 0100 | 004d 8997 | 6804 0000 

  0x000001e8001e167c: ;   {runtime_call SafepointBlob}
  0x000001e8001e167c: e9ff 543a 

  0x000001e8001e1680: ;   {metadata(nullptr)}
  0x000001e8001e1680: 0748 ba00 | 0000 0000 | 0000 00b8 | 000f 050a 

  0x000001e8001e1690: ;   {runtime_call load_klass_patching Runtime1 stub}
  0x000001e8001e1690: e86b a147 

  0x000001e8001e1694: ; ImmutableOopMap {}
                      ;*new {reexecute=1 rethrow=0 return_oop=0}
                      ; - (reexecute) java.security.ProtectionDomain$JavaSecurityAccessImpl::doIntersectionPrivilege@4 (line 84)
  0x000001e8001e1694: 07e9 8efe | ffff 488b 

  0x000001e8001e169c: ;   {runtime_call fast_new_instance Runtime1 stub}
  0x000001e8001e169c: d2e8 de30 

  0x000001e8001e16a0: ; ImmutableOopMap {}
                      ;*new {reexecute=0 rethrow=0 return_oop=0}
                      ; - java.security.ProtectionDomain$JavaSecurityAccessImpl::doIntersectionPrivilege@4 (line 84)
  0x000001e8001e16a0: 4707 e9dd | feff ff49 | 8b87 0005 | 0000 49c7 | 8700 0500 | 0000 0000 | 0049 c787 | 0805 0000 
  0x000001e8001e16c0: 0000 0000 | 4881 c490 | 0000 005d 

  0x000001e8001e16cc: ;   {runtime_call unwind_exception Runtime1 stub}
  0x000001e8001e16cc: e9af 0a47 | 07f4 f4f4 | f4f4 f4f4 
[Stub Code]
  0x000001e8001e16d8: ;   {no_reloc}
  0x000001e8001e16d8: 0f1f 4400 

  0x000001e8001e16dc: ;   {static_stub}
  0x000001e8001e16dc: 0048 bb00 | 0000 0000 

  0x000001e8001e16e4: ;   {runtime_call}
  0x000001e8001e16e4: 0000 00e9 | fbff ffff 

  0x000001e8001e16ec: ;   {static_stub}
  0x000001e8001e16ec: 48bb 0000 | 0000 0000 

  0x000001e8001e16f4: ;   {runtime_call}
  0x000001e8001e16f4: 0000 e9fb 

  0x000001e8001e16f8: ;   {static_stub}
  0x000001e8001e16f8: ffff ff48 | bb00 0000 | 0000 0000 

  0x000001e8001e1704: ;   {runtime_call}
  0x000001e8001e1704: 00e9 fbff 

  0x000001e8001e1708: ;   {static_stub}
  0x000001e8001e1708: ffff 48bb | 0000 0000 | 0000 0000 

  0x000001e8001e1714: ;   {runtime_call}
  0x000001e8001e1714: e9fb ffff 

  0x000001e8001e1718: ;   {static_stub}
  0x000001e8001e1718: ff48 bb00 | 0000 0000 

  0x000001e8001e1720: ;   {runtime_call}
  0x000001e8001e1720: 0000 00e9 | fbff ffff 

  0x000001e8001e1728: ;   {static_stub}
  0x000001e8001e1728: 48bb 0000 | 0000 0000 

  0x000001e8001e1730: ;   {runtime_call}
  0x000001e8001e1730: 0000 e9fb 

  0x000001e8001e1734: ;   {runtime_call handle_exception_from_callee Runtime1 stub}
  0x000001e8001e1734: ffff ffe8 | c462 4707 

  0x000001e8001e173c: ;   {external_word}
  0x000001e8001e173c: 48b9 0028 | 832e fc7f | 0000 4883 

  0x000001e8001e1748: ;   {runtime_call}
  0x000001e8001e1748: e4f0 48b8 | e00f 4b2e | fc7f 0000 

  0x000001e8001e1754: ;   {section_word}
  0x000001e8001e1754: ffd0 f449 | ba57 171e | 00e8 0100 

  0x000001e8001e1760: ;   {runtime_call DeoptimizationBlob}
  0x000001e8001e1760: 0041 52e9 | b868 3a07 
[/MachCode]


---------------  P R O C E S S  ---------------

Threads class SMR info:
_java_thread_list=0x000001e85c76e010, length=15, elements={
0x000001e87fb87870, 0x000001e87fb88660, 0x000001e8165a7b80, 0x000001e8165aa000,
0x000001e8165ab1f0, 0x000001e8165aab20, 0x000001e8165b9b70, 0x000001e8165ba250,
0x000001e8165ac660, 0x000001e8165ae1a0, 0x000001e8165ab8c0, 0x000001e8165ad400,
0x000001e8165abf90, 0x000001e8165acd30, 0x000001e8165adad0
}

Java Threads: ( => current thread )
  0x000001e87fb87870 JavaThread "Reference Handler"          daemon [_thread_blocked, id=6836, stack(0x000000b4d3b00000,0x000000b4d3c00000) (1024K)]
  0x000001e87fb88660 JavaThread "Finalizer"                  daemon [_thread_blocked, id=15544, stack(0x000000b4d3c00000,0x000000b4d3d00000) (1024K)]
  0x000001e8165a7b80 JavaThread "Signal Dispatcher"          daemon [_thread_blocked, id=15180, stack(0x000000b4d3d00000,0x000000b4d3e00000) (1024K)]
  0x000001e8165aa000 JavaThread "Attach Listener"            daemon [_thread_blocked, id=10280, stack(0x000000b4d3e00000,0x000000b4d3f00000) (1024K)]
  0x000001e8165ab1f0 JavaThread "Service Thread"             daemon [_thread_blocked, id=4120, stack(0x000000b4d3f00000,0x000000b4d4000000) (1024K)]
  0x000001e8165aab20 JavaThread "Monitor Deflation Thread"   daemon [_thread_blocked, id=6904, stack(0x000000b4d4000000,0x000000b4d4100000) (1024K)]
  0x000001e8165b9b70 JavaThread "C2 CompilerThread0"         daemon [_thread_blocked, id=572, stack(0x000000b4d4100000,0x000000b4d4200000) (1024K)]
  0x000001e8165ba250 JavaThread "C1 CompilerThread0"         daemon [_thread_blocked, id=7636, stack(0x000000b4d4200000,0x000000b4d4300000) (1024K)]
  0x000001e8165ac660 JavaThread "Notification Thread"        daemon [_thread_blocked, id=6184, stack(0x000000b4d4300000,0x000000b4d4400000) (1024K)]
  0x000001e8165ae1a0 JavaThread "Common-Cleaner"             daemon [_thread_blocked, id=13056, stack(0x000000b4d4400000,0x000000b4d4500000) (1024K)]
  0x000001e8165ab8c0 JavaThread "Java2D Disposer"            daemon [_thread_blocked, id=11152, stack(0x000000b4d4500000,0x000000b4d4600000) (1024K)]
  0x000001e8165ad400 JavaThread "AWT-Shutdown"                      [_thread_blocked, id=7964, stack(0x000000b4d4600000,0x000000b4d4700000) (1024K)]
  0x000001e8165abf90 JavaThread "AWT-Windows"                daemon [_thread_in_native, id=16236, stack(0x000000b4d4700000,0x000000b4d4800000) (1024K)]
=>0x000001e8165acd30 JavaThread "AWT-EventQueue-0"                  [_thread_in_native, id=16224, stack(0x000000b4d4800000,0x000000b4d4900000) (1024K)]
  0x000001e8165adad0 JavaThread "DestroyJavaVM"                     [_thread_blocked, id=4008, stack(0x000000b4d3300000,0x000000b4d3400000) (1024K)]
Total: 15

Other Threads:
  0x000001e87fb43b50 VMThread "VM Thread"                           [id=13764, stack(0x000000b4d3a00000,0x000000b4d3b00000) (1024K)]
  0x000001e8165a1800 WatcherThread "VM Periodic Task Thread"        [id=13468, stack(0x000000b4d3900000,0x000000b4d3a00000) (1024K)]
  0x000001e87f9b08e0 WorkerThread "GC Thread#0"                     [id=13996, stack(0x000000b4d3400000,0x000000b4d3500000) (1024K)]
  0x000001e8770aa740 ConcurrentGCThread "G1 Main Marker"            [id=14668, stack(0x000000b4d3500000,0x000000b4d3600000) (1024K)]
  0x000001e8770ab8d0 WorkerThread "G1 Conc#0"                       [id=16808, stack(0x000000b4d3600000,0x000000b4d3700000) (1024K)]
  0x000001e87fa70a90 ConcurrentGCThread "G1 Refine#0"               [id=10568, stack(0x000000b4d3700000,0x000000b4d3800000) (1024K)]
  0x000001e87fa734d0 ConcurrentGCThread "G1 Service"                [id=11536, stack(0x000000b4d3800000,0x000000b4d3900000) (1024K)]
Total: 7

Threads with active compile tasks:
Total: 0

VM state: not at safepoint (normal execution)

VM Mutex/Monitor currently owned by a thread: None

Heap address: 0x0000000704000000, size: 4032 MB, Compressed Oops mode: Zero based, Oop shift amount: 3

CDS archive(s) mapped at: [0x000001e817000000-0x000001e817c90000-0x000001e817c90000), size 13172736, SharedBaseAddress: 0x000001e817000000, ArchiveRelocationMode: 1.
Compressed class space mapped at: 0x000001e818000000-0x000001e858000000, reserved size: 1073741824
Narrow klass base: 0x000001e817000000, Narrow klass shift: 0, Narrow klass range: 0x100000000

GC Precious Log:
 CardTable entry size: 512
 Card Set container configuration: InlinePtr #cards 4 size 8 Array Of Cards #cards 16 size 48 Howl #buckets 8 coarsen threshold 3686 Howl Bitmap #cards 512 size 80 coarsen threshold 460 Card regions per heap region 1 cards per card region 4096
 CPUs: 12 total, 12 available
 Memory: 16121M
 Large Page Support: Disabled
 NUMA Support: Disabled
 Compressed Oops: Enabled (Zero based)
 Heap Region Size: 2M
 Heap Min Capacity: 8M
 Heap Initial Capacity: 252M
 Heap Max Capacity: 4032M
 Pre-touch: Disabled
 Parallel Workers: 10
 Concurrent Workers: 3
 Concurrent Refinement Workers: 10
 Periodic GC: Disabled

Heap:
 garbage-first heap   total 258048K, used 22528K [0x0000000704000000, 0x0000000800000000)
  region size 2048K, 9 young (18432K), 0 survivors (0K)
 Metaspace       used 8237K, committed 8448K, reserved 1114112K
  class space    used 987K, committed 1088K, reserved 1048576K

Heap Regions: E=young(eden), S=young(survivor), O=old, HS=humongous(starts), HC=humongous(continues), CS=collection set, F=free, TAMS=top-at-mark-start, PB=parsable bottom
|   0|0x0000000704000000, 0x0000000704200000, 0x0000000704200000|100%|HS|  |TAMS 0x0000000704000000| PB 0x0000000704000000| Complete 
|   1|0x0000000704200000, 0x0000000704400000, 0x0000000704400000|100%|HC|  |TAMS 0x0000000704200000| PB 0x0000000704200000| Complete 
|   2|0x0000000704400000, 0x0000000704600000, 0x0000000704600000|100%|HC|  |TAMS 0x0000000704400000| PB 0x0000000704400000| Complete 
|   3|0x0000000704600000, 0x0000000704800000, 0x0000000704800000|100%|HC|  |TAMS 0x0000000704600000| PB 0x0000000704600000| Complete 
|   4|0x0000000704800000, 0x0000000704800000, 0x0000000704a00000|  0%| F|  |TAMS 0x0000000704800000| PB 0x0000000704800000| Untracked 
|   5|0x0000000704a00000, 0x0000000704a00000, 0x0000000704c00000|  0%| F|  |TAMS 0x0000000704a00000| PB 0x0000000704a00000| Untracked 
|   6|0x0000000704c00000, 0x0000000704c00000, 0x0000000704e00000|  0%| F|  |TAMS 0x0000000704c00000| PB 0x0000000704c00000| Untracked 
|   7|0x0000000704e00000, 0x0000000704e00000, 0x0000000705000000|  0%| F|  |TAMS 0x0000000704e00000| PB 0x0000000704e00000| Untracked 
|   8|0x0000000705000000, 0x0000000705000000, 0x0000000705200000|  0%| F|  |TAMS 0x0000000705000000| PB 0x0000000705000000| Untracked 
|   9|0x0000000705200000, 0x0000000705200000, 0x0000000705400000|  0%| F|  |TAMS 0x0000000705200000| PB 0x0000000705200000| Untracked 
|  10|0x0000000705400000, 0x0000000705400000, 0x0000000705600000|  0%| F|  |TAMS 0x0000000705400000| PB 0x0000000705400000| Untracked 
|  11|0x0000000705600000, 0x0000000705600000, 0x0000000705800000|  0%| F|  |TAMS 0x0000000705600000| PB 0x0000000705600000| Untracked 
|  12|0x0000000705800000, 0x0000000705800000, 0x0000000705a00000|  0%| F|  |TAMS 0x0000000705800000| PB 0x0000000705800000| Untracked 
|  13|0x0000000705a00000, 0x0000000705a00000, 0x0000000705c00000|  0%| F|  |TAMS 0x0000000705a00000| PB 0x0000000705a00000| Untracked 
|  14|0x0000000705c00000, 0x0000000705c00000, 0x0000000705e00000|  0%| F|  |TAMS 0x0000000705c00000| PB 0x0000000705c00000| Untracked 
|  15|0x0000000705e00000, 0x0000000705e00000, 0x0000000706000000|  0%| F|  |TAMS 0x0000000705e00000| PB 0x0000000705e00000| Untracked 
|  16|0x0000000706000000, 0x0000000706000000, 0x0000000706200000|  0%| F|  |TAMS 0x0000000706000000| PB 0x0000000706000000| Untracked 
|  17|0x0000000706200000, 0x0000000706200000, 0x0000000706400000|  0%| F|  |TAMS 0x0000000706200000| PB 0x0000000706200000| Untracked 
|  18|0x0000000706400000, 0x0000000706400000, 0x0000000706600000|  0%| F|  |TAMS 0x0000000706400000| PB 0x0000000706400000| Untracked 
|  19|0x0000000706600000, 0x0000000706600000, 0x0000000706800000|  0%| F|  |TAMS 0x0000000706600000| PB 0x0000000706600000| Untracked 
|  20|0x0000000706800000, 0x0000000706800000, 0x0000000706a00000|  0%| F|  |TAMS 0x0000000706800000| PB 0x0000000706800000| Untracked 
|  21|0x0000000706a00000, 0x0000000706a00000, 0x0000000706c00000|  0%| F|  |TAMS 0x0000000706a00000| PB 0x0000000706a00000| Untracked 
|  22|0x0000000706c00000, 0x0000000706c00000, 0x0000000706e00000|  0%| F|  |TAMS 0x0000000706c00000| PB 0x0000000706c00000| Untracked 
|  23|0x0000000706e00000, 0x0000000706e00000, 0x0000000707000000|  0%| F|  |TAMS 0x0000000706e00000| PB 0x0000000706e00000| Untracked 
|  24|0x0000000707000000, 0x0000000707000000, 0x0000000707200000|  0%| F|  |TAMS 0x0000000707000000| PB 0x0000000707000000| Untracked 
|  25|0x0000000707200000, 0x0000000707200000, 0x0000000707400000|  0%| F|  |TAMS 0x0000000707200000| PB 0x0000000707200000| Untracked 
|  26|0x0000000707400000, 0x0000000707400000, 0x0000000707600000|  0%| F|  |TAMS 0x0000000707400000| PB 0x0000000707400000| Untracked 
|  27|0x0000000707600000, 0x0000000707600000, 0x0000000707800000|  0%| F|  |TAMS 0x0000000707600000| PB 0x0000000707600000| Untracked 
|  28|0x0000000707800000, 0x0000000707800000, 0x0000000707a00000|  0%| F|  |TAMS 0x0000000707800000| PB 0x0000000707800000| Untracked 
|  29|0x0000000707a00000, 0x0000000707a00000, 0x0000000707c00000|  0%| F|  |TAMS 0x0000000707a00000| PB 0x0000000707a00000| Untracked 
|  30|0x0000000707c00000, 0x0000000707c00000, 0x0000000707e00000|  0%| F|  |TAMS 0x0000000707c00000| PB 0x0000000707c00000| Untracked 
|  31|0x0000000707e00000, 0x0000000707e00000, 0x0000000708000000|  0%| F|  |TAMS 0x0000000707e00000| PB 0x0000000707e00000| Untracked 
|  32|0x0000000708000000, 0x0000000708000000, 0x0000000708200000|  0%| F|  |TAMS 0x0000000708000000| PB 0x0000000708000000| Untracked 
|  33|0x0000000708200000, 0x0000000708200000, 0x0000000708400000|  0%| F|  |TAMS 0x0000000708200000| PB 0x0000000708200000| Untracked 
|  34|0x0000000708400000, 0x0000000708400000, 0x0000000708600000|  0%| F|  |TAMS 0x0000000708400000| PB 0x0000000708400000| Untracked 
|  35|0x0000000708600000, 0x0000000708600000, 0x0000000708800000|  0%| F|  |TAMS 0x0000000708600000| PB 0x0000000708600000| Untracked 
|  36|0x0000000708800000, 0x0000000708800000, 0x0000000708a00000|  0%| F|  |TAMS 0x0000000708800000| PB 0x0000000708800000| Untracked 
|  37|0x0000000708a00000, 0x0000000708a00000, 0x0000000708c00000|  0%| F|  |TAMS 0x0000000708a00000| PB 0x0000000708a00000| Untracked 
|  38|0x0000000708c00000, 0x0000000708c00000, 0x0000000708e00000|  0%| F|  |TAMS 0x0000000708c00000| PB 0x0000000708c00000| Untracked 
|  39|0x0000000708e00000, 0x0000000708e00000, 0x0000000709000000|  0%| F|  |TAMS 0x0000000708e00000| PB 0x0000000708e00000| Untracked 
|  40|0x0000000709000000, 0x0000000709000000, 0x0000000709200000|  0%| F|  |TAMS 0x0000000709000000| PB 0x0000000709000000| Untracked 
|  41|0x0000000709200000, 0x0000000709200000, 0x0000000709400000|  0%| F|  |TAMS 0x0000000709200000| PB 0x0000000709200000| Untracked 
|  42|0x0000000709400000, 0x0000000709400000, 0x0000000709600000|  0%| F|  |TAMS 0x0000000709400000| PB 0x0000000709400000| Untracked 
|  43|0x0000000709600000, 0x0000000709600000, 0x0000000709800000|  0%| F|  |TAMS 0x0000000709600000| PB 0x0000000709600000| Untracked 
|  44|0x0000000709800000, 0x0000000709800000, 0x0000000709a00000|  0%| F|  |TAMS 0x0000000709800000| PB 0x0000000709800000| Untracked 
|  45|0x0000000709a00000, 0x0000000709a00000, 0x0000000709c00000|  0%| F|  |TAMS 0x0000000709a00000| PB 0x0000000709a00000| Untracked 
|  46|0x0000000709c00000, 0x0000000709c00000, 0x0000000709e00000|  0%| F|  |TAMS 0x0000000709c00000| PB 0x0000000709c00000| Untracked 
|  47|0x0000000709e00000, 0x0000000709e00000, 0x000000070a000000|  0%| F|  |TAMS 0x0000000709e00000| PB 0x0000000709e00000| Untracked 
|  48|0x000000070a000000, 0x000000070a000000, 0x000000070a200000|  0%| F|  |TAMS 0x000000070a000000| PB 0x000000070a000000| Untracked 
|  49|0x000000070a200000, 0x000000070a200000, 0x000000070a400000|  0%| F|  |TAMS 0x000000070a200000| PB 0x000000070a200000| Untracked 
|  50|0x000000070a400000, 0x000000070a400000, 0x000000070a600000|  0%| F|  |TAMS 0x000000070a400000| PB 0x000000070a400000| Untracked 
|  51|0x000000070a600000, 0x000000070a600000, 0x000000070a800000|  0%| F|  |TAMS 0x000000070a600000| PB 0x000000070a600000| Untracked 
|  52|0x000000070a800000, 0x000000070a800000, 0x000000070aa00000|  0%| F|  |TAMS 0x000000070a800000| PB 0x000000070a800000| Untracked 
|  53|0x000000070aa00000, 0x000000070aa00000, 0x000000070ac00000|  0%| F|  |TAMS 0x000000070aa00000| PB 0x000000070aa00000| Untracked 
|  54|0x000000070ac00000, 0x000000070ac00000, 0x000000070ae00000|  0%| F|  |TAMS 0x000000070ac00000| PB 0x000000070ac00000| Untracked 
|  55|0x000000070ae00000, 0x000000070ae00000, 0x000000070b000000|  0%| F|  |TAMS 0x000000070ae00000| PB 0x000000070ae00000| Untracked 
|  56|0x000000070b000000, 0x000000070b000000, 0x000000070b200000|  0%| F|  |TAMS 0x000000070b000000| PB 0x000000070b000000| Untracked 
|  57|0x000000070b200000, 0x000000070b200000, 0x000000070b400000|  0%| F|  |TAMS 0x000000070b200000| PB 0x000000070b200000| Untracked 
|  58|0x000000070b400000, 0x000000070b400000, 0x000000070b600000|  0%| F|  |TAMS 0x000000070b400000| PB 0x000000070b400000| Untracked 
|  59|0x000000070b600000, 0x000000070b600000, 0x000000070b800000|  0%| F|  |TAMS 0x000000070b600000| PB 0x000000070b600000| Untracked 
|  60|0x000000070b800000, 0x000000070b800000, 0x000000070ba00000|  0%| F|  |TAMS 0x000000070b800000| PB 0x000000070b800000| Untracked 
|  61|0x000000070ba00000, 0x000000070ba00000, 0x000000070bc00000|  0%| F|  |TAMS 0x000000070ba00000| PB 0x000000070ba00000| Untracked 
|  62|0x000000070bc00000, 0x000000070bc00000, 0x000000070be00000|  0%| F|  |TAMS 0x000000070bc00000| PB 0x000000070bc00000| Untracked 
|  63|0x000000070be00000, 0x000000070be00000, 0x000000070c000000|  0%| F|  |TAMS 0x000000070be00000| PB 0x000000070be00000| Untracked 
|  64|0x000000070c000000, 0x000000070c000000, 0x000000070c200000|  0%| F|  |TAMS 0x000000070c000000| PB 0x000000070c000000| Untracked 
|  65|0x000000070c200000, 0x000000070c200000, 0x000000070c400000|  0%| F|  |TAMS 0x000000070c200000| PB 0x000000070c200000| Untracked 
|  66|0x000000070c400000, 0x000000070c400000, 0x000000070c600000|  0%| F|  |TAMS 0x000000070c400000| PB 0x000000070c400000| Untracked 
|  67|0x000000070c600000, 0x000000070c600000, 0x000000070c800000|  0%| F|  |TAMS 0x000000070c600000| PB 0x000000070c600000| Untracked 
|  68|0x000000070c800000, 0x000000070c800000, 0x000000070ca00000|  0%| F|  |TAMS 0x000000070c800000| PB 0x000000070c800000| Untracked 
|  69|0x000000070ca00000, 0x000000070ca00000, 0x000000070cc00000|  0%| F|  |TAMS 0x000000070ca00000| PB 0x000000070ca00000| Untracked 
|  70|0x000000070cc00000, 0x000000070cc00000, 0x000000070ce00000|  0%| F|  |TAMS 0x000000070cc00000| PB 0x000000070cc00000| Untracked 
|  71|0x000000070ce00000, 0x000000070ce00000, 0x000000070d000000|  0%| F|  |TAMS 0x000000070ce00000| PB 0x000000070ce00000| Untracked 
|  72|0x000000070d000000, 0x000000070d000000, 0x000000070d200000|  0%| F|  |TAMS 0x000000070d000000| PB 0x000000070d000000| Untracked 
|  73|0x000000070d200000, 0x000000070d200000, 0x000000070d400000|  0%| F|  |TAMS 0x000000070d200000| PB 0x000000070d200000| Untracked 
|  74|0x000000070d400000, 0x000000070d400000, 0x000000070d600000|  0%| F|  |TAMS 0x000000070d400000| PB 0x000000070d400000| Untracked 
|  75|0x000000070d600000, 0x000000070d600000, 0x000000070d800000|  0%| F|  |TAMS 0x000000070d600000| PB 0x000000070d600000| Untracked 
|  76|0x000000070d800000, 0x000000070d800000, 0x000000070da00000|  0%| F|  |TAMS 0x000000070d800000| PB 0x000000070d800000| Untracked 
|  77|0x000000070da00000, 0x000000070da00000, 0x000000070dc00000|  0%| F|  |TAMS 0x000000070da00000| PB 0x000000070da00000| Untracked 
|  78|0x000000070dc00000, 0x000000070dc00000, 0x000000070de00000|  0%| F|  |TAMS 0x000000070dc00000| PB 0x000000070dc00000| Untracked 
|  79|0x000000070de00000, 0x000000070de00000, 0x000000070e000000|  0%| F|  |TAMS 0x000000070de00000| PB 0x000000070de00000| Untracked 
|  80|0x000000070e000000, 0x000000070e000000, 0x000000070e200000|  0%| F|  |TAMS 0x000000070e000000| PB 0x000000070e000000| Untracked 
|  81|0x000000070e200000, 0x000000070e200000, 0x000000070e400000|  0%| F|  |TAMS 0x000000070e200000| PB 0x000000070e200000| Untracked 
|  82|0x000000070e400000, 0x000000070e400000, 0x000000070e600000|  0%| F|  |TAMS 0x000000070e400000| PB 0x000000070e400000| Untracked 
|  83|0x000000070e600000, 0x000000070e600000, 0x000000070e800000|  0%| F|  |TAMS 0x000000070e600000| PB 0x000000070e600000| Untracked 
|  84|0x000000070e800000, 0x000000070e800000, 0x000000070ea00000|  0%| F|  |TAMS 0x000000070e800000| PB 0x000000070e800000| Untracked 
|  85|0x000000070ea00000, 0x000000070ea00000, 0x000000070ec00000|  0%| F|  |TAMS 0x000000070ea00000| PB 0x000000070ea00000| Untracked 
|  86|0x000000070ec00000, 0x000000070ec00000, 0x000000070ee00000|  0%| F|  |TAMS 0x000000070ec00000| PB 0x000000070ec00000| Untracked 
|  87|0x000000070ee00000, 0x000000070ee00000, 0x000000070f000000|  0%| F|  |TAMS 0x000000070ee00000| PB 0x000000070ee00000| Untracked 
|  88|0x000000070f000000, 0x000000070f000000, 0x000000070f200000|  0%| F|  |TAMS 0x000000070f000000| PB 0x000000070f000000| Untracked 
|  89|0x000000070f200000, 0x000000070f200000, 0x000000070f400000|  0%| F|  |TAMS 0x000000070f200000| PB 0x000000070f200000| Untracked 
|  90|0x000000070f400000, 0x000000070f400000, 0x000000070f600000|  0%| F|  |TAMS 0x000000070f400000| PB 0x000000070f400000| Untracked 
|  91|0x000000070f600000, 0x000000070f600000, 0x000000070f800000|  0%| F|  |TAMS 0x000000070f600000| PB 0x000000070f600000| Untracked 
|  92|0x000000070f800000, 0x000000070f800000, 0x000000070fa00000|  0%| F|  |TAMS 0x000000070f800000| PB 0x000000070f800000| Untracked 
|  93|0x000000070fa00000, 0x000000070fa00000, 0x000000070fc00000|  0%| F|  |TAMS 0x000000070fa00000| PB 0x000000070fa00000| Untracked 
|  94|0x000000070fc00000, 0x000000070fc00000, 0x000000070fe00000|  0%| F|  |TAMS 0x000000070fc00000| PB 0x000000070fc00000| Untracked 
|  95|0x000000070fe00000, 0x000000070fe00000, 0x0000000710000000|  0%| F|  |TAMS 0x000000070fe00000| PB 0x000000070fe00000| Untracked 
|  96|0x0000000710000000, 0x0000000710000000, 0x0000000710200000|  0%| F|  |TAMS 0x0000000710000000| PB 0x0000000710000000| Untracked 
|  97|0x0000000710200000, 0x0000000710200000, 0x0000000710400000|  0%| F|  |TAMS 0x0000000710200000| PB 0x0000000710200000| Untracked 
|  98|0x0000000710400000, 0x0000000710400000, 0x0000000710600000|  0%| F|  |TAMS 0x0000000710400000| PB 0x0000000710400000| Untracked 
|  99|0x0000000710600000, 0x0000000710600000, 0x0000000710800000|  0%| F|  |TAMS 0x0000000710600000| PB 0x0000000710600000| Untracked 
| 100|0x0000000710800000, 0x0000000710800000, 0x0000000710a00000|  0%| F|  |TAMS 0x0000000710800000| PB 0x0000000710800000| Untracked 
| 101|0x0000000710a00000, 0x0000000710a00000, 0x0000000710c00000|  0%| F|  |TAMS 0x0000000710a00000| PB 0x0000000710a00000| Untracked 
| 102|0x0000000710c00000, 0x0000000710c00000, 0x0000000710e00000|  0%| F|  |TAMS 0x0000000710c00000| PB 0x0000000710c00000| Untracked 
| 103|0x0000000710e00000, 0x0000000710e00000, 0x0000000711000000|  0%| F|  |TAMS 0x0000000710e00000| PB 0x0000000710e00000| Untracked 
| 104|0x0000000711000000, 0x0000000711000000, 0x0000000711200000|  0%| F|  |TAMS 0x0000000711000000| PB 0x0000000711000000| Untracked 
| 105|0x0000000711200000, 0x0000000711200000, 0x0000000711400000|  0%| F|  |TAMS 0x0000000711200000| PB 0x0000000711200000| Untracked 
| 106|0x0000000711400000, 0x0000000711400000, 0x0000000711600000|  0%| F|  |TAMS 0x0000000711400000| PB 0x0000000711400000| Untracked 
| 107|0x0000000711600000, 0x0000000711600000, 0x0000000711800000|  0%| F|  |TAMS 0x0000000711600000| PB 0x0000000711600000| Untracked 
| 108|0x0000000711800000, 0x0000000711800000, 0x0000000711a00000|  0%| F|  |TAMS 0x0000000711800000| PB 0x0000000711800000| Untracked 
| 109|0x0000000711a00000, 0x0000000711a00000, 0x0000000711c00000|  0%| F|  |TAMS 0x0000000711a00000| PB 0x0000000711a00000| Untracked 
| 110|0x0000000711c00000, 0x0000000711c00000, 0x0000000711e00000|  0%| F|  |TAMS 0x0000000711c00000| PB 0x0000000711c00000| Untracked 
| 111|0x0000000711e00000, 0x0000000711e00000, 0x0000000712000000|  0%| F|  |TAMS 0x0000000711e00000| PB 0x0000000711e00000| Untracked 
| 112|0x0000000712000000, 0x0000000712000000, 0x0000000712200000|  0%| F|  |TAMS 0x0000000712000000| PB 0x0000000712000000| Untracked 
| 113|0x0000000712200000, 0x0000000712200000, 0x0000000712400000|  0%| F|  |TAMS 0x0000000712200000| PB 0x0000000712200000| Untracked 
| 114|0x0000000712400000, 0x0000000712400000, 0x0000000712600000|  0%| F|  |TAMS 0x0000000712400000| PB 0x0000000712400000| Untracked 
| 115|0x0000000712600000, 0x0000000712600000, 0x0000000712800000|  0%| F|  |TAMS 0x0000000712600000| PB 0x0000000712600000| Untracked 
| 116|0x0000000712800000, 0x0000000712800000, 0x0000000712a00000|  0%| F|  |TAMS 0x0000000712800000| PB 0x0000000712800000| Untracked 
| 117|0x0000000712a00000, 0x0000000712b8f338, 0x0000000712c00000| 77%| E|  |TAMS 0x0000000712a00000| PB 0x0000000712a00000| Complete 
| 118|0x0000000712c00000, 0x0000000712e00000, 0x0000000712e00000|100%| E|  |TAMS 0x0000000712c00000| PB 0x0000000712c00000| Complete 
| 119|0x0000000712e00000, 0x0000000713000000, 0x0000000713000000|100%| E|CS|TAMS 0x0000000712e00000| PB 0x0000000712e00000| Complete 
| 120|0x0000000713000000, 0x0000000713200000, 0x0000000713200000|100%| E|CS|TAMS 0x0000000713000000| PB 0x0000000713000000| Complete 
| 121|0x0000000713200000, 0x0000000713400000, 0x0000000713400000|100%| E|CS|TAMS 0x0000000713200000| PB 0x0000000713200000| Complete 
| 122|0x0000000713400000, 0x0000000713600000, 0x0000000713600000|100%| E|CS|TAMS 0x0000000713400000| PB 0x0000000713400000| Complete 
| 123|0x0000000713600000, 0x0000000713800000, 0x0000000713800000|100%| E|CS|TAMS 0x0000000713600000| PB 0x0000000713600000| Complete 
| 124|0x0000000713800000, 0x0000000713a00000, 0x0000000713a00000|100%| E|CS|TAMS 0x0000000713800000| PB 0x0000000713800000| Complete 
| 125|0x0000000713a00000, 0x0000000713c00000, 0x0000000713c00000|100%| E|CS|TAMS 0x0000000713a00000| PB 0x0000000713a00000| Complete 

Card table byte_map: [0x000001e80f7e0000,0x000001e80ffc0000] _byte_map_base: 0x000001e80bfc0000

Marking Bits: (CMBitMap*) 0x000001e877098030
 Bits: [0x000001e80ffc0000, 0x000001e813ec0000)

Polling page: 0x000001e874fc0000

Metaspace:

Usage:
  Non-class:      7.08 MB used.
      Class:    987.44 KB used.
       Both:      8.04 MB used.

Virtual space:
  Non-class space:       64.00 MB reserved,       7.19 MB ( 11%) committed,  1 nodes.
      Class space:        1.00 GB reserved,       1.06 MB ( <1%) committed,  1 nodes.
             Both:        1.06 GB reserved,       8.25 MB ( <1%) committed. 

Chunk freelists:
   Non-Class:  8.45 MB
       Class:  14.99 MB
        Both:  23.44 MB

MaxMetaspaceSize: unlimited
CompressedClassSpaceSize: 1.00 GB
Initial GC threshold: 21.00 MB
Current GC threshold: 21.00 MB
CDS: on
 - commit_granule_bytes: 65536.
 - commit_granule_words: 8192.
 - virtual_space_node_default_size: 8388608.
 - enlarge_chunks_in_place: 1.
 - use_allocation_guard: 0.


Internal statistics:

num_allocs_failed_limit: 0.
num_arena_births: 140.
num_arena_deaths: 0.
num_vsnodes_births: 2.
num_vsnodes_deaths: 0.
num_space_committed: 132.
num_space_uncommitted: 0.
num_chunks_returned_to_freelist: 0.
num_chunks_taken_from_freelist: 192.
num_chunk_merges: 0.
num_chunk_splits: 115.
num_chunks_enlarged: 48.
num_inconsistent_stats: 0.

CodeHeap 'non-profiled nmethods': size=120000Kb used=366Kb max_used=366Kb free=119633Kb
 bounds [0x000001e807ad0000, 0x000001e807d40000, 0x000001e80f000000]
CodeHeap 'profiled nmethods': size=120000Kb used=1953Kb max_used=1953Kb free=118046Kb
 bounds [0x000001e800000000, 0x000001e800270000, 0x000001e807530000]
CodeHeap 'non-nmethods': size=5760Kb used=1690Kb max_used=1722Kb free=4070Kb
 bounds [0x000001e807530000, 0x000001e8077a0000, 0x000001e807ad0000]
 total_blobs=1830 nmethods=1236 adapters=499
 compilation: enabled
              stopped_count=0, restarted_count=0
 full_count=0

Compilation events (20 events):
Event: 2.229 Thread 0x000001e8165ba250 1227       3       sun.java2d.pipe.Region::clipRound (34 bytes)
Event: 2.230 Thread 0x000001e8165ba250 nmethod 1227 0x000001e8001e5490 code [0x000001e8001e5680, 0x000001e8001e5938]
Event: 2.230 Thread 0x000001e8165ba250 1228       3       java.util.HashMap::keySet (25 bytes)
Event: 2.230 Thread 0x000001e8165ba250 nmethod 1228 0x000001e8001e5a10 code [0x000001e8001e5be0, 0x000001e8001e5fd0]
Event: 2.230 Thread 0x000001e8165ba250 1229       3       java.util.WeakHashMap::getTable (9 bytes)
Event: 2.230 Thread 0x000001e8165ba250 nmethod 1229 0x000001e8001e6110 code [0x000001e8001e62c0, 0x000001e8001e6410]
Event: 2.230 Thread 0x000001e8165ba250 1230   !   3       java.util.WeakHashMap::expungeStaleEntries (139 bytes)
Event: 2.230 Thread 0x000001e8165ba250 nmethod 1230 0x000001e8001e6490 code [0x000001e8001e66a0, 0x000001e8001e6f60]
Event: 2.231 Thread 0x000001e8165ba250 1231       1       java.awt.geom.AffineTransform::getTranslateX (5 bytes)
Event: 2.231 Thread 0x000001e8165ba250 nmethod 1231 0x000001e807b2b510 code [0x000001e807b2b6a0, 0x000001e807b2b768]
Event: 2.231 Thread 0x000001e8165ba250 1232       1       java.awt.geom.AffineTransform::getTranslateY (5 bytes)
Event: 2.231 Thread 0x000001e8165ba250 nmethod 1232 0x000001e807b2b810 code [0x000001e807b2b9a0, 0x000001e807b2ba68]
Event: 2.231 Thread 0x000001e8165ba250 1233       3       java.util.HashMap$KeySet::iterator (12 bytes)
Event: 2.231 Thread 0x000001e8165ba250 nmethod 1233 0x000001e8001e7390 code [0x000001e8001e7540, 0x000001e8001e7750]
Event: 2.231 Thread 0x000001e8165ba250 1234       3       java.util.HashMap$KeyIterator::<init> (6 bytes)
Event: 2.231 Thread 0x000001e8165ba250 nmethod 1234 0x000001e8001e7890 code [0x000001e8001e7a40, 0x000001e8001e7b80]
Event: 2.292 Thread 0x000001e8165ba250 1235       3       java.awt.event.InputEvent::getModifiers (8 bytes)
Event: 2.292 Thread 0x000001e8165ba250 nmethod 1235 0x000001e8001e7c10 code [0x000001e8001e7da0, 0x000001e8001e7eb8]
Event: 2.292 Thread 0x000001e8165ba250 1236       3       java.awt.AWTEvent::<init> (81 bytes)
Event: 2.292 Thread 0x000001e8165ba250 nmethod 1236 0x000001e8001e7f90 code [0x000001e8001e8180, 0x000001e8001e8640]

GC Heap History (0 events):
No events

Dll operation events (9 events):
Event: 0.009 Loaded shared library C:\Program Files\Java\jdk-21\bin\java.dll
Event: 0.054 Loaded shared library C:\Program Files\Java\jdk-21\bin\jsvml.dll
Event: 0.072 Loaded shared library C:\Users\14858\Desktop\Cwork\genealogy-homework\C_functions.dll
Event: 0.091 Loaded shared library C:\Program Files\Java\jdk-21\bin\jimage.dll
Event: 0.116 Loaded shared library C:\Program Files\Java\jdk-21\bin\awt.dll
Event: 0.298 Loaded shared library C:\Program Files\Java\jdk-21\bin\freetype.dll
Event: 0.299 Loaded shared library C:\Program Files\Java\jdk-21\bin\fontmanager.dll
Event: 0.445 Loaded shared library C:\Program Files\Java\jdk-21\bin\net.dll
Event: 0.448 Loaded shared library C:\Program Files\Java\jdk-21\bin\nio.dll

Deoptimization events (20 events):
Event: 1.406 Thread 0x000001e8165acd30 DEOPT PACKING pc=0x000001e807b08494 sp=0x000000b4d48fc200
Event: 1.406 Thread 0x000001e8165acd30 DEOPT UNPACKING pc=0x000001e807587da2 sp=0x000000b4d48fc180 mode 2
Event: 1.415 Thread 0x000001e8165acd30 Uncommon trap: trap_request=0xffffff45 fr.pc=0x000001e807b0950c relative=0x00000000000004ac
Event: 1.415 Thread 0x000001e8165acd30 Uncommon trap: reason=unstable_if action=reinterpret pc=0x000001e807b0950c method=java.lang.StringLatin1.toLowerCase(Ljava/lang/String;[BLjava/util/Locale;)Ljava/lang/String; @ 43 c2
Event: 1.415 Thread 0x000001e8165acd30 DEOPT PACKING pc=0x000001e807b0950c sp=0x000000b4d48fce20
Event: 1.415 Thread 0x000001e8165acd30 DEOPT UNPACKING pc=0x000001e807587da2 sp=0x000000b4d48fcd90 mode 2
Event: 1.447 Thread 0x000001e8165acd30 DEOPT PACKING pc=0x000001e800018be1 sp=0x000000b4d48fca00
Event: 1.447 Thread 0x000001e8165acd30 DEOPT UNPACKING pc=0x000001e8075888e2 sp=0x000000b4d48fbe68 mode 0
Event: 1.478 Thread 0x000001e8165acd30 Uncommon trap: trap_request=0xffffff45 fr.pc=0x000001e807b0d4ec relative=0x000000000000032c
Event: 1.478 Thread 0x000001e8165acd30 Uncommon trap: reason=unstable_if action=reinterpret pc=0x000001e807b0d4ec method=jdk.internal.util.ArraysSupport.mismatch([BI[BII)I @ 55 c2
Event: 1.478 Thread 0x000001e8165acd30 DEOPT PACKING pc=0x000001e807b0d4ec sp=0x000000b4d48fc970
Event: 1.478 Thread 0x000001e8165acd30 DEOPT UNPACKING pc=0x000001e807587da2 sp=0x000000b4d48fc868 mode 2
Event: 1.516 Thread 0x000001e8165acd30 Uncommon trap: trap_request=0xffffff45 fr.pc=0x000001e807b16278 relative=0x0000000000000418
Event: 1.516 Thread 0x000001e8165acd30 Uncommon trap: reason=unstable_if action=reinterpret pc=0x000001e807b16278 method=java.lang.Character.isSurrogate(C)Z @ 3 c2
Event: 1.516 Thread 0x000001e8165acd30 DEOPT PACKING pc=0x000001e807b16278 sp=0x000000b4d48fc7f0
Event: 1.516 Thread 0x000001e8165acd30 DEOPT UNPACKING pc=0x000001e807587da2 sp=0x000000b4d48fc708 mode 2
Event: 1.628 Thread 0x000001e8165acd30 DEOPT PACKING pc=0x000001e8001cd01b sp=0x000000b4d48fcf10
Event: 1.628 Thread 0x000001e8165acd30 DEOPT UNPACKING pc=0x000001e8075888e2 sp=0x000000b4d48fc3e0 mode 0
Event: 1.628 Thread 0x000001e8165acd30 DEOPT PACKING pc=0x000001e8001cd01b sp=0x000000b4d48fcf10
Event: 1.628 Thread 0x000001e8165acd30 DEOPT UNPACKING pc=0x000001e8075888e2 sp=0x000000b4d48fc3e0 mode 0

Classes loaded (20 events):
Event: 1.527 Loading class java/awt/PaintContext done
Event: 1.527 Loading class java/awt/GradientPaintContext done
Event: 1.527 Loading class java/awt/geom/Point2D$Double
Event: 1.527 Loading class java/awt/geom/Point2D$Double done
Event: 1.527 Loading class sun/java2d/pipe/AlphaPaintPipe$TileContext
Event: 1.527 Loading class sun/java2d/pipe/AlphaPaintPipe$TileContext done
Event: 1.529 Loading class sun/awt/image/MultiResolutionToolkitImage
Event: 1.529 Loading class sun/awt/image/MultiResolutionToolkitImage done
Event: 1.534 Loading class java/awt/print/PrinterGraphics
Event: 1.534 Loading class java/awt/print/PrinterGraphics done
Event: 1.534 Loading class java/awt/PrintGraphics
Event: 1.534 Loading class java/awt/PrintGraphics done
Event: 1.561 Loading class java/awt/LightweightDispatcher$1
Event: 1.561 Loading class java/awt/LightweightDispatcher$1 done
Event: 1.561 Loading class java/awt/Toolkit$SelectiveAWTEventListener
Event: 1.561 Loading class java/awt/Toolkit$SelectiveAWTEventListener done
Event: 1.611 Loading class java/awt/event/ContainerEvent
Event: 1.611 Loading class java/awt/event/ContainerEvent done
Event: 1.611 Loading class javax/swing/event/ChangeEvent
Event: 1.611 Loading class javax/swing/event/ChangeEvent done

Classes unloaded (0 events):
No events

Classes redefined (0 events):
No events

Internal exceptions (12 events):
Event: 0.101 Thread 0x000001e8770460a0 Exception <a 'java/lang/ClassNotFoundException'{0x000000071384a698}: sun/awt/resources/spi/awtProvider> (0x000000071384a698) 
thrown [s\open\src\hotspot\share\classfile\systemDictionary.cpp, line 312]
Event: 0.130 Thread 0x000001e8770460a0 Exception <a 'java/io/FileNotFoundException'{0x0000000713916340}> (0x0000000713916340) 
thrown [s\open\src\hotspot\share\prims\jni.cpp, line 520]
Event: 0.138 Thread 0x000001e8770460a0 Exception <a 'java/io/FileNotFoundException'{0x0000000713940330}> (0x0000000713940330) 
thrown [s\open\src\hotspot\share\prims\jni.cpp, line 520]
Event: 0.227 Thread 0x000001e8770460a0 Exception <a 'java/lang/NoSuchMethodError'{0x0000000713684c40}: 'void java.lang.invoke.DirectMethodHandle$Holder.invokeSpecial(java.lang.Object, java.lang.Object, java.lang.Object)'> (0x0000000713684c40) 
thrown [s\open\src\hotspot\share\interpreter\linkResolver.cpp, line 773]
Event: 0.235 Thread 0x000001e8770460a0 Exception <a 'java/lang/NoSuchMethodError'{0x00000007136aa6d0}: 'java.lang.Object java.lang.invoke.DirectMethodHandle$Holder.newInvokeSpecial(java.lang.Object, java.lang.Object, java.lang.Object, java.lang.Object, java.lang.Object)'> (0x00000007136aa6d0) 
thrown [s\open\src\hotspot\share\interpreter\linkResolver.cpp, line 773]
Event: 0.240 Thread 0x000001e8770460a0 Exception <a 'java/lang/NoSuchMethodError'{0x00000007136d62e0}: 'java.lang.Object java.lang.invoke.DirectMethodHandle$Holder.invokeStatic(java.lang.Object, int, java.lang.Object)'> (0x00000007136d62e0) 
thrown [s\open\src\hotspot\share\interpreter\linkResolver.cpp, line 773]
Event: 0.262 Thread 0x000001e8770460a0 Exception <a 'java/lang/ClassNotFoundException'{0x0000000713775c60}: com/sun/swing/internal/plaf/metal/resources/spi/metalProvider> (0x0000000713775c60) 
thrown [s\open\src\hotspot\share\classfile\systemDictionary.cpp, line 312]
Event: 0.263 Thread 0x000001e8770460a0 Exception <a 'java/lang/ClassNotFoundException'{0x000000071377ba70}: com/sun/swing/internal/plaf/basic/resources/spi/basicProvider> (0x000000071377ba70) 
thrown [s\open\src\hotspot\share\classfile\systemDictionary.cpp, line 312]
Event: 0.274 Thread 0x000001e8770460a0 Exception <a 'java/lang/NoSuchMethodError'{0x000000071379f4f8}: 'int java.lang.invoke.Invokers$Holder.invokeExact_MT(java.lang.Object, java.lang.Object)'> (0x000000071379f4f8) 
thrown [s\open\src\hotspot\share\interpreter\linkResolver.cpp, line 773]
Event: 0.280 Thread 0x000001e8165abf90 Exception <a 'java/lang/NoSuchMethodError'{0x000000071360e618}: 'void java.lang.invoke.DirectMethodHandle$Holder.invokeVirtual(java.lang.Object, java.lang.Object)'> (0x000000071360e618) 
thrown [s\open\src\hotspot\share\interpreter\linkResolver.cpp, line 773]
Event: 0.294 Thread 0x000001e8770460a0 Exception <a 'java/lang/NoSuchMethodError'{0x0000000713401630}: 'void java.lang.invoke.DirectMethodHandle$Holder.invokeStaticInit(java.lang.Object)'> (0x0000000713401630) 
thrown [s\open\src\hotspot\share\interpreter\linkResolver.cpp, line 773]
Event: 0.302 Thread 0x000001e8770460a0 Exception <a 'java/io/FileNotFoundException'{0x000000071340dbf0}> (0x000000071340dbf0) 
thrown [s\open\src\hotspot\share\prims\jni.cpp, line 520]

ZGC Phase Switch (0 events):
No events

VM Operations (10 events):
Event: 0.148 Executing VM operation: HandshakeAllThreads (Deoptimize)
Event: 0.148 Executing VM operation: HandshakeAllThreads (Deoptimize) done
Event: 0.261 Executing VM operation: HandshakeAllThreads (Deoptimize)
Event: 0.261 Executing VM operation: HandshakeAllThreads (Deoptimize) done
Event: 0.286 Executing VM operation: HandshakeAllThreads (Deoptimize)
Event: 0.286 Executing VM operation: HandshakeAllThreads (Deoptimize) done
Event: 0.381 Executing VM operation: HandshakeAllThreads (Deoptimize)
Event: 0.381 Executing VM operation: HandshakeAllThreads (Deoptimize) done
Event: 1.387 Executing VM operation: Cleanup
Event: 1.387 Executing VM operation: Cleanup done

Events (19 events):
Event: 0.025 Thread 0x000001e8770460a0 Thread added: 0x000001e8770460a0
Event: 0.051 Thread 0x000001e87fb87870 Thread added: 0x000001e87fb87870
Event: 0.051 Thread 0x000001e87fb88660 Thread added: 0x000001e87fb88660
Event: 0.052 Thread 0x000001e8165a7b80 Thread added: 0x000001e8165a7b80
Event: 0.052 Thread 0x000001e8165aa000 Thread added: 0x000001e8165aa000
Event: 0.052 Thread 0x000001e8165ab1f0 Thread added: 0x000001e8165ab1f0
Event: 0.052 Thread 0x000001e8165aab20 Thread added: 0x000001e8165aab20
Event: 0.052 Thread 0x000001e8165b9b70 Thread added: 0x000001e8165b9b70
Event: 0.052 Thread 0x000001e8165ba250 Thread added: 0x000001e8165ba250
Event: 0.064 Thread 0x000001e8165ac660 Thread added: 0x000001e8165ac660
Event: 0.067 Thread 0x000001e8165ae1a0 Thread added: 0x000001e8165ae1a0
Event: 0.194 Thread 0x000001e8165ab8c0 Thread added: 0x000001e8165ab8c0
Event: 0.195 Thread 0x000001e8165ad400 Thread added: 0x000001e8165ad400
Event: 0.197 Thread 0x000001e8165abf90 Thread added: 0x000001e8165abf90
Event: 0.281 Thread 0x000001e8165acd30 Thread added: 0x000001e8165acd30
Event: 0.438 Thread 0x000001e8770460a0 Thread exited: 0x000001e8770460a0
Event: 0.438 Thread 0x000001e8165adad0 Thread added: 0x000001e8165adad0
Event: 1.551 Thread 0x000001e85c419150 Thread added: 0x000001e85c419150
Event: 1.732 Thread 0x000001e85c419150 Thread exited: 0x000001e85c419150


Dynamic libraries:
0x00007ff72bc50000 - 0x00007ff72bc60000 	C:\Program Files\Java\jdk-21\bin\java.exe
0x00007ffc8d090000 - 0x00007ffc8d288000 	C:\WINDOWS\SYSTEM32\ntdll.dll
0x00007ffc8b460000 - 0x00007ffc8b51d000 	C:\WINDOWS\System32\KERNEL32.DLL
0x00007ffc8a800000 - 0x00007ffc8aaf6000 	C:\WINDOWS\System32\KERNELBASE.dll
0x00007ffc851e0000 - 0x00007ffc85270000 	C:\WINDOWS\SYSTEM32\apphelp.dll
0x00007ffc35470000 - 0x00007ffc35906000 	C:\WINDOWS\SYSTEM32\AcLayers.DLL
0x00007ffc8b7f0000 - 0x00007ffc8b88e000 	C:\WINDOWS\System32\msvcrt.dll
0x00007ffc8c630000 - 0x00007ffc8c7cf000 	C:\WINDOWS\System32\USER32.dll
0x00007ffc8a7d0000 - 0x00007ffc8a7f2000 	C:\WINDOWS\System32\win32u.dll
0x00007ffc8b160000 - 0x00007ffc8b18b000 	C:\WINDOWS\System32\GDI32.dll
0x00007ffc8af00000 - 0x00007ffc8b017000 	C:\WINDOWS\System32\gdi32full.dll
0x00007ffc8b020000 - 0x00007ffc8b0bd000 	C:\WINDOWS\System32\msvcp_win.dll
0x00007ffc8adb0000 - 0x00007ffc8aeb0000 	C:\WINDOWS\System32\ucrtbase.dll
0x00007ffc8c880000 - 0x00007ffc8cfeb000 	C:\WINDOWS\System32\SHELL32.dll
0x00007ffc8cff0000 - 0x00007ffc8d045000 	C:\WINDOWS\System32\SHLWAPI.dll
0x00007ffc8b190000 - 0x00007ffc8b240000 	C:\WINDOWS\System32\ADVAPI32.dll
0x00007ffc8b0c0000 - 0x00007ffc8b160000 	C:\WINDOWS\System32\sechost.dll
0x00007ffc8b5e0000 - 0x00007ffc8b703000 	C:\WINDOWS\System32\RPCRT4.dll
0x00007ffc8ab00000 - 0x00007ffc8ab27000 	C:\WINDOWS\System32\bcrypt.dll
0x000001e874c20000 - 0x000001e874c23000 	C:\WINDOWS\SYSTEM32\sfc.dll
0x00007ffc70950000 - 0x00007ffc709f5000 	C:\WINDOWS\SYSTEM32\WINSPOOL.DRV
0x00007ffc8c0b0000 - 0x00007ffc8c403000 	C:\WINDOWS\System32\combase.dll
0x00007ffc8c7d0000 - 0x00007ffc8c87d000 	C:\WINDOWS\System32\shcore.dll
0x00007ffc67890000 - 0x00007ffc678a2000 	C:\WINDOWS\SYSTEM32\sfc_os.DLL
0x00007ffc8c540000 - 0x00007ffc8c572000 	C:\WINDOWS\System32\IMM32.DLL
0x00007ffc73380000 - 0x00007ffc73399000 	C:\Program Files\Java\jdk-21\bin\jli.dll
0x00007ffc73280000 - 0x00007ffc7329b000 	C:\Program Files\Java\jdk-21\bin\VCRUNTIME140.dll
0x00007ffc702c0000 - 0x00007ffc7055a000 	C:\WINDOWS\WinSxS\amd64_microsoft.windows.common-controls_6595b64144ccf1df_6.0.19041.4355_none_60b8b9eb71f62e16\COMCTL32.dll
0x00007ffc7ba50000 - 0x00007ffc7ba5a000 	C:\WINDOWS\SYSTEM32\VERSION.dll
0x00007ffc73420000 - 0x00007ffc7342c000 	C:\Program Files\Java\jdk-21\bin\vcruntime140_1.dll
0x00007ffc373f0000 - 0x00007ffc3747e000 	C:\Program Files\Java\jdk-21\bin\msvcp140.dll
0x00007ffc2de90000 - 0x00007ffc2eba5000 	C:\Program Files\Java\jdk-21\bin\server\jvm.dll
0x00007ffc8c410000 - 0x00007ffc8c47b000 	C:\WINDOWS\System32\WS2_32.dll
0x00007ffc89cc0000 - 0x00007ffc89d0b000 	C:\WINDOWS\SYSTEM32\POWRPROF.dll
0x00007ffc7c390000 - 0x00007ffc7c3b7000 	C:\WINDOWS\SYSTEM32\WINMM.dll
0x00007ffc89b30000 - 0x00007ffc89b42000 	C:\WINDOWS\SYSTEM32\UMPDC.dll
0x00007ffc88f10000 - 0x00007ffc88f22000 	C:\WINDOWS\SYSTEM32\kernel.appcore.dll
0x00007ffc733e0000 - 0x00007ffc733ea000 	C:\Program Files\Java\jdk-21\bin\jimage.dll
0x00007ffc884a0000 - 0x00007ffc88684000 	C:\WINDOWS\SYSTEM32\DBGHELP.DLL
0x00007ffc62da0000 - 0x00007ffc62dd4000 	C:\WINDOWS\SYSTEM32\dbgcore.DLL
0x00007ffc8a740000 - 0x00007ffc8a7c2000 	C:\WINDOWS\System32\bcryptPrimitives.dll
0x00007ffc730d0000 - 0x00007ffc730ef000 	C:\Program Files\Java\jdk-21\bin\java.dll
0x00007ffc88690000 - 0x00007ffc88e2d000 	C:\WINDOWS\SYSTEM32\windows.storage.dll
0x00007ffc8a160000 - 0x00007ffc8a18e000 	C:\WINDOWS\SYSTEM32\Wldp.dll
0x00007ffc8b9b0000 - 0x00007ffc8ba7d000 	C:\WINDOWS\System32\OLEAUT32.dll
0x00007ffc8a670000 - 0x00007ffc8a694000 	C:\WINDOWS\SYSTEM32\profapi.dll
0x00007ffc2d9e0000 - 0x00007ffc2dab7000 	C:\Program Files\Java\jdk-21\bin\jsvml.dll
0x00000000624c0000 - 0x00000000624d7000 	C:\Users\14858\Desktop\Cwork\genealogy-homework\C_functions.dll
0x00007ffc2d850000 - 0x00007ffc2d9df000 	C:\Program Files\Java\jdk-21\bin\awt.dll
0x00007ffc85730000 - 0x00007ffc8575f000 	C:\WINDOWS\system32\DWMAPI.DLL
0x00007ffc853a0000 - 0x00007ffc8543e000 	C:\WINDOWS\system32\uxtheme.dll
0x00007ffc50900000 - 0x00007ffc50a25000 	C:\WINDOWS\system32\opengl32.dll
0x00007ffc508d0000 - 0x00007ffc508fc000 	C:\WINDOWS\SYSTEM32\GLU32.dll
0x00007ffc8b890000 - 0x00007ffc8b9a4000 	C:\WINDOWS\System32\MSCTF.dll
0x00007ffc8bf80000 - 0x00007ffc8c0ab000 	C:\WINDOWS\System32\ole32.dll
0x00007ffc37360000 - 0x00007ffc373e7000 	C:\Program Files\Java\jdk-21\bin\freetype.dll
0x00007ffc2d770000 - 0x00007ffc2d843000 	C:\Program Files\Java\jdk-21\bin\fontmanager.dll
0x00007ffc7a9b0000 - 0x00007ffc7aaa9000 	C:\WINDOWS\SYSTEM32\textinputframework.dll
0x00007ffc84e90000 - 0x00007ffc84f82000 	C:\WINDOWS\System32\CoreMessaging.dll
0x00007ffc84b30000 - 0x00007ffc84e8b000 	C:\WINDOWS\System32\CoreUIComponents.dll
0x00007ffc89870000 - 0x00007ffc898a3000 	C:\WINDOWS\SYSTEM32\ntmarta.dll
0x00007ffc839c0000 - 0x00007ffc83b17000 	C:\WINDOWS\SYSTEM32\wintypes.dll
0x00007ffc73370000 - 0x00007ffc73380000 	C:\Program Files\Java\jdk-21\bin\net.dll
0x00007ffc83410000 - 0x00007ffc8351a000 	C:\WINDOWS\SYSTEM32\WINHTTP.dll
0x00007ffc89ec0000 - 0x00007ffc89f2a000 	C:\WINDOWS\system32\mswsock.dll
0x00007ffc730b0000 - 0x00007ffc730c6000 	C:\Program Files\Java\jdk-21\bin\nio.dll

dbghelp: loaded successfully - version: 4.0.5 - missing functions: none
symbol engine: initialized successfully - sym options: 0x614 - pdb path: .;C:\Program Files\Java\jdk-21\bin;C:\WINDOWS\SYSTEM32;C:\WINDOWS\WinSxS\amd64_microsoft.windows.common-controls_6595b64144ccf1df_6.0.19041.4355_none_60b8b9eb71f62e16;C:\Program Files\Java\jdk-21\bin\server;C:\Users\14858\Desktop\Cwork\genealogy-homework

VM Arguments:
java_command: JavaGUI
java_class_path (initial): .
Launcher Type: SUN_STANDARD

[Global flags]
     intx CICompilerCount                          = 4                                         {product} {ergonomic}
     uint ConcGCThreads                            = 3                                         {product} {ergonomic}
     uint G1ConcRefinementThreads                  = 10                                        {product} {ergonomic}
   size_t G1HeapRegionSize                         = 2097152                                   {product} {ergonomic}
    uintx GCDrainStackTargetSize                   = 64                                        {product} {ergonomic}
   size_t InitialHeapSize                          = 264241152                                 {product} {ergonomic}
   size_t MarkStackSize                            = 4194304                                   {product} {ergonomic}
   size_t MaxHeapSize                              = 4227858432                                {product} {ergonomic}
   size_t MaxNewSize                               = 2535456768                                {product} {ergonomic}
   size_t MinHeapDeltaBytes                        = 2097152                                   {product} {ergonomic}
   size_t MinHeapSize                              = 8388608                                   {product} {ergonomic}
    uintx NonNMethodCodeHeapSize                   = 5839372                                {pd product} {ergonomic}
    uintx NonProfiledCodeHeapSize                  = 122909434                              {pd product} {ergonomic}
    uintx ProfiledCodeHeapSize                     = 122909434                              {pd product} {ergonomic}
    uintx ReservedCodeCacheSize                    = 251658240                              {pd product} {ergonomic}
     bool SegmentedCodeCache                       = true                                      {product} {ergonomic}
   size_t SoftMaxHeapSize                          = 4227858432                             {manageable} {ergonomic}
     bool UseCompressedOops                        = true                           {product lp64_product} {ergonomic}
     bool UseG1GC                                  = true                                      {product} {ergonomic}
     bool UseLargePagesIndividualAllocation        = false                                  {pd product} {ergonomic}

Logging:
Log output configuration:
 #0: stdout all=warning uptime,level,tags foldmultilines=false
 #1: stderr all=off uptime,level,tags foldmultilines=false

Environment Variables:
JAVA_HOME=C:\Program Files\Java\jdk-21
PATH=C:\Program Files\Common Files\Oracle\Java\javapath;C:\Program Files (x86)\Common Files\Oracle\Java\java8path;C:\Program Files (x86)\Common Files\Oracle\Java\javapath;C:\Program Files (x86)\VMware\VMware Workstation\bin\;C:\Windows\system32;C:\Windows;C:\Windows\System32\Wbem;C:\Windows\System32\WindowsPowerShell\v1.0\;C:\Windows\System32\OpenSSH\;C:\Program Files\WireGuard\;C:\Program Files\mingw64\bin\;C:\Program Files\NVIDIA Corporation\NVIDIA NvDLISR;C:\WINDOWS\system32;C:\WINDOWS;C:\WINDOWS\System32\Wbem;C:\WINDOWS\System32\WindowsPowerShell\v1.0\;C:\WINDOWS\System32\OpenSSH\;C:\Program Files\Git\cmd;C:\Program Files (x86)\NVIDIA Corporation\PhysX\Common;C:\Program Files\dotnet\;C:\Program Files (x86)\GTK2-Runtime\bin;C:\Program Files (x86)\Windows Kits\10\Windows Performance Toolkit\;C:\Program Files (x86)\Microsoft SQL Server\100\Tools\Binn\;C:\Program Files (x86)\Microsoft SQL Server\100\DTS\Binn\;C:\Program Files (x86)\Microsoft SQL Server\100\Tools\Binn\VSShell\Common7\IDE\;C:\Program Files\Docker\Docker\resources\bin;C:\Program Files\Cloudflare\Cloudflare WARP\;C:\Program Files (x86)\NetSarang\Xftp 7\;C:\Program Files (x86)\NetSarang\Xshell 7\;C:\Users\14858\anaconda3;C:\Users\14858\anaconda3\Library\mingw-w64\bin;C:\Users\14858\anaconda3\Library\usr\bin;C:\Users\14858\anaconda3\Library\bin;C:\Users\14858\anaconda3\Scripts;C:\Users\14858\AppData\Local\Programs\Python\Python311\Scripts\;C:\Users\14858\AppData\Local\Programs\Python\Python311\;C:\Users\14858\AppData\Local\Microsoft\WindowsApps;C:\Users\14858\AppData\Local\Programs\Microsoft VS Code\bin;C:\Program Files\JetBrains\PyCharm 2023.2.1\bin;C:\Program Files\mingw64\bin;C:\php-8.2.12-Win32-vs16-x64;C:\Users\14858\AppData\Local\GitHubDesktop\bin;C:\Program Files\CMake\bin;C:\Program Files\JetBrains\PyCharm Community Edition 2023.3.4\bin;;C:\Users\14858\AppData\Local\Programs\MiKTeX\miktex\bin\x64\
USERNAME=y~
LANG=zh_CN.UTF-8
OS=Windows_NT
PROCESSOR_IDENTIFIER=Intel64 Family 6 Model 141 Stepping 1, GenuineIntel
TMP=C:\Users\14858\AppData\Local\Temp
TEMP=C:\Users\14858\AppData\Local\Temp




Periodic native trim disabled

---------------  S Y S T E M  ---------------

OS:
 Windows 10 , 64 bit Build 19041 (10.0.19041.3636)
OS uptime: 0 days 13:49 hours
Hyper-V role detected

CPU: total 12 (initial active 12) (6 cores per cpu, 2 threads per core) family 6 model 141 stepping 1 microcode 0x34, cx8, cmov, fxsr, ht, mmx, 3dnowpref, sse, sse2, sse3, ssse3, sse4.1, sse4.2, popcnt, lzcnt, tsc, tscinvbit, avx, avx2, aes, erms, clmul, bmi1, bmi2, adx, avx512f, avx512dq, avx512cd, avx512bw, avx512vl, sha, fma, vzeroupper, avx512_vpopcntdq, avx512_vpclmulqdq, avx512_vaes, avx512_vnni, clflush, clflushopt, clwb, avx512_vbmi2, avx512_vbmi, hv, rdtscp, rdpid, fsrm, gfni, avx512_bitalg, f16c, cet_ibt, cet_ss, avx512_ifma
Processor Information for all 12 processors :
  Max Mhz: 2688, Current Mhz: 2688, Mhz Limit: 2688

Memory: 4k page, system-wide physical 16121M (6387M free)
TotalPageFile size 21241M (AvailPageFile size 5360M)
current process WorkingSet (physical memory assigned to process): 116M, peak: 117M
current process commit charge ("private bytes"): 388M, peak: 388M

vm_info: Java HotSpot(TM) 64-Bit Server VM (21.0.1+12-LTS-29) for windows-amd64 JRE (21.0.1+12-LTS-29), built on 2023-10-05T13:27:09Z by "mach5one" with MS VC++ 17.1 (VS2022)

END.
