#
# A fatal error has been detected by the Java Runtime Environment:
#
#  EXCEPTION_ACCESS_VIOLATION (0xc0000005) at pc=0x00000000624c2c4d, pid=14620, tid=15912
#
# JRE version: Java(TM) SE Runtime Environment (21.0.1+12) (build 21.0.1+12-LTS-29)
# Java VM: Java HotSpot(TM) 64-Bit Server VM (21.0.1+12-LTS-29, mixed mode, sharing, tiered, compressed oops, compressed class ptrs, g1 gc, windows-amd64)
# Problematic frame:
# C  [C_functions.dll+0x2c4d]
#
# No core dump will be written. Minidumps are not enabled by default on client versions of Windows
#
# If you would like to submit a bug report, please visit:
#   https://bugreport.java.com/bugreport/crash.jsp
# The crash happened outside the Java Virtual Machine in native code.
# See problematic frame for where to report the bug.
#

---------------  S U M M A R Y ------------

Command Line: JavaGUI

Host: 11th Gen Intel(R) Core(TM) i5-11400H @ 2.70GHz, 12 cores, 15G,  Windows 10 , 64 bit Build 19041 (10.0.19041.3636)
Time: Fri Jun  7 00:10:52 2024  Windows 10 , 64 bit Build 19041 (10.0.19041.3636) elapsed time: 0.281276 seconds (0d 0h 0m 0s)

---------------  T H R E A D  ---------------

Current thread (0x0000014456bb3830):  JavaThread "AWT-EventQueue-0"        [_thread_in_native, id=15912, stack(0x0000000a6cc00000,0x0000000a6cd00000) (1024K)]

Stack: [0x0000000a6cc00000,0x0000000a6cd00000],  sp=0x0000000a6ccfd4d0,  free space=1013k
Native frames: (J=compiled Java code, j=interpreted, Vv=VM code, C=native code)
C  [C_functions.dll+0x2c4d]

Java frames: (J=compiled Java code, j=interpreted, Vv=VM code)
j  JavaGUI.save(J)V+0
j  MyPanel_graph.paintComponent(Ljava/awt/Graphics;)V+21
j  javax.swing.JComponent.paint(Ljava/awt/Graphics;)V+286 java.desktop@21.0.1
j  javax.swing.JComponent.paintChildren(Ljava/awt/Graphics;)V+516 java.desktop@21.0.1
j  javax.swing.JComponent.paint(Ljava/awt/Graphics;)V+318 java.desktop@21.0.1
j  javax.swing.JComponent.paintChildren(Ljava/awt/Graphics;)V+516 java.desktop@21.0.1
j  javax.swing.JComponent.paint(Ljava/awt/Graphics;)V+318 java.desktop@21.0.1
j  javax.swing.JComponent.paintChildren(Ljava/awt/Graphics;)V+516 java.desktop@21.0.1
j  javax.swing.JComponent.paint(Ljava/awt/Graphics;)V+318 java.desktop@21.0.1
j  javax.swing.JLayeredPane.paint(Ljava/awt/Graphics;)V+73 java.desktop@21.0.1
j  javax.swing.JComponent.paintChildren(Ljava/awt/Graphics;)V+516 java.desktop@21.0.1
j  javax.swing.JComponent.paintToOffscreen(Ljava/awt/Graphics;IIIIII)V+72 java.desktop@21.0.1
j  javax.swing.RepaintManager$PaintManager.paintDoubleBufferedFPScales(Ljavax/swing/JComponent;Ljava/awt/Image;Ljava/awt/Graphics;IIII)V+320 java.desktop@21.0.1
j  javax.swing.RepaintManager$PaintManager.paintDoubleBuffered(Ljavax/swing/JComponent;Ljava/awt/Image;Ljava/awt/Graphics;IIII)V+28 java.desktop@21.0.1
j  javax.swing.RepaintManager$PaintManager.paint(Ljavax/swing/JComponent;Ljavax/swing/JComponent;Ljava/awt/Graphics;IIII)Z+128 java.desktop@21.0.1
j  javax.swing.RepaintManager.paint(Ljavax/swing/JComponent;Ljavax/swing/JComponent;Ljava/awt/Graphics;IIII)V+52 java.desktop@21.0.1
j  javax.swing.JComponent.paint(Ljava/awt/Graphics;)V+221 java.desktop@21.0.1
j  java.awt.GraphicsCallback$PaintCallback.run(Ljava/awt/Component;Ljava/awt/Graphics;)V+2 java.desktop@21.0.1
j  sun.awt.SunGraphicsCallback.runOneComponent(Ljava/awt/Component;Ljava/awt/Rectangle;Ljava/awt/Graphics;Ljava/awt/Shape;I)V+130 java.desktop@21.0.1
j  sun.awt.SunGraphicsCallback.runComponents([Ljava/awt/Component;Ljava/awt/Graphics;I)V+157 java.desktop@21.0.1
j  java.awt.Container.paint(Ljava/awt/Graphics;)V+58 java.desktop@21.0.1
j  java.awt.Window.paint(Ljava/awt/Graphics;)V+68 java.desktop@21.0.1
j  javax.swing.RepaintManager$4.run()Ljava/lang/Void;+142 java.desktop@21.0.1
j  javax.swing.RepaintManager$4.run()Ljava/lang/Object;+1 java.desktop@21.0.1
J 485 c1 java.security.AccessController.executePrivileged(Ljava/security/PrivilegedAction;Ljava/security/AccessControlContext;Ljava/lang/Class;)Ljava/lang/Object; java.base@21.0.1 (65 bytes) @ 0x000001443f7e9fd4 [0x000001443f7e9e60+0x0000000000000174]
j  java.security.AccessController.doPrivileged(Ljava/security/PrivilegedAction;Ljava/security/AccessControlContext;)Ljava/lang/Object;+13 java.base@21.0.1
j  java.security.ProtectionDomain$JavaSecurityAccessImpl.doIntersectionPrivilege(Ljava/security/PrivilegedAction;Ljava/security/AccessControlContext;Ljava/security/AccessControlContext;)Ljava/lang/Object;+18 java.base@21.0.1
j  javax.swing.RepaintManager.paintDirtyRegions(Ljava/util/Map;)V+154 java.desktop@21.0.1
j  javax.swing.RepaintManager.paintDirtyRegions()V+46 java.desktop@21.0.1
j  javax.swing.RepaintManager.prePaintDirtyRegions()V+73 java.desktop@21.0.1
j  javax.swing.RepaintManager$ProcessingRunnable.run()V+37 java.desktop@21.0.1
j  java.awt.event.InvocationEvent.dispatch()V+47 java.desktop@21.0.1
j  java.awt.EventQueue.dispatchEventImpl(Ljava/awt/AWTEvent;Ljava/lang/Object;)V+21 java.desktop@21.0.1
j  java.awt.EventQueue$4.run()Ljava/lang/Void;+32 java.desktop@21.0.1
j  java.awt.EventQueue$4.run()Ljava/lang/Object;+1 java.desktop@21.0.1
J 485 c1 java.security.AccessController.executePrivileged(Ljava/security/PrivilegedAction;Ljava/security/AccessControlContext;Ljava/lang/Class;)Ljava/lang/Object; java.base@21.0.1 (65 bytes) @ 0x000001443f7e9fd4 [0x000001443f7e9e60+0x0000000000000174]
j  java.security.AccessController.doPrivileged(Ljava/security/PrivilegedAction;Ljava/security/AccessControlContext;)Ljava/lang/Object;+13 java.base@21.0.1
j  java.security.ProtectionDomain$JavaSecurityAccessImpl.doIntersectionPrivilege(Ljava/security/PrivilegedAction;Ljava/security/AccessControlContext;Ljava/security/AccessControlContext;)Ljava/lang/Object;+18 java.base@21.0.1
j  java.awt.EventQueue.dispatchEvent(Ljava/awt/AWTEvent;)V+46 java.desktop@21.0.1
j  java.awt.EventDispatchThread.pumpOneEventForFilters(I)V+81 java.desktop@21.0.1
j  java.awt.EventDispatchThread.pumpEventsForFilter(ILjava/awt/Conditional;Ljava/awt/EventFilter;)V+35 java.desktop@21.0.1
j  java.awt.EventDispatchThread.pumpEventsForHierarchy(ILjava/awt/Conditional;Ljava/awt/Component;)V+11 java.desktop@21.0.1
j  java.awt.EventDispatchThread.pumpEvents(ILjava/awt/Conditional;)V+4 java.desktop@21.0.1
j  java.awt.EventDispatchThread.pumpEvents(Ljava/awt/Conditional;)V+3 java.desktop@21.0.1
j  java.awt.EventDispatchThread.run()V+9 java.desktop@21.0.1
v  ~StubRoutines::call_stub 0x0000014446c710e7

siginfo: EXCEPTION_ACCESS_VIOLATION (0xc0000005), reading address 0x0000000000000000


Registers:
RAX=0x0000000000000000, RBX=0x0000014498400cc8, RCX=0x00000000ffffffff, RDX=0x0000000000000003
RSP=0x0000000a6ccfd4d0, RBP=0x0000000a6ccfd4f0, RSI=0x0000000713472800, RDI=0x0000014446c78846
R8 =0x0000000a6ccfd1b0, R9 =0x0000000000000000, R10=0x0000000000000000, R11=0x0000000000000200
R12=0x0000000000000000, R13=0x0000014498400cc8, R14=0x0000000a6ccfd628, R15=0x0000014456bb3830
RIP=0x00000000624c2c4d, EFLAGS=0x0000000000010202


Register to memory mapping:

RAX=0x0 is null
RBX={method} {0x0000014498400cd0} 'save' '(J)V' in 'JavaGUI'
RCX=0x00000000ffffffff is an unknown value
RDX=0x0000000000000003 is an unknown value
RSP=0x0000000a6ccfd4d0 is pointing into the stack for thread: 0x0000014456bb3830
RBP=0x0000000a6ccfd4f0 is pointing into the stack for thread: 0x0000014456bb3830
RSI=0x0000000713472800 is an oop: java.awt.Color 
{0x0000000713472800} - klass: 'java/awt/Color'
 - ---- fields (total size 4 words):
 - 'value' 'I' @12  -3421237 (0xffcbcbcb)
 - private 'falpha' 'F' @16  0.000000 (0x00000000)
 - private 'frgbvalue' '[F' @20  null (0x00000000)
 - private 'fvalue' '[F' @24  null (0x00000000)
 - private 'cs' 'Ljava/awt/color/ColorSpace;' @28  null (0x00000000)
RDI=0x0000014446c78846 is at code_begin+1158 in an Interpreter codelet
return entry points  [0x0000014446c783c0, 0x0000014446c78f18]  2904 bytes
R8 =0x0000000a6ccfd1b0 is pointing into the stack for thread: 0x0000014456bb3830
R9 =0x0 is null
R10=0x0 is null
R11=0x0000000000000200 is an unknown value
R12=0x0 is null
R13={method} {0x0000014498400cd0} 'save' '(J)V' in 'JavaGUI'
R14=0x0000000a6ccfd628 is pointing into the stack for thread: 0x0000014456bb3830
R15=0x0000014456bb3830 is a thread

Top of Stack: (sp=0x0000000a6ccfd4d0)
0x0000000a6ccfd4d0:   00007ffeffcbfa90 00000000624c71f4
0x0000000a6ccfd4e0:   0000000000000000 0000000000000000
0x0000000a6ccfd4f0:   0000000a6ccfd530 00000000624c2e04
0x0000000a6ccfd500:   00000144350bcb50 00007ffeffcbfa90
0x0000000a6ccfd510:   0000000713472800 0000014446c78846
0x0000000a6ccfd520:   0000014498400cc8 00007ffeffcbfa90
0x0000000a6ccfd530:   0000000a6ccfd560 00000000624c3a13
0x0000000a6ccfd540:   00000144350bcb50 0000014498400cc8
0x0000000a6ccfd550:   0000014456bb3830 000001445699ca80
0x0000000a6ccfd560:   0000000a6ccfd5f8 0000014446c7cf0b
0x0000000a6ccfd570:   0000014456bb3be8 0000000a6ccfd628
0x0000000a6ccfd580:   00000144350bcb50 0000000713472800
0x0000000a6ccfd590:   0000014456bb3830 0000000a6ccfd6a0
0x0000000a6ccfd5a0:   00009a58cc8b0938 0000014446c7cb9f
0x0000000a6ccfd5b0:   0000000a6ccfd5b0 0000014498400cc8
0x0000000a6ccfd5c0:   0000000000000006 0000014498400f78
0x0000000a6ccfd5d0:   0000000000000000 000000071380dab0
0x0000000a6ccfd5e0:   0000014498400cc8 0000000000000000
0x0000000a6ccfd5f0:   0000000a6ccfd618 0000000a6ccfd678
0x0000000a6ccfd600:   0000014446c78846 0000000000000000
0x0000000a6ccfd610:   0000014446c7a397 00000144350bcb50
0x0000000a6ccfd620:   0000000000000000 00000007137d45c8
0x0000000a6ccfd630:   0000000a6ccfd630 0000014498424715
0x0000000a6ccfd640:   0000000000000005 0000014498429e70
0x0000000a6ccfd650:   0000000000000000 000000071345d3f0
0x0000000a6ccfd660:   0000014498424758 0000000a6ccfd618
0x0000000a6ccfd670:   0000000a6ccfd698 0000000a6ccfd6f0
0x0000000a6ccfd680:   0000014446c78846 0000000000000000
0x0000000a6ccfd690:   00000007137d45c8 00000007137d42a0
0x0000000a6ccfd6a0:   0000000713470aa0 0000000a6ccfd6a8
0x0000000a6ccfd6b0:   0000014498086d36 0000000000000011
0x0000000a6ccfd6c0:   0000014498284ca8 0000000000000000 

Instructions: (pc=0x00000000624c2c4d)
0x00000000624c2b4d:   f8 48 8b 45 f8 48 8b 40 48 48 39 45 f0 75 e6 48
0x00000000624c2b5d:   8b 45 f0 48 8b 50 48 48 8b 45 f8 48 89 50 48 48
0x00000000624c2b6d:   8b 45 f0 48 89 c1 e8 ca fe ff ff 48 8b 45 10 48
0x00000000624c2b7d:   83 c4 40 5d c3 55 48 89 e5 48 83 ec 30 48 89 4d
0x00000000624c2b8d:   10 48 89 55 18 48 8d 0d 67 44 00 00 e8 c2 22 00
0x00000000624c2b9d:   00 48 89 45 f8 48 8d 55 f8 48 8b 45 18 49 89 d0
0x00000000624c2bad:   48 89 c2 48 8b 4d 10 e8 5b fd ff ff 48 8b 45 f8
0x00000000624c2bbd:   0f b6 00 0f b6 c0 85 c0 75 1a 48 8b 45 f8 48 89
0x00000000624c2bcd:   c1 e8 3d 22 00 00 48 8d 0d f6 45 00 00 e8 81 22
0x00000000624c2bdd:   00 00 eb 04 48 8b 45 f8 48 83 c4 30 5d c3 55 48
0x00000000624c2bed:   89 e5 48 83 ec 20 48 89 4d 10 48 89 55 18 48 83
0x00000000624c2bfd:   7d 10 00 0f 84 af 01 00 00 48 8b 45 10 0f b6 40
0x00000000624c2c0d:   28 0f b6 d0 48 8b 45 18 41 89 d0 48 8d 15 d1 45
0x00000000624c2c1d:   00 00 48 89 c1 e8 01 22 00 00 48 8b 45 10 48 8b
0x00000000624c2c2d:   50 08 48 8b 45 18 49 89 d0 48 8d 15 b7 45 00 00
0x00000000624c2c3d:   48 89 c1 e8 e3 21 00 00 48 8b 45 10 48 8b 40 10
0x00000000624c2c4d:   8b 10 48 8b 45 18 41 89 d0 48 8d 15 93 45 00 00
0x00000000624c2c5d:   48 89 c1 e8 c3 21 00 00 48 8b 45 10 48 8b 40 10
0x00000000624c2c6d:   8b 50 04 48 8b 45 18 41 89 d0 48 8d 15 72 45 00
0x00000000624c2c7d:   00 48 89 c1 e8 a2 21 00 00 48 8b 45 10 48 8b 40
0x00000000624c2c8d:   10 8b 50 08 48 8b 45 18 41 89 d0 48 8d 15 51 45
0x00000000624c2c9d:   00 00 48 89 c1 e8 81 21 00 00 48 8b 45 10 0f b6
0x00000000624c2cad:   40 18 0f b6 d0 48 8b 45 18 41 89 d0 48 8d 15 30
0x00000000624c2cbd:   45 00 00 48 89 c1 e8 60 21 00 00 48 8b 45 10 48
0x00000000624c2ccd:   8b 50 20 48 8b 45 18 49 89 d0 48 8d 15 16 45 00
0x00000000624c2cdd:   00 48 89 c1 e8 42 21 00 00 48 8b 45 10 48 8b 40
0x00000000624c2ced:   38 48 85 c0 74 18 48 8b 45 10 48 8b 40 38 48 8b
0x00000000624c2cfd:   40 08 48 8b 55 18 48 89 c1 e8 0d 21 00 00 48 8b
0x00000000624c2d0d:   45 10 0f b6 40 28 83 f0 01 84 c0 74 62 48 8b 45
0x00000000624c2d1d:   10 48 8b 40 30 8b 10 48 8b 45 18 41 89 d0 48 8d
0x00000000624c2d2d:   15 be 44 00 00 48 89 c1 e8 ee 20 00 00 48 8b 45
0x00000000624c2d3d:   10 48 8b 40 30 8b 50 04 48 8b 45 18 41 89 d0 48 


Stack slot to memory mapping:

stack at sp + 0 slots: 0x00007ffeffcbfa90 msvcrt.dll
stack at sp + 1 slots: 0x00000000624c71f4 C_functions.dll
stack at sp + 2 slots: 0x0 is null
stack at sp + 3 slots: 0x0 is null
stack at sp + 4 slots: 0x0000000a6ccfd530 is pointing into the stack for thread: 0x0000014456bb3830
stack at sp + 5 slots: 0x00000000624c2e04 C_functions.dll
stack at sp + 6 slots: 0x00000144350bcb50 is a thread
stack at sp + 7 slots: 0x00007ffeffcbfa90 msvcrt.dll


Compiled method (c1)     291  485       3       java.security.AccessController::executePrivileged (65 bytes)
 total in heap  [0x000001443f7e9c90,0x000001443f7ea298] = 1544
 relocation     [0x000001443f7e9df0,0x000001443f7e9e58] = 104
 main code      [0x000001443f7e9e60,0x000001443f7ea120] = 704
 stub code      [0x000001443f7ea120,0x000001443f7ea178] = 88
 metadata       [0x000001443f7ea178,0x000001443f7ea188] = 16
 scopes data    [0x000001443f7ea188,0x000001443f7ea200] = 120
 scopes pcs     [0x000001443f7ea200,0x000001443f7ea280] = 128
 dependencies   [0x000001443f7ea280,0x000001443f7ea288] = 8
 nul chk table  [0x000001443f7ea288,0x000001443f7ea298] = 16

[Constant Pool (empty)]

[MachCode]
[Verified Entry Point]
  # {method} {0x0000014457478680} 'executePrivileged' '(Ljava/security/PrivilegedAction;Ljava/security/AccessControlContext;Ljava/lang/Class;)Ljava/lang/Object;' in 'java/security/AccessController'
  # parm0:    rdx:rdx   = 'java/security/PrivilegedAction'
  # parm1:    r8:r8     = 'java/security/AccessControlContext'
  # parm2:    r9:r9     = 'java/lang/Class'
  #           [sp+0x50]  (sp of caller)
  0x000001443f7e9e60: 8984 2400 | 80ff ff55 | 4883 ec40 | 4181 7f20 | 0100 0000 

  0x000001443f7e9e74: ;   {runtime_call StubRoutines (final stubs)}
  0x000001443f7e9e74: 7405 e805 | bf4b 074c | 8944 2430 

  0x000001443f7e9e80: ;   {metadata(method data for {method} {0x0000014457478680} 'executePrivileged' '(Ljava/security/PrivilegedAction;Ljava/security/AccessControlContext;Ljava/lang/Class;)Ljava/lang/Object;' in 'java/security/AccessController')}
  0x000001443f7e9e80: 48be 60c0 | 0d98 4401 | 0000 8bbe | cc00 0000 | 83c7 0289 | becc 0000 | 0081 e7fe | 0700 0083 
  0x000001443f7e9ea0: ff00 0f84 | d001 0000 | 4983 f800 

  0x000001443f7e9eac: ;   {metadata(method data for {method} {0x0000014457478680} 'executePrivileged' '(Ljava/security/PrivilegedAction;Ljava/security/AccessControlContext;Ljava/lang/Class;)Ljava/lang/Object;' in 'java/security/AccessController')}
  0x000001443f7e9eac: 48be 60c0 | 0d98 4401 | 0000 48bf | 1001 0000 | 0000 0000 | 0f84 0a00 | 0000 48bf | 2001 0000 
  0x000001443f7e9ecc: 0000 0000 | 488b 1c3e | 488d 5b01 | 4889 1c3e | 4c89 4c24 | 2848 8954 | 2420 0f84 | 2800 0000 
  0x000001443f7e9eec: ;   {metadata(method data for {method} {0x0000014457478680} 'executePrivileged' '(Ljava/security/PrivilegedAction;Ljava/security/AccessControlContext;Ljava/lang/Class;)Ljava/lang/Object;' in 'java/security/AccessController')}
  0x000001443f7e9eec: 48be 60c0 | 0d98 4401 | 0000 4883 | 8630 0100 | 0001 498b | d066 0f1f 

  0x000001443f7e9f04: ;   {static_call}
  0x000001443f7e9f04: 4400 00e8 

  0x000001443f7e9f08: ; ImmutableOopMap {[32]=Oop [40]=Oop [48]=Oop }
                      ;*invokestatic ensureMaterializedForStackWalk {reexecute=0 rethrow=0 return_oop=0}
                      ; - java.security.AccessController::executePrivileged@5 (line 774)
  0x000001443f7e9f08: 2802 0000 

  0x000001443f7e9f0c: ;   {other}
  0x000001443f7e9f0c: 0f1f 8400 | 7c02 0000 

  0x000001443f7e9f14: ;   {metadata(method data for {method} {0x0000014457478680} 'executePrivileged' '(Ljava/security/PrivilegedAction;Ljava/security/AccessControlContext;Ljava/lang/Class;)Ljava/lang/Object;' in 'java/security/AccessController')}
  0x000001443f7e9f14: 48ba 60c0 | 0d98 4401 | 0000 ff82 | 4001 0000 | 488b 5424 | 2048 3b02 

  0x000001443f7e9f2c: ;   {metadata(method data for {method} {0x0000014457478680} 'executePrivileged' '(Ljava/security/PrivilegedAction;Ljava/security/AccessControlContext;Ljava/lang/Class;)Ljava/lang/Object;' in 'java/security/AccessController')}
  0x000001443f7e9f2c: 488b f248 | bf60 c00d | 9844 0100 | 008b 7608 | 49ba 0000 | 0057 4401 | 0000 4903 | f248 3bb7 
  0x000001443f7e9f4c: b001 0000 | 750d 4883 | 87b8 0100 | 0001 e960 | 0000 0048 | 3bb7 c001 | 0000 750d | 4883 87c8 
  0x000001443f7e9f6c: 0100 0001 | e94a 0000 | 0048 83bf | b001 0000 | 0075 1748 | 89b7 b001 | 0000 48c7 | 87b8 0100 
  0x000001443f7e9f8c: 0001 0000 | 00e9 2900 | 0000 4883 | bfc0 0100 | 0000 7517 | 4889 b7c0 | 0100 0048 | c787 c801 
  0x000001443f7e9fac: 0000 0100 | 0000 e908 | 0000 0048 | 8387 a001 | 0000 0166 | 0f1f 4400 | 0048 b8ff | ffff ffff 
  0x000001443f7e9fcc: ;   {virtual_call}
  0x000001443f7e9fcc: ffff ffe8 

  0x000001443f7e9fd0: ; ImmutableOopMap {[40]=Oop [48]=Oop }
                      ;*invokeinterface run {reexecute=0 rethrow=0 return_oop=0}
                      ; - java.security.AccessController::executePrivileged@29 (line 778)
  0x000001443f7e9fd0: 8c1d 4d07 

  0x000001443f7e9fd4: ;   {other}
  0x000001443f7e9fd4: 0f1f 8400 | 4403 0001 

  0x000001443f7e9fdc: ;   {metadata(method data for {method} {0x0000014457478680} 'executePrivileged' '(Ljava/security/PrivilegedAction;Ljava/security/AccessControlContext;Ljava/lang/Class;)Ljava/lang/Object;' in 'java/security/AccessController')}
  0x000001443f7e9fdc: 48be 60c0 | 0d98 4401 | 0000 ff86 | d801 0000 | 4c8b 4c24 

  0x000001443f7e9ff0: ;   {metadata(method data for {method} {0x0000014457478680} 'executePrivileged' '(Ljava/security/PrivilegedAction;Ljava/security/AccessControlContext;Ljava/lang/Class;)Ljava/lang/Object;' in 'java/security/AccessController')}
  0x000001443f7e9ff0: 2848 be60 | c00d 9844 | 0100 0048 | 8386 3802 

  0x000001443f7ea000: ;   {metadata(method data for {method} {0x000001445703d400} 'reachabilityFence' '(Ljava/lang/Object;)V' in 'java/lang/ref/Reference')}
  0x000001443f7ea000: 0000 0148 | be98 590a | 9844 0100 | 008b becc | 0000 0083 | c702 89be | cc00 0000 | 81e7 feff 
  0x000001443f7ea020: 1f00 83ff | 000f 8473 

  0x000001443f7ea028: ;   {metadata(method data for {method} {0x0000014457478680} 'executePrivileged' '(Ljava/security/PrivilegedAction;Ljava/security/AccessControlContext;Ljava/lang/Class;)Ljava/lang/Object;' in 'java/security/AccessController')}
  0x000001443f7ea028: 0000 0048 | be60 c00d | 9844 0100 | 0048 8386 | 4802 0000 

  0x000001443f7ea03c: ;   {metadata(method data for {method} {0x000001445703d400} 'reachabilityFence' '(Ljava/lang/Object;)V' in 'java/lang/ref/Reference')}
  0x000001443f7ea03c: 0148 be98 | 590a 9844 | 0100 008b | becc 0000 | 0083 c702 | 89be cc00 | 0000 81e7 | feff 1f00 
  0x000001443f7ea05c: 83ff 000f | 845a 0000 | 0048 83c4 

  0x000001443f7ea068: ;   {poll_return}
  0x000001443f7ea068: 405d 493b | a750 0400 | 000f 8766 | 0000 00c3 

  0x000001443f7ea078: ;   {metadata({method} {0x0000014457478680} 'executePrivileged' '(Ljava/security/PrivilegedAction;Ljava/security/AccessControlContext;Ljava/lang/Class;)Ljava/lang/Object;' in 'java/security/AccessController')}
  0x000001443f7ea078: 49ba 7886 | 4757 4401 | 0000 4c89 | 5424 0848 | c704 24ff 

  0x000001443f7ea08c: ;   {runtime_call counter_overflow Runtime1 stub}
  0x000001443f7ea08c: ffff ffe8 

  0x000001443f7ea090: ; ImmutableOopMap {rdx=Oop r8=Oop r9=Oop [48]=Oop }
                      ;*synchronization entry
                      ; - java.security.AccessController::executePrivileged@-1 (line 773)
  0x000001443f7ea090: ec46 5b07 | e90f feff 

  0x000001443f7ea098: ;   {runtime_call throw_null_pointer_exception Runtime1 stub}
  0x000001443f7ea098: ffe8 82d1 

  0x000001443f7ea09c: ; ImmutableOopMap {rdx=Oop [40]=Oop [48]=Oop }
                      ;*invokeinterface run {reexecute=0 rethrow=0 return_oop=0}
                      ; - java.security.AccessController::executePrivileged@29 (line 778)
                      ;   {metadata({method} {0x000001445703d400} 'reachabilityFence' '(Ljava/lang/Object;)V' in 'java/lang/ref/Reference')}
  0x000001443f7ea09c: 5a07 49ba | f8d3 0357 | 4401 0000 | 4c89 5424 | 0848 c704 | 24ff ffff 

  0x000001443f7ea0b4: ;   {runtime_call counter_overflow Runtime1 stub}
  0x000001443f7ea0b4: ffe8 c646 

  0x000001443f7ea0b8: ; ImmutableOopMap {rax=Oop r9=Oop }
                      ;*synchronization entry
                      ; - java.lang.ref.Reference::reachabilityFence@-1 (line 628)
                      ; - java.security.AccessController::executePrivileged@56 (line 783)
  0x000001443f7ea0b8: 5b07 e96c 

  0x000001443f7ea0bc: ;   {metadata({method} {0x000001445703d400} 'reachabilityFence' '(Ljava/lang/Object;)V' in 'java/lang/ref/Reference')}
  0x000001443f7ea0bc: ffff ff49 | baf8 d303 | 5744 0100 | 004c 8954 | 2408 48c7 | 0424 ffff 

  0x000001443f7ea0d4: ;   {runtime_call counter_overflow Runtime1 stub}
  0x000001443f7ea0d4: ffff e8a5 

  0x000001443f7ea0d8: ; ImmutableOopMap {rax=Oop }
                      ;*synchronization entry
                      ; - java.lang.ref.Reference::reachabilityFence@-1 (line 628)
                      ; - java.security.AccessController::executePrivileged@60 (line 784)
  0x000001443f7ea0d8: 465b 07eb 

  0x000001443f7ea0dc: ;   {internal_word}
  0x000001443f7ea0dc: 8849 ba6a | a07e 3f44 | 0100 004d | 8997 6804 

  0x000001443f7ea0ec: ;   {runtime_call SafepointBlob}
  0x000001443f7ea0ec: 0000 e98d | ca4d 0749 | 8b87 0005 | 0000 49c7 | 8700 0500 | 0000 0000 | 0049 c787 | 0805 0000 
  0x000001443f7ea10c: 0000 0000 | 4883 c440 

  0x000001443f7ea114: ;   {runtime_call unwind_exception Runtime1 stub}
  0x000001443f7ea114: 5de9 e6b5 | 5a07 f4f4 | f4f4 f4f4 
[Stub Code]
  0x000001443f7ea120: ;   {no_reloc}
  0x000001443f7ea120: 0f1f 4400 

  0x000001443f7ea124: ;   {static_stub}
  0x000001443f7ea124: 0048 bb00 | 0000 0000 

  0x000001443f7ea12c: ;   {runtime_call}
  0x000001443f7ea12c: 0000 00e9 | fbff ffff 

  0x000001443f7ea134: ;   {static_stub}
  0x000001443f7ea134: 48bb a084 | 4757 4401 

  0x000001443f7ea13c: ;   {runtime_call I2C/C2I adapters}
  0x000001443f7ea13c: 0000 e940 

  0x000001443f7ea140: ;   {runtime_call handle_exception_from_callee Runtime1 stub}
  0x000001443f7ea140: 9d4d 07e8 | b8fc 5a07 

  0x000001443f7ea148: ;   {external_word}
  0x000001443f7ea148: 48b9 0028 | 43a1 fe7f | 0000 4883 

  0x000001443f7ea154: ;   {runtime_call}
  0x000001443f7ea154: e4f0 48b8 | e00f 0ba1 | fe7f 0000 

  0x000001443f7ea160: ;   {section_word}
  0x000001443f7ea160: ffd0 f449 | ba63 a17e | 3f44 0100 

  0x000001443f7ea16c: ;   {runtime_call DeoptimizationBlob}
  0x000001443f7ea16c: 0041 52e9 | acde 4d07 | f4f4 f4f4 
[/MachCode]


---------------  P R O C E S S  ---------------

Threads class SMR info:
_java_thread_list=0x0000014456bd7150, length=16, elements={
0x0000014456798470, 0x0000014456799480, 0x000001445679c350, 0x000001445679eeb0,
0x000001445679fc80, 0x00000144567a07d0, 0x00000144567a9660, 0x00000144567aa1f0,
0x00000144569b9d90, 0x00000144569c65f0, 0x0000014456b48670, 0x0000014456b4d7b0,
0x0000014456b508e0, 0x0000014456bb3830, 0x0000014456c5d900, 0x00000144350bcb50
}

Java Threads: ( => current thread )
  0x0000014456798470 JavaThread "Reference Handler"          daemon [_thread_blocked, id=492, stack(0x0000000a6bf00000,0x0000000a6c000000) (1024K)]
  0x0000014456799480 JavaThread "Finalizer"                  daemon [_thread_blocked, id=908, stack(0x0000000a6c000000,0x0000000a6c100000) (1024K)]
  0x000001445679c350 JavaThread "Signal Dispatcher"          daemon [_thread_blocked, id=14736, stack(0x0000000a6c100000,0x0000000a6c200000) (1024K)]
  0x000001445679eeb0 JavaThread "Attach Listener"            daemon [_thread_blocked, id=15924, stack(0x0000000a6c200000,0x0000000a6c300000) (1024K)]
  0x000001445679fc80 JavaThread "Service Thread"             daemon [_thread_blocked, id=15140, stack(0x0000000a6c300000,0x0000000a6c400000) (1024K)]
  0x00000144567a07d0 JavaThread "Monitor Deflation Thread"   daemon [_thread_blocked, id=17120, stack(0x0000000a6c400000,0x0000000a6c500000) (1024K)]
  0x00000144567a9660 JavaThread "C2 CompilerThread0"         daemon [_thread_blocked, id=7156, stack(0x0000000a6c500000,0x0000000a6c600000) (1024K)]
  0x00000144567aa1f0 JavaThread "C1 CompilerThread0"         daemon [_thread_blocked, id=12908, stack(0x0000000a6c600000,0x0000000a6c700000) (1024K)]
  0x00000144569b9d90 JavaThread "Notification Thread"        daemon [_thread_blocked, id=16368, stack(0x0000000a6c700000,0x0000000a6c800000) (1024K)]
  0x00000144569c65f0 JavaThread "Common-Cleaner"             daemon [_thread_blocked, id=4360, stack(0x0000000a6c800000,0x0000000a6c900000) (1024K)]
  0x0000014456b48670 JavaThread "Java2D Disposer"            daemon [_thread_blocked, id=5688, stack(0x0000000a6c900000,0x0000000a6ca00000) (1024K)]
  0x0000014456b4d7b0 JavaThread "AWT-Shutdown"                      [_thread_blocked, id=3776, stack(0x0000000a6ca00000,0x0000000a6cb00000) (1024K)]
  0x0000014456b508e0 JavaThread "AWT-Windows"                daemon [_thread_in_native, id=15820, stack(0x0000000a6cb00000,0x0000000a6cc00000) (1024K)]
=>0x0000014456bb3830 JavaThread "AWT-EventQueue-0"                  [_thread_in_native, id=15912, stack(0x0000000a6cc00000,0x0000000a6cd00000) (1024K)]
  0x0000014456c5d900 JavaThread "C2 CompilerThread1"         daemon [_thread_blocked, id=7804, stack(0x0000000a6cd00000,0x0000000a6ce00000) (1024K)]
  0x00000144350bcb50 JavaThread "DestroyJavaVM"                     [_thread_blocked, id=1864, stack(0x0000000a6b700000,0x0000000a6b800000) (1024K)]
Total: 16

Other Threads:
  0x0000014456777f20 VMThread "VM Thread"                           [id=5240, stack(0x0000000a6be00000,0x0000000a6bf00000) (1024K)]
  0x000001445675e480 WatcherThread "VM Periodic Task Thread"        [id=16572, stack(0x0000000a6bd00000,0x0000000a6be00000) (1024K)]
  0x0000014437341ec0 WorkerThread "GC Thread#0"                     [id=4292, stack(0x0000000a6b800000,0x0000000a6b900000) (1024K)]
  0x0000014437353270 ConcurrentGCThread "G1 Main Marker"            [id=3208, stack(0x0000000a6b900000,0x0000000a6ba00000) (1024K)]
  0x0000014437353d70 WorkerThread "G1 Conc#0"                       [id=5124, stack(0x0000000a6ba00000,0x0000000a6bb00000) (1024K)]
  0x00000144373ae600 ConcurrentGCThread "G1 Refine#0"               [id=5244, stack(0x0000000a6bb00000,0x0000000a6bc00000) (1024K)]
  0x0000014456635350 ConcurrentGCThread "G1 Service"                [id=8044, stack(0x0000000a6bc00000,0x0000000a6bd00000) (1024K)]
Total: 7

Threads with active compile tasks:
Total: 0

VM state: not at safepoint (normal execution)

VM Mutex/Monitor currently owned by a thread: None

Heap address: 0x0000000704000000, size: 4032 MB, Compressed Oops mode: Zero based, Oop shift amount: 3

CDS archive(s) mapped at: [0x0000014457000000-0x0000014457c90000-0x0000014457c90000), size 13172736, SharedBaseAddress: 0x0000014457000000, ArchiveRelocationMode: 1.
Compressed class space mapped at: 0x0000014458000000-0x0000014498000000, reserved size: 1073741824
Narrow klass base: 0x0000014457000000, Narrow klass shift: 0, Narrow klass range: 0x100000000

GC Precious Log:
 CardTable entry size: 512
 Card Set container configuration: InlinePtr #cards 4 size 8 Array Of Cards #cards 16 size 48 Howl #buckets 8 coarsen threshold 3686 Howl Bitmap #cards 512 size 80 coarsen threshold 460 Card regions per heap region 1 cards per card region 4096
 CPUs: 12 total, 12 available
 Memory: 16121M
 Large Page Support: Disabled
 NUMA Support: Disabled
 Compressed Oops: Enabled (Zero based)
 Heap Region Size: 2M
 Heap Min Capacity: 8M
 Heap Initial Capacity: 252M
 Heap Max Capacity: 4032M
 Pre-touch: Disabled
 Parallel Workers: 10
 Concurrent Workers: 3
 Concurrent Refinement Workers: 10
 Periodic GC: Disabled

Heap:
 garbage-first heap   total 258048K, used 14336K [0x0000000704000000, 0x0000000800000000)
  region size 2048K, 4 young (8192K), 0 survivors (0K)
 Metaspace       used 7427K, committed 7680K, reserved 1114112K
  class space    used 927K, committed 1088K, reserved 1048576K

Heap Regions: E=young(eden), S=young(survivor), O=old, HS=humongous(starts), HC=humongous(continues), CS=collection set, F=free, TAMS=top-at-mark-start, PB=parsable bottom
|   0|0x0000000704000000, 0x0000000704200000, 0x0000000704200000|100%|HS|  |TAMS 0x0000000704000000| PB 0x0000000704000000| Complete 
|   1|0x0000000704200000, 0x0000000704400000, 0x0000000704400000|100%|HC|  |TAMS 0x0000000704200000| PB 0x0000000704200000| Complete 
|   2|0x0000000704400000, 0x0000000704600000, 0x0000000704600000|100%|HC|  |TAMS 0x0000000704400000| PB 0x0000000704400000| Complete 
|   3|0x0000000704600000, 0x0000000704800000, 0x0000000704800000|100%|HC|  |TAMS 0x0000000704600000| PB 0x0000000704600000| Complete 
|   4|0x0000000704800000, 0x0000000704800000, 0x0000000704a00000|  0%| F|  |TAMS 0x0000000704800000| PB 0x0000000704800000| Untracked 
|   5|0x0000000704a00000, 0x0000000704a00000, 0x0000000704c00000|  0%| F|  |TAMS 0x0000000704a00000| PB 0x0000000704a00000| Untracked 
|   6|0x0000000704c00000, 0x0000000704c00000, 0x0000000704e00000|  0%| F|  |TAMS 0x0000000704c00000| PB 0x0000000704c00000| Untracked 
|   7|0x0000000704e00000, 0x0000000704e00000, 0x0000000705000000|  0%| F|  |TAMS 0x0000000704e00000| PB 0x0000000704e00000| Untracked 
|   8|0x0000000705000000, 0x0000000705000000, 0x0000000705200000|  0%| F|  |TAMS 0x0000000705000000| PB 0x0000000705000000| Untracked 
|   9|0x0000000705200000, 0x0000000705200000, 0x0000000705400000|  0%| F|  |TAMS 0x0000000705200000| PB 0x0000000705200000| Untracked 
|  10|0x0000000705400000, 0x0000000705400000, 0x0000000705600000|  0%| F|  |TAMS 0x0000000705400000| PB 0x0000000705400000| Untracked 
|  11|0x0000000705600000, 0x0000000705600000, 0x0000000705800000|  0%| F|  |TAMS 0x0000000705600000| PB 0x0000000705600000| Untracked 
|  12|0x0000000705800000, 0x0000000705800000, 0x0000000705a00000|  0%| F|  |TAMS 0x0000000705800000| PB 0x0000000705800000| Untracked 
|  13|0x0000000705a00000, 0x0000000705a00000, 0x0000000705c00000|  0%| F|  |TAMS 0x0000000705a00000| PB 0x0000000705a00000| Untracked 
|  14|0x0000000705c00000, 0x0000000705c00000, 0x0000000705e00000|  0%| F|  |TAMS 0x0000000705c00000| PB 0x0000000705c00000| Untracked 
|  15|0x0000000705e00000, 0x0000000705e00000, 0x0000000706000000|  0%| F|  |TAMS 0x0000000705e00000| PB 0x0000000705e00000| Untracked 
|  16|0x0000000706000000, 0x0000000706000000, 0x0000000706200000|  0%| F|  |TAMS 0x0000000706000000| PB 0x0000000706000000| Untracked 
|  17|0x0000000706200000, 0x0000000706200000, 0x0000000706400000|  0%| F|  |TAMS 0x0000000706200000| PB 0x0000000706200000| Untracked 
|  18|0x0000000706400000, 0x0000000706400000, 0x0000000706600000|  0%| F|  |TAMS 0x0000000706400000| PB 0x0000000706400000| Untracked 
|  19|0x0000000706600000, 0x0000000706600000, 0x0000000706800000|  0%| F|  |TAMS 0x0000000706600000| PB 0x0000000706600000| Untracked 
|  20|0x0000000706800000, 0x0000000706800000, 0x0000000706a00000|  0%| F|  |TAMS 0x0000000706800000| PB 0x0000000706800000| Untracked 
|  21|0x0000000706a00000, 0x0000000706a00000, 0x0000000706c00000|  0%| F|  |TAMS 0x0000000706a00000| PB 0x0000000706a00000| Untracked 
|  22|0x0000000706c00000, 0x0000000706c00000, 0x0000000706e00000|  0%| F|  |TAMS 0x0000000706c00000| PB 0x0000000706c00000| Untracked 
|  23|0x0000000706e00000, 0x0000000706e00000, 0x0000000707000000|  0%| F|  |TAMS 0x0000000706e00000| PB 0x0000000706e00000| Untracked 
|  24|0x0000000707000000, 0x0000000707000000, 0x0000000707200000|  0%| F|  |TAMS 0x0000000707000000| PB 0x0000000707000000| Untracked 
|  25|0x0000000707200000, 0x0000000707200000, 0x0000000707400000|  0%| F|  |TAMS 0x0000000707200000| PB 0x0000000707200000| Untracked 
|  26|0x0000000707400000, 0x0000000707400000, 0x0000000707600000|  0%| F|  |TAMS 0x0000000707400000| PB 0x0000000707400000| Untracked 
|  27|0x0000000707600000, 0x0000000707600000, 0x0000000707800000|  0%| F|  |TAMS 0x0000000707600000| PB 0x0000000707600000| Untracked 
|  28|0x0000000707800000, 0x0000000707800000, 0x0000000707a00000|  0%| F|  |TAMS 0x0000000707800000| PB 0x0000000707800000| Untracked 
|  29|0x0000000707a00000, 0x0000000707a00000, 0x0000000707c00000|  0%| F|  |TAMS 0x0000000707a00000| PB 0x0000000707a00000| Untracked 
|  30|0x0000000707c00000, 0x0000000707c00000, 0x0000000707e00000|  0%| F|  |TAMS 0x0000000707c00000| PB 0x0000000707c00000| Untracked 
|  31|0x0000000707e00000, 0x0000000707e00000, 0x0000000708000000|  0%| F|  |TAMS 0x0000000707e00000| PB 0x0000000707e00000| Untracked 
|  32|0x0000000708000000, 0x0000000708000000, 0x0000000708200000|  0%| F|  |TAMS 0x0000000708000000| PB 0x0000000708000000| Untracked 
|  33|0x0000000708200000, 0x0000000708200000, 0x0000000708400000|  0%| F|  |TAMS 0x0000000708200000| PB 0x0000000708200000| Untracked 
|  34|0x0000000708400000, 0x0000000708400000, 0x0000000708600000|  0%| F|  |TAMS 0x0000000708400000| PB 0x0000000708400000| Untracked 
|  35|0x0000000708600000, 0x0000000708600000, 0x0000000708800000|  0%| F|  |TAMS 0x0000000708600000| PB 0x0000000708600000| Untracked 
|  36|0x0000000708800000, 0x0000000708800000, 0x0000000708a00000|  0%| F|  |TAMS 0x0000000708800000| PB 0x0000000708800000| Untracked 
|  37|0x0000000708a00000, 0x0000000708a00000, 0x0000000708c00000|  0%| F|  |TAMS 0x0000000708a00000| PB 0x0000000708a00000| Untracked 
|  38|0x0000000708c00000, 0x0000000708c00000, 0x0000000708e00000|  0%| F|  |TAMS 0x0000000708c00000| PB 0x0000000708c00000| Untracked 
|  39|0x0000000708e00000, 0x0000000708e00000, 0x0000000709000000|  0%| F|  |TAMS 0x0000000708e00000| PB 0x0000000708e00000| Untracked 
|  40|0x0000000709000000, 0x0000000709000000, 0x0000000709200000|  0%| F|  |TAMS 0x0000000709000000| PB 0x0000000709000000| Untracked 
|  41|0x0000000709200000, 0x0000000709200000, 0x0000000709400000|  0%| F|  |TAMS 0x0000000709200000| PB 0x0000000709200000| Untracked 
|  42|0x0000000709400000, 0x0000000709400000, 0x0000000709600000|  0%| F|  |TAMS 0x0000000709400000| PB 0x0000000709400000| Untracked 
|  43|0x0000000709600000, 0x0000000709600000, 0x0000000709800000|  0%| F|  |TAMS 0x0000000709600000| PB 0x0000000709600000| Untracked 
|  44|0x0000000709800000, 0x0000000709800000, 0x0000000709a00000|  0%| F|  |TAMS 0x0000000709800000| PB 0x0000000709800000| Untracked 
|  45|0x0000000709a00000, 0x0000000709a00000, 0x0000000709c00000|  0%| F|  |TAMS 0x0000000709a00000| PB 0x0000000709a00000| Untracked 
|  46|0x0000000709c00000, 0x0000000709c00000, 0x0000000709e00000|  0%| F|  |TAMS 0x0000000709c00000| PB 0x0000000709c00000| Untracked 
|  47|0x0000000709e00000, 0x0000000709e00000, 0x000000070a000000|  0%| F|  |TAMS 0x0000000709e00000| PB 0x0000000709e00000| Untracked 
|  48|0x000000070a000000, 0x000000070a000000, 0x000000070a200000|  0%| F|  |TAMS 0x000000070a000000| PB 0x000000070a000000| Untracked 
|  49|0x000000070a200000, 0x000000070a200000, 0x000000070a400000|  0%| F|  |TAMS 0x000000070a200000| PB 0x000000070a200000| Untracked 
|  50|0x000000070a400000, 0x000000070a400000, 0x000000070a600000|  0%| F|  |TAMS 0x000000070a400000| PB 0x000000070a400000| Untracked 
|  51|0x000000070a600000, 0x000000070a600000, 0x000000070a800000|  0%| F|  |TAMS 0x000000070a600000| PB 0x000000070a600000| Untracked 
|  52|0x000000070a800000, 0x000000070a800000, 0x000000070aa00000|  0%| F|  |TAMS 0x000000070a800000| PB 0x000000070a800000| Untracked 
|  53|0x000000070aa00000, 0x000000070aa00000, 0x000000070ac00000|  0%| F|  |TAMS 0x000000070aa00000| PB 0x000000070aa00000| Untracked 
|  54|0x000000070ac00000, 0x000000070ac00000, 0x000000070ae00000|  0%| F|  |TAMS 0x000000070ac00000| PB 0x000000070ac00000| Untracked 
|  55|0x000000070ae00000, 0x000000070ae00000, 0x000000070b000000|  0%| F|  |TAMS 0x000000070ae00000| PB 0x000000070ae00000| Untracked 
|  56|0x000000070b000000, 0x000000070b000000, 0x000000070b200000|  0%| F|  |TAMS 0x000000070b000000| PB 0x000000070b000000| Untracked 
|  57|0x000000070b200000, 0x000000070b200000, 0x000000070b400000|  0%| F|  |TAMS 0x000000070b200000| PB 0x000000070b200000| Untracked 
|  58|0x000000070b400000, 0x000000070b400000, 0x000000070b600000|  0%| F|  |TAMS 0x000000070b400000| PB 0x000000070b400000| Untracked 
|  59|0x000000070b600000, 0x000000070b600000, 0x000000070b800000|  0%| F|  |TAMS 0x000000070b600000| PB 0x000000070b600000| Untracked 
|  60|0x000000070b800000, 0x000000070b800000, 0x000000070ba00000|  0%| F|  |TAMS 0x000000070b800000| PB 0x000000070b800000| Untracked 
|  61|0x000000070ba00000, 0x000000070ba00000, 0x000000070bc00000|  0%| F|  |TAMS 0x000000070ba00000| PB 0x000000070ba00000| Untracked 
|  62|0x000000070bc00000, 0x000000070bc00000, 0x000000070be00000|  0%| F|  |TAMS 0x000000070bc00000| PB 0x000000070bc00000| Untracked 
|  63|0x000000070be00000, 0x000000070be00000, 0x000000070c000000|  0%| F|  |TAMS 0x000000070be00000| PB 0x000000070be00000| Untracked 
|  64|0x000000070c000000, 0x000000070c000000, 0x000000070c200000|  0%| F|  |TAMS 0x000000070c000000| PB 0x000000070c000000| Untracked 
|  65|0x000000070c200000, 0x000000070c200000, 0x000000070c400000|  0%| F|  |TAMS 0x000000070c200000| PB 0x000000070c200000| Untracked 
|  66|0x000000070c400000, 0x000000070c400000, 0x000000070c600000|  0%| F|  |TAMS 0x000000070c400000| PB 0x000000070c400000| Untracked 
|  67|0x000000070c600000, 0x000000070c600000, 0x000000070c800000|  0%| F|  |TAMS 0x000000070c600000| PB 0x000000070c600000| Untracked 
|  68|0x000000070c800000, 0x000000070c800000, 0x000000070ca00000|  0%| F|  |TAMS 0x000000070c800000| PB 0x000000070c800000| Untracked 
|  69|0x000000070ca00000, 0x000000070ca00000, 0x000000070cc00000|  0%| F|  |TAMS 0x000000070ca00000| PB 0x000000070ca00000| Untracked 
|  70|0x000000070cc00000, 0x000000070cc00000, 0x000000070ce00000|  0%| F|  |TAMS 0x000000070cc00000| PB 0x000000070cc00000| Untracked 
|  71|0x000000070ce00000, 0x000000070ce00000, 0x000000070d000000|  0%| F|  |TAMS 0x000000070ce00000| PB 0x000000070ce00000| Untracked 
|  72|0x000000070d000000, 0x000000070d000000, 0x000000070d200000|  0%| F|  |TAMS 0x000000070d000000| PB 0x000000070d000000| Untracked 
|  73|0x000000070d200000, 0x000000070d200000, 0x000000070d400000|  0%| F|  |TAMS 0x000000070d200000| PB 0x000000070d200000| Untracked 
|  74|0x000000070d400000, 0x000000070d400000, 0x000000070d600000|  0%| F|  |TAMS 0x000000070d400000| PB 0x000000070d400000| Untracked 
|  75|0x000000070d600000, 0x000000070d600000, 0x000000070d800000|  0%| F|  |TAMS 0x000000070d600000| PB 0x000000070d600000| Untracked 
|  76|0x000000070d800000, 0x000000070d800000, 0x000000070da00000|  0%| F|  |TAMS 0x000000070d800000| PB 0x000000070d800000| Untracked 
|  77|0x000000070da00000, 0x000000070da00000, 0x000000070dc00000|  0%| F|  |TAMS 0x000000070da00000| PB 0x000000070da00000| Untracked 
|  78|0x000000070dc00000, 0x000000070dc00000, 0x000000070de00000|  0%| F|  |TAMS 0x000000070dc00000| PB 0x000000070dc00000| Untracked 
|  79|0x000000070de00000, 0x000000070de00000, 0x000000070e000000|  0%| F|  |TAMS 0x000000070de00000| PB 0x000000070de00000| Untracked 
|  80|0x000000070e000000, 0x000000070e000000, 0x000000070e200000|  0%| F|  |TAMS 0x000000070e000000| PB 0x000000070e000000| Untracked 
|  81|0x000000070e200000, 0x000000070e200000, 0x000000070e400000|  0%| F|  |TAMS 0x000000070e200000| PB 0x000000070e200000| Untracked 
|  82|0x000000070e400000, 0x000000070e400000, 0x000000070e600000|  0%| F|  |TAMS 0x000000070e400000| PB 0x000000070e400000| Untracked 
|  83|0x000000070e600000, 0x000000070e600000, 0x000000070e800000|  0%| F|  |TAMS 0x000000070e600000| PB 0x000000070e600000| Untracked 
|  84|0x000000070e800000, 0x000000070e800000, 0x000000070ea00000|  0%| F|  |TAMS 0x000000070e800000| PB 0x000000070e800000| Untracked 
|  85|0x000000070ea00000, 0x000000070ea00000, 0x000000070ec00000|  0%| F|  |TAMS 0x000000070ea00000| PB 0x000000070ea00000| Untracked 
|  86|0x000000070ec00000, 0x000000070ec00000, 0x000000070ee00000|  0%| F|  |TAMS 0x000000070ec00000| PB 0x000000070ec00000| Untracked 
|  87|0x000000070ee00000, 0x000000070ee00000, 0x000000070f000000|  0%| F|  |TAMS 0x000000070ee00000| PB 0x000000070ee00000| Untracked 
|  88|0x000000070f000000, 0x000000070f000000, 0x000000070f200000|  0%| F|  |TAMS 0x000000070f000000| PB 0x000000070f000000| Untracked 
|  89|0x000000070f200000, 0x000000070f200000, 0x000000070f400000|  0%| F|  |TAMS 0x000000070f200000| PB 0x000000070f200000| Untracked 
|  90|0x000000070f400000, 0x000000070f400000, 0x000000070f600000|  0%| F|  |TAMS 0x000000070f400000| PB 0x000000070f400000| Untracked 
|  91|0x000000070f600000, 0x000000070f600000, 0x000000070f800000|  0%| F|  |TAMS 0x000000070f600000| PB 0x000000070f600000| Untracked 
|  92|0x000000070f800000, 0x000000070f800000, 0x000000070fa00000|  0%| F|  |TAMS 0x000000070f800000| PB 0x000000070f800000| Untracked 
|  93|0x000000070fa00000, 0x000000070fa00000, 0x000000070fc00000|  0%| F|  |TAMS 0x000000070fa00000| PB 0x000000070fa00000| Untracked 
|  94|0x000000070fc00000, 0x000000070fc00000, 0x000000070fe00000|  0%| F|  |TAMS 0x000000070fc00000| PB 0x000000070fc00000| Untracked 
|  95|0x000000070fe00000, 0x000000070fe00000, 0x0000000710000000|  0%| F|  |TAMS 0x000000070fe00000| PB 0x000000070fe00000| Untracked 
|  96|0x0000000710000000, 0x0000000710000000, 0x0000000710200000|  0%| F|  |TAMS 0x0000000710000000| PB 0x0000000710000000| Untracked 
|  97|0x0000000710200000, 0x0000000710200000, 0x0000000710400000|  0%| F|  |TAMS 0x0000000710200000| PB 0x0000000710200000| Untracked 
|  98|0x0000000710400000, 0x0000000710400000, 0x0000000710600000|  0%| F|  |TAMS 0x0000000710400000| PB 0x0000000710400000| Untracked 
|  99|0x0000000710600000, 0x0000000710600000, 0x0000000710800000|  0%| F|  |TAMS 0x0000000710600000| PB 0x0000000710600000| Untracked 
| 100|0x0000000710800000, 0x0000000710800000, 0x0000000710a00000|  0%| F|  |TAMS 0x0000000710800000| PB 0x0000000710800000| Untracked 
| 101|0x0000000710a00000, 0x0000000710a00000, 0x0000000710c00000|  0%| F|  |TAMS 0x0000000710a00000| PB 0x0000000710a00000| Untracked 
| 102|0x0000000710c00000, 0x0000000710c00000, 0x0000000710e00000|  0%| F|  |TAMS 0x0000000710c00000| PB 0x0000000710c00000| Untracked 
| 103|0x0000000710e00000, 0x0000000710e00000, 0x0000000711000000|  0%| F|  |TAMS 0x0000000710e00000| PB 0x0000000710e00000| Untracked 
| 104|0x0000000711000000, 0x0000000711000000, 0x0000000711200000|  0%| F|  |TAMS 0x0000000711000000| PB 0x0000000711000000| Untracked 
| 105|0x0000000711200000, 0x0000000711200000, 0x0000000711400000|  0%| F|  |TAMS 0x0000000711200000| PB 0x0000000711200000| Untracked 
| 106|0x0000000711400000, 0x0000000711400000, 0x0000000711600000|  0%| F|  |TAMS 0x0000000711400000| PB 0x0000000711400000| Untracked 
| 107|0x0000000711600000, 0x0000000711600000, 0x0000000711800000|  0%| F|  |TAMS 0x0000000711600000| PB 0x0000000711600000| Untracked 
| 108|0x0000000711800000, 0x0000000711800000, 0x0000000711a00000|  0%| F|  |TAMS 0x0000000711800000| PB 0x0000000711800000| Untracked 
| 109|0x0000000711a00000, 0x0000000711a00000, 0x0000000711c00000|  0%| F|  |TAMS 0x0000000711a00000| PB 0x0000000711a00000| Untracked 
| 110|0x0000000711c00000, 0x0000000711c00000, 0x0000000711e00000|  0%| F|  |TAMS 0x0000000711c00000| PB 0x0000000711c00000| Untracked 
| 111|0x0000000711e00000, 0x0000000711e00000, 0x0000000712000000|  0%| F|  |TAMS 0x0000000711e00000| PB 0x0000000711e00000| Untracked 
| 112|0x0000000712000000, 0x0000000712000000, 0x0000000712200000|  0%| F|  |TAMS 0x0000000712000000| PB 0x0000000712000000| Untracked 
| 113|0x0000000712200000, 0x0000000712200000, 0x0000000712400000|  0%| F|  |TAMS 0x0000000712200000| PB 0x0000000712200000| Untracked 
| 114|0x0000000712400000, 0x0000000712400000, 0x0000000712600000|  0%| F|  |TAMS 0x0000000712400000| PB 0x0000000712400000| Untracked 
| 115|0x0000000712600000, 0x0000000712600000, 0x0000000712800000|  0%| F|  |TAMS 0x0000000712600000| PB 0x0000000712600000| Untracked 
| 116|0x0000000712800000, 0x0000000712800000, 0x0000000712a00000|  0%| F|  |TAMS 0x0000000712800000| PB 0x0000000712800000| Untracked 
| 117|0x0000000712a00000, 0x0000000712a00000, 0x0000000712c00000|  0%| F|  |TAMS 0x0000000712a00000| PB 0x0000000712a00000| Untracked 
| 118|0x0000000712c00000, 0x0000000712c00000, 0x0000000712e00000|  0%| F|  |TAMS 0x0000000712c00000| PB 0x0000000712c00000| Untracked 
| 119|0x0000000712e00000, 0x0000000712e00000, 0x0000000713000000|  0%| F|  |TAMS 0x0000000712e00000| PB 0x0000000712e00000| Untracked 
| 120|0x0000000713000000, 0x0000000713000000, 0x0000000713200000|  0%| F|  |TAMS 0x0000000713000000| PB 0x0000000713000000| Untracked 
| 121|0x0000000713200000, 0x0000000713200000, 0x0000000713400000|  0%| F|  |TAMS 0x0000000713200000| PB 0x0000000713200000| Untracked 
| 122|0x0000000713400000, 0x00000007135c3368, 0x0000000713600000| 88%| E|  |TAMS 0x0000000713400000| PB 0x0000000713400000| Complete 
| 123|0x0000000713600000, 0x0000000713800000, 0x0000000713800000|100%| E|CS|TAMS 0x0000000713600000| PB 0x0000000713600000| Complete 
| 124|0x0000000713800000, 0x0000000713a00000, 0x0000000713a00000|100%| E|CS|TAMS 0x0000000713800000| PB 0x0000000713800000| Complete 
| 125|0x0000000713a00000, 0x0000000713c00000, 0x0000000713c00000|100%| E|CS|TAMS 0x0000000713a00000| PB 0x0000000713a00000| Complete 

Card table byte_map: [0x000001444f470000,0x000001444fc50000] _byte_map_base: 0x000001444bc50000

Marking Bits: (CMBitMap*) 0x0000014437342be0
 Bits: [0x000001444fc50000, 0x0000014453b50000)

Polling page: 0x0000014435280000

Metaspace:

Usage:
  Non-class:      6.35 MB used.
      Class:    927.63 KB used.
       Both:      7.25 MB used.

Virtual space:
  Non-class space:       64.00 MB reserved,       6.44 MB ( 10%) committed,  1 nodes.
      Class space:        1.00 GB reserved,       1.06 MB ( <1%) committed,  1 nodes.
             Both:        1.06 GB reserved,       7.50 MB ( <1%) committed. 

Chunk freelists:
   Non-Class:  8.95 MB
       Class:  14.99 MB
        Both:  23.94 MB

MaxMetaspaceSize: unlimited
CompressedClassSpaceSize: 1.00 GB
Initial GC threshold: 21.00 MB
Current GC threshold: 21.00 MB
CDS: on
 - commit_granule_bytes: 65536.
 - commit_granule_words: 8192.
 - virtual_space_node_default_size: 8388608.
 - enlarge_chunks_in_place: 1.
 - use_allocation_guard: 0.


Internal statistics:

num_allocs_failed_limit: 0.
num_arena_births: 140.
num_arena_deaths: 0.
num_vsnodes_births: 2.
num_vsnodes_deaths: 0.
num_space_committed: 120.
num_space_uncommitted: 0.
num_chunks_returned_to_freelist: 0.
num_chunks_taken_from_freelist: 191.
num_chunk_merges: 0.
num_chunk_splits: 115.
num_chunks_enlarged: 48.
num_inconsistent_stats: 0.

CodeHeap 'non-profiled nmethods': size=120000Kb used=216Kb max_used=216Kb free=119783Kb
 bounds [0x0000014447210000, 0x0000014447480000, 0x000001444e740000]
CodeHeap 'profiled nmethods': size=120000Kb used=1074Kb max_used=1074Kb free=118925Kb
 bounds [0x000001443f740000, 0x000001443f9b0000, 0x0000014446c70000]
CodeHeap 'non-nmethods': size=5760Kb used=1659Kb max_used=1689Kb free=4100Kb
 bounds [0x0000014446c70000, 0x0000014446ee0000, 0x0000014447210000]
 total_blobs=1315 nmethods=742 adapters=478
 compilation: enabled
              stopped_count=0, restarted_count=0
 full_count=0

Compilation events (20 events):
Event: 0.269 Thread 0x00000144567aa1f0 nmethod 736 0x000001443f84b010 code [0x000001443f84b1c0, 0x000001443f84b3f0]
Event: 0.269 Thread 0x00000144567a9660  729       4       java.lang.StringLatin1::charAt (15 bytes)
Event: 0.269 Thread 0x00000144567aa1f0  730       1       java.net.URL::getProtocol (5 bytes)
Event: 0.269 Thread 0x00000144567aa1f0 nmethod 730 0x0000014447245110 code [0x00000144472452a0, 0x0000014447245370]
Event: 0.269 Thread 0x00000144567aa1f0  734       1       java.awt.Component::isVisible_NoClientCode (5 bytes)
Event: 0.269 Thread 0x00000144567aa1f0 nmethod 734 0x0000014447245410 code [0x00000144472455a0, 0x0000014447245670]
Event: 0.269 Thread 0x00000144567a9660 nmethod 729 0x0000014447245710 code [0x00000144472458a0, 0x0000014447245968]
Event: 0.271 Thread 0x0000014456c5d900 nmethod 695 0x0000014447245a90 code [0x0000014447245c60, 0x0000014447246008]
Event: 0.272 Thread 0x00000144567aa1f0  737       3       java.awt.Component::isValid (20 bytes)
Event: 0.272 Thread 0x00000144567aa1f0 nmethod 737 0x000001443f84b490 code [0x000001443f84b640, 0x000001443f84b7f0]
Event: 0.274 Thread 0x00000144567aa1f0  738       3       java.util.concurrent.locks.AbstractQueuedSynchronizer::compareAndSetState (13 bytes)
Event: 0.274 Thread 0x00000144567aa1f0 nmethod 738 0x000001443f84b890 code [0x000001443f84ba20, 0x000001443f84bb48]
Event: 0.274 Thread 0x00000144567aa1f0  739       3       java.util.IdentityHashMap::maskNull (12 bytes)
Event: 0.274 Thread 0x00000144567aa1f0 nmethod 739 0x000001443f84bc10 code [0x000001443f84bda0, 0x000001443f84bee8]
Event: 0.274 Thread 0x00000144567aa1f0  740       3       java.util.IdentityHashMap::hash (18 bytes)
Event: 0.275 Thread 0x00000144567aa1f0 nmethod 740 0x000001443f84bf90 code [0x000001443f84c140, 0x000001443f84c278]
Event: 0.275 Thread 0x00000144567aa1f0  741       3       javax.swing.JComponent::getHeight (5 bytes)
Event: 0.275 Thread 0x00000144567aa1f0 nmethod 741 0x000001443f84c310 code [0x000001443f84c4a0, 0x000001443f84c5c8]
Event: 0.275 Thread 0x00000144567aa1f0  742       3       javax.swing.JComponent::getWidth (5 bytes)
Event: 0.275 Thread 0x00000144567aa1f0 nmethod 742 0x000001443f84c690 code [0x000001443f84c820, 0x000001443f84c948]

GC Heap History (0 events):
No events

Dll operation events (7 events):
Event: 0.005 Loaded shared library C:\Program Files\Java\jdk-21\bin\java.dll
Event: 0.035 Loaded shared library C:\Program Files\Java\jdk-21\bin\jsvml.dll
Event: 0.050 Loaded shared library C:\Users\14858\Desktop\Cwork\genealogy-homework\C_functions.dll
Event: 0.060 Loaded shared library C:\Program Files\Java\jdk-21\bin\jimage.dll
Event: 0.073 Loaded shared library C:\Program Files\Java\jdk-21\bin\awt.dll
Event: 0.172 Loaded shared library C:\Program Files\Java\jdk-21\bin\freetype.dll
Event: 0.172 Loaded shared library C:\Program Files\Java\jdk-21\bin\fontmanager.dll

Deoptimization events (14 events):
Event: 0.126 Thread 0x00000144350bcb50 Uncommon trap: trap_request=0xffffff45 fr.pc=0x000001444721b958 relative=0x00000000000000b8
Event: 0.126 Thread 0x00000144350bcb50 Uncommon trap: reason=unstable_if action=reinterpret pc=0x000001444721b958 method=java.lang.String.hashCode()I @ 20 c2
Event: 0.126 Thread 0x00000144350bcb50 DEOPT PACKING pc=0x000001444721b958 sp=0x0000000a6b7fd950
Event: 0.126 Thread 0x00000144350bcb50 DEOPT UNPACKING pc=0x0000014446cc7da2 sp=0x0000000a6b7fd8e0 mode 2
Event: 0.215 Thread 0x00000144350bcb50 Uncommon trap: trap_request=0xffffff45 fr.pc=0x0000014447230630 relative=0x0000000000000190
Event: 0.215 Thread 0x00000144350bcb50 Uncommon trap: reason=unstable_if action=reinterpret pc=0x0000014447230630 method=java.lang.String.equals(Ljava/lang/Object;)Z @ 33 c2
Event: 0.215 Thread 0x00000144350bcb50 DEOPT PACKING pc=0x0000014447230630 sp=0x0000000a6b7ff2c0
Event: 0.215 Thread 0x00000144350bcb50 DEOPT UNPACKING pc=0x0000014446cc7da2 sp=0x0000000a6b7ff250 mode 2
Event: 0.265 Thread 0x00000144350bcb50 DEOPT PACKING pc=0x000001443f759099 sp=0x0000000a6b7fe4c0
Event: 0.265 Thread 0x00000144350bcb50 DEOPT UNPACKING pc=0x0000014446cc88e2 sp=0x0000000a6b7fd8e0 mode 0
Event: 0.266 Thread 0x00000144350bcb50 Uncommon trap: trap_request=0xffffff45 fr.pc=0x0000014447217768 relative=0x00000000000000c8
Event: 0.266 Thread 0x00000144350bcb50 Uncommon trap: reason=unstable_if action=reinterpret pc=0x0000014447217768 method=java.lang.String.charAt(I)C @ 4 c2
Event: 0.266 Thread 0x00000144350bcb50 DEOPT PACKING pc=0x0000014447217768 sp=0x0000000a6b7ff110
Event: 0.266 Thread 0x00000144350bcb50 DEOPT UNPACKING pc=0x0000014446cc7da2 sp=0x0000000a6b7ff0b0 mode 2

Classes loaded (20 events):
Event: 0.246 Loading class javax/swing/plaf/basic/BasicBorders
Event: 0.246 Loading class javax/swing/plaf/basic/BasicBorders done
Event: 0.246 Loading class javax/swing/plaf/basic/BasicBorders$RadioButtonBorder
Event: 0.246 Loading class javax/swing/plaf/basic/BasicBorders$ButtonBorder
Event: 0.246 Loading class javax/swing/plaf/basic/BasicBorders$ButtonBorder done
Event: 0.246 Loading class javax/swing/plaf/basic/BasicBorders$RadioButtonBorder done
Event: 0.246 Loading class javax/swing/plaf/metal/MetalIconFactory
Event: 0.246 Loading class javax/swing/plaf/metal/MetalIconFactory done
Event: 0.246 Loading class javax/swing/plaf/metal/MetalIconFactory$RadioButtonIcon
Event: 0.246 Loading class javax/swing/Icon
Event: 0.246 Loading class javax/swing/Icon done
Event: 0.246 Loading class javax/swing/plaf/metal/MetalIconFactory$RadioButtonIcon done
Event: 0.247 Loading class javax/swing/plaf/basic/BasicButtonUI$KeyHandler
Event: 0.247 Loading class javax/swing/plaf/basic/BasicButtonUI$KeyHandler done
Event: 0.247 Loading class javax/swing/plaf/basic/BasicButtonUI$SelectPreviousBtn
Event: 0.247 Loading class javax/swing/plaf/basic/BasicButtonUI$SelectPreviousBtn done
Event: 0.247 Loading class javax/swing/plaf/basic/BasicButtonUI$SelectNextBtn
Event: 0.247 Loading class javax/swing/plaf/basic/BasicButtonUI$SelectNextBtn done
Event: 0.247 Loading class javax/swing/ButtonGroup
Event: 0.247 Loading class javax/swing/ButtonGroup done

Classes unloaded (0 events):
No events

Classes redefined (0 events):
No events

Internal exceptions (12 events):
Event: 0.065 Thread 0x00000144350bcb50 Exception <a 'java/lang/ClassNotFoundException'{0x000000071384a890}: sun/awt/resources/spi/awtProvider> (0x000000071384a890) 
thrown [s\open\src\hotspot\share\classfile\systemDictionary.cpp, line 312]
Event: 0.080 Thread 0x00000144350bcb50 Exception <a 'java/io/FileNotFoundException'{0x0000000713916540}> (0x0000000713916540) 
thrown [s\open\src\hotspot\share\prims\jni.cpp, line 520]
Event: 0.084 Thread 0x00000144350bcb50 Exception <a 'java/io/FileNotFoundException'{0x0000000713940530}> (0x0000000713940530) 
thrown [s\open\src\hotspot\share\prims\jni.cpp, line 520]
Event: 0.130 Thread 0x00000144350bcb50 Exception <a 'java/lang/NoSuchMethodError'{0x0000000713684d40}: 'void java.lang.invoke.DirectMethodHandle$Holder.invokeSpecial(java.lang.Object, java.lang.Object, java.lang.Object)'> (0x0000000713684d40) 
thrown [s\open\src\hotspot\share\interpreter\linkResolver.cpp, line 773]
Event: 0.134 Thread 0x00000144350bcb50 Exception <a 'java/lang/NoSuchMethodError'{0x00000007136aa7d0}: 'java.lang.Object java.lang.invoke.DirectMethodHandle$Holder.newInvokeSpecial(java.lang.Object, java.lang.Object, java.lang.Object, java.lang.Object, java.lang.Object)'> (0x00000007136aa7d0) 
thrown [s\open\src\hotspot\share\interpreter\linkResolver.cpp, line 773]
Event: 0.137 Thread 0x00000144350bcb50 Exception <a 'java/lang/NoSuchMethodError'{0x00000007136d6358}: 'java.lang.Object java.lang.invoke.DirectMethodHandle$Holder.invokeStatic(java.lang.Object, int, java.lang.Object)'> (0x00000007136d6358) 
thrown [s\open\src\hotspot\share\interpreter\linkResolver.cpp, line 773]
Event: 0.148 Thread 0x00000144350bcb50 Exception <a 'java/lang/ClassNotFoundException'{0x0000000713775de8}: com/sun/swing/internal/plaf/metal/resources/spi/metalProvider> (0x0000000713775de8) 
thrown [s\open\src\hotspot\share\classfile\systemDictionary.cpp, line 312]
Event: 0.149 Thread 0x00000144350bcb50 Exception <a 'java/lang/ClassNotFoundException'{0x000000071377bbf8}: com/sun/swing/internal/plaf/basic/resources/spi/basicProvider> (0x000000071377bbf8) 
thrown [s\open\src\hotspot\share\classfile\systemDictionary.cpp, line 312]
Event: 0.155 Thread 0x00000144350bcb50 Exception <a 'java/lang/NoSuchMethodError'{0x000000071379f680}: 'int java.lang.invoke.Invokers$Holder.invokeExact_MT(java.lang.Object, java.lang.Object)'> (0x000000071379f680) 
thrown [s\open\src\hotspot\share\interpreter\linkResolver.cpp, line 773]
Event: 0.160 Thread 0x0000014456b508e0 Exception <a 'java/lang/NoSuchMethodError'{0x000000071360e618}: 'void java.lang.invoke.DirectMethodHandle$Holder.invokeVirtual(java.lang.Object, java.lang.Object)'> (0x000000071360e618) 
thrown [s\open\src\hotspot\share\interpreter\linkResolver.cpp, line 773]
Event: 0.169 Thread 0x00000144350bcb50 Exception <a 'java/lang/NoSuchMethodError'{0x0000000713401630}: 'void java.lang.invoke.DirectMethodHandle$Holder.invokeStaticInit(java.lang.Object)'> (0x0000000713401630) 
thrown [s\open\src\hotspot\share\interpreter\linkResolver.cpp, line 773]
Event: 0.175 Thread 0x00000144350bcb50 Exception <a 'java/io/FileNotFoundException'{0x000000071340dbf0}> (0x000000071340dbf0) 
thrown [s\open\src\hotspot\share\prims\jni.cpp, line 520]

ZGC Phase Switch (0 events):
No events

VM Operations (6 events):
Event: 0.148 Executing VM operation: HandshakeAllThreads (Deoptimize)
Event: 0.148 Executing VM operation: HandshakeAllThreads (Deoptimize) done
Event: 0.163 Executing VM operation: HandshakeAllThreads (Deoptimize)
Event: 0.163 Executing VM operation: HandshakeAllThreads (Deoptimize) done
Event: 0.232 Executing VM operation: HandshakeAllThreads (Deoptimize)
Event: 0.232 Executing VM operation: HandshakeAllThreads (Deoptimize) done

Events (18 events):
Event: 0.017 Thread 0x00000144350bcb50 Thread added: 0x00000144350bcb50
Event: 0.033 Thread 0x0000014456798470 Thread added: 0x0000014456798470
Event: 0.033 Thread 0x0000014456799480 Thread added: 0x0000014456799480
Event: 0.034 Thread 0x000001445679c350 Thread added: 0x000001445679c350
Event: 0.034 Thread 0x000001445679eeb0 Thread added: 0x000001445679eeb0
Event: 0.034 Thread 0x000001445679fc80 Thread added: 0x000001445679fc80
Event: 0.034 Thread 0x00000144567a07d0 Thread added: 0x00000144567a07d0
Event: 0.034 Thread 0x00000144567a9660 Thread added: 0x00000144567a9660
Event: 0.034 Thread 0x00000144567aa1f0 Thread added: 0x00000144567aa1f0
Event: 0.043 Thread 0x00000144569b9d90 Thread added: 0x00000144569b9d90
Event: 0.045 Thread 0x00000144569c65f0 Thread added: 0x00000144569c65f0
Event: 0.112 Thread 0x0000014456b48670 Thread added: 0x0000014456b48670
Event: 0.112 Thread 0x0000014456b4d7b0 Thread added: 0x0000014456b4d7b0
Event: 0.113 Thread 0x0000014456b508e0 Thread added: 0x0000014456b508e0
Event: 0.161 Thread 0x0000014456bb3830 Thread added: 0x0000014456bb3830
Event: 0.267 Thread 0x0000014456c5d900 Thread added: 0x0000014456c5d900
Event: 0.274 Thread 0x00000144350bcb50 Thread exited: 0x00000144350bcb50
Event: 0.274 Thread 0x00000144350bcb50 Thread added: 0x00000144350bcb50


Dynamic libraries:
0x00007ff709060000 - 0x00007ff709070000 	C:\Program Files\Java\jdk-21\bin\java.exe
0x00007fff01bf0000 - 0x00007fff01de8000 	C:\WINDOWS\SYSTEM32\ntdll.dll
0x00007ffefffa0000 - 0x00007fff0005d000 	C:\WINDOWS\System32\KERNEL32.DLL
0x00007ffeff460000 - 0x00007ffeff756000 	C:\WINDOWS\System32\KERNELBASE.dll
0x00007ffeff360000 - 0x00007ffeff460000 	C:\WINDOWS\System32\ucrtbase.dll
0x00007ffef6e20000 - 0x00007ffef6e39000 	C:\Program Files\Java\jdk-21\bin\jli.dll
0x00007ffef6e00000 - 0x00007ffef6e1b000 	C:\Program Files\Java\jdk-21\bin\VCRUNTIME140.dll
0x00007fff00eb0000 - 0x00007fff00f60000 	C:\WINDOWS\System32\ADVAPI32.dll
0x00007ffeffc30000 - 0x00007ffeffcce000 	C:\WINDOWS\System32\msvcrt.dll
0x00007fff00260000 - 0x00007fff00300000 	C:\WINDOWS\System32\sechost.dll
0x00007fff00130000 - 0x00007fff00253000 	C:\WINDOWS\System32\RPCRT4.dll
0x00007ffeffbf0000 - 0x00007ffeffc17000 	C:\WINDOWS\System32\bcrypt.dll
0x00007fff01080000 - 0x00007fff0121f000 	C:\WINDOWS\System32\USER32.dll
0x00007ffeffbc0000 - 0x00007ffeffbe2000 	C:\WINDOWS\System32\win32u.dll
0x00007ffee4610000 - 0x00007ffee48aa000 	C:\WINDOWS\WinSxS\amd64_microsoft.windows.common-controls_6595b64144ccf1df_6.0.19041.4355_none_60b8b9eb71f62e16\COMCTL32.dll
0x00007fff00e80000 - 0x00007fff00eab000 	C:\WINDOWS\System32\GDI32.dll
0x00007ffeff9f0000 - 0x00007ffeffb07000 	C:\WINDOWS\System32\gdi32full.dll
0x00007ffeff760000 - 0x00007ffeff7fd000 	C:\WINDOWS\System32\msvcp_win.dll
0x00007ffef0be0000 - 0x00007ffef0bea000 	C:\WINDOWS\SYSTEM32\VERSION.dll
0x00007fff000f0000 - 0x00007fff00122000 	C:\WINDOWS\System32\IMM32.DLL
0x00007ffef8710000 - 0x00007ffef871c000 	C:\Program Files\Java\jdk-21\bin\vcruntime140_1.dll
0x00007ffef6d70000 - 0x00007ffef6dfe000 	C:\Program Files\Java\jdk-21\bin\msvcp140.dll
0x00007ffea0a90000 - 0x00007ffea17a5000 	C:\Program Files\Java\jdk-21\bin\server\jvm.dll
0x00007fff00300000 - 0x00007fff0036b000 	C:\WINDOWS\System32\WS2_32.dll
0x00007ffefe820000 - 0x00007ffefe86b000 	C:\WINDOWS\SYSTEM32\POWRPROF.dll
0x00007ffef0d20000 - 0x00007ffef0d47000 	C:\WINDOWS\SYSTEM32\WINMM.dll
0x00007ffefe690000 - 0x00007ffefe6a2000 	C:\WINDOWS\SYSTEM32\UMPDC.dll
0x00007ffefda70000 - 0x00007ffefda82000 	C:\WINDOWS\SYSTEM32\kernel.appcore.dll
0x00007ffef6d60000 - 0x00007ffef6d6a000 	C:\Program Files\Java\jdk-21\bin\jimage.dll
0x00007ffefd7b0000 - 0x00007ffefd994000 	C:\WINDOWS\SYSTEM32\DBGHELP.DLL
0x00007ffed1c90000 - 0x00007ffed1cc4000 	C:\WINDOWS\SYSTEM32\dbgcore.DLL
0x00007ffeff960000 - 0x00007ffeff9e2000 	C:\WINDOWS\System32\bcryptPrimitives.dll
0x00007ffee7630000 - 0x00007ffee764f000 	C:\Program Files\Java\jdk-21\bin\java.dll
0x00007fff012f0000 - 0x00007fff01a5b000 	C:\WINDOWS\System32\SHELL32.dll
0x00007ffefcf40000 - 0x00007ffefd6dd000 	C:\WINDOWS\SYSTEM32\windows.storage.dll
0x00007fff003d0000 - 0x00007fff00723000 	C:\WINDOWS\System32\combase.dll
0x00007ffefecc0000 - 0x00007ffefecee000 	C:\WINDOWS\SYSTEM32\Wldp.dll
0x00007fff01220000 - 0x00007fff012ed000 	C:\WINDOWS\System32\OLEAUT32.dll
0x00007fff00f70000 - 0x00007fff0101d000 	C:\WINDOWS\System32\SHCORE.dll
0x00007fff01020000 - 0x00007fff01075000 	C:\WINDOWS\System32\shlwapi.dll
0x00007ffeff1d0000 - 0x00007ffeff1f4000 	C:\WINDOWS\SYSTEM32\profapi.dll
0x00007ffeb0600000 - 0x00007ffeb06d7000 	C:\Program Files\Java\jdk-21\bin\jsvml.dll
0x00000000624c0000 - 0x00000000624d7000 	C:\Users\14858\Desktop\Cwork\genealogy-homework\C_functions.dll
0x00007ffeac5c0000 - 0x00007ffeac74f000 	C:\Program Files\Java\jdk-21\bin\awt.dll
0x00007ffef9d00000 - 0x00007ffef9d90000 	C:\WINDOWS\SYSTEM32\apphelp.dll
0x00007ffefa290000 - 0x00007ffefa2bf000 	C:\WINDOWS\system32\DWMAPI.DLL
0x00007ffef9f00000 - 0x00007ffef9f9e000 	C:\WINDOWS\system32\uxtheme.dll
0x00007ffec7bc0000 - 0x00007ffec7ce5000 	C:\WINDOWS\system32\opengl32.dll
0x00007ffece330000 - 0x00007ffece35c000 	C:\WINDOWS\SYSTEM32\GLU32.dll
0x00007ffeffcd0000 - 0x00007ffeffde4000 	C:\WINDOWS\System32\MSCTF.dll
0x00007fff00bc0000 - 0x00007fff00ceb000 	C:\WINDOWS\System32\ole32.dll
0x00007ffee6ae0000 - 0x00007ffee6b67000 	C:\Program Files\Java\jdk-21\bin\freetype.dll
0x00007ffeac4e0000 - 0x00007ffeac5b3000 	C:\Program Files\Java\jdk-21\bin\fontmanager.dll
0x00007ffeef560000 - 0x00007ffeef659000 	C:\WINDOWS\SYSTEM32\textinputframework.dll
0x00007ffef9570000 - 0x00007ffef98cb000 	C:\WINDOWS\System32\CoreUIComponents.dll
0x00007ffef99d0000 - 0x00007ffef9ac2000 	C:\WINDOWS\System32\CoreMessaging.dll
0x00007ffefe3c0000 - 0x00007ffefe3f3000 	C:\WINDOWS\SYSTEM32\ntmarta.dll
0x00007ffef8d50000 - 0x00007ffef8ea7000 	C:\WINDOWS\SYSTEM32\wintypes.dll

dbghelp: loaded successfully - version: 4.0.5 - missing functions: none
symbol engine: initialized successfully - sym options: 0x614 - pdb path: .;C:\Program Files\Java\jdk-21\bin;C:\WINDOWS\SYSTEM32;C:\WINDOWS\WinSxS\amd64_microsoft.windows.common-controls_6595b64144ccf1df_6.0.19041.4355_none_60b8b9eb71f62e16;C:\Program Files\Java\jdk-21\bin\server;C:\Users\14858\Desktop\Cwork\genealogy-homework

VM Arguments:
java_command: JavaGUI
java_class_path (initial): .
Launcher Type: SUN_STANDARD

[Global flags]
     intx CICompilerCount                          = 4                                         {product} {ergonomic}
     uint ConcGCThreads                            = 3                                         {product} {ergonomic}
     uint G1ConcRefinementThreads                  = 10                                        {product} {ergonomic}
   size_t G1HeapRegionSize                         = 2097152                                   {product} {ergonomic}
    uintx GCDrainStackTargetSize                   = 64                                        {product} {ergonomic}
   size_t InitialHeapSize                          = 264241152                                 {product} {ergonomic}
   size_t MarkStackSize                            = 4194304                                   {product} {ergonomic}
   size_t MaxHeapSize                              = 4227858432                                {product} {ergonomic}
   size_t MaxNewSize                               = 2535456768                                {product} {ergonomic}
   size_t MinHeapDeltaBytes                        = 2097152                                   {product} {ergonomic}
   size_t MinHeapSize                              = 8388608                                   {product} {ergonomic}
    uintx NonNMethodCodeHeapSize                   = 5839372                                {pd product} {ergonomic}
    uintx NonProfiledCodeHeapSize                  = 122909434                              {pd product} {ergonomic}
    uintx ProfiledCodeHeapSize                     = 122909434                              {pd product} {ergonomic}
    uintx ReservedCodeCacheSize                    = 251658240                              {pd product} {ergonomic}
     bool SegmentedCodeCache                       = true                                      {product} {ergonomic}
   size_t SoftMaxHeapSize                          = 4227858432                             {manageable} {ergonomic}
     bool UseCompressedOops                        = true                           {product lp64_product} {ergonomic}
     bool UseG1GC                                  = true                                      {product} {ergonomic}
     bool UseLargePagesIndividualAllocation        = false                                  {pd product} {ergonomic}

Logging:
Log output configuration:
 #0: stdout all=warning uptime,level,tags foldmultilines=false
 #1: stderr all=off uptime,level,tags foldmultilines=false

Environment Variables:
JAVA_HOME=C:\Program Files\Java\jdk-21
PATH=C:\Program Files\Common Files\Oracle\Java\javapath;C:\Program Files (x86)\Common Files\Oracle\Java\java8path;C:\Program Files (x86)\Common Files\Oracle\Java\javapath;C:\Program Files (x86)\VMware\VMware Workstation\bin\;C:\Windows\system32;C:\Windows;C:\Windows\System32\Wbem;C:\Windows\System32\WindowsPowerShell\v1.0\;C:\Windows\System32\OpenSSH\;C:\Program Files\WireGuard\;C:\Program Files\mingw64\bin\;C:\Program Files\NVIDIA Corporation\NVIDIA NvDLISR;C:\WINDOWS\system32;C:\WINDOWS;C:\WINDOWS\System32\Wbem;C:\WINDOWS\System32\WindowsPowerShell\v1.0\;C:\WINDOWS\System32\OpenSSH\;C:\Program Files\Git\cmd;C:\Program Files (x86)\NVIDIA Corporation\PhysX\Common;C:\Program Files\dotnet\;C:\Program Files (x86)\GTK2-Runtime\bin;C:\Program Files (x86)\Windows Kits\10\Windows Performance Toolkit\;C:\Program Files (x86)\Microsoft SQL Server\100\Tools\Binn\;C:\Program Files (x86)\Microsoft SQL Server\100\DTS\Binn\;C:\Program Files (x86)\Microsoft SQL Server\100\Tools\Binn\VSShell\Common7\IDE\;C:\Program Files\Docker\Docker\resources\bin;C:\Program Files\Cloudflare\Cloudflare WARP\;C:\Program Files (x86)\NetSarang\Xftp 7\;C:\Program Files (x86)\NetSarang\Xshell 7\;C:\Users\14858\anaconda3;C:\Users\14858\anaconda3\Library\mingw-w64\bin;C:\Users\14858\anaconda3\Library\usr\bin;C:\Users\14858\anaconda3\Library\bin;C:\Users\14858\anaconda3\Scripts;C:\Users\14858\AppData\Local\Programs\Python\Python311\Scripts\;C:\Users\14858\AppData\Local\Programs\Python\Python311\;C:\Users\14858\AppData\Local\Microsoft\WindowsApps;C:\Users\14858\AppData\Local\Programs\Microsoft VS Code\bin;C:\Program Files\JetBrains\PyCharm 2023.2.1\bin;C:\Program Files\mingw64\bin;C:\php-8.2.12-Win32-vs16-x64;C:\Users\14858\AppData\Local\GitHubDesktop\bin;C:\Program Files\CMake\bin;C:\Program Files\JetBrains\PyCharm Community Edition 2023.3.4\bin;;C:\Users\14858\AppData\Local\Programs\MiKTeX\miktex\bin\x64\
USERNAME=y~
LANG=zh_CN.UTF-8
OS=Windows_NT
PROCESSOR_IDENTIFIER=Intel64 Family 6 Model 141 Stepping 1, GenuineIntel
TMP=C:\Users\14858\AppData\Local\Temp
TEMP=C:\Users\14858\AppData\Local\Temp




Periodic native trim disabled

---------------  S Y S T E M  ---------------

OS:
 Windows 10 , 64 bit Build 19041 (10.0.19041.3636)
OS uptime: 0 days 12:08 hours
Hyper-V role detected

CPU: total 12 (initial active 12) (6 cores per cpu, 2 threads per core) family 6 model 141 stepping 1 microcode 0x34, cx8, cmov, fxsr, ht, mmx, 3dnowpref, sse, sse2, sse3, ssse3, sse4.1, sse4.2, popcnt, lzcnt, tsc, tscinvbit, avx, avx2, aes, erms, clmul, bmi1, bmi2, adx, avx512f, avx512dq, avx512cd, avx512bw, avx512vl, sha, fma, vzeroupper, avx512_vpopcntdq, avx512_vpclmulqdq, avx512_vaes, avx512_vnni, clflush, clflushopt, clwb, avx512_vbmi2, avx512_vbmi, hv, rdtscp, rdpid, fsrm, gfni, avx512_bitalg, f16c, cet_ibt, cet_ss, avx512_ifma
Processor Information for all 12 processors :
  Max Mhz: 2688, Current Mhz: 2688, Mhz Limit: 2688

Memory: 4k page, system-wide physical 16121M (5145M free)
TotalPageFile size 21241M (AvailPageFile size 4391M)
current process WorkingSet (physical memory assigned to process): 75M, peak: 75M
current process commit charge ("private bytes"): 359M, peak: 359M

vm_info: Java HotSpot(TM) 64-Bit Server VM (21.0.1+12-LTS-29) for windows-amd64 JRE (21.0.1+12-LTS-29), built on 2023-10-05T13:27:09Z by "mach5one" with MS VC++ 17.1 (VS2022)

END.
