#
# A fatal error has been detected by the Java Runtime Environment:
#
#  EXCEPTION_ACCESS_VIOLATION (0xc0000005) at pc=0x00000000624c1875, pid=1992, tid=4604
#
# JRE version: Java(TM) SE Runtime Environment (21.0.1+12) (build 21.0.1+12-LTS-29)
# Java VM: Java HotSpot(TM) 64-Bit Server VM (21.0.1+12-LTS-29, mixed mode, sharing, tiered, compressed oops, compressed class ptrs, g1 gc, windows-amd64)
# Problematic frame:
# C  [C_functions.dll+0x1875]
#
# No core dump will be written. Minidumps are not enabled by default on client versions of Windows
#
# If you would like to submit a bug report, please visit:
#   https://bugreport.java.com/bugreport/crash.jsp
# The crash happened outside the Java Virtual Machine in native code.
# See problematic frame for where to report the bug.
#

---------------  S U M M A R Y ------------

Command Line: JavaGUI

Host: 11th Gen Intel(R) Core(TM) i5-11400H @ 2.70GHz, 12 cores, 15G,  Windows 10 , 64 bit Build 19041 (10.0.19041.3636)
Time: Fri Jun  7 00:17:05 2024  Windows 10 , 64 bit Build 19041 (10.0.19041.3636) elapsed time: 0.051423 seconds (0d 0h 0m 0s)

---------------  T H R E A D  ---------------

Current thread (0x0000025ae3c5d410):  JavaThread "main"             [_thread_in_native, id=4604, stack(0x000000667b300000,0x000000667b400000) (1024K)]

Stack: [0x000000667b300000,0x000000667b400000],  sp=0x000000667b3feeb0,  free space=1019k
Native frames: (J=compiled Java code, j=interpreted, Vv=VM code, C=native code)
C  [C_functions.dll+0x1875]

Java frames: (J=compiled Java code, j=interpreted, Vv=VM code)
j  JavaGUI.load()J+0
j  JavaGUI.main([Ljava/lang/String;)V+9
v  ~StubRoutines::call_stub 0x0000025af50a10e7

siginfo: EXCEPTION_ACCESS_VIOLATION (0xc0000005), reading address 0x0000000000000040


Registers:
RAX=0x0000000000000000, RBX=0x00000000ffffffff, RCX=0x0000000000000000, RDX=0x0000000000000000
RSP=0x000000667b3feeb0, RBP=0x000000667b3fef20, RSI=0x00000000ffffffff, RDI=0x00000000ffffffff
R8 =0x00007fff01c147cb, R9 =0xffff825be2418f8f, R10=0x0000000000000000, R11=0x0000025ae4020150
R12=0x00007fff01c147b1, R13=0x0000000000007fff, R14=0x000000667b3ff548, R15=0x0000025ae3c5d410
RIP=0x00000000624c1875, EFLAGS=0x0000000000010206


Register to memory mapping:

RAX=0x0 is null
RBX=0x00000000ffffffff is an unknown value
RCX=0x0 is null
RDX=0x0 is null
RSP=0x000000667b3feeb0 is pointing into the stack for thread: 0x0000025ae3c5d410
RBP=0x000000667b3fef20 is pointing into the stack for thread: 0x0000025ae3c5d410
RSI=0x00000000ffffffff is an unknown value
RDI=0x00000000ffffffff is an unknown value
R8 =0x00007fff01c147cb ntdll.dll
R9 =0xffff825be2418f8f is an unknown value
R10=0x0 is null
R11=0x0000025ae4020150 points into unknown readable memory: 0x0000025ae402d770 | 70 d7 02 e4 5a 02 00 00
R12=0x00007fff01c147b1 ntdll.dll
R13=0x0000000000007fff is an unknown value
R14=0x000000667b3ff548 is pointing into the stack for thread: 0x0000025ae3c5d410
R15=0x0000025ae3c5d410 is a thread

Top of Stack: (sp=0x000000667b3feeb0)
0x000000667b3feeb0:   0000000000000000 0000025acb159500
0x000000667b3feec0:   000000667b3fef01 0000000000000000
0x000000667b3feed0:   0000000000000000 0000025ae402d680
0x000000667b3feee0:   0000025ac7400d68 00007f01ffcbfa00
0x000000667b3feef0:   0000000000000001 0000000000000000
0x000000667b3fef00:   0000025ae402d6a0 0000025ae402d660
0x000000667b3fef10:   0000025ae402d680 000000667b3ff9d0
0x000000667b3fef20:   000000667b3fefb0 00000000624c2fb5
0x000000667b3fef30:   0000000000000000 0000025acb159500
0x000000667b3fef40:   00007fff01c147b1 0000006600007fff
0x000000667b3fef50:   0000025a01c407c0 0000000000000000
0x000000667b3fef60:   0000000000000001 0000000000000000
0x000000667b3fef70:   0000000000000000 00000000ffffffff
0x000000667b3fef80:   0000025affffffff 00000000ffffffff
0x000000667b3fef90:   0000000000000000 0000000000000000
0x000000667b3fefa0:   ffffffff00000000 ffffffffffffffff
0x000000667b3fefb0:   0000000000000000 0000000000000080
0x000000667b3fefc0:   0000000080100080 00007fff01c407c0
0x000000667b3fefd0:   0000025acb159500 00007fff01c147b1
0x000000667b3fefe0:   2031203120312031 000a203120312031
0x000000667b3feff0:   000000667b3ff120 0000000000000000
0x000000667b3ff000:   0000d3e733e16c23 0000000000000000
0x000000667b3ff010:   0000000000000000 00007ffeff49529d
0x000000667b3ff020:   0000000000000000 0000000000000000
0x000000667b3ff030:   00000003e4020150 0000000000000000
0x000000667b3ff040:   0000000000000000 0000000000000080
0x000000667b3ff050:   0000025a00000003 00007fff01c15ba1
0x000000667b3ff060:   0000000000000060 0000000000000000
0x000000667b3ff070:   000094ba00000000 0000025ae3c5da90
0x000000667b3ff080:   0000000000000060 0000000000000080
0x000000667b3ff090:   0000025aff461490 000000000000002b
0x000000667b3ff0a0:   00000000000003f0 0000025acb135f40 

Instructions: (pc=0x00000000624c1875)
0x00000000624c1775:   c8 48 83 7d 10 00 74 18 48 8b 45 18 0f b6 00 0f
0x00000000624c1785:   b6 c0 85 c0 75 0a b8 00 00 00 00 e9 3d 01 00 00
0x00000000624c1795:   b9 0c 00 00 00 e8 71 36 00 00 48 89 45 e8 48 8b
0x00000000624c17a5:   45 e8 8b 55 28 89 10 48 8b 45 e8 8b 55 30 89 50
0x00000000624c17b5:   04 48 8b 45 e8 8b 55 38 89 50 08 80 7d c8 00 74
0x00000000624c17c5:   0a 48 c7 45 f0 00 00 00 00 eb 2b b9 0c 00 00 00
0x00000000624c17d5:   e8 36 36 00 00 48 89 45 f0 48 8b 45 f0 8b 55 58
0x00000000624c17e5:   89 10 48 8b 45 f0 8b 55 60 89 50 04 48 8b 45 f0
0x00000000624c17f5:   8b 55 68 89 50 08 0f b6 45 c8 44 0f b6 45 cc 4c
0x00000000624c1805:   8b 55 48 48 8b 55 e8 48 8b 4d 20 4c 8b 4d f0 4c
0x00000000624c1815:   89 4c 24 28 89 44 24 20 4d 89 d1 e8 1c fc ff ff
0x00000000624c1825:   48 89 45 e0 48 8b 45 18 0f b6 00 0f b6 c0 85 c0
0x00000000624c1835:   75 0d 48 8b 45 e0 48 89 45 10 e9 8a 00 00 00 48
0x00000000624c1845:   8d 05 b5 57 00 00 48 39 45 18 74 7d 48 8b 45 18
0x00000000624c1855:   48 89 c2 48 8b 4d 10 e8 77 fd ff ff 48 89 45 d8
0x00000000624c1865:   48 8b 45 e0 48 8b 55 d8 48 89 50 38 48 8b 45 d8
0x00000000624c1875:   48 8b 40 40 48 85 c0 75 0e 48 8b 45 d8 48 8b 55
0x00000000624c1885:   e0 48 89 50 40 eb 33 48 8b 45 d8 48 8b 40 40 48
0x00000000624c1895:   89 45 f8 eb 0c 48 8b 45 f8 48 8b 40 48 48 89 45
0x00000000624c18a5:   f8 48 8b 45 f8 48 8b 40 48 48 85 c0 75 e7 48 8b
0x00000000624c18b5:   45 f8 48 8b 55 e0 48 89 50 48 48 8b 45 d8 8b 00
0x00000000624c18c5:   8d 50 01 48 8b 45 e0 89 10 48 8b 45 10 48 83 c4
0x00000000624c18d5:   70 5d c3 55 53 48 83 ec 68 48 8d ac 24 80 00 00
0x00000000624c18e5:   00 48 89 4d 00 48 89 55 08 4c 89 45 10 48 8b 45
0x00000000624c18f5:   08 48 89 c2 48 8b 4d 00 e8 d6 fc ff ff 48 89 45
0x00000000624c1905:   d8 48 8b 45 10 48 89 c2 48 8b 4d 00 e8 c2 fc ff
0x00000000624c1915:   ff 48 89 45 d0 48 83 7d d8 00 75 20 48 83 7d d0
0x00000000624c1925:   00 75 19 48 8d 0d d2 56 00 00 e8 3c 35 00 00 48
0x00000000624c1935:   89 45 c8 48 8b 45 c8 e9 d7 0b 00 00 48 83 7d d8
0x00000000624c1945:   00 75 4f 48 8b 45 08 48 89 c1 e8 7c 34 00 00 48
0x00000000624c1955:   83 c0 32 48 89 c1 e8 b0 34 00 00 48 89 45 c8 48
0x00000000624c1965:   8b 45 08 48 89 c1 e8 60 34 00 00 48 8d 50 32 48 


Stack slot to memory mapping:

stack at sp + 0 slots: 0x0 is null
stack at sp + 1 slots: 0x0000025acb159500 points into unknown readable memory: 0x005c003f003f005c | 5c 00 3f 00 3f 00 5c 00
stack at sp + 2 slots: 0x000000667b3fef01 is pointing into the stack for thread: 0x0000025ae3c5d410
stack at sp + 3 slots: 0x0 is null
stack at sp + 4 slots: 0x0 is null
stack at sp + 5 slots: 0x0000025ae402d680 points into unknown readable memory: 0xffffffffffffffff | ff ff ff ff ff ff ff ff
stack at sp + 6 slots: {method} {0x0000025ac7400d70} 'load' '()J' in 'JavaGUI'
stack at sp + 7 slots: 0x00007f01ffcbfa00 is an unknown value


---------------  P R O C E S S  ---------------

Threads class SMR info:
_java_thread_list=0x0000025acb12f430, length=11, elements={
0x0000025ae3c5d410, 0x0000025aff499e40, 0x0000025aff49ad60, 0x0000025aff49cb30,
0x0000025aff49f6a0, 0x0000025aff4a0100, 0x0000025aff4a2b70, 0x0000025aff4a3900,
0x0000025aff4a6710, 0x0000025acb157290, 0x0000025acb162310
}

Java Threads: ( => current thread )
=>0x0000025ae3c5d410 JavaThread "main"                              [_thread_in_native, id=4604, stack(0x000000667b300000,0x000000667b400000) (1024K)]
  0x0000025aff499e40 JavaThread "Reference Handler"          daemon [_thread_blocked, id=4360, stack(0x000000667bb00000,0x000000667bc00000) (1024K)]
  0x0000025aff49ad60 JavaThread "Finalizer"                  daemon [_thread_blocked, id=14548, stack(0x000000667bc00000,0x000000667bd00000) (1024K)]
  0x0000025aff49cb30 JavaThread "Signal Dispatcher"          daemon [_thread_blocked, id=16496, stack(0x000000667bd00000,0x000000667be00000) (1024K)]
  0x0000025aff49f6a0 JavaThread "Attach Listener"            daemon [_thread_blocked, id=8876, stack(0x000000667be00000,0x000000667bf00000) (1024K)]
  0x0000025aff4a0100 JavaThread "Service Thread"             daemon [_thread_blocked, id=8544, stack(0x000000667bf00000,0x000000667c000000) (1024K)]
  0x0000025aff4a2b70 JavaThread "Monitor Deflation Thread"   daemon [_thread_blocked, id=14404, stack(0x000000667c000000,0x000000667c100000) (1024K)]
  0x0000025aff4a3900 JavaThread "C2 CompilerThread0"         daemon [_thread_blocked, id=3700, stack(0x000000667c100000,0x000000667c200000) (1024K)]
  0x0000025aff4a6710 JavaThread "C1 CompilerThread0"         daemon [_thread_blocked, id=3596, stack(0x000000667c200000,0x000000667c300000) (1024K)]
  0x0000025acb157290 JavaThread "Notification Thread"        daemon [_thread_blocked, id=13864, stack(0x000000667c300000,0x000000667c400000) (1024K)]
  0x0000025acb162310 JavaThread "Common-Cleaner"             daemon [_thread_blocked, id=9632, stack(0x000000667c400000,0x000000667c500000) (1024K)]
Total: 11

Other Threads:
  0x0000025aff478a80 VMThread "VM Thread"                           [id=17384, stack(0x000000667ba00000,0x000000667bb00000) (1024K)]
  0x0000025aff4602c0 WatcherThread "VM Periodic Task Thread"        [id=15164, stack(0x000000667b900000,0x000000667ba00000) (1024K)]
  0x0000025ae3fa11e0 WorkerThread "GC Thread#0"                     [id=2136, stack(0x000000667b400000,0x000000667b500000) (1024K)]
  0x0000025ae3fb24e0 ConcurrentGCThread "G1 Main Marker"            [id=7460, stack(0x000000667b500000,0x000000667b600000) (1024K)]
  0x0000025ae3fb30a0 WorkerThread "G1 Conc#0"                       [id=11152, stack(0x000000667b600000,0x000000667b700000) (1024K)]
  0x0000025aff32f550 ConcurrentGCThread "G1 Refine#0"               [id=8360, stack(0x000000667b700000,0x000000667b800000) (1024K)]
  0x0000025aff32fed0 ConcurrentGCThread "G1 Service"                [id=1620, stack(0x000000667b800000,0x000000667b900000) (1024K)]
Total: 7

Threads with active compile tasks:
Total: 0

VM state: not at safepoint (normal execution)

VM Mutex/Monitor currently owned by a thread: None

Heap address: 0x0000000704000000, size: 4032 MB, Compressed Oops mode: Zero based, Oop shift amount: 3

CDS archive(s) mapped at: [0x0000025a86000000-0x0000025a86c90000-0x0000025a86c90000), size 13172736, SharedBaseAddress: 0x0000025a86000000, ArchiveRelocationMode: 1.
Compressed class space mapped at: 0x0000025a87000000-0x0000025ac7000000, reserved size: 1073741824
Narrow klass base: 0x0000025a86000000, Narrow klass shift: 0, Narrow klass range: 0x100000000

GC Precious Log:
 CardTable entry size: 512
 Card Set container configuration: InlinePtr #cards 4 size 8 Array Of Cards #cards 16 size 48 Howl #buckets 8 coarsen threshold 3686 Howl Bitmap #cards 512 size 80 coarsen threshold 460 Card regions per heap region 1 cards per card region 4096
 CPUs: 12 total, 12 available
 Memory: 16121M
 Large Page Support: Disabled
 NUMA Support: Disabled
 Compressed Oops: Enabled (Zero based)
 Heap Region Size: 2M
 Heap Min Capacity: 8M
 Heap Initial Capacity: 252M
 Heap Max Capacity: 4032M
 Pre-touch: Disabled
 Parallel Workers: 10
 Concurrent Workers: 3
 Concurrent Refinement Workers: 10
 Periodic GC: Disabled

Heap:
 garbage-first heap   total 258048K, used 2048K [0x0000000704000000, 0x0000000800000000)
  region size 2048K, 2 young (4096K), 0 survivors (0K)
 Metaspace       used 195K, committed 384K, reserved 1114112K
  class space    used 11K, committed 128K, reserved 1048576K

Heap Regions: E=young(eden), S=young(survivor), O=old, HS=humongous(starts), HC=humongous(continues), CS=collection set, F=free, TAMS=top-at-mark-start, PB=parsable bottom
|   0|0x0000000704000000, 0x0000000704000000, 0x0000000704200000|  0%| F|  |TAMS 0x0000000704000000| PB 0x0000000704000000| Untracked 
|   1|0x0000000704200000, 0x0000000704200000, 0x0000000704400000|  0%| F|  |TAMS 0x0000000704200000| PB 0x0000000704200000| Untracked 
|   2|0x0000000704400000, 0x0000000704400000, 0x0000000704600000|  0%| F|  |TAMS 0x0000000704400000| PB 0x0000000704400000| Untracked 
|   3|0x0000000704600000, 0x0000000704600000, 0x0000000704800000|  0%| F|  |TAMS 0x0000000704600000| PB 0x0000000704600000| Untracked 
|   4|0x0000000704800000, 0x0000000704800000, 0x0000000704a00000|  0%| F|  |TAMS 0x0000000704800000| PB 0x0000000704800000| Untracked 
|   5|0x0000000704a00000, 0x0000000704a00000, 0x0000000704c00000|  0%| F|  |TAMS 0x0000000704a00000| PB 0x0000000704a00000| Untracked 
|   6|0x0000000704c00000, 0x0000000704c00000, 0x0000000704e00000|  0%| F|  |TAMS 0x0000000704c00000| PB 0x0000000704c00000| Untracked 
|   7|0x0000000704e00000, 0x0000000704e00000, 0x0000000705000000|  0%| F|  |TAMS 0x0000000704e00000| PB 0x0000000704e00000| Untracked 
|   8|0x0000000705000000, 0x0000000705000000, 0x0000000705200000|  0%| F|  |TAMS 0x0000000705000000| PB 0x0000000705000000| Untracked 
|   9|0x0000000705200000, 0x0000000705200000, 0x0000000705400000|  0%| F|  |TAMS 0x0000000705200000| PB 0x0000000705200000| Untracked 
|  10|0x0000000705400000, 0x0000000705400000, 0x0000000705600000|  0%| F|  |TAMS 0x0000000705400000| PB 0x0000000705400000| Untracked 
|  11|0x0000000705600000, 0x0000000705600000, 0x0000000705800000|  0%| F|  |TAMS 0x0000000705600000| PB 0x0000000705600000| Untracked 
|  12|0x0000000705800000, 0x0000000705800000, 0x0000000705a00000|  0%| F|  |TAMS 0x0000000705800000| PB 0x0000000705800000| Untracked 
|  13|0x0000000705a00000, 0x0000000705a00000, 0x0000000705c00000|  0%| F|  |TAMS 0x0000000705a00000| PB 0x0000000705a00000| Untracked 
|  14|0x0000000705c00000, 0x0000000705c00000, 0x0000000705e00000|  0%| F|  |TAMS 0x0000000705c00000| PB 0x0000000705c00000| Untracked 
|  15|0x0000000705e00000, 0x0000000705e00000, 0x0000000706000000|  0%| F|  |TAMS 0x0000000705e00000| PB 0x0000000705e00000| Untracked 
|  16|0x0000000706000000, 0x0000000706000000, 0x0000000706200000|  0%| F|  |TAMS 0x0000000706000000| PB 0x0000000706000000| Untracked 
|  17|0x0000000706200000, 0x0000000706200000, 0x0000000706400000|  0%| F|  |TAMS 0x0000000706200000| PB 0x0000000706200000| Untracked 
|  18|0x0000000706400000, 0x0000000706400000, 0x0000000706600000|  0%| F|  |TAMS 0x0000000706400000| PB 0x0000000706400000| Untracked 
|  19|0x0000000706600000, 0x0000000706600000, 0x0000000706800000|  0%| F|  |TAMS 0x0000000706600000| PB 0x0000000706600000| Untracked 
|  20|0x0000000706800000, 0x0000000706800000, 0x0000000706a00000|  0%| F|  |TAMS 0x0000000706800000| PB 0x0000000706800000| Untracked 
|  21|0x0000000706a00000, 0x0000000706a00000, 0x0000000706c00000|  0%| F|  |TAMS 0x0000000706a00000| PB 0x0000000706a00000| Untracked 
|  22|0x0000000706c00000, 0x0000000706c00000, 0x0000000706e00000|  0%| F|  |TAMS 0x0000000706c00000| PB 0x0000000706c00000| Untracked 
|  23|0x0000000706e00000, 0x0000000706e00000, 0x0000000707000000|  0%| F|  |TAMS 0x0000000706e00000| PB 0x0000000706e00000| Untracked 
|  24|0x0000000707000000, 0x0000000707000000, 0x0000000707200000|  0%| F|  |TAMS 0x0000000707000000| PB 0x0000000707000000| Untracked 
|  25|0x0000000707200000, 0x0000000707200000, 0x0000000707400000|  0%| F|  |TAMS 0x0000000707200000| PB 0x0000000707200000| Untracked 
|  26|0x0000000707400000, 0x0000000707400000, 0x0000000707600000|  0%| F|  |TAMS 0x0000000707400000| PB 0x0000000707400000| Untracked 
|  27|0x0000000707600000, 0x0000000707600000, 0x0000000707800000|  0%| F|  |TAMS 0x0000000707600000| PB 0x0000000707600000| Untracked 
|  28|0x0000000707800000, 0x0000000707800000, 0x0000000707a00000|  0%| F|  |TAMS 0x0000000707800000| PB 0x0000000707800000| Untracked 
|  29|0x0000000707a00000, 0x0000000707a00000, 0x0000000707c00000|  0%| F|  |TAMS 0x0000000707a00000| PB 0x0000000707a00000| Untracked 
|  30|0x0000000707c00000, 0x0000000707c00000, 0x0000000707e00000|  0%| F|  |TAMS 0x0000000707c00000| PB 0x0000000707c00000| Untracked 
|  31|0x0000000707e00000, 0x0000000707e00000, 0x0000000708000000|  0%| F|  |TAMS 0x0000000707e00000| PB 0x0000000707e00000| Untracked 
|  32|0x0000000708000000, 0x0000000708000000, 0x0000000708200000|  0%| F|  |TAMS 0x0000000708000000| PB 0x0000000708000000| Untracked 
|  33|0x0000000708200000, 0x0000000708200000, 0x0000000708400000|  0%| F|  |TAMS 0x0000000708200000| PB 0x0000000708200000| Untracked 
|  34|0x0000000708400000, 0x0000000708400000, 0x0000000708600000|  0%| F|  |TAMS 0x0000000708400000| PB 0x0000000708400000| Untracked 
|  35|0x0000000708600000, 0x0000000708600000, 0x0000000708800000|  0%| F|  |TAMS 0x0000000708600000| PB 0x0000000708600000| Untracked 
|  36|0x0000000708800000, 0x0000000708800000, 0x0000000708a00000|  0%| F|  |TAMS 0x0000000708800000| PB 0x0000000708800000| Untracked 
|  37|0x0000000708a00000, 0x0000000708a00000, 0x0000000708c00000|  0%| F|  |TAMS 0x0000000708a00000| PB 0x0000000708a00000| Untracked 
|  38|0x0000000708c00000, 0x0000000708c00000, 0x0000000708e00000|  0%| F|  |TAMS 0x0000000708c00000| PB 0x0000000708c00000| Untracked 
|  39|0x0000000708e00000, 0x0000000708e00000, 0x0000000709000000|  0%| F|  |TAMS 0x0000000708e00000| PB 0x0000000708e00000| Untracked 
|  40|0x0000000709000000, 0x0000000709000000, 0x0000000709200000|  0%| F|  |TAMS 0x0000000709000000| PB 0x0000000709000000| Untracked 
|  41|0x0000000709200000, 0x0000000709200000, 0x0000000709400000|  0%| F|  |TAMS 0x0000000709200000| PB 0x0000000709200000| Untracked 
|  42|0x0000000709400000, 0x0000000709400000, 0x0000000709600000|  0%| F|  |TAMS 0x0000000709400000| PB 0x0000000709400000| Untracked 
|  43|0x0000000709600000, 0x0000000709600000, 0x0000000709800000|  0%| F|  |TAMS 0x0000000709600000| PB 0x0000000709600000| Untracked 
|  44|0x0000000709800000, 0x0000000709800000, 0x0000000709a00000|  0%| F|  |TAMS 0x0000000709800000| PB 0x0000000709800000| Untracked 
|  45|0x0000000709a00000, 0x0000000709a00000, 0x0000000709c00000|  0%| F|  |TAMS 0x0000000709a00000| PB 0x0000000709a00000| Untracked 
|  46|0x0000000709c00000, 0x0000000709c00000, 0x0000000709e00000|  0%| F|  |TAMS 0x0000000709c00000| PB 0x0000000709c00000| Untracked 
|  47|0x0000000709e00000, 0x0000000709e00000, 0x000000070a000000|  0%| F|  |TAMS 0x0000000709e00000| PB 0x0000000709e00000| Untracked 
|  48|0x000000070a000000, 0x000000070a000000, 0x000000070a200000|  0%| F|  |TAMS 0x000000070a000000| PB 0x000000070a000000| Untracked 
|  49|0x000000070a200000, 0x000000070a200000, 0x000000070a400000|  0%| F|  |TAMS 0x000000070a200000| PB 0x000000070a200000| Untracked 
|  50|0x000000070a400000, 0x000000070a400000, 0x000000070a600000|  0%| F|  |TAMS 0x000000070a400000| PB 0x000000070a400000| Untracked 
|  51|0x000000070a600000, 0x000000070a600000, 0x000000070a800000|  0%| F|  |TAMS 0x000000070a600000| PB 0x000000070a600000| Untracked 
|  52|0x000000070a800000, 0x000000070a800000, 0x000000070aa00000|  0%| F|  |TAMS 0x000000070a800000| PB 0x000000070a800000| Untracked 
|  53|0x000000070aa00000, 0x000000070aa00000, 0x000000070ac00000|  0%| F|  |TAMS 0x000000070aa00000| PB 0x000000070aa00000| Untracked 
|  54|0x000000070ac00000, 0x000000070ac00000, 0x000000070ae00000|  0%| F|  |TAMS 0x000000070ac00000| PB 0x000000070ac00000| Untracked 
|  55|0x000000070ae00000, 0x000000070ae00000, 0x000000070b000000|  0%| F|  |TAMS 0x000000070ae00000| PB 0x000000070ae00000| Untracked 
|  56|0x000000070b000000, 0x000000070b000000, 0x000000070b200000|  0%| F|  |TAMS 0x000000070b000000| PB 0x000000070b000000| Untracked 
|  57|0x000000070b200000, 0x000000070b200000, 0x000000070b400000|  0%| F|  |TAMS 0x000000070b200000| PB 0x000000070b200000| Untracked 
|  58|0x000000070b400000, 0x000000070b400000, 0x000000070b600000|  0%| F|  |TAMS 0x000000070b400000| PB 0x000000070b400000| Untracked 
|  59|0x000000070b600000, 0x000000070b600000, 0x000000070b800000|  0%| F|  |TAMS 0x000000070b600000| PB 0x000000070b600000| Untracked 
|  60|0x000000070b800000, 0x000000070b800000, 0x000000070ba00000|  0%| F|  |TAMS 0x000000070b800000| PB 0x000000070b800000| Untracked 
|  61|0x000000070ba00000, 0x000000070ba00000, 0x000000070bc00000|  0%| F|  |TAMS 0x000000070ba00000| PB 0x000000070ba00000| Untracked 
|  62|0x000000070bc00000, 0x000000070bc00000, 0x000000070be00000|  0%| F|  |TAMS 0x000000070bc00000| PB 0x000000070bc00000| Untracked 
|  63|0x000000070be00000, 0x000000070be00000, 0x000000070c000000|  0%| F|  |TAMS 0x000000070be00000| PB 0x000000070be00000| Untracked 
|  64|0x000000070c000000, 0x000000070c000000, 0x000000070c200000|  0%| F|  |TAMS 0x000000070c000000| PB 0x000000070c000000| Untracked 
|  65|0x000000070c200000, 0x000000070c200000, 0x000000070c400000|  0%| F|  |TAMS 0x000000070c200000| PB 0x000000070c200000| Untracked 
|  66|0x000000070c400000, 0x000000070c400000, 0x000000070c600000|  0%| F|  |TAMS 0x000000070c400000| PB 0x000000070c400000| Untracked 
|  67|0x000000070c600000, 0x000000070c600000, 0x000000070c800000|  0%| F|  |TAMS 0x000000070c600000| PB 0x000000070c600000| Untracked 
|  68|0x000000070c800000, 0x000000070c800000, 0x000000070ca00000|  0%| F|  |TAMS 0x000000070c800000| PB 0x000000070c800000| Untracked 
|  69|0x000000070ca00000, 0x000000070ca00000, 0x000000070cc00000|  0%| F|  |TAMS 0x000000070ca00000| PB 0x000000070ca00000| Untracked 
|  70|0x000000070cc00000, 0x000000070cc00000, 0x000000070ce00000|  0%| F|  |TAMS 0x000000070cc00000| PB 0x000000070cc00000| Untracked 
|  71|0x000000070ce00000, 0x000000070ce00000, 0x000000070d000000|  0%| F|  |TAMS 0x000000070ce00000| PB 0x000000070ce00000| Untracked 
|  72|0x000000070d000000, 0x000000070d000000, 0x000000070d200000|  0%| F|  |TAMS 0x000000070d000000| PB 0x000000070d000000| Untracked 
|  73|0x000000070d200000, 0x000000070d200000, 0x000000070d400000|  0%| F|  |TAMS 0x000000070d200000| PB 0x000000070d200000| Untracked 
|  74|0x000000070d400000, 0x000000070d400000, 0x000000070d600000|  0%| F|  |TAMS 0x000000070d400000| PB 0x000000070d400000| Untracked 
|  75|0x000000070d600000, 0x000000070d600000, 0x000000070d800000|  0%| F|  |TAMS 0x000000070d600000| PB 0x000000070d600000| Untracked 
|  76|0x000000070d800000, 0x000000070d800000, 0x000000070da00000|  0%| F|  |TAMS 0x000000070d800000| PB 0x000000070d800000| Untracked 
|  77|0x000000070da00000, 0x000000070da00000, 0x000000070dc00000|  0%| F|  |TAMS 0x000000070da00000| PB 0x000000070da00000| Untracked 
|  78|0x000000070dc00000, 0x000000070dc00000, 0x000000070de00000|  0%| F|  |TAMS 0x000000070dc00000| PB 0x000000070dc00000| Untracked 
|  79|0x000000070de00000, 0x000000070de00000, 0x000000070e000000|  0%| F|  |TAMS 0x000000070de00000| PB 0x000000070de00000| Untracked 
|  80|0x000000070e000000, 0x000000070e000000, 0x000000070e200000|  0%| F|  |TAMS 0x000000070e000000| PB 0x000000070e000000| Untracked 
|  81|0x000000070e200000, 0x000000070e200000, 0x000000070e400000|  0%| F|  |TAMS 0x000000070e200000| PB 0x000000070e200000| Untracked 
|  82|0x000000070e400000, 0x000000070e400000, 0x000000070e600000|  0%| F|  |TAMS 0x000000070e400000| PB 0x000000070e400000| Untracked 
|  83|0x000000070e600000, 0x000000070e600000, 0x000000070e800000|  0%| F|  |TAMS 0x000000070e600000| PB 0x000000070e600000| Untracked 
|  84|0x000000070e800000, 0x000000070e800000, 0x000000070ea00000|  0%| F|  |TAMS 0x000000070e800000| PB 0x000000070e800000| Untracked 
|  85|0x000000070ea00000, 0x000000070ea00000, 0x000000070ec00000|  0%| F|  |TAMS 0x000000070ea00000| PB 0x000000070ea00000| Untracked 
|  86|0x000000070ec00000, 0x000000070ec00000, 0x000000070ee00000|  0%| F|  |TAMS 0x000000070ec00000| PB 0x000000070ec00000| Untracked 
|  87|0x000000070ee00000, 0x000000070ee00000, 0x000000070f000000|  0%| F|  |TAMS 0x000000070ee00000| PB 0x000000070ee00000| Untracked 
|  88|0x000000070f000000, 0x000000070f000000, 0x000000070f200000|  0%| F|  |TAMS 0x000000070f000000| PB 0x000000070f000000| Untracked 
|  89|0x000000070f200000, 0x000000070f200000, 0x000000070f400000|  0%| F|  |TAMS 0x000000070f200000| PB 0x000000070f200000| Untracked 
|  90|0x000000070f400000, 0x000000070f400000, 0x000000070f600000|  0%| F|  |TAMS 0x000000070f400000| PB 0x000000070f400000| Untracked 
|  91|0x000000070f600000, 0x000000070f600000, 0x000000070f800000|  0%| F|  |TAMS 0x000000070f600000| PB 0x000000070f600000| Untracked 
|  92|0x000000070f800000, 0x000000070f800000, 0x000000070fa00000|  0%| F|  |TAMS 0x000000070f800000| PB 0x000000070f800000| Untracked 
|  93|0x000000070fa00000, 0x000000070fa00000, 0x000000070fc00000|  0%| F|  |TAMS 0x000000070fa00000| PB 0x000000070fa00000| Untracked 
|  94|0x000000070fc00000, 0x000000070fc00000, 0x000000070fe00000|  0%| F|  |TAMS 0x000000070fc00000| PB 0x000000070fc00000| Untracked 
|  95|0x000000070fe00000, 0x000000070fe00000, 0x0000000710000000|  0%| F|  |TAMS 0x000000070fe00000| PB 0x000000070fe00000| Untracked 
|  96|0x0000000710000000, 0x0000000710000000, 0x0000000710200000|  0%| F|  |TAMS 0x0000000710000000| PB 0x0000000710000000| Untracked 
|  97|0x0000000710200000, 0x0000000710200000, 0x0000000710400000|  0%| F|  |TAMS 0x0000000710200000| PB 0x0000000710200000| Untracked 
|  98|0x0000000710400000, 0x0000000710400000, 0x0000000710600000|  0%| F|  |TAMS 0x0000000710400000| PB 0x0000000710400000| Untracked 
|  99|0x0000000710600000, 0x0000000710600000, 0x0000000710800000|  0%| F|  |TAMS 0x0000000710600000| PB 0x0000000710600000| Untracked 
| 100|0x0000000710800000, 0x0000000710800000, 0x0000000710a00000|  0%| F|  |TAMS 0x0000000710800000| PB 0x0000000710800000| Untracked 
| 101|0x0000000710a00000, 0x0000000710a00000, 0x0000000710c00000|  0%| F|  |TAMS 0x0000000710a00000| PB 0x0000000710a00000| Untracked 
| 102|0x0000000710c00000, 0x0000000710c00000, 0x0000000710e00000|  0%| F|  |TAMS 0x0000000710c00000| PB 0x0000000710c00000| Untracked 
| 103|0x0000000710e00000, 0x0000000710e00000, 0x0000000711000000|  0%| F|  |TAMS 0x0000000710e00000| PB 0x0000000710e00000| Untracked 
| 104|0x0000000711000000, 0x0000000711000000, 0x0000000711200000|  0%| F|  |TAMS 0x0000000711000000| PB 0x0000000711000000| Untracked 
| 105|0x0000000711200000, 0x0000000711200000, 0x0000000711400000|  0%| F|  |TAMS 0x0000000711200000| PB 0x0000000711200000| Untracked 
| 106|0x0000000711400000, 0x0000000711400000, 0x0000000711600000|  0%| F|  |TAMS 0x0000000711400000| PB 0x0000000711400000| Untracked 
| 107|0x0000000711600000, 0x0000000711600000, 0x0000000711800000|  0%| F|  |TAMS 0x0000000711600000| PB 0x0000000711600000| Untracked 
| 108|0x0000000711800000, 0x0000000711800000, 0x0000000711a00000|  0%| F|  |TAMS 0x0000000711800000| PB 0x0000000711800000| Untracked 
| 109|0x0000000711a00000, 0x0000000711a00000, 0x0000000711c00000|  0%| F|  |TAMS 0x0000000711a00000| PB 0x0000000711a00000| Untracked 
| 110|0x0000000711c00000, 0x0000000711c00000, 0x0000000711e00000|  0%| F|  |TAMS 0x0000000711c00000| PB 0x0000000711c00000| Untracked 
| 111|0x0000000711e00000, 0x0000000711e00000, 0x0000000712000000|  0%| F|  |TAMS 0x0000000711e00000| PB 0x0000000711e00000| Untracked 
| 112|0x0000000712000000, 0x0000000712000000, 0x0000000712200000|  0%| F|  |TAMS 0x0000000712000000| PB 0x0000000712000000| Untracked 
| 113|0x0000000712200000, 0x0000000712200000, 0x0000000712400000|  0%| F|  |TAMS 0x0000000712200000| PB 0x0000000712200000| Untracked 
| 114|0x0000000712400000, 0x0000000712400000, 0x0000000712600000|  0%| F|  |TAMS 0x0000000712400000| PB 0x0000000712400000| Untracked 
| 115|0x0000000712600000, 0x0000000712600000, 0x0000000712800000|  0%| F|  |TAMS 0x0000000712600000| PB 0x0000000712600000| Untracked 
| 116|0x0000000712800000, 0x0000000712800000, 0x0000000712a00000|  0%| F|  |TAMS 0x0000000712800000| PB 0x0000000712800000| Untracked 
| 117|0x0000000712a00000, 0x0000000712a00000, 0x0000000712c00000|  0%| F|  |TAMS 0x0000000712a00000| PB 0x0000000712a00000| Untracked 
| 118|0x0000000712c00000, 0x0000000712c00000, 0x0000000712e00000|  0%| F|  |TAMS 0x0000000712c00000| PB 0x0000000712c00000| Untracked 
| 119|0x0000000712e00000, 0x0000000712e00000, 0x0000000713000000|  0%| F|  |TAMS 0x0000000712e00000| PB 0x0000000712e00000| Untracked 
| 120|0x0000000713000000, 0x0000000713000000, 0x0000000713200000|  0%| F|  |TAMS 0x0000000713000000| PB 0x0000000713000000| Untracked 
| 121|0x0000000713200000, 0x0000000713200000, 0x0000000713400000|  0%| F|  |TAMS 0x0000000713200000| PB 0x0000000713200000| Untracked 
| 122|0x0000000713400000, 0x0000000713400000, 0x0000000713600000|  0%| F|  |TAMS 0x0000000713400000| PB 0x0000000713400000| Untracked 
| 123|0x0000000713600000, 0x0000000713600000, 0x0000000713800000|  0%| F|  |TAMS 0x0000000713600000| PB 0x0000000713600000| Untracked 
| 124|0x0000000713800000, 0x00000007138e1ec8, 0x0000000713a00000| 44%| E|  |TAMS 0x0000000713800000| PB 0x0000000713800000| Complete 
| 125|0x0000000713a00000, 0x0000000713c00000, 0x0000000713c00000|100%| E|CS|TAMS 0x0000000713a00000| PB 0x0000000713a00000| Complete 

Card table byte_map: [0x0000025afdfe0000,0x0000025afe7c0000] _byte_map_base: 0x0000025afa7c0000

Marking Bits: (CMBitMap*) 0x0000025ae3fa17f0
 Bits: [0x0000025a80000000, 0x0000025a83f00000)

Polling page: 0x0000025ae4010000

Metaspace:

Usage:
  Non-class:    183.62 KB used.
      Class:     11.44 KB used.
       Both:    195.06 KB used.

Virtual space:
  Non-class space:       64.00 MB reserved,     256.00 KB ( <1%) committed,  1 nodes.
      Class space:        1.00 GB reserved,     128.00 KB ( <1%) committed,  1 nodes.
             Both:        1.06 GB reserved,     384.00 KB ( <1%) committed. 

Chunk freelists:
   Non-Class:  11.99 MB
       Class:  15.75 MB
        Both:  27.74 MB

MaxMetaspaceSize: unlimited
CompressedClassSpaceSize: 1.00 GB
Initial GC threshold: 21.00 MB
Current GC threshold: 21.00 MB
CDS: on
 - commit_granule_bytes: 65536.
 - commit_granule_words: 8192.
 - virtual_space_node_default_size: 8388608.
 - enlarge_chunks_in_place: 1.
 - use_allocation_guard: 0.


Internal statistics:

num_allocs_failed_limit: 0.
num_arena_births: 4.
num_arena_deaths: 0.
num_vsnodes_births: 2.
num_vsnodes_deaths: 0.
num_space_committed: 6.
num_space_uncommitted: 0.
num_chunks_returned_to_freelist: 0.
num_chunks_taken_from_freelist: 5.
num_chunk_merges: 0.
num_chunk_splits: 3.
num_chunks_enlarged: 1.
num_inconsistent_stats: 0.

CodeHeap 'non-profiled nmethods': size=120000Kb used=15Kb max_used=15Kb free=119984Kb
 bounds [0x0000025af5640000, 0x0000025af58b0000, 0x0000025afcb70000]
CodeHeap 'profiled nmethods': size=120000Kb used=92Kb max_used=92Kb free=119907Kb
 bounds [0x0000025aedb70000, 0x0000025aedde0000, 0x0000025af50a0000]
CodeHeap 'non-nmethods': size=5760Kb used=1267Kb max_used=1281Kb free=4492Kb
 bounds [0x0000025af50a0000, 0x0000025af5310000, 0x0000025af5640000]
 total_blobs=387 nmethods=73 adapters=219
 compilation: enabled
              stopped_count=0, restarted_count=0
 full_count=0

Compilation events (20 events):
Event: 0.043 Thread 0x0000025aff4a6710 nmethod 63 0x0000025aedb83d90 code [0x0000025aedb83f20, 0x0000025aedb84060]
Event: 0.043 Thread 0x0000025aff4a6710   64       3       java.lang.AbstractStringBuilder::ensureCapacityInternal (39 bytes)
Event: 0.043 Thread 0x0000025aff4a6710 nmethod 64 0x0000025aedb84110 code [0x0000025aedb842e0, 0x0000025aedb84520]
Event: 0.043 Thread 0x0000025aff4a6710   65       3       java.lang.String::isEmpty (14 bytes)
Event: 0.043 Thread 0x0000025aff4a6710 nmethod 65 0x0000025aedb84610 code [0x0000025aedb847c0, 0x0000025aedb84938]
Event: 0.045 Thread 0x0000025aff4a6710   67       3       java.lang.StringLatin1::canEncode (13 bytes)
Event: 0.045 Thread 0x0000025aff4a6710 nmethod 67 0x0000025aedb84a10 code [0x0000025aedb84ba0, 0x0000025aedb84cf0]
Event: 0.045 Thread 0x0000025aff4a6710   68       3       java.lang.StringLatin1::indexOfChar (33 bytes)
Event: 0.045 Thread 0x0000025aff4a6710 nmethod 68 0x0000025aedb84d90 code [0x0000025aedb84f40, 0x0000025aedb85178]
Event: 0.045 Thread 0x0000025aff4a6710   69       3       java.lang.Math::max (11 bytes)
Event: 0.045 Thread 0x0000025aff4a6710 nmethod 69 0x0000025aedb85290 code [0x0000025aedb85420, 0x0000025aedb85560]
Event: 0.046 Thread 0x0000025aff4a3900 nmethod 62% 0x0000025af5643990 code [0x0000025af5643b20, 0x0000025af5643dc0]
Event: 0.046 Thread 0x0000025aff4a6710   70       3       java.lang.StringLatin1::inflate (34 bytes)
Event: 0.046 Thread 0x0000025aff4a6710 nmethod 70 0x0000025aedb85610 code [0x0000025aedb857c0, 0x0000025aedb859c8]
Event: 0.047 Thread 0x0000025aff4a6710   71       3       java.lang.StringCoding::countPositives (33 bytes)
Event: 0.047 Thread 0x0000025aff4a6710 nmethod 71 0x0000025aedb85b10 code [0x0000025aedb85cc0, 0x0000025aedb85ef8]
Event: 0.047 Thread 0x0000025aff4a6710   72       3       java.lang.String::indexOf (37 bytes)
Event: 0.047 Thread 0x0000025aff4a6710 nmethod 72 0x0000025aedb86010 code [0x0000025aedb86220, 0x0000025aedb866c8]
Event: 0.047 Thread 0x0000025aff4a6710   73       3       java.lang.StringLatin1::indexOf (37 bytes)
Event: 0.047 Thread 0x0000025aff4a6710 nmethod 73 0x0000025aedb86890 code [0x0000025aedb86a80, 0x0000025aedb86fc0]

GC Heap History (0 events):
No events

Dll operation events (3 events):
Event: 0.005 Loaded shared library C:\Program Files\Java\jdk-21\bin\java.dll
Event: 0.034 Loaded shared library C:\Program Files\Java\jdk-21\bin\jsvml.dll
Event: 0.048 Loaded shared library C:\Users\14858\Desktop\Cwork\genealogy-homework\C_functions.dll

Deoptimization events (0 events):
No events

Classes loaded (20 events):
Event: 0.025 Loading class sun/nio/cs/DelegatableDecoder done
Event: 0.025 Loading class sun/nio/cs/DoubleByte$Decoder done
Event: 0.025 Loading class sun/nio/cs/GBK$DecodeHolder
Event: 0.026 Loading class sun/nio/cs/GBK$DecodeHolder done
Event: 0.026 Loading class sun/nio/cs/DoubleByte
Event: 0.026 Loading class sun/nio/cs/DoubleByte done
Event: 0.028 Loading class sun/nio/cs/MS936
Event: 0.028 Loading class sun/nio/cs/MS936 done
Event: 0.028 Loading class sun/nio/cs/DoubleByte$Encoder
Event: 0.028 Loading class sun/nio/cs/DoubleByte$Encoder done
Event: 0.028 Loading class sun/nio/cs/MS936$EncodeHolder
Event: 0.028 Loading class sun/nio/cs/MS936$EncodeHolder done
Event: 0.028 Loading class sun/nio/cs/MS936$DecodeHolder
Event: 0.028 Loading class sun/nio/cs/MS936$DecodeHolder done
Event: 0.041 Loading class sun/nio/cs/GBK$EncodeHolder
Event: 0.041 Loading class sun/nio/cs/GBK$EncodeHolder done
Event: 0.043 Loading class jdk/internal/loader/URLClassPath$FileLoader
Event: 0.043 Loading class jdk/internal/loader/URLClassPath$FileLoader done
Event: 0.043 Loading class jdk/internal/loader/URLClassPath$FileLoader$1
Event: 0.043 Loading class jdk/internal/loader/URLClassPath$FileLoader$1 done

Classes unloaded (0 events):
No events

Classes redefined (0 events):
No events

Internal exceptions (0 events):
No events

ZGC Phase Switch (0 events):
No events

VM Operations (0 events):
No events

Events (11 events):
Event: 0.017 Thread 0x0000025ae3c5d410 Thread added: 0x0000025ae3c5d410
Event: 0.032 Thread 0x0000025aff499e40 Thread added: 0x0000025aff499e40
Event: 0.032 Thread 0x0000025aff49ad60 Thread added: 0x0000025aff49ad60
Event: 0.033 Thread 0x0000025aff49cb30 Thread added: 0x0000025aff49cb30
Event: 0.033 Thread 0x0000025aff49f6a0 Thread added: 0x0000025aff49f6a0
Event: 0.033 Thread 0x0000025aff4a0100 Thread added: 0x0000025aff4a0100
Event: 0.033 Thread 0x0000025aff4a2b70 Thread added: 0x0000025aff4a2b70
Event: 0.033 Thread 0x0000025aff4a3900 Thread added: 0x0000025aff4a3900
Event: 0.033 Thread 0x0000025aff4a6710 Thread added: 0x0000025aff4a6710
Event: 0.041 Thread 0x0000025acb157290 Thread added: 0x0000025acb157290
Event: 0.044 Thread 0x0000025acb162310 Thread added: 0x0000025acb162310


Dynamic libraries:
0x00007ff709060000 - 0x00007ff709070000 	C:\Program Files\Java\jdk-21\bin\java.exe
0x00007fff01bf0000 - 0x00007fff01de8000 	C:\WINDOWS\SYSTEM32\ntdll.dll
0x00007ffefffa0000 - 0x00007fff0005d000 	C:\WINDOWS\System32\KERNEL32.DLL
0x00007ffeff460000 - 0x00007ffeff756000 	C:\WINDOWS\System32\KERNELBASE.dll
0x00007ffeff360000 - 0x00007ffeff460000 	C:\WINDOWS\System32\ucrtbase.dll
0x00007ffef6e20000 - 0x00007ffef6e39000 	C:\Program Files\Java\jdk-21\bin\jli.dll
0x00007ffef6e00000 - 0x00007ffef6e1b000 	C:\Program Files\Java\jdk-21\bin\VCRUNTIME140.dll
0x00007fff00eb0000 - 0x00007fff00f60000 	C:\WINDOWS\System32\ADVAPI32.dll
0x00007ffeffc30000 - 0x00007ffeffcce000 	C:\WINDOWS\System32\msvcrt.dll
0x00007fff00260000 - 0x00007fff00300000 	C:\WINDOWS\System32\sechost.dll
0x00007fff00130000 - 0x00007fff00253000 	C:\WINDOWS\System32\RPCRT4.dll
0x00007ffeffbf0000 - 0x00007ffeffc17000 	C:\WINDOWS\System32\bcrypt.dll
0x00007fff01080000 - 0x00007fff0121f000 	C:\WINDOWS\System32\USER32.dll
0x00007ffeffbc0000 - 0x00007ffeffbe2000 	C:\WINDOWS\System32\win32u.dll
0x00007ffee4610000 - 0x00007ffee48aa000 	C:\WINDOWS\WinSxS\amd64_microsoft.windows.common-controls_6595b64144ccf1df_6.0.19041.4355_none_60b8b9eb71f62e16\COMCTL32.dll
0x00007fff00e80000 - 0x00007fff00eab000 	C:\WINDOWS\System32\GDI32.dll
0x00007ffeff9f0000 - 0x00007ffeffb07000 	C:\WINDOWS\System32\gdi32full.dll
0x00007ffeff760000 - 0x00007ffeff7fd000 	C:\WINDOWS\System32\msvcp_win.dll
0x00007ffef0be0000 - 0x00007ffef0bea000 	C:\WINDOWS\SYSTEM32\VERSION.dll
0x00007fff000f0000 - 0x00007fff00122000 	C:\WINDOWS\System32\IMM32.DLL
0x00007ffef8710000 - 0x00007ffef871c000 	C:\Program Files\Java\jdk-21\bin\vcruntime140_1.dll
0x00007ffef6d70000 - 0x00007ffef6dfe000 	C:\Program Files\Java\jdk-21\bin\msvcp140.dll
0x00007ffea0a90000 - 0x00007ffea17a5000 	C:\Program Files\Java\jdk-21\bin\server\jvm.dll
0x00007fff00300000 - 0x00007fff0036b000 	C:\WINDOWS\System32\WS2_32.dll
0x00007ffefe820000 - 0x00007ffefe86b000 	C:\WINDOWS\SYSTEM32\POWRPROF.dll
0x00007ffef0d20000 - 0x00007ffef0d47000 	C:\WINDOWS\SYSTEM32\WINMM.dll
0x00007ffefe690000 - 0x00007ffefe6a2000 	C:\WINDOWS\SYSTEM32\UMPDC.dll
0x00007ffefda70000 - 0x00007ffefda82000 	C:\WINDOWS\SYSTEM32\kernel.appcore.dll
0x00007ffef6d60000 - 0x00007ffef6d6a000 	C:\Program Files\Java\jdk-21\bin\jimage.dll
0x00007ffefd7b0000 - 0x00007ffefd994000 	C:\WINDOWS\SYSTEM32\DBGHELP.DLL
0x00007ffed1c90000 - 0x00007ffed1cc4000 	C:\WINDOWS\SYSTEM32\dbgcore.DLL
0x00007ffeff960000 - 0x00007ffeff9e2000 	C:\WINDOWS\System32\bcryptPrimitives.dll
0x00007ffee7630000 - 0x00007ffee764f000 	C:\Program Files\Java\jdk-21\bin\java.dll
0x00007fff012f0000 - 0x00007fff01a5b000 	C:\WINDOWS\System32\SHELL32.dll
0x00007ffefcf40000 - 0x00007ffefd6dd000 	C:\WINDOWS\SYSTEM32\windows.storage.dll
0x00007fff003d0000 - 0x00007fff00723000 	C:\WINDOWS\System32\combase.dll
0x00007ffefecc0000 - 0x00007ffefecee000 	C:\WINDOWS\SYSTEM32\Wldp.dll
0x00007fff01220000 - 0x00007fff012ed000 	C:\WINDOWS\System32\OLEAUT32.dll
0x00007fff00f70000 - 0x00007fff0101d000 	C:\WINDOWS\System32\SHCORE.dll
0x00007fff01020000 - 0x00007fff01075000 	C:\WINDOWS\System32\shlwapi.dll
0x00007ffeff1d0000 - 0x00007ffeff1f4000 	C:\WINDOWS\SYSTEM32\profapi.dll
0x00007ffeb0600000 - 0x00007ffeb06d7000 	C:\Program Files\Java\jdk-21\bin\jsvml.dll
0x00000000624c0000 - 0x00000000624d7000 	C:\Users\14858\Desktop\Cwork\genealogy-homework\C_functions.dll

dbghelp: loaded successfully - version: 4.0.5 - missing functions: none
symbol engine: initialized successfully - sym options: 0x614 - pdb path: .;C:\Program Files\Java\jdk-21\bin;C:\WINDOWS\SYSTEM32;C:\WINDOWS\WinSxS\amd64_microsoft.windows.common-controls_6595b64144ccf1df_6.0.19041.4355_none_60b8b9eb71f62e16;C:\Program Files\Java\jdk-21\bin\server;C:\Users\14858\Desktop\Cwork\genealogy-homework

VM Arguments:
java_command: JavaGUI
java_class_path (initial): .
Launcher Type: SUN_STANDARD

[Global flags]
     intx CICompilerCount                          = 4                                         {product} {ergonomic}
     uint ConcGCThreads                            = 3                                         {product} {ergonomic}
     uint G1ConcRefinementThreads                  = 10                                        {product} {ergonomic}
   size_t G1HeapRegionSize                         = 2097152                                   {product} {ergonomic}
    uintx GCDrainStackTargetSize                   = 64                                        {product} {ergonomic}
   size_t InitialHeapSize                          = 264241152                                 {product} {ergonomic}
   size_t MarkStackSize                            = 4194304                                   {product} {ergonomic}
   size_t MaxHeapSize                              = 4227858432                                {product} {ergonomic}
   size_t MaxNewSize                               = 2535456768                                {product} {ergonomic}
   size_t MinHeapDeltaBytes                        = 2097152                                   {product} {ergonomic}
   size_t MinHeapSize                              = 8388608                                   {product} {ergonomic}
    uintx NonNMethodCodeHeapSize                   = 5839372                                {pd product} {ergonomic}
    uintx NonProfiledCodeHeapSize                  = 122909434                              {pd product} {ergonomic}
    uintx ProfiledCodeHeapSize                     = 122909434                              {pd product} {ergonomic}
    uintx ReservedCodeCacheSize                    = 251658240                              {pd product} {ergonomic}
     bool SegmentedCodeCache                       = true                                      {product} {ergonomic}
   size_t SoftMaxHeapSize                          = 4227858432                             {manageable} {ergonomic}
     bool UseCompressedOops                        = true                           {product lp64_product} {ergonomic}
     bool UseG1GC                                  = true                                      {product} {ergonomic}
     bool UseLargePagesIndividualAllocation        = false                                  {pd product} {ergonomic}

Logging:
Log output configuration:
 #0: stdout all=warning uptime,level,tags foldmultilines=false
 #1: stderr all=off uptime,level,tags foldmultilines=false

Environment Variables:
JAVA_HOME=C:\Program Files\Java\jdk-21
PATH=C:\Program Files\Common Files\Oracle\Java\javapath;C:\Program Files (x86)\Common Files\Oracle\Java\java8path;C:\Program Files (x86)\Common Files\Oracle\Java\javapath;C:\Program Files (x86)\VMware\VMware Workstation\bin\;C:\Windows\system32;C:\Windows;C:\Windows\System32\Wbem;C:\Windows\System32\WindowsPowerShell\v1.0\;C:\Windows\System32\OpenSSH\;C:\Program Files\WireGuard\;C:\Program Files\mingw64\bin\;C:\Program Files\NVIDIA Corporation\NVIDIA NvDLISR;C:\WINDOWS\system32;C:\WINDOWS;C:\WINDOWS\System32\Wbem;C:\WINDOWS\System32\WindowsPowerShell\v1.0\;C:\WINDOWS\System32\OpenSSH\;C:\Program Files\Git\cmd;C:\Program Files (x86)\NVIDIA Corporation\PhysX\Common;C:\Program Files\dotnet\;C:\Program Files (x86)\GTK2-Runtime\bin;C:\Program Files (x86)\Windows Kits\10\Windows Performance Toolkit\;C:\Program Files (x86)\Microsoft SQL Server\100\Tools\Binn\;C:\Program Files (x86)\Microsoft SQL Server\100\DTS\Binn\;C:\Program Files (x86)\Microsoft SQL Server\100\Tools\Binn\VSShell\Common7\IDE\;C:\Program Files\Docker\Docker\resources\bin;C:\Program Files\Cloudflare\Cloudflare WARP\;C:\Program Files (x86)\NetSarang\Xftp 7\;C:\Program Files (x86)\NetSarang\Xshell 7\;C:\Users\14858\anaconda3;C:\Users\14858\anaconda3\Library\mingw-w64\bin;C:\Users\14858\anaconda3\Library\usr\bin;C:\Users\14858\anaconda3\Library\bin;C:\Users\14858\anaconda3\Scripts;C:\Users\14858\AppData\Local\Programs\Python\Python311\Scripts\;C:\Users\14858\AppData\Local\Programs\Python\Python311\;C:\Users\14858\AppData\Local\Microsoft\WindowsApps;C:\Users\14858\AppData\Local\Programs\Microsoft VS Code\bin;C:\Program Files\JetBrains\PyCharm 2023.2.1\bin;C:\Program Files\mingw64\bin;C:\php-8.2.12-Win32-vs16-x64;C:\Users\14858\AppData\Local\GitHubDesktop\bin;C:\Program Files\CMake\bin;C:\Program Files\JetBrains\PyCharm Community Edition 2023.3.4\bin;;C:\Users\14858\AppData\Local\Programs\MiKTeX\miktex\bin\x64\
USERNAME=°¸°åÉÏµÄûyô~
LANG=zh_CN.UTF-8
OS=Windows_NT
PROCESSOR_IDENTIFIER=Intel64 Family 6 Model 141 Stepping 1, GenuineIntel
TMP=C:\Users\14858\AppData\Local\Temp
TEMP=C:\Users\14858\AppData\Local\Temp




Periodic native trim disabled

---------------  S Y S T E M  ---------------

OS:
 Windows 10 , 64 bit Build 19041 (10.0.19041.3636)
OS uptime: 0 days 12:15 hours
Hyper-V role detected

CPU: total 12 (initial active 12) (6 cores per cpu, 2 threads per core) family 6 model 141 stepping 1 microcode 0x34, cx8, cmov, fxsr, ht, mmx, 3dnowpref, sse, sse2, sse3, ssse3, sse4.1, sse4.2, popcnt, lzcnt, tsc, tscinvbit, avx, avx2, aes, erms, clmul, bmi1, bmi2, adx, avx512f, avx512dq, avx512cd, avx512bw, avx512vl, sha, fma, vzeroupper, avx512_vpopcntdq, avx512_vpclmulqdq, avx512_vaes, avx512_vnni, clflush, clflushopt, clwb, avx512_vbmi2, avx512_vbmi, hv, rdtscp, rdpid, fsrm, gfni, avx512_bitalg, f16c, cet_ibt, cet_ss, avx512_ifma
Processor Information for all 12 processors :
  Max Mhz: 2688, Current Mhz: 2688, Mhz Limit: 2688

Memory: 4k page, system-wide physical 16121M (4838M free)
TotalPageFile size 21241M (AvailPageFile size 4175M)
current process WorkingSet (physical memory assigned to process): 36M, peak: 36M
current process commit charge ("private bytes"): 339M, peak: 339M

vm_info: Java HotSpot(TM) 64-Bit Server VM (21.0.1+12-LTS-29) for windows-amd64 JRE (21.0.1+12-LTS-29), built on 2023-10-05T13:27:09Z by "mach5one" with MS VC++ 17.1 (VS2022)

END.
