#
# A fatal error has been detected by the Java Runtime Environment:
#
#  EXCEPTION_ACCESS_VIOLATION (0xc0000005) at pc=0x00007ffe8e30f25d, pid=19832, tid=1532
#
# JRE version: Java(TM) SE Runtime Environment (21.0.3+7) (build 21.0.3+7-LTS-152)
# Java VM: Java HotSpot(TM) 64-Bit Server VM (21.0.3+7-LTS-152, mixed mode, sharing, tiered, compressed oops, compressed class ptrs, g1 gc, windows-amd64)
# Problematic frame:
# C  [ntdll.dll+0x3f25d]
#
# No core dump will be written. Minidumps are not enabled by default on client versions of Windows
#
# If you would like to submit a bug report, please visit:
#   https://bugreport.java.com/bugreport/crash.jsp
# The crash happened outside the Java Virtual Machine in native code.
# See problematic frame for where to report the bug.
#

---------------  S U M M A R Y ------------

Command Line: -agentlib:jdwp=transport=dt_socket,server=n,suspend=y,address=localhost:52137 -XX:+ShowCodeDetailsInExceptionMessages JavaGUI

Host: 12th Gen Intel(R) Core(TM) i5-12500H, 16 cores, 15G,  Windows 11 , 64 bit Build 22621 (10.0.22621.3527)
Time: Sun Jun  9 00:55:07 2024  Windows 11 , 64 bit Build 22621 (10.0.22621.3527) elapsed time: 22.494487 seconds (0d 0h 0m 22s)

---------------  T H R E A D  ---------------

Current thread (0x00000256d5f26be0):  JavaThread "AWT-Windows" daemon [_thread_in_native, id=1532, stack(0x000000866cd00000,0x000000866ce00000) (1024K)]

Stack: [0x000000866cd00000,0x000000866ce00000],  sp=0x000000866cdfdde0,  free space=1015k
Native frames: (J=compiled Java code, j=interpreted, Vv=VM code, C=native code)
C  [ntdll.dll+0x3f25d]
C  [ntdll.dll+0x3cd59]
C  [ntdll.dll+0x63224]
C  [ntdll.dll+0x63138]
C  [ntdll.dll+0x3d661]
C  [ntdll.dll+0x3c7ba]
C  [msvcrt.dll+0x1cb80]
C  [textinputframework.dll+0x515e8]

Java frames: (J=compiled Java code, j=interpreted, Vv=VM code)
j  sun.awt.windows.WToolkit.eventLoop()V+0 java.desktop@21.0.3
j  sun.awt.windows.WToolkit.run()V+50 java.desktop@21.0.3
j  java.lang.Thread.runWith(Ljava/lang/Object;Ljava/lang/Runnable;)V+5 java.base@21.0.3
j  java.lang.Thread.run()V+19 java.base@21.0.3
v  ~StubRoutines::call_stub 0x00000256c581100d

siginfo: EXCEPTION_ACCESS_VIOLATION (0xc0000005), reading address 0xffffffffffffffff


Registers:
RAX=0x2039a3bbe494bae4, RBX=0x00000256b3f60000, RCX=0x0000000000000003, RDX=0x00007ffe8e40d0c0
RSP=0x000000866cdfdde0, RBP=0x000000866cdfe0d9, RSI=0x000002571b00e0a0, RDI=0x0000000000000003
R8 =0x000002571b00d5a0, R9 =0x00000256b3f60320, R10=0x0000000000000003, R11=0x000000866cdfdd70
R12=0x0000000000000000, R13=0x0000000000000000, R14=0x000002571b00f0b0, R15=0x000002571b00f0c0
RIP=0x00007ffe8e30f25d, EFLAGS=0x0000000000010297


Register to memory mapping:

RAX=0x2039a3bbe494bae4 is an unknown value
RBX=0x00000256b3f60000 points into unknown readable memory: 0x0000000000000000 | 00 00 00 00 00 00 00 00
RCX=0x0000000000000003 is an unknown value
RDX=0x00007ffe8e40d0c0 ntdll.dll
RSP=0x000000866cdfdde0 is pointing into the stack for thread: 0x00000256d5f26be0
RBP=0x000000866cdfe0d9 is pointing into the stack for thread: 0x00000256d5f26be0
RSI=0x000002571b00e0a0 points into unknown readable memory: 0x0000000000000000 | 00 00 00 00 00 00 00 00
RDI=0x0000000000000003 is an unknown value
R8 =0x000002571b00d5a0 points into unknown readable memory: 0x2038a3bbe494bae4 | e4 ba 94 e4 bb a3 38 20
R9 =0x00000256b3f60320 points into unknown readable memory: 0x000000000400002c | 2c 00 00 04 00 00 00 00
R10=0x0000000000000003 is an unknown value
R11=0x000000866cdfdd70 is pointing into the stack for thread: 0x00000256d5f26be0
R12=0x0 is null
R13=0x0 is null
R14=0x000002571b00f0b0 points into unknown readable memory: 0x0000000000000000 | 00 00 00 00 00 00 00 00
R15=0x000002571b00f0c0 points into unknown readable memory: 0x0000177000000000 | 00 00 00 00 70 17 00 00

Top of Stack: (sp=0x000000866cdfdde0)
0x000000866cdfdde0:   00000256b3f60000 000002571b00e0a0
0x000000866cdfddf0:   000002571b00e0a0 00000256b3f62b80
0x000000866cdfde00:   0000c00000000104 0000000000000104
0x000000866cdfde10:   0000000100000000 000002571b00e0aa
0x000000866cdfde20:   000000866cdf0100 0000000000000000
0x000000866cdfde30:   0000000000000000 00007ffe00000000
0x000000866cdfde40:   00007ffe827ddf9e 0000000000000101
0x000000866cdfde50:   0000008400000000 00007ffe00000000
0x000000866cdfde60:   000000866cdfde70 0000000000000098
0x000000866cdfde70:   000002571b00e0a0 0020000500000010
0x000000866cdfde80:   000005fc00004000 0000002800000257
0x000000866cdfde90:   0000000000000006 000002571b00e0a0
0x000000866cdfdea0:   0000000000000101 0000000000000000
0x000000866cdfdeb0:   0000000000000000 00000256b3f62bc8
0x000000866cdfdec0:   00000256b3f60150 00004d7800000028
0x000000866cdfded0:   00200002000005fc 000002571b000000
0x000000866cdfdee0:   f516ea0000000000 de4fed94457fbae8
0x000000866cdfdef0:   0000001015835423 0000000000000003
0x000000866cdfdf00:   fffffffefffffffe 00007ffe6a0d7d49
0x000000866cdfdf10:   000000866cdfdfb8 000000866cdfdfb8
0x000000866cdfdf20:   000000866cdfdfb8 0000000000000001
0x000000866cdfdf30:   0000000200000006 000000866cdfdd30
0x000000866cdfdf40:   000000866cdfdda0 000000866cdfdda0
0x000000866cdfdf50:   000002571b00f400 0000000000000010
0x000000866cdfdf60:   000002571bf67890 0000000000000001
0x000000866cdfdf70:   00007ffe82802dc0 00007ffe82808000
0x000000866cdfdf80:   00007ffe827d6550 00007ffe827d52d8
0x000000866cdfdf90:   00007ffe3c00033f 00007ffe82807f20
0x000000866cdfdfa0:   0000025702000002 0000000000000000
0x000000866cdfdfb0:   0000000000000007 00007ffe8e30be70
0x000000866cdfdfc0:   000000007c61df9e 0000000000000008
0x000000866cdfdfd0:   000002571b00f420 00007ffe8e323320 

Instructions: (pc=0x00007ffe8e30f25d)
0x00007ffe8e30f15d:   44 33 bb 8c 00 00 00 66 45 89 7e 0c 49 8b 51 28
0x00007ffe8e30f16d:   49 3b d1 74 3f 4d 8b fe 4d 2b f9 49 c1 ef 10 49
0x00007ffe8e30f17d:   ff c7 4c 89 bc 24 88 01 00 00 49 81 ff fe 00 00
0x00007ffe8e30f18d:   00 72 24 4c 89 44 24 28 4c 89 44 24 20 4d 8b c6
0x00007ffe8e30f19d:   b9 03 00 00 00 e8 b9 28 0e 00 eb 0b 48 8b d7 e9
0x00007ffe8e30f1ad:   7f fe ff ff 45 32 ff 44 88 7c 24 41 45 88 7e 0e
0x00007ffe8e30f1bd:   41 c6 46 0b 00 66 41 89 7e 08 4c 8b ff 49 c1 e7
0x00007ffe8e30f1cd:   04 4d 03 fe 8b 4b 7c 8b c1 c1 e8 14 22 83 8a 00
0x00007ffe8e30f1dd:   00 00 41 32 47 0a a8 01 0f 84 ba 0c 00 00 0f b7
0x00007ffe8e30f1ed:   c7 66 33 83 8c 00 00 00 66 41 89 47 0c 45 84 e4
0x00007ffe8e30f1fd:   0f 85 15 0b 00 00 0f b7 ff 45 88 66 0a 45 88 66
0x00007ffe8e30f20d:   0f 4c 8d bb 50 01 00 00 48 83 bb 38 01 00 00 00
0x00007ffe8e30f21d:   0f 84 69 11 00 00 8b d7 48 8b cb e8 d3 4f 00 00
0x00007ffe8e30f22d:   4c 8b c0 4d 3b f8 74 20 83 7b 7c 00 0f 85 83 02
0x00007ffe8e30f23d:   00 00 41 0f b7 40 f8 66 89 44 24 60 0f b7 c0 48
0x00007ffe8e30f24d:   3b f8 0f 87 3f 11 00 00 4d 8d 7e 10 49 8b 40 08
0x00007ffe8e30f25d:   48 8b 08 49 3b c8 0f 85 dd 01 00 00 4d 89 07 49
0x00007ffe8e30f26d:   89 47 08 4c 89 38 4d 89 78 08 41 0f b7 46 08 48
0x00007ffe8e30f27d:   03 83 c0 00 00 00 48 89 83 c0 00 00 00 48 8b 93
0x00007ffe8e30f28d:   38 01 00 00 48 85 d2 74 42 41 0f b7 4e 08 0f 1f
0x00007ffe8e30f29d:   44 00 00 8b 7a 08 48 3b cf 72 0f 48 8b 02 48 85
0x00007ffe8e30f2ad:   c0 0f 85 8a 01 00 00 8d 4f ff 48 89 4c 24 58 41
0x00007ffe8e30f2bd:   0f b7 46 08 48 89 44 24 28 89 4c 24 20 4d 8b cf
0x00007ffe8e30f2cd:   41 b0 01 48 8b cb e8 2c 55 00 00 4c 8b 64 24 38
0x00007ffe8e30f2dd:   83 7b 7c 00 74 1b 41 0f b6 46 0a 41 32 46 09 41
0x00007ffe8e30f2ed:   32 46 08 41 88 46 0b 8b 83 88 00 00 00 41 31 46
0x00007ffe8e30f2fd:   08 4c 8b 8c 24 70 02 00 00 44 8b 54 24 34 48 8b
0x00007ffe8e30f30d:   84 24 b8 00 00 00 48 83 c0 10 48 89 44 24 48 0f
0x00007ffe8e30f31d:   b7 4e 08 0f b7 d1 66 c1 ea 08 44 8b c1 49 c1 e0
0x00007ffe8e30f32d:   04 4c 89 84 24 80 00 00 00 0f b6 46 0f 24 3f 3c
0x00007ffe8e30f33d:   3f 0f 84 00 14 00 00 32 c0 84 c0 0f 85 fd 13 00
0x00007ffe8e30f34d:   00 45 85 d2 0f 84 0a 06 00 00 83 7b 7c 00 74 12 


Stack slot to memory mapping:

stack at sp + 0 slots: 0x00000256b3f60000 points into unknown readable memory: 0x0000000000000000 | 00 00 00 00 00 00 00 00
stack at sp + 1 slots: 0x000002571b00e0a0 points into unknown readable memory: 0x0000000000000000 | 00 00 00 00 00 00 00 00
stack at sp + 2 slots: 0x000002571b00e0a0 points into unknown readable memory: 0x0000000000000000 | 00 00 00 00 00 00 00 00
stack at sp + 3 slots: 0x00000256b3f62b80 points into unknown readable memory: 0x0000000000000000 | 00 00 00 00 00 00 00 00
stack at sp + 4 slots: 0x0000c00000000104 is an unknown value
stack at sp + 5 slots: 0x0000000000000104 is an unknown value
stack at sp + 6 slots: 0x0000000100000000 is an unknown value
stack at sp + 7 slots: 0x000002571b00e0aa points into unknown readable memory: 09 00 1f 7f 01 10


---------------  P R O C E S S  ---------------

Threads class SMR info:
_java_thread_list=0x00000257208f8390, length=19, elements={
0x00000256d5a905b0, 0x00000256d5a91680, 0x00000256d5a94590, 0x00000256d5a95320,
0x00000256d5a98930, 0x00000256d5a99390, 0x00000256d5a9a120, 0x00000256d5a7f2c0,
0x00000256d5d2a320, 0x00000256d5d2e910, 0x00000256d5d2ef90, 0x00000256d5d5aa40,
0x00000256d5d63760, 0x00000256d5eedf50, 0x00000256d5eefe00, 0x00000256d5f26be0,
0x000002571becc270, 0x00000256b3c41d70, 0x0000025720a82f20
}

Java Threads: ( => current thread )
  0x00000256d5a905b0 JavaThread "Reference Handler"          daemon [_thread_blocked, id=21248, stack(0x000000866bb00000,0x000000866bc00000) (1024K)]
  0x00000256d5a91680 JavaThread "Finalizer"                  daemon [_thread_blocked, id=5460, stack(0x000000866bc00000,0x000000866bd00000) (1024K)]
  0x00000256d5a94590 JavaThread "Signal Dispatcher"          daemon [_thread_blocked, id=11668, stack(0x000000866bd00000,0x000000866be00000) (1024K)]
  0x00000256d5a95320 JavaThread "Attach Listener"            daemon [_thread_blocked, id=29316, stack(0x000000866be00000,0x000000866bf00000) (1024K)]
  0x00000256d5a98930 JavaThread "Service Thread"             daemon [_thread_blocked, id=28172, stack(0x000000866bf00000,0x000000866c000000) (1024K)]
  0x00000256d5a99390 JavaThread "Monitor Deflation Thread"   daemon [_thread_blocked, id=23292, stack(0x000000866c000000,0x000000866c100000) (1024K)]
  0x00000256d5a9a120 JavaThread "C2 CompilerThread0"         daemon [_thread_blocked, id=29792, stack(0x000000866c100000,0x000000866c200000) (1024K)]
  0x00000256d5a7f2c0 JavaThread "C1 CompilerThread0"         daemon [_thread_blocked, id=31100, stack(0x000000866c200000,0x000000866c300000) (1024K)]
  0x00000256d5d2a320 JavaThread "JDWP Transport Listener: dt_socket" daemon [_thread_blocked, id=31856, stack(0x000000866c600000,0x000000866c700000) (1024K)]
  0x00000256d5d2e910 JavaThread "JDWP Event Helper Thread"   daemon [_thread_blocked, id=30268, stack(0x000000866c700000,0x000000866c800000) (1024K)]
  0x00000256d5d2ef90 JavaThread "JDWP Command Reader"        daemon [_thread_in_native, id=14712, stack(0x000000866c800000,0x000000866c900000) (1024K)]
  0x00000256d5d5aa40 JavaThread "Notification Thread"        daemon [_thread_blocked, id=23252, stack(0x000000866c900000,0x000000866ca00000) (1024K)]
  0x00000256d5d63760 JavaThread "Common-Cleaner"             daemon [_thread_blocked, id=15040, stack(0x000000866ca00000,0x000000866cb00000) (1024K)]
  0x00000256d5eedf50 JavaThread "Java2D Disposer"            daemon [_thread_blocked, id=26308, stack(0x000000866cb00000,0x000000866cc00000) (1024K)]
  0x00000256d5eefe00 JavaThread "AWT-Shutdown"                      [_thread_blocked, id=25304, stack(0x000000866cc00000,0x000000866cd00000) (1024K)]
=>0x00000256d5f26be0 JavaThread "AWT-Windows"                daemon [_thread_in_native, id=1532, stack(0x000000866cd00000,0x000000866ce00000) (1024K)]
  0x000002571becc270 JavaThread "AWT-EventQueue-0"                  [_thread_in_native, id=30012, stack(0x000000866ce00000,0x000000866cf00000) (1024K)]
  0x00000256b3c41d70 JavaThread "DestroyJavaVM"                     [_thread_blocked, id=29984, stack(0x000000866b300000,0x000000866b400000) (1024K)]
  0x0000025720a82f20 JavaThread "TimerQueue"                 daemon [_thread_blocked, id=26964, stack(0x000000866de00000,0x000000866df00000) (1024K)]
Total: 19

Other Threads:
  0x00000256d5a62a40 VMThread "VM Thread"                           [id=27592, stack(0x000000866ba00000,0x000000866bb00000) (1024K)]
  0x00000256d5a4c2a0 WatcherThread "VM Periodic Task Thread"        [id=33664, stack(0x000000866b900000,0x000000866ba00000) (1024K)]
  0x00000256b5fb1800 WorkerThread "GC Thread#0"                     [id=15540, stack(0x000000866b400000,0x000000866b500000) (1024K)]
  0x000002571c5ede70 WorkerThread "GC Thread#1"                     [id=8128, stack(0x000000866cf00000,0x000000866d000000) (1024K)]
  0x000002571c5ee210 WorkerThread "GC Thread#2"                     [id=27496, stack(0x000000866d000000,0x000000866d100000) (1024K)]
  0x000002571c5ee950 WorkerThread "GC Thread#3"                     [id=33672, stack(0x000000866d500000,0x000000866d600000) (1024K)]
  0x000002571c5ee5b0 WorkerThread "GC Thread#4"                     [id=12020, stack(0x000000866d600000,0x000000866d700000) (1024K)]
  0x000002571c5eecf0 WorkerThread "GC Thread#5"                     [id=30156, stack(0x000000866d700000,0x000000866d800000) (1024K)]
  0x0000025720fd7ba0 WorkerThread "GC Thread#6"                     [id=22576, stack(0x000000866d800000,0x000000866d900000) (1024K)]
  0x0000025720fd6d20 WorkerThread "GC Thread#7"                     [id=2756, stack(0x000000866d900000,0x000000866da00000) (1024K)]
  0x0000025720fd7f40 WorkerThread "GC Thread#8"                     [id=24852, stack(0x000000866da00000,0x000000866db00000) (1024K)]
  0x0000025720fd82e0 WorkerThread "GC Thread#9"                     [id=27288, stack(0x000000866db00000,0x000000866dc00000) (1024K)]
  0x00000256b5fc22b0 ConcurrentGCThread "G1 Main Marker"            [id=23808, stack(0x000000866b500000,0x000000866b600000) (1024K)]
  0x00000256b5fc2db0 WorkerThread "G1 Conc#0"                       [id=30264, stack(0x000000866b600000,0x000000866b700000) (1024K)]
  0x00000256d591fdc0 ConcurrentGCThread "G1 Refine#0"               [id=13272, stack(0x000000866b700000,0x000000866b800000) (1024K)]
  0x00000256d59205e0 ConcurrentGCThread "G1 Service"                [id=31364, stack(0x000000866b800000,0x000000866b900000) (1024K)]
Total: 16

Threads with active compile tasks:
Total: 0

VM state: not at safepoint (normal execution)

VM Mutex/Monitor currently owned by a thread: None

Heap address: 0x0000000705200000, size: 4014 MB, Compressed Oops mode: Zero based, Oop shift amount: 3

CDS archive(s) mapped at: [0x00000256d6000000-0x00000256d6c90000-0x00000256d6c90000), size 13172736, SharedBaseAddress: 0x00000256d6000000, ArchiveRelocationMode: 1.
Compressed class space mapped at: 0x00000256d7000000-0x0000025717000000, reserved size: 1073741824
Narrow klass base: 0x00000256d6000000, Narrow klass shift: 0, Narrow klass range: 0x100000000

GC Precious Log:
 CardTable entry size: 512
 Card Set container configuration: InlinePtr #cards 4 size 8 Array Of Cards #cards 16 size 48 Howl #buckets 8 coarsen threshold 3686 Howl Bitmap #cards 512 size 80 coarsen threshold 460 Card regions per heap region 1 cards per card region 4096
 CPUs: 16 total, 16 available
 Memory: 16052M
 Large Page Support: Disabled
 NUMA Support: Disabled
 Compressed Oops: Enabled (Zero based)
 Heap Region Size: 2M
 Heap Min Capacity: 8M
 Heap Initial Capacity: 252M
 Heap Max Capacity: 4014M
 Pre-touch: Disabled
 Parallel Workers: 13
 Concurrent Workers: 3
 Concurrent Refinement Workers: 13
 Periodic GC: Disabled

Heap:
 garbage-first heap   total 258048K, used 26295K [0x0000000705200000, 0x0000000800000000)
  region size 2048K, 11 young (22528K), 2 survivors (4096K)
 Metaspace       used 9756K, committed 9984K, reserved 1114112K
  class space    used 1086K, committed 1216K, reserved 1048576K

Heap Regions: E=young(eden), S=young(survivor), O=old, HS=humongous(starts), HC=humongous(continues), CS=collection set, F=free, TAMS=top-at-mark-start, PB=parsable bottom
|   0|0x0000000705200000, 0x0000000705400000, 0x0000000705400000|100%|HS|  |TAMS 0x0000000705200000| PB 0x0000000705200000| Complete 
|   1|0x0000000705400000, 0x0000000705600000, 0x0000000705600000|100%|HC|  |TAMS 0x0000000705400000| PB 0x0000000705400000| Complete 
|   2|0x0000000705600000, 0x0000000705800000, 0x0000000705800000|100%|HC|  |TAMS 0x0000000705600000| PB 0x0000000705600000| Complete 
|   3|0x0000000705800000, 0x0000000705a00000, 0x0000000705a00000|100%|HC|  |TAMS 0x0000000705800000| PB 0x0000000705800000| Complete 
|   4|0x0000000705a00000, 0x0000000705a00000, 0x0000000705c00000|  0%| F|  |TAMS 0x0000000705a00000| PB 0x0000000705a00000| Untracked 
|   5|0x0000000705c00000, 0x0000000705c00000, 0x0000000705e00000|  0%| F|  |TAMS 0x0000000705c00000| PB 0x0000000705c00000| Untracked 
|   6|0x0000000705e00000, 0x0000000705e00000, 0x0000000706000000|  0%| F|  |TAMS 0x0000000705e00000| PB 0x0000000705e00000| Untracked 
|   7|0x0000000706000000, 0x0000000706000000, 0x0000000706200000|  0%| F|  |TAMS 0x0000000706000000| PB 0x0000000706000000| Untracked 
|   8|0x0000000706200000, 0x0000000706200000, 0x0000000706400000|  0%| F|  |TAMS 0x0000000706200000| PB 0x0000000706200000| Untracked 
|   9|0x0000000706400000, 0x0000000706400000, 0x0000000706600000|  0%| F|  |TAMS 0x0000000706400000| PB 0x0000000706400000| Untracked 
|  10|0x0000000706600000, 0x0000000706600000, 0x0000000706800000|  0%| F|  |TAMS 0x0000000706600000| PB 0x0000000706600000| Untracked 
|  11|0x0000000706800000, 0x0000000706800000, 0x0000000706a00000|  0%| F|  |TAMS 0x0000000706800000| PB 0x0000000706800000| Untracked 
|  12|0x0000000706a00000, 0x0000000706a00000, 0x0000000706c00000|  0%| F|  |TAMS 0x0000000706a00000| PB 0x0000000706a00000| Untracked 
|  13|0x0000000706c00000, 0x0000000706c00000, 0x0000000706e00000|  0%| F|  |TAMS 0x0000000706c00000| PB 0x0000000706c00000| Untracked 
|  14|0x0000000706e00000, 0x0000000706e00000, 0x0000000707000000|  0%| F|  |TAMS 0x0000000706e00000| PB 0x0000000706e00000| Untracked 
|  15|0x0000000707000000, 0x0000000707000000, 0x0000000707200000|  0%| F|  |TAMS 0x0000000707000000| PB 0x0000000707000000| Untracked 
|  16|0x0000000707200000, 0x0000000707200000, 0x0000000707400000|  0%| F|  |TAMS 0x0000000707200000| PB 0x0000000707200000| Untracked 
|  17|0x0000000707400000, 0x0000000707400000, 0x0000000707600000|  0%| F|  |TAMS 0x0000000707400000| PB 0x0000000707400000| Untracked 
|  18|0x0000000707600000, 0x0000000707600000, 0x0000000707800000|  0%| F|  |TAMS 0x0000000707600000| PB 0x0000000707600000| Untracked 
|  19|0x0000000707800000, 0x0000000707800000, 0x0000000707a00000|  0%| F|  |TAMS 0x0000000707800000| PB 0x0000000707800000| Untracked 
|  20|0x0000000707a00000, 0x0000000707a00000, 0x0000000707c00000|  0%| F|  |TAMS 0x0000000707a00000| PB 0x0000000707a00000| Untracked 
|  21|0x0000000707c00000, 0x0000000707c00000, 0x0000000707e00000|  0%| F|  |TAMS 0x0000000707c00000| PB 0x0000000707c00000| Untracked 
|  22|0x0000000707e00000, 0x0000000707e00000, 0x0000000708000000|  0%| F|  |TAMS 0x0000000707e00000| PB 0x0000000707e00000| Untracked 
|  23|0x0000000708000000, 0x0000000708000000, 0x0000000708200000|  0%| F|  |TAMS 0x0000000708000000| PB 0x0000000708000000| Untracked 
|  24|0x0000000708200000, 0x0000000708200000, 0x0000000708400000|  0%| F|  |TAMS 0x0000000708200000| PB 0x0000000708200000| Untracked 
|  25|0x0000000708400000, 0x0000000708400000, 0x0000000708600000|  0%| F|  |TAMS 0x0000000708400000| PB 0x0000000708400000| Untracked 
|  26|0x0000000708600000, 0x0000000708600000, 0x0000000708800000|  0%| F|  |TAMS 0x0000000708600000| PB 0x0000000708600000| Untracked 
|  27|0x0000000708800000, 0x0000000708800000, 0x0000000708a00000|  0%| F|  |TAMS 0x0000000708800000| PB 0x0000000708800000| Untracked 
|  28|0x0000000708a00000, 0x0000000708a00000, 0x0000000708c00000|  0%| F|  |TAMS 0x0000000708a00000| PB 0x0000000708a00000| Untracked 
|  29|0x0000000708c00000, 0x0000000708c00000, 0x0000000708e00000|  0%| F|  |TAMS 0x0000000708c00000| PB 0x0000000708c00000| Untracked 
|  30|0x0000000708e00000, 0x0000000708e00000, 0x0000000709000000|  0%| F|  |TAMS 0x0000000708e00000| PB 0x0000000708e00000| Untracked 
|  31|0x0000000709000000, 0x0000000709000000, 0x0000000709200000|  0%| F|  |TAMS 0x0000000709000000| PB 0x0000000709000000| Untracked 
|  32|0x0000000709200000, 0x0000000709200000, 0x0000000709400000|  0%| F|  |TAMS 0x0000000709200000| PB 0x0000000709200000| Untracked 
|  33|0x0000000709400000, 0x0000000709400000, 0x0000000709600000|  0%| F|  |TAMS 0x0000000709400000| PB 0x0000000709400000| Untracked 
|  34|0x0000000709600000, 0x0000000709600000, 0x0000000709800000|  0%| F|  |TAMS 0x0000000709600000| PB 0x0000000709600000| Untracked 
|  35|0x0000000709800000, 0x0000000709800000, 0x0000000709a00000|  0%| F|  |TAMS 0x0000000709800000| PB 0x0000000709800000| Untracked 
|  36|0x0000000709a00000, 0x0000000709a00000, 0x0000000709c00000|  0%| F|  |TAMS 0x0000000709a00000| PB 0x0000000709a00000| Untracked 
|  37|0x0000000709c00000, 0x0000000709c00000, 0x0000000709e00000|  0%| F|  |TAMS 0x0000000709c00000| PB 0x0000000709c00000| Untracked 
|  38|0x0000000709e00000, 0x0000000709e00000, 0x000000070a000000|  0%| F|  |TAMS 0x0000000709e00000| PB 0x0000000709e00000| Untracked 
|  39|0x000000070a000000, 0x000000070a000000, 0x000000070a200000|  0%| F|  |TAMS 0x000000070a000000| PB 0x000000070a000000| Untracked 
|  40|0x000000070a200000, 0x000000070a200000, 0x000000070a400000|  0%| F|  |TAMS 0x000000070a200000| PB 0x000000070a200000| Untracked 
|  41|0x000000070a400000, 0x000000070a400000, 0x000000070a600000|  0%| F|  |TAMS 0x000000070a400000| PB 0x000000070a400000| Untracked 
|  42|0x000000070a600000, 0x000000070a600000, 0x000000070a800000|  0%| F|  |TAMS 0x000000070a600000| PB 0x000000070a600000| Untracked 
|  43|0x000000070a800000, 0x000000070a800000, 0x000000070aa00000|  0%| F|  |TAMS 0x000000070a800000| PB 0x000000070a800000| Untracked 
|  44|0x000000070aa00000, 0x000000070aa00000, 0x000000070ac00000|  0%| F|  |TAMS 0x000000070aa00000| PB 0x000000070aa00000| Untracked 
|  45|0x000000070ac00000, 0x000000070ac00000, 0x000000070ae00000|  0%| F|  |TAMS 0x000000070ac00000| PB 0x000000070ac00000| Untracked 
|  46|0x000000070ae00000, 0x000000070ae00000, 0x000000070b000000|  0%| F|  |TAMS 0x000000070ae00000| PB 0x000000070ae00000| Untracked 
|  47|0x000000070b000000, 0x000000070b000000, 0x000000070b200000|  0%| F|  |TAMS 0x000000070b000000| PB 0x000000070b000000| Untracked 
|  48|0x000000070b200000, 0x000000070b200000, 0x000000070b400000|  0%| F|  |TAMS 0x000000070b200000| PB 0x000000070b200000| Untracked 
|  49|0x000000070b400000, 0x000000070b400000, 0x000000070b600000|  0%| F|  |TAMS 0x000000070b400000| PB 0x000000070b400000| Untracked 
|  50|0x000000070b600000, 0x000000070b600000, 0x000000070b800000|  0%| F|  |TAMS 0x000000070b600000| PB 0x000000070b600000| Untracked 
|  51|0x000000070b800000, 0x000000070b800000, 0x000000070ba00000|  0%| F|  |TAMS 0x000000070b800000| PB 0x000000070b800000| Untracked 
|  52|0x000000070ba00000, 0x000000070ba00000, 0x000000070bc00000|  0%| F|  |TAMS 0x000000070ba00000| PB 0x000000070ba00000| Untracked 
|  53|0x000000070bc00000, 0x000000070bc00000, 0x000000070be00000|  0%| F|  |TAMS 0x000000070bc00000| PB 0x000000070bc00000| Untracked 
|  54|0x000000070be00000, 0x000000070be00000, 0x000000070c000000|  0%| F|  |TAMS 0x000000070be00000| PB 0x000000070be00000| Untracked 
|  55|0x000000070c000000, 0x000000070c000000, 0x000000070c200000|  0%| F|  |TAMS 0x000000070c000000| PB 0x000000070c000000| Untracked 
|  56|0x000000070c200000, 0x000000070c200000, 0x000000070c400000|  0%| F|  |TAMS 0x000000070c200000| PB 0x000000070c200000| Untracked 
|  57|0x000000070c400000, 0x000000070c400000, 0x000000070c600000|  0%| F|  |TAMS 0x000000070c400000| PB 0x000000070c400000| Untracked 
|  58|0x000000070c600000, 0x000000070c600000, 0x000000070c800000|  0%| F|  |TAMS 0x000000070c600000| PB 0x000000070c600000| Untracked 
|  59|0x000000070c800000, 0x000000070c800000, 0x000000070ca00000|  0%| F|  |TAMS 0x000000070c800000| PB 0x000000070c800000| Untracked 
|  60|0x000000070ca00000, 0x000000070ca00000, 0x000000070cc00000|  0%| F|  |TAMS 0x000000070ca00000| PB 0x000000070ca00000| Untracked 
|  61|0x000000070cc00000, 0x000000070cc00000, 0x000000070ce00000|  0%| F|  |TAMS 0x000000070cc00000| PB 0x000000070cc00000| Untracked 
|  62|0x000000070ce00000, 0x000000070ce00000, 0x000000070d000000|  0%| F|  |TAMS 0x000000070ce00000| PB 0x000000070ce00000| Untracked 
|  63|0x000000070d000000, 0x000000070d000000, 0x000000070d200000|  0%| F|  |TAMS 0x000000070d000000| PB 0x000000070d000000| Untracked 
|  64|0x000000070d200000, 0x000000070d200000, 0x000000070d400000|  0%| F|  |TAMS 0x000000070d200000| PB 0x000000070d200000| Untracked 
|  65|0x000000070d400000, 0x000000070d400000, 0x000000070d600000|  0%| F|  |TAMS 0x000000070d400000| PB 0x000000070d400000| Untracked 
|  66|0x000000070d600000, 0x000000070d600000, 0x000000070d800000|  0%| F|  |TAMS 0x000000070d600000| PB 0x000000070d600000| Untracked 
|  67|0x000000070d800000, 0x000000070d800000, 0x000000070da00000|  0%| F|  |TAMS 0x000000070d800000| PB 0x000000070d800000| Untracked 
|  68|0x000000070da00000, 0x000000070da00000, 0x000000070dc00000|  0%| F|  |TAMS 0x000000070da00000| PB 0x000000070da00000| Untracked 
|  69|0x000000070dc00000, 0x000000070dc00000, 0x000000070de00000|  0%| F|  |TAMS 0x000000070dc00000| PB 0x000000070dc00000| Untracked 
|  70|0x000000070de00000, 0x000000070de00000, 0x000000070e000000|  0%| F|  |TAMS 0x000000070de00000| PB 0x000000070de00000| Untracked 
|  71|0x000000070e000000, 0x000000070e000000, 0x000000070e200000|  0%| F|  |TAMS 0x000000070e000000| PB 0x000000070e000000| Untracked 
|  72|0x000000070e200000, 0x000000070e200000, 0x000000070e400000|  0%| F|  |TAMS 0x000000070e200000| PB 0x000000070e200000| Untracked 
|  73|0x000000070e400000, 0x000000070e400000, 0x000000070e600000|  0%| F|  |TAMS 0x000000070e400000| PB 0x000000070e400000| Untracked 
|  74|0x000000070e600000, 0x000000070e600000, 0x000000070e800000|  0%| F|  |TAMS 0x000000070e600000| PB 0x000000070e600000| Untracked 
|  75|0x000000070e800000, 0x000000070e800000, 0x000000070ea00000|  0%| F|  |TAMS 0x000000070e800000| PB 0x000000070e800000| Untracked 
|  76|0x000000070ea00000, 0x000000070ea00000, 0x000000070ec00000|  0%| F|  |TAMS 0x000000070ea00000| PB 0x000000070ea00000| Untracked 
|  77|0x000000070ec00000, 0x000000070ec00000, 0x000000070ee00000|  0%| F|  |TAMS 0x000000070ec00000| PB 0x000000070ec00000| Untracked 
|  78|0x000000070ee00000, 0x000000070ee00000, 0x000000070f000000|  0%| F|  |TAMS 0x000000070ee00000| PB 0x000000070ee00000| Untracked 
|  79|0x000000070f000000, 0x000000070f000000, 0x000000070f200000|  0%| F|  |TAMS 0x000000070f000000| PB 0x000000070f000000| Untracked 
|  80|0x000000070f200000, 0x000000070f200000, 0x000000070f400000|  0%| F|  |TAMS 0x000000070f200000| PB 0x000000070f200000| Untracked 
|  81|0x000000070f400000, 0x000000070f400000, 0x000000070f600000|  0%| F|  |TAMS 0x000000070f400000| PB 0x000000070f400000| Untracked 
|  82|0x000000070f600000, 0x000000070f600000, 0x000000070f800000|  0%| F|  |TAMS 0x000000070f600000| PB 0x000000070f600000| Untracked 
|  83|0x000000070f800000, 0x000000070f800000, 0x000000070fa00000|  0%| F|  |TAMS 0x000000070f800000| PB 0x000000070f800000| Untracked 
|  84|0x000000070fa00000, 0x000000070fa00000, 0x000000070fc00000|  0%| F|  |TAMS 0x000000070fa00000| PB 0x000000070fa00000| Untracked 
|  85|0x000000070fc00000, 0x000000070fc00000, 0x000000070fe00000|  0%| F|  |TAMS 0x000000070fc00000| PB 0x000000070fc00000| Untracked 
|  86|0x000000070fe00000, 0x000000070fe00000, 0x0000000710000000|  0%| F|  |TAMS 0x000000070fe00000| PB 0x000000070fe00000| Untracked 
|  87|0x0000000710000000, 0x0000000710000000, 0x0000000710200000|  0%| F|  |TAMS 0x0000000710000000| PB 0x0000000710000000| Untracked 
|  88|0x0000000710200000, 0x0000000710200000, 0x0000000710400000|  0%| F|  |TAMS 0x0000000710200000| PB 0x0000000710200000| Untracked 
|  89|0x0000000710400000, 0x0000000710400000, 0x0000000710600000|  0%| F|  |TAMS 0x0000000710400000| PB 0x0000000710400000| Untracked 
|  90|0x0000000710600000, 0x0000000710600000, 0x0000000710800000|  0%| F|  |TAMS 0x0000000710600000| PB 0x0000000710600000| Untracked 
|  91|0x0000000710800000, 0x0000000710800000, 0x0000000710a00000|  0%| F|  |TAMS 0x0000000710800000| PB 0x0000000710800000| Untracked 
|  92|0x0000000710a00000, 0x0000000710a00000, 0x0000000710c00000|  0%| F|  |TAMS 0x0000000710a00000| PB 0x0000000710a00000| Untracked 
|  93|0x0000000710c00000, 0x0000000710c00000, 0x0000000710e00000|  0%| F|  |TAMS 0x0000000710c00000| PB 0x0000000710c00000| Untracked 
|  94|0x0000000710e00000, 0x0000000710e00000, 0x0000000711000000|  0%| F|  |TAMS 0x0000000710e00000| PB 0x0000000710e00000| Untracked 
|  95|0x0000000711000000, 0x0000000711000000, 0x0000000711200000|  0%| F|  |TAMS 0x0000000711000000| PB 0x0000000711000000| Untracked 
|  96|0x0000000711200000, 0x0000000711200000, 0x0000000711400000|  0%| F|  |TAMS 0x0000000711200000| PB 0x0000000711200000| Untracked 
|  97|0x0000000711400000, 0x0000000711400000, 0x0000000711600000|  0%| F|  |TAMS 0x0000000711400000| PB 0x0000000711400000| Untracked 
|  98|0x0000000711600000, 0x0000000711600000, 0x0000000711800000|  0%| F|  |TAMS 0x0000000711600000| PB 0x0000000711600000| Untracked 
|  99|0x0000000711800000, 0x0000000711800000, 0x0000000711a00000|  0%| F|  |TAMS 0x0000000711800000| PB 0x0000000711800000| Untracked 
| 100|0x0000000711a00000, 0x0000000711a00000, 0x0000000711c00000|  0%| F|  |TAMS 0x0000000711a00000| PB 0x0000000711a00000| Untracked 
| 101|0x0000000711c00000, 0x0000000711c00000, 0x0000000711e00000|  0%| F|  |TAMS 0x0000000711c00000| PB 0x0000000711c00000| Untracked 
| 102|0x0000000711e00000, 0x0000000711e00000, 0x0000000712000000|  0%| F|  |TAMS 0x0000000711e00000| PB 0x0000000711e00000| Untracked 
| 103|0x0000000712000000, 0x0000000712000000, 0x0000000712200000|  0%| F|  |TAMS 0x0000000712000000| PB 0x0000000712000000| Untracked 
| 104|0x0000000712200000, 0x0000000712200000, 0x0000000712400000|  0%| F|  |TAMS 0x0000000712200000| PB 0x0000000712200000| Untracked 
| 105|0x0000000712400000, 0x0000000712400000, 0x0000000712600000|  0%| F|  |TAMS 0x0000000712400000| PB 0x0000000712400000| Untracked 
| 106|0x0000000712600000, 0x0000000712600000, 0x0000000712800000|  0%| F|  |TAMS 0x0000000712600000| PB 0x0000000712600000| Untracked 
| 107|0x0000000712800000, 0x0000000712800000, 0x0000000712a00000|  0%| F|  |TAMS 0x0000000712800000| PB 0x0000000712800000| Untracked 
| 108|0x0000000712a00000, 0x0000000712a00000, 0x0000000712c00000|  0%| F|  |TAMS 0x0000000712a00000| PB 0x0000000712a00000| Untracked 
| 109|0x0000000712c00000, 0x0000000712c00000, 0x0000000712e00000|  0%| F|  |TAMS 0x0000000712c00000| PB 0x0000000712c00000| Untracked 
| 110|0x0000000712e00000, 0x0000000712e00000, 0x0000000713000000|  0%| F|  |TAMS 0x0000000712e00000| PB 0x0000000712e00000| Untracked 
| 111|0x0000000713000000, 0x0000000713000000, 0x0000000713200000|  0%| F|  |TAMS 0x0000000713000000| PB 0x0000000713000000| Untracked 
| 112|0x0000000713200000, 0x0000000713200000, 0x0000000713400000|  0%| F|  |TAMS 0x0000000713200000| PB 0x0000000713200000| Untracked 
| 113|0x0000000713400000, 0x00000007135adf90, 0x0000000713600000| 83%| S|CS|TAMS 0x0000000713400000| PB 0x0000000713400000| Complete 
| 114|0x0000000713600000, 0x0000000713800000, 0x0000000713800000|100%| S|CS|TAMS 0x0000000713600000| PB 0x0000000713600000| Complete 
| 115|0x0000000713800000, 0x0000000713800000, 0x0000000713a00000|  0%| F|  |TAMS 0x0000000713800000| PB 0x0000000713800000| Untracked 
| 116|0x0000000713a00000, 0x0000000713a00000, 0x0000000713c00000|  0%| F|  |TAMS 0x0000000713a00000| PB 0x0000000713a00000| Untracked 
| 117|0x0000000713c00000, 0x0000000713cde150, 0x0000000713e00000| 43%| E|  |TAMS 0x0000000713c00000| PB 0x0000000713c00000| Complete 
| 118|0x0000000713e00000, 0x0000000714000000, 0x0000000714000000|100%| E|CS|TAMS 0x0000000713e00000| PB 0x0000000713e00000| Complete 
| 119|0x0000000714000000, 0x0000000714200000, 0x0000000714200000|100%| E|CS|TAMS 0x0000000714000000| PB 0x0000000714000000| Complete 
| 120|0x0000000714200000, 0x0000000714400000, 0x0000000714400000|100%| E|CS|TAMS 0x0000000714200000| PB 0x0000000714200000| Complete 
| 121|0x0000000714400000, 0x0000000714600000, 0x0000000714600000|100%| E|CS|TAMS 0x0000000714400000| PB 0x0000000714400000| Complete 
| 122|0x0000000714600000, 0x0000000714800000, 0x0000000714800000|100%| E|  |TAMS 0x0000000714600000| PB 0x0000000714600000| Complete 
| 123|0x0000000714800000, 0x0000000714a00000, 0x0000000714a00000|100%| E|CS|TAMS 0x0000000714800000| PB 0x0000000714800000| Complete 
| 124|0x0000000714a00000, 0x0000000714c00000, 0x0000000714c00000|100%| E|CS|TAMS 0x0000000714a00000| PB 0x0000000714a00000| Complete 
| 125|0x0000000714c00000, 0x0000000714e00000, 0x0000000714e00000|100%| E|CS|TAMS 0x0000000714c00000| PB 0x0000000714c00000| Complete 

Card table byte_map: [0x00000256ce430000,0x00000256cec10000] _byte_map_base: 0x00000256cac07000

Marking Bits: (CMBitMap*) 0x00000256b5fb1f00
 Bits: [0x00000256cec10000, 0x00000256d2ac8000)

Polling page: 0x00000256b3f20000

Metaspace:

Usage:
  Non-class:      8.47 MB used.
      Class:      1.06 MB used.
       Both:      9.53 MB used.

Virtual space:
  Non-class space:       64.00 MB reserved,       8.56 MB ( 13%) committed,  1 nodes.
      Class space:        1.00 GB reserved,       1.19 MB ( <1%) committed,  1 nodes.
             Both:        1.06 GB reserved,       9.75 MB ( <1%) committed. 

Chunk freelists:
   Non-Class:  7.00 MB
       Class:  14.74 MB
        Both:  21.74 MB

MaxMetaspaceSize: unlimited
CompressedClassSpaceSize: 1.00 GB
Initial GC threshold: 21.00 MB
Current GC threshold: 21.00 MB
CDS: on
 - commit_granule_bytes: 65536.
 - commit_granule_words: 8192.
 - virtual_space_node_default_size: 8388608.
 - enlarge_chunks_in_place: 1.
 - use_allocation_guard: 0.


Internal statistics:

num_allocs_failed_limit: 0.
num_arena_births: 140.
num_arena_deaths: 0.
num_vsnodes_births: 2.
num_vsnodes_deaths: 0.
num_space_committed: 156.
num_space_uncommitted: 0.
num_chunks_returned_to_freelist: 0.
num_chunks_taken_from_freelist: 197.
num_chunk_merges: 0.
num_chunk_splits: 115.
num_chunks_enlarged: 49.
num_inconsistent_stats: 0.

CodeHeap 'non-profiled nmethods': size=119168Kb used=951Kb max_used=951Kb free=118216Kb
 bounds [0x00000256c5f60000, 0x00000256c61d0000, 0x00000256cd3c0000]
CodeHeap 'profiled nmethods': size=119104Kb used=4055Kb max_used=4055Kb free=115048Kb
 bounds [0x00000256be3c0000, 0x00000256be7c0000, 0x00000256c5810000]
CodeHeap 'non-nmethods': size=7488Kb used=1640Kb max_used=3367Kb free=5847Kb
 bounds [0x00000256c5810000, 0x00000256c5be0000, 0x00000256c5f60000]
 total_blobs=2758 nmethods=2119 adapters=543
 compilation: enabled
              stopped_count=0, restarted_count=0
 full_count=0

Compilation events (20 events):
Event: 21.983 Thread 0x00000256d5a7f2c0 nmethod 2110 0x00000256be7b3f90 code [0x00000256be7b4160, 0x00000256be7b4648]
Event: 21.983 Thread 0x00000256d5a7f2c0 2111       3       java.awt.event.MouseAdapter::mouseMoved (1 bytes)
Event: 21.983 Thread 0x00000256d5a7f2c0 nmethod 2111 0x00000256be7b4790 code [0x00000256be7b4920, 0x00000256be7b4a28]
Event: 21.983 Thread 0x00000256d5a7f2c0 2112       3       javax.swing.text.DefaultCaret::mouseMoved (1 bytes)
Event: 21.983 Thread 0x00000256d5a7f2c0 nmethod 2112 0x00000256be7b4a90 code [0x00000256be7b4c20, 0x00000256be7b4d28]
Event: 21.988 Thread 0x00000256d5a9a120 nmethod 2109 0x00000256c6041710 code [0x00000256c6041960, 0x00000256c6042688]
Event: 22.061 Thread 0x00000256d5a7f2c0 2113       3       javax.swing.JComponent::getActionMap (35 bytes)
Event: 22.061 Thread 0x00000256d5a7f2c0 nmethod 2113 0x00000256be7b4d90 code [0x00000256be7b4f80, 0x00000256be7b5458]
Event: 22.142 Thread 0x00000256d5a9a120 2114   !   4       java.awt.event.InputEvent::canAccessSystemClipboard (57 bytes)
Event: 22.143 Thread 0x00000256d5a9a120 nmethod 2114 0x00000256c6043710 code [0x00000256c60438a0, 0x00000256c6043980]
Event: 22.171 Thread 0x00000256d5a9a120 2115       4       java.awt.event.MouseEvent::<init> (211 bytes)
Event: 22.180 Thread 0x00000256d5a9a120 nmethod 2115 0x00000256c6043a90 code [0x00000256c6043ce0, 0x00000256c6044a30]
Event: 22.407 Thread 0x00000256d5a9a120 2116   !   4       java.awt.Container::dispatchEventImpl (129 bytes)
Event: 22.453 Thread 0x00000256d5a9a120 nmethod 2116 0x00000256c6045510 code [0x00000256c6045aa0, 0x00000256c604a3c8]
Event: 22.486 Thread 0x00000256d5a7f2c0 2117       3       sun.util.locale.LocaleUtils::isAlpha (30 bytes)
Event: 22.486 Thread 0x00000256d5a7f2c0 nmethod 2117 0x00000256be7b5610 code [0x00000256be7b57c0, 0x00000256be7b59a8]
Event: 22.486 Thread 0x00000256d5a7f2c0 2118       3       sun.util.locale.ParseStatus::isError (13 bytes)
Event: 22.487 Thread 0x00000256d5a7f2c0 nmethod 2118 0x00000256be7b5a10 code [0x00000256be7b5ba0, 0x00000256be7b5d08]
Event: 22.487 Thread 0x00000256d5a7f2c0 2119       1       sun.util.locale.StringTokenIterator::currentEnd (5 bytes)
Event: 22.487 Thread 0x00000256d5a7f2c0 nmethod 2119 0x00000256c604da10 code [0x00000256c604dba0, 0x00000256c604dc68]

GC Heap History (2 events):
Event: 4.583 GC heap before
{Heap before GC invocations=0 (full 0):
 garbage-first heap   total 258048K, used 30720K [0x0000000705200000, 0x0000000800000000)
  region size 2048K, 11 young (22528K), 0 survivors (0K)
 Metaspace       used 8417K, committed 8704K, reserved 1114112K
  class space    used 990K, committed 1152K, reserved 1048576K
}
Event: 4.586 GC heap after
{Heap after GC invocations=1 (full 0):
 garbage-first heap   total 258048K, used 11959K [0x0000000705200000, 0x0000000800000000)
  region size 2048K, 2 young (4096K), 2 survivors (4096K)
 Metaspace       used 8417K, committed 8704K, reserved 1114112K
  class space    used 990K, committed 1152K, reserved 1048576K
}

Dll operation events (9 events):
Event: 0.005 Loaded shared library C:\Program Files\Java\jdk-21\bin\java.dll
Event: 0.031 Loaded shared library C:\Program Files\Java\jdk-21\bin\jsvml.dll
Event: 0.081 Loaded shared library C:\Users\12941\Desktop\数据结构课设\家谱系统\C_functions.dll
Event: 0.091 Loaded shared library C:\Program Files\Java\jdk-21\bin\jimage.dll
Event: 0.102 Loaded shared library C:\Program Files\Java\jdk-21\bin\awt.dll
Event: 0.201 Loaded shared library C:\Program Files\Java\jdk-21\bin\freetype.dll
Event: 0.202 Loaded shared library C:\Program Files\Java\jdk-21\bin\fontmanager.dll
Event: 0.727 Loaded shared library C:\Program Files\Java\jdk-21\bin\net.dll
Event: 0.727 Loaded shared library C:\Program Files\Java\jdk-21\bin\nio.dll

Deoptimization events (20 events):
Event: 11.642 Thread 0x000002571becc270 DEOPT PACKING pc=0x00000256c5f8d4b4 sp=0x000000866cefe5b0
Event: 11.642 Thread 0x000002571becc270 DEOPT UNPACKING pc=0x00000256c58646a2 sp=0x000000866cefe548 mode 2
Event: 13.478 Thread 0x000002571becc270 Uncommon trap: trap_request=0xffffff45 fr.pc=0x00000256c5fa9d98 relative=0x0000000000000158
Event: 13.478 Thread 0x000002571becc270 Uncommon trap: reason=unstable_if action=reinterpret pc=0x00000256c5fa9d98 method=java.lang.ThreadLocal$ThreadLocalMap.getEntry(Ljava/lang/ThreadLocal;)Ljava/lang/ThreadLocal$ThreadLocalMap$Entry; @ 21 c2
Event: 13.478 Thread 0x000002571becc270 DEOPT PACKING pc=0x00000256c5fa9d98 sp=0x000000866cefd800
Event: 13.479 Thread 0x000002571becc270 DEOPT UNPACKING pc=0x00000256c58646a2 sp=0x000000866cefd730 mode 2
Event: 13.484 Thread 0x000002571becc270 Uncommon trap: trap_request=0xffffffc6 fr.pc=0x00000256c5ffdb04 relative=0x0000000000000424
Event: 13.484 Thread 0x000002571becc270 Uncommon trap: reason=bimorphic_or_optimized_type_check action=maybe_recompile pc=0x00000256c5ffdb04 method=java.util.concurrent.ConcurrentHashMap.get(Ljava/lang/Object;)Ljava/lang/Object; @ 149 c2
Event: 13.484 Thread 0x000002571becc270 DEOPT PACKING pc=0x00000256c5ffdb04 sp=0x000000866cefdb00
Event: 13.484 Thread 0x000002571becc270 DEOPT UNPACKING pc=0x00000256c58646a2 sp=0x000000866cefda80 mode 2
Event: 16.044 Thread 0x000002571becc270 DEOPT PACKING pc=0x00000256be5ec8b4 sp=0x000000866cefcfe0
Event: 16.044 Thread 0x000002571becc270 DEOPT UNPACKING pc=0x00000256c5864e42 sp=0x000000866cefc4d0 mode 0
Event: 17.784 Thread 0x000002571becc270 Uncommon trap: trap_request=0xffffff6e fr.pc=0x00000256c6038b50 relative=0x0000000000000310
Event: 17.784 Thread 0x000002571becc270 Uncommon trap: reason=loop_limit_check action=maybe_recompile pc=0x00000256c6038b50 method=java.awt.EventDispatchThread.filterAndCheckEvent(Ljava/awt/AWTEvent;)Z @ 22 c2
Event: 17.784 Thread 0x000002571becc270 DEOPT PACKING pc=0x00000256c6038b50 sp=0x000000866ceff140
Event: 17.784 Thread 0x000002571becc270 DEOPT UNPACKING pc=0x00000256c58646a2 sp=0x000000866ceff0d0 mode 2
Event: 21.552 Thread 0x000002571becc270 Uncommon trap: trap_request=0xffffff45 fr.pc=0x00000256c5fd2f00 relative=0x0000000000000e20
Event: 21.552 Thread 0x000002571becc270 Uncommon trap: reason=unstable_if action=reinterpret pc=0x00000256c5fd2f00 method=java.awt.Container.findComponentAtImpl(IIZ)Ljava/awt/Component; @ 131 c2
Event: 21.552 Thread 0x000002571becc270 DEOPT PACKING pc=0x00000256c5fd2f00 sp=0x000000866cefee70
Event: 21.552 Thread 0x000002571becc270 DEOPT UNPACKING pc=0x00000256c58646a2 sp=0x000000866cefee40 mode 2

Classes loaded (20 events):
Event: 13.483 Loading class sun/java2d/marlin/DMarlinRenderingEngine$NormMode$3
Event: 13.483 Loading class sun/java2d/marlin/DMarlinRenderingEngine$NormMode$3 done
Event: 13.483 Loading class java/awt/geom/EllipseIterator
Event: 13.483 Loading class java/awt/geom/EllipseIterator done
Event: 13.483 Loading class sun/java2d/marlin/Helpers
Event: 13.483 Loading class sun/java2d/marlin/Helpers done
Event: 13.483 Loading class sun/java2d/marlin/ArrayCacheConst
Event: 13.483 Loading class sun/java2d/marlin/ArrayCacheConst done
Event: 13.483 Loading class java/lang/FdLibm$Cbrt
Event: 13.483 Loading class java/lang/FdLibm$Cbrt done
Event: 13.483 Loading class java/lang/FdLibm
Event: 13.483 Loading class java/lang/FdLibm done
Event: 14.020 Loading class java/security/DomainCombiner
Event: 14.020 Loading class java/security/DomainCombiner done
Event: 14.361 Loading class java/awt/Canvas
Event: 14.361 Loading class java/awt/Canvas done
Event: 14.361 Loading class java/awt/Scrollbar
Event: 14.361 Loading class java/awt/Adjustable
Event: 14.361 Loading class java/awt/Adjustable done
Event: 14.361 Loading class java/awt/Scrollbar done

Classes unloaded (0 events):
No events

Classes redefined (0 events):
No events

Internal exceptions (14 events):
Event: 0.095 Thread 0x00000256b3c41d70 Exception <a 'java/lang/ClassNotFoundException'{0x0000000714abcc80}: sun/awt/resources/spi/awtProvider> (0x0000000714abcc80) 
thrown [s\open\src\hotspot\share\classfile\systemDictionary.cpp, line 312]
Event: 0.108 Thread 0x00000256b3c41d70 Exception <a 'java/io/FileNotFoundException'{0x0000000714bf9388}> (0x0000000714bf9388) 
thrown [s\open\src\hotspot\share\prims\jni.cpp, line 520]
Event: 0.111 Thread 0x00000256b3c41d70 Exception <a 'java/io/FileNotFoundException'{0x0000000714823db8}> (0x0000000714823db8) 
thrown [s\open\src\hotspot\share\prims\jni.cpp, line 520]
Event: 0.158 Thread 0x00000256b3c41d70 Exception <a 'java/lang/NoSuchMethodError'{0x00000007148bcda0}: 'void java.lang.invoke.DirectMethodHandle$Holder.invokeSpecial(java.lang.Object, java.lang.Object, java.lang.Object)'> (0x00000007148bcda0) 
thrown [s\open\src\hotspot\share\interpreter\linkResolver.cpp, line 773]
Event: 0.162 Thread 0x00000256b3c41d70 Exception <a 'java/lang/NoSuchMethodError'{0x00000007149c42c0}: 'java.lang.Object java.lang.invoke.DirectMethodHandle$Holder.newInvokeSpecial(java.lang.Object, java.lang.Object, java.lang.Object, java.lang.Object, java.lang.Object)'> (0x00000007149c42c0) 
thrown [s\open\src\hotspot\share\interpreter\linkResolver.cpp, line 773]
Event: 0.165 Thread 0x00000256b3c41d70 Exception <a 'java/lang/NoSuchMethodError'{0x00000007149efed0}: 'java.lang.Object java.lang.invoke.DirectMethodHandle$Holder.invokeStatic(java.lang.Object, int, java.lang.Object)'> (0x00000007149efed0) 
thrown [s\open\src\hotspot\share\interpreter\linkResolver.cpp, line 773]
Event: 0.176 Thread 0x00000256b3c41d70 Exception <a 'java/lang/ClassNotFoundException'{0x000000071468faa0}: com/sun/swing/internal/plaf/metal/resources/spi/metalProvider> (0x000000071468faa0) 
thrown [s\open\src\hotspot\share\classfile\systemDictionary.cpp, line 312]
Event: 0.177 Thread 0x00000256b3c41d70 Exception <a 'java/lang/ClassNotFoundException'{0x0000000714695900}: com/sun/swing/internal/plaf/basic/resources/spi/basicProvider> (0x0000000714695900) 
thrown [s\open\src\hotspot\share\classfile\systemDictionary.cpp, line 312]
Event: 0.183 Thread 0x00000256b3c41d70 Exception <a 'java/lang/NoSuchMethodError'{0x00000007146b9340}: 'int java.lang.invoke.Invokers$Holder.invokeExact_MT(java.lang.Object, java.lang.Object)'> (0x00000007146b9340) 
thrown [s\open\src\hotspot\share\interpreter\linkResolver.cpp, line 773]
Event: 0.190 Thread 0x00000256d5f26be0 Exception <a 'java/lang/NoSuchMethodError'{0x0000000714960aa0}: 'void java.lang.invoke.DirectMethodHandle$Holder.invokeVirtual(java.lang.Object, java.lang.Object)'> (0x0000000714960aa0) 
thrown [s\open\src\hotspot\share\interpreter\linkResolver.cpp, line 773]
Event: 0.199 Thread 0x00000256b3c41d70 Exception <a 'java/lang/NoSuchMethodError'{0x00000007146de438}: 'void java.lang.invoke.DirectMethodHandle$Holder.invokeStaticInit(java.lang.Object)'> (0x00000007146de438) 
thrown [s\open\src\hotspot\share\interpreter\linkResolver.cpp, line 773]
Event: 0.204 Thread 0x00000256b3c41d70 Exception <a 'java/io/FileNotFoundException'{0x000000071475b8b0}> (0x000000071475b8b0) 
thrown [s\open\src\hotspot\share\prims\jni.cpp, line 520]
Event: 7.177 Thread 0x000002571becc270 Implicit null exception at 0x00000256c5fdda2c to 0x00000256c5fddd6e
Event: 13.478 Thread 0x000002571becc270 Implicit null exception at 0x00000256c5fa9ca6 to 0x00000256c5fa9d7c

ZGC Phase Switch (0 events):
No events

VM Operations (20 events):
Event: 9.604 Executing VM operation: Cleanup
Event: 9.604 Executing VM operation: Cleanup done
Event: 11.605 Executing VM operation: Cleanup
Event: 11.605 Executing VM operation: Cleanup done
Event: 12.605 Executing VM operation: Cleanup
Event: 12.605 Executing VM operation: Cleanup done
Event: 13.479 Executing VM operation: HandshakeAllThreads (Deoptimize)
Event: 13.479 Executing VM operation: HandshakeAllThreads (Deoptimize) done
Event: 14.483 Executing VM operation: Cleanup
Event: 14.483 Executing VM operation: Cleanup done
Event: 15.490 Executing VM operation: Cleanup
Event: 15.491 Executing VM operation: Cleanup done
Event: 16.495 Executing VM operation: Cleanup
Event: 16.495 Executing VM operation: Cleanup done
Event: 17.501 Executing VM operation: Cleanup
Event: 17.501 Executing VM operation: Cleanup done
Event: 18.504 Executing VM operation: Cleanup
Event: 18.504 Executing VM operation: Cleanup done
Event: 19.506 Executing VM operation: Cleanup
Event: 19.506 Executing VM operation: Cleanup done

Events (20 events):
Event: 0.137 Thread 0x00000256d5eedf50 Thread added: 0x00000256d5eedf50
Event: 0.138 Thread 0x00000256d5eefe00 Thread added: 0x00000256d5eefe00
Event: 0.139 Thread 0x00000256d5f26be0 Thread added: 0x00000256d5f26be0
Event: 0.191 Thread 0x000002571becc270 Thread added: 0x000002571becc270
Event: 0.723 Thread 0x00000256b3c41d70 Thread exited: 0x00000256b3c41d70
Event: 0.724 Thread 0x00000256b3c41d70 Thread added: 0x00000256b3c41d70
Event: 1.509 Thread 0x00000256d5a7de50 Thread exited: 0x00000256d5a7de50
Event: 3.635 Thread 0x00000256d5a7d780 Thread exited: 0x00000256d5a7d780
Event: 4.434 Thread 0x00000256d5a7c9e0 Thread added: 0x00000256d5a7c9e0
Event: 4.452 Thread 0x00000256d5a7ebf0 Thread added: 0x00000256d5a7ebf0
Event: 4.696 Thread 0x00000256d5a7c9e0 Thread exited: 0x00000256d5a7c9e0
Event: 8.399 Thread 0x0000025720a82f20 Thread added: 0x0000025720a82f20
Event: 11.642 Thread 0x00000256d5a7ebf0 Thread exited: 0x00000256d5a7ebf0
Event: 14.541 Thread 0x00000256d5a7d0b0 Thread exited: 0x00000256d5a7d0b0
Event: 14.755 Thread 0x00000256d5a7f990 Thread added: 0x00000256d5a7f990
Event: 14.755 Thread 0x00000256d5a80060 Thread added: 0x00000256d5a80060
Event: 14.755 Thread 0x00000256d5a7c9e0 Thread added: 0x00000256d5a7c9e0
Event: 15.842 Thread 0x00000256d5a7c9e0 Thread exited: 0x00000256d5a7c9e0
Event: 17.544 Thread 0x00000256d5a80060 Thread exited: 0x00000256d5a80060
Event: 18.229 Thread 0x00000256d5a7f990 Thread exited: 0x00000256d5a7f990


Dynamic libraries:
0x00007ff645b40000 - 0x00007ff645b50000 	C:\Program Files\Java\jdk-21\bin\java.exe
0x00007ffe8e2d0000 - 0x00007ffe8e4e7000 	C:\WINDOWS\SYSTEM32\ntdll.dll
0x00007ffe8cbe0000 - 0x00007ffe8cca4000 	C:\WINDOWS\System32\KERNEL32.DLL
0x00007ffe8ba00000 - 0x00007ffe8bda7000 	C:\WINDOWS\System32\KERNELBASE.dll
0x00007ffe8b710000 - 0x00007ffe8b821000 	C:\WINDOWS\System32\ucrtbase.dll
0x00007ffe86250000 - 0x00007ffe86269000 	C:\Program Files\Java\jdk-21\bin\jli.dll
0x00007ffe86220000 - 0x00007ffe8623b000 	C:\Program Files\Java\jdk-21\bin\VCRUNTIME140.dll
0x00007ffe8c0b0000 - 0x00007ffe8c162000 	C:\WINDOWS\System32\ADVAPI32.dll
0x00007ffe8d0a0000 - 0x00007ffe8d147000 	C:\WINDOWS\System32\msvcrt.dll
0x00007ffe8c000000 - 0x00007ffe8c0a8000 	C:\WINDOWS\System32\sechost.dll
0x00007ffe8bdb0000 - 0x00007ffe8bdd8000 	C:\WINDOWS\System32\bcrypt.dll
0x00007ffe8cac0000 - 0x00007ffe8cbd5000 	C:\WINDOWS\System32\RPCRT4.dll
0x00007ffe8cef0000 - 0x00007ffe8d09e000 	C:\WINDOWS\System32\USER32.dll
0x00007ffe8bfd0000 - 0x00007ffe8bff6000 	C:\WINDOWS\System32\win32u.dll
0x00007ffe8ca90000 - 0x00007ffe8cab9000 	C:\WINDOWS\System32\GDI32.dll
0x00007ffe697d0000 - 0x00007ffe69a63000 	C:\WINDOWS\WinSxS\amd64_microsoft.windows.common-controls_6595b64144ccf1df_6.0.22621.3527_none_270e469b73872a76\COMCTL32.dll
0x00007ffe8b5f0000 - 0x00007ffe8b709000 	C:\WINDOWS\System32\gdi32full.dll
0x00007ffe8b8f0000 - 0x00007ffe8b98a000 	C:\WINDOWS\System32\msvcp_win.dll
0x00007ffe7d050000 - 0x00007ffe7d05a000 	C:\WINDOWS\SYSTEM32\VERSION.dll
0x00007ffe8d3f0000 - 0x00007ffe8d421000 	C:\WINDOWS\System32\IMM32.DLL
0x00007ffe87460000 - 0x00007ffe8746c000 	C:\Program Files\Java\jdk-21\bin\vcruntime140_1.dll
0x00007ffe5e4b0000 - 0x00007ffe5e53e000 	C:\Program Files\Java\jdk-21\bin\msvcp140.dll
0x00007ffde9bb0000 - 0x00007ffdea8bd000 	C:\Program Files\Java\jdk-21\bin\server\jvm.dll
0x00007ffe8c230000 - 0x00007ffe8c2a1000 	C:\WINDOWS\System32\WS2_32.dll
0x00007ffe8a470000 - 0x00007ffe8a4bd000 	C:\WINDOWS\SYSTEM32\POWRPROF.dll
0x00007ffe7ff40000 - 0x00007ffe7ff74000 	C:\WINDOWS\SYSTEM32\WINMM.dll
0x00007ffe8a450000 - 0x00007ffe8a463000 	C:\WINDOWS\SYSTEM32\UMPDC.dll
0x00007ffe8a660000 - 0x00007ffe8a678000 	C:\WINDOWS\SYSTEM32\kernel.appcore.dll
0x00007ffe86210000 - 0x00007ffe8621a000 	C:\Program Files\Java\jdk-21\bin\jimage.dll
0x00007ffe88c70000 - 0x00007ffe88ea2000 	C:\WINDOWS\SYSTEM32\DBGHELP.DLL
0x00007ffe8c2d0000 - 0x00007ffe8c658000 	C:\WINDOWS\System32\combase.dll
0x00007ffe8ce10000 - 0x00007ffe8cee7000 	C:\WINDOWS\System32\OLEAUT32.dll
0x00007ffe7f220000 - 0x00007ffe7f252000 	C:\WINDOWS\SYSTEM32\dbgcore.DLL
0x00007ffe8bde0000 - 0x00007ffe8be59000 	C:\WINDOWS\System32\bcryptPrimitives.dll
0x00007ffe79f50000 - 0x00007ffe79f8c000 	C:\Program Files\Java\jdk-21\bin\jdwp.dll
0x00007ffe7a940000 - 0x00007ffe7a95f000 	C:\Program Files\Java\jdk-21\bin\java.dll
0x00007ffe8d430000 - 0x00007ffe8dc8c000 	C:\WINDOWS\System32\SHELL32.dll
0x00007ffe89520000 - 0x00007ffe89e16000 	C:\WINDOWS\SYSTEM32\windows.storage.dll
0x00007ffe893e0000 - 0x00007ffe8951e000 	C:\WINDOWS\SYSTEM32\wintypes.dll
0x00007ffe8dc90000 - 0x00007ffe8dd85000 	C:\WINDOWS\System32\SHCORE.dll
0x00007ffe8d300000 - 0x00007ffe8d35e000 	C:\WINDOWS\System32\shlwapi.dll
0x00007ffe8b520000 - 0x00007ffe8b541000 	C:\WINDOWS\SYSTEM32\profapi.dll
0x00007ffe46d40000 - 0x00007ffe46e17000 	C:\Program Files\Java\jdk-21\bin\jsvml.dll
0x00007ffe7cde0000 - 0x00007ffe7cdec000 	C:\Program Files\Java\jdk-21\bin\dt_socket.dll
0x00007ffe8a110000 - 0x00007ffe8a13d000 	C:\WINDOWS\SYSTEM32\IPHLPAPI.DLL
0x00007ffe8ab70000 - 0x00007ffe8abd9000 	C:\WINDOWS\system32\mswsock.dll
0x00007ffe8a180000 - 0x00007ffe8a278000 	C:\WINDOWS\SYSTEM32\DNSAPI.dll
0x00007ffe8c2c0000 - 0x00007ffe8c2c9000 	C:\WINDOWS\System32\NSI.dll
0x00007ffe602b0000 - 0x00007ffe602fb000 	C:\Program Files (x86)\Sangfor\SSL\ClientComponent\SangforNspX64.dll
0x00007ffe8d150000 - 0x00007ffe8d2f5000 	C:\WINDOWS\System32\ole32.dll
0x00007ffe8c220000 - 0x00007ffe8c228000 	C:\WINDOWS\System32\PSAPI.DLL
0x00007ffe7f6d0000 - 0x00007ffe7f6da000 	C:\Windows\System32\rasadhlp.dll
0x00007ffe80450000 - 0x00007ffe804d3000 	C:\WINDOWS\System32\fwpuclnt.dll
0x00000000624c0000 - 0x00000000624d7000 	C:\Users\12941\Desktop\数据结构课设\家谱系统\C_functions.dll
0x00007ffe46b20000 - 0x00007ffe46cae000 	C:\Program Files\Java\jdk-21\bin\awt.dll
0x00007ffe878c0000 - 0x00007ffe87957000 	C:\WINDOWS\SYSTEM32\apphelp.dll
0x00007ffe87dd0000 - 0x00007ffe87dfb000 	C:\WINDOWS\system32\DWMAPI.DLL
0x00007ffe87ce0000 - 0x00007ffe87d8b000 	C:\WINDOWS\system32\uxtheme.dll
0x00007ffdf7fc0000 - 0x00007ffdf80c0000 	C:\WINDOWS\system32\opengl32.dll
0x00007ffe67490000 - 0x00007ffe674bd000 	C:\WINDOWS\SYSTEM32\GLU32.dll
0x00007ffe88270000 - 0x00007ffe882a9000 	C:\WINDOWS\SYSTEM32\dxcore.dll
0x00007ffe8ccb0000 - 0x00007ffe8ce03000 	C:\WINDOWS\System32\MSCTF.dll
0x00007ffe5e420000 - 0x00007ffe5e4a7000 	C:\Program Files\Java\jdk-21\bin\freetype.dll
0x00007ffdf7ed0000 - 0x00007ffdf7fb1000 	C:\Program Files\Java\jdk-21\bin\fontmanager.dll
0x00007ffe6a070000 - 0x00007ffe6a1bb000 	C:\WINDOWS\SYSTEM32\textinputframework.dll
0x00007ffe87550000 - 0x00007ffe87683000 	C:\WINDOWS\SYSTEM32\CoreMessaging.dll
0x00007ffe825c0000 - 0x00007ffe8292c000 	C:\WINDOWS\SYSTEM32\CoreUIComponents.dll
0x00007ffe8adf0000 - 0x00007ffe8adfc000 	C:\WINDOWS\SYSTEM32\CRYPTBASE.DLL
0x00007ffe8c9e0000 - 0x00007ffe8ca90000 	C:\WINDOWS\System32\clbcatq.dll
0x00007ffe7a420000 - 0x00007ffe7a8a3000 	C:\WINDOWS\system32\SogouTSF.ime
0x00007ffe8be60000 - 0x00007ffe8bfc8000 	C:\WINDOWS\System32\CRYPT32.dll
0x00007ffe78ab0000 - 0x00007ffe78ab7000 	C:\WINDOWS\system32\MSIMG32.dll
0x00007ffdf4480000 - 0x00007ffdf5316000 	C:\WINDOWS\system32\SogouPY.ime
0x00007ffe81f20000 - 0x00007ffe82056000 	C:\WINDOWS\SYSTEM32\WINHTTP.dll
0x00007ffe69430000 - 0x00007ffe69499000 	C:\WINDOWS\SYSTEM32\OLEACC.dll
0x00007ffe8a720000 - 0x00007ffe8a754000 	C:\WINDOWS\SYSTEM32\ntmarta.dll
0x00007ffe79f90000 - 0x00007ffe7a035000 	C:\Program Files (x86)\SogouInput\Components\IChat\1.0.1.330\ichat_bundle64.dll
0x00007ffe8ac70000 - 0x00007ffe8ac98000 	C:\WINDOWS\SYSTEM32\USERENV.dll
0x0000000010000000 - 0x000000001059c000 	C:\Program Files (x86)\SogouInput\14.4.0.9382\Resource.dll
0x00007ffdf73e0000 - 0x00007ffdf767e000 	C:\Program Files (x86)\SogouInput\Components\PicFace\1.1.0.2129\PicFace64.dll
0x00007ffe8c8a0000 - 0x00007ffe8c997000 	C:\WINDOWS\System32\COMDLG32.dll
0x00007ffe6aae0000 - 0x00007ffe6ab90000 	C:\WINDOWS\SYSTEM32\TextShaping.dll
0x00007ffe7b830000 - 0x00007ffe7b840000 	C:\Program Files\Java\jdk-21\bin\net.dll
0x00007ffe672d0000 - 0x00007ffe672e6000 	C:\Program Files\Java\jdk-21\bin\nio.dll
0x00007ffe86820000 - 0x00007ffe869d0000 	C:\WINDOWS\SYSTEM32\WindowsCodecs.dll
0x00007ffe49510000 - 0x00007ffe4956e000 	C:\WINDOWS\system32\dataexchange.dll
0x00007ffe7f700000 - 0x00007ffe7f98b000 	C:\WINDOWS\system32\twinapi.appcore.dll
0x00007ffe8add0000 - 0x00007ffe8adeb000 	C:\WINDOWS\SYSTEM32\CRYPTSP.dll
0x00007ffe8a680000 - 0x00007ffe8a6b5000 	C:\WINDOWS\system32\rsaenh.dll

dbghelp: loaded successfully - version: 4.0.5 - missing functions: none
symbol engine: initialized successfully - sym options: 0x614 - pdb path: .;C:\Program Files\Java\jdk-21\bin;C:\WINDOWS\SYSTEM32;C:\WINDOWS\WinSxS\amd64_microsoft.windows.common-controls_6595b64144ccf1df_6.0.22621.3527_none_270e469b73872a76;C:\Program Files\Java\jdk-21\bin\server;C:\Program Files (x86)\Sangfor\SSL\ClientComponent;C:\Users\12941\Desktop\数据结构课?C:\Users\12941\Desktop\数据结;C:\Users\12941\Desktop\数?C:\Users\12941\Desktop\数;C:\Users\12941\Desktop\数据结构课设\家谱系统;C:\Program Files (x86)\SogouInput\Components\IChat\1.0.1.330;C:\Program Files (x86)\SogouInput\14.4.0.9382;C:\Program Files (x86)\SogouInput\Component;C:\Program Files (x86)\SogouInput\Component;C:\Program Files (x86)\SogouInput\Component

VM Arguments:
jvm_args: -agentlib:jdwp=transport=dt_socket,server=n,suspend=y,address=localhost:52137 -XX:+ShowCodeDetailsInExceptionMessages 
java_command: JavaGUI
java_class_path (initial): C:\Users\12941\AppData\Roaming\Code\User\workspaceStorage\0f194ae5830107a5d0215c206e3144b0\redhat.java\jdt_ws\家谱系统_b81b9573\bin
Launcher Type: SUN_STANDARD

[Global flags]
     intx CICompilerCount                          = 12                                        {product} {ergonomic}
     uint ConcGCThreads                            = 3                                         {product} {ergonomic}
     uint G1ConcRefinementThreads                  = 13                                        {product} {ergonomic}
   size_t G1HeapRegionSize                         = 2097152                                   {product} {ergonomic}
    uintx GCDrainStackTargetSize                   = 64                                        {product} {ergonomic}
   size_t InitialHeapSize                          = 264241152                                 {product} {ergonomic}
   size_t MarkStackSize                            = 4194304                                   {product} {ergonomic}
   size_t MaxHeapSize                              = 4208984064                                {product} {ergonomic}
   size_t MaxNewSize                               = 2524971008                                {product} {ergonomic}
   size_t MinHeapDeltaBytes                        = 2097152                                   {product} {ergonomic}
   size_t MinHeapSize                              = 8388608                                   {product} {ergonomic}
    uintx NonNMethodCodeHeapSize                   = 7602480                                {pd product} {ergonomic}
    uintx NonProfiledCodeHeapSize                  = 122027880                              {pd product} {ergonomic}
    uintx ProfiledCodeHeapSize                     = 122027880                              {pd product} {ergonomic}
    uintx ReservedCodeCacheSize                    = 251658240                              {pd product} {ergonomic}
     bool SegmentedCodeCache                       = true                                      {product} {ergonomic}
     bool ShowCodeDetailsInExceptionMessages       = true                                   {manageable} {command line}
   size_t SoftMaxHeapSize                          = 4208984064                             {manageable} {ergonomic}
     bool UseCompressedOops                        = true                           {product lp64_product} {ergonomic}
     bool UseG1GC                                  = true                                      {product} {ergonomic}
     bool UseLargePagesIndividualAllocation        = false                                  {pd product} {ergonomic}

Logging:
Log output configuration:
 #0: stdout all=warning uptime,level,tags foldmultilines=false
 #1: stderr all=off uptime,level,tags foldmultilines=false

Environment Variables:
CLASSPATH=.;%JAVA_HOME%\lib\dt.jar;%JAVA_HOME%\lib\tools.jar;%JAVA_HOME%\lib;
PATH=C:\Program Files\Common Files\Oracle\Java\javapath;C:\Program Files (x86)\Common Files\Oracle\Java\java8path;C:\Program Files (x86)\Common Files\Oracle\Java\javapath;C:\windows\system32;C:\windows;C:\windows\System32\Wbem;C:\windows\System32\WindowsPowerShell\v1.0\;C:\windows\System32\OpenSSH\;C:\Program Files (x86)\NVIDIA Corporation\PhysX\Common;C:\Program Files\NVIDIA Corporation\NVIDIA NvDLISR;C:\WINDOWS\system32;C:\WINDOWS;C:\WINDOWS\System32\Wbem;C:\WINDOWS\System32\WindowsPowerShell\v1.0\;C:\WINDOWS\System32\OpenSSH\;C:\Users\12941\anaconda3;C:\Users\12941\anaconda3\Scripts;C:\Users\12941\anaconda3\include;C:\mingw64\bin;C:\Program Files\Microsoft SQL Server\150\Tools\Binn\;C:\Program Files\Microsoft SQL Server\Client SDK\ODBC\170\Tools\Binn\;C:\Program Files\Git\cmd;C:\Users\12941\Desktop\Biotech\mafft-win;C:\Program Files (x86)\NetSarang\Xftp 7\;C:\Program Files (x86)\NetSarang\Xshell 7\;C:\Program Files (x86)\Microsoft SQL Server\160\Tools\Binn\;C:\Program Files\Microsoft SQL Server\160\Tools\Binn\;C:\Program Files\Microsoft SQL Server\160\DTS\Binn\;C:\Program Files\dotnet\;C:\Users\12941\Desktop\Biotech\Blast\blast-2.15.0+\bin;C:\Users\12941\AppData\Local\Microsoft\WindowsApps;C:\Users\12941\AppData\Local\GitHubDesktop\bin;C:\Program Files\JetBrains\PyCharm Community Edition 2023.3.2\bin;;C:\Users\12941\.dotnet\tools;%JAVA_HOME%\bin;C:\Users\12941\AppData\Local\Programs\Microsoft VS Code\bin
USERNAME=12941
LANG=zh_CN.UTF-8
OS=Windows_NT
PROCESSOR_IDENTIFIER=Intel64 Family 6 Model 154 Stepping 3, GenuineIntel
TMP=C:\Users\12941\AppData\Local\Temp
TEMP=C:\Users\12941\AppData\Local\Temp




Periodic native trim disabled

---------------  S Y S T E M  ---------------

OS:
 Windows 11 , 64 bit Build 22621 (10.0.22621.3527)
OS uptime: 0 days 12:24 hours

CPU: total 16 (initial active 16) (8 cores per cpu, 2 threads per core) family 6 model 154 stepping 3 microcode 0x42c, cx8, cmov, fxsr, ht, mmx, 3dnowpref, sse, sse2, sse3, ssse3, sse4.1, sse4.2, popcnt, lzcnt, tsc, tscinvbit, avx, avx2, aes, erms, clmul, bmi1, bmi2, adx, sha, fma, vzeroupper, clflush, clflushopt, clwb, serialize, rdtscp, rdpid, fsrm, f16c, pku, cet_ibt, cet_ss
Processor Information for processor 0
  Max Mhz: 2500, Current Mhz: 2500, Mhz Limit: 2500
Processor Information for processor 1
  Max Mhz: 2500, Current Mhz: 2500, Mhz Limit: 2500
Processor Information for processor 2
  Max Mhz: 2500, Current Mhz: 2500, Mhz Limit: 2500
Processor Information for processor 3
  Max Mhz: 2500, Current Mhz: 2500, Mhz Limit: 2500
Processor Information for processor 4
  Max Mhz: 2500, Current Mhz: 2500, Mhz Limit: 2500
Processor Information for processor 5
  Max Mhz: 2500, Current Mhz: 2500, Mhz Limit: 2500
Processor Information for processor 6
  Max Mhz: 2500, Current Mhz: 2500, Mhz Limit: 2500
Processor Information for processor 7
  Max Mhz: 2500, Current Mhz: 2500, Mhz Limit: 2500
Processor Information for processor 8
  Max Mhz: 2500, Current Mhz: 1800, Mhz Limit: 1800
Processor Information for processor 9
  Max Mhz: 2500, Current Mhz: 1800, Mhz Limit: 1800
Processor Information for processor 10
  Max Mhz: 2500, Current Mhz: 1800, Mhz Limit: 1800
Processor Information for processor 11
  Max Mhz: 2500, Current Mhz: 1800, Mhz Limit: 1800
Processor Information for processor 12
  Max Mhz: 2500, Current Mhz: 1800, Mhz Limit: 1800
Processor Information for processor 13
  Max Mhz: 2500, Current Mhz: 1800, Mhz Limit: 1800
Processor Information for processor 14
  Max Mhz: 2500, Current Mhz: 1800, Mhz Limit: 1800
Processor Information for processor 15
  Max Mhz: 2500, Current Mhz: 1800, Mhz Limit: 1800

Memory: 4k page, system-wide physical 16052M (3695M free)
TotalPageFile size 21172M (AvailPageFile size 4696M)
current process WorkingSet (physical memory assigned to process): 161M, peak: 168M
current process commit charge ("private bytes"): 413M, peak: 421M

vm_info: Java HotSpot(TM) 64-Bit Server VM (21.0.3+7-LTS-152) for windows-amd64 JRE (21.0.3+7-LTS-152), built on 2024-03-11T17:42:26Z by "mach5one" with MS VC++ 17.6 (VS2022)

END.
