#
# A fatal error has been detected by the Java Runtime Environment:
#
#  EXCEPTION_ACCESS_VIOLATION (0xc0000005) at pc=0x00000000624c27ef, pid=10280, tid=6284
#
# JRE version: Java(TM) SE Runtime Environment (21.0.1+12) (build 21.0.1+12-LTS-29)
# Java VM: Java HotSpot(TM) 64-Bit Server VM (21.0.1+12-LTS-29, mixed mode, sharing, tiered, compressed oops, compressed class ptrs, g1 gc, windows-amd64)
# Problematic frame:
# C  [C_functions.dll+0x27ef]
#
# No core dump will be written. Minidumps are not enabled by default on client versions of Windows
#
# If you would like to submit a bug report, please visit:
#   https://bugreport.java.com/bugreport/crash.jsp
# The crash happened outside the Java Virtual Machine in native code.
# See problematic frame for where to report the bug.
#

---------------  S U M M A R Y ------------

Command Line: JavaGUI

Host: 11th Gen Intel(R) Core(TM) i5-11400H @ 2.70GHz, 12 cores, 15G,  Windows 10 , 64 bit Build 19041 (10.0.19041.3636)
Time: Sat Jun  8 23:39:17 2024  Windows 10 , 64 bit Build 19041 (10.0.19041.3636) elapsed time: 3.346242 seconds (0d 0h 0m 3s)

---------------  T H R E A D  ---------------

Current thread (0x000002ba309d49c0):  JavaThread "AWT-EventQueue-0"        [_thread_in_native, id=6284, stack(0x000000f4af500000,0x000000f4af600000) (1024K)]

Stack: [0x000000f4af500000,0x000000f4af600000],  sp=0x000000f4af5fe040,  free space=1016k
Native frames: (J=compiled Java code, j=interpreted, Vv=VM code, C=native code)
C  [C_functions.dll+0x27ef]

Java frames: (J=compiled Java code, j=interpreted, Vv=VM code)
j  JavaGUI.sortByBirth(J)Ljava/lang/String;+0
j  MyActionListener.actionPerformed(Ljava/awt/event/ActionEvent;)V+611
j  javax.swing.AbstractButton.fireActionPerformed(Ljava/awt/event/ActionEvent;)V+84 java.desktop@21.0.1
j  javax.swing.AbstractButton$Handler.actionPerformed(Ljava/awt/event/ActionEvent;)V+5 java.desktop@21.0.1
j  javax.swing.DefaultButtonModel.fireActionPerformed(Ljava/awt/event/ActionEvent;)V+34 java.desktop@21.0.1
j  javax.swing.DefaultButtonModel.setPressed(Z)V+117 java.desktop@21.0.1
j  javax.swing.plaf.basic.BasicButtonListener.mouseReleased(Ljava/awt/event/MouseEvent;)V+35 java.desktop@21.0.1
j  java.awt.Component.processMouseEvent(Ljava/awt/event/MouseEvent;)V+64 java.desktop@21.0.1
j  javax.swing.JComponent.processMouseEvent(Ljava/awt/event/MouseEvent;)V+23 java.desktop@21.0.1
j  java.awt.Component.processEvent(Ljava/awt/AWTEvent;)V+81 java.desktop@21.0.1
j  java.awt.Container.processEvent(Ljava/awt/AWTEvent;)V+18 java.desktop@21.0.1
j  java.awt.Component.dispatchEventImpl(Ljava/awt/AWTEvent;)V+504 java.desktop@21.0.1
j  java.awt.Container.dispatchEventImpl(Ljava/awt/AWTEvent;)V+42 java.desktop@21.0.1
j  java.awt.Component.dispatchEvent(Ljava/awt/AWTEvent;)V+2 java.desktop@21.0.1
j  java.awt.LightweightDispatcher.retargetMouseEvent(Ljava/awt/Component;ILjava/awt/event/MouseEvent;)V+349 java.desktop@21.0.1
j  java.awt.LightweightDispatcher.processMouseEvent(Ljava/awt/event/MouseEvent;)Z+155 java.desktop@21.0.1
j  java.awt.LightweightDispatcher.dispatchEvent(Ljava/awt/AWTEvent;)Z+50 java.desktop@21.0.1
j  java.awt.Container.dispatchEventImpl(Ljava/awt/AWTEvent;)V+12 java.desktop@21.0.1
j  java.awt.Window.dispatchEventImpl(Ljava/awt/AWTEvent;)V+19 java.desktop@21.0.1
j  java.awt.Component.dispatchEvent(Ljava/awt/AWTEvent;)V+2 java.desktop@21.0.1
j  java.awt.EventQueue.dispatchEventImpl(Ljava/awt/AWTEvent;Ljava/lang/Object;)V+41 java.desktop@21.0.1
j  java.awt.EventQueue$4.run()Ljava/lang/Void;+32 java.desktop@21.0.1
j  java.awt.EventQueue$4.run()Ljava/lang/Object;+1 java.desktop@21.0.1
J 1256 c1 java.security.ProtectionDomain$JavaSecurityAccessImpl.doIntersectionPrivilege(Ljava/security/PrivilegedAction;Ljava/security/AccessControlContext;Ljava/security/AccessControlContext;)Ljava/lang/Object; java.base@21.0.1 (22 bytes) @ 0x000002ba19295bfc [0x000002ba19295940+0x00000000000002bc]
j  java.security.ProtectionDomain$JavaSecurityAccessImpl.doIntersectionPrivilege(Ljava/security/PrivilegedAction;Ljava/security/AccessControlContext;)Ljava/lang/Object;+6 java.base@21.0.1
j  java.awt.EventQueue$5.run()Ljava/lang/Void;+11 java.desktop@21.0.1
j  java.awt.EventQueue$5.run()Ljava/lang/Object;+1 java.desktop@21.0.1
J 1256 c1 java.security.ProtectionDomain$JavaSecurityAccessImpl.doIntersectionPrivilege(Ljava/security/PrivilegedAction;Ljava/security/AccessControlContext;Ljava/security/AccessControlContext;)Ljava/lang/Object; java.base@21.0.1 (22 bytes) @ 0x000002ba19295bfc [0x000002ba19295940+0x00000000000002bc]
j  java.awt.EventQueue.dispatchEvent(Ljava/awt/AWTEvent;)V+73 java.desktop@21.0.1
j  java.awt.EventDispatchThread.pumpOneEventForFilters(I)V+81 java.desktop@21.0.1
j  java.awt.EventDispatchThread.pumpEventsForFilter(ILjava/awt/Conditional;Ljava/awt/EventFilter;)V+35 java.desktop@21.0.1
j  java.awt.EventDispatchThread.pumpEventsForHierarchy(ILjava/awt/Conditional;Ljava/awt/Component;)V+11 java.desktop@21.0.1
j  java.awt.EventDispatchThread.pumpEvents(ILjava/awt/Conditional;)V+4 java.desktop@21.0.1
j  java.awt.EventDispatchThread.pumpEvents(Ljava/awt/Conditional;)V+3 java.desktop@21.0.1
j  java.awt.EventDispatchThread.run()V+9 java.desktop@21.0.1
v  ~StubRoutines::call_stub 0x000002ba205d10e7

siginfo: EXCEPTION_ACCESS_VIOLATION (0xc0000005), reading address 0x0000000000000008


Registers:
RAX=0x0000000000000000, RBX=0x00007ffc2e2cc070, RCX=0x00000000ffffffff, RDX=0x0000000000000020
RSP=0x000000f4af5fe040, RBP=0x000000f4af5fe0c0, RSI=0x0000000712bdd270, RDI=0x000002ba726a7340
R8 =0x00007ffc8b885940, R9 =0x000000f4af5fc4b0, R10=0x0000000000000000, R11=0x0000000000000246
R12=0x0000000000000000, R13=0x000002ba72400770, R14=0x000000f4af5fe198, R15=0x000002ba309d49c0
RIP=0x00000000624c27ef, EFLAGS=0x0000000000010206


Register to memory mapping:

RAX=0x0 is null
RBX=0x00007ffc2e2cc070 jvm.dll
RCX=0x00000000ffffffff is an unknown value
RDX=0x0000000000000020 is an unknown value
RSP=0x000000f4af5fe040 is pointing into the stack for thread: 0x000002ba309d49c0
RBP=0x000000f4af5fe0c0 is pointing into the stack for thread: 0x000002ba309d49c0
RSI=0x0000000712bdd270 is an oop: java.security.AccessControlContext 
{0x0000000712bdd270} - klass: 'java/security/AccessControlContext'
 - ---- fields (total size 5 words):
 - private 'isPrivileged' 'Z' @12  true (0x01)
 - private 'isAuthorized' 'Z' @13  false (0x00)
 - private 'isWrapped' 'Z' @14  false (0x00)
 - private 'isLimited' 'Z' @15  false (0x00)
 - private 'context' '[Ljava/security/ProtectionDomain;' @16  a 'java/security/ProtectionDomain'[1] {0x0000000713949490} (0xe2729292)
 - private 'privilegedContext' 'Ljava/security/AccessControlContext;' @20  a 'java/security/AccessControlContext'{0x0000000712bdd248} (0xe257ba49)
 - private 'combiner' 'Ljava/security/DomainCombiner;' @24  null (0x00000000)
 - private 'permissions' '[Ljava/security/Permission;' @28  null (0x00000000)
 - private 'parent' 'Ljava/security/AccessControlContext;' @32  null (0x00000000)
 - private 'limitedContext' '[Ljava/security/ProtectionDomain;' @36  null (0x00000000)
RDI=0x000002ba726a7340 is pointing into metadata
R8 =0x00007ffc8b885940 msvcrt.dll
R9 =0x000000f4af5fc4b0 is pointing into the stack for thread: 0x000002ba309d49c0
R10=0x0 is null
R11=0x0000000000000246 is an unknown value
R12=0x0 is null
R13={method} {0x000002ba72400778} 'sortByBirth' '(J)Ljava/lang/String;' in 'JavaGUI'
R14=0x000000f4af5fe198 is pointing into the stack for thread: 0x000002ba309d49c0
R15=0x000002ba309d49c0 is a thread

Top of Stack: (sp=0x000000f4af5fe040)
0x000000f4af5fe040:   00007ffc2e2cc070 0000000712bdd270
0x000000f4af5fe050:   000002ba726a7340 000000f4af5fe198
0x000000f4af5fe060:   000002ba305c19e0 000002ba305bfac0
0x000000f4af5fe070:   00000006726a7340 0000000400000178
0x000000f4af5fe080:   000002ba309d49c0 000002ba726a7340
0x000000f4af5fe090:   000000f4af5fe120 00000000624c3b79
0x000000f4af5fe0a0:   000002ba0ebed410 000002ba205dcd7c
0x000000f4af5fe0b0:   000002ba72400770 000002ba72400770
0x000000f4af5fe0c0:   000002ba309d49c0 000002ba72400770
0x000000f4af5fe0d0:   000000f4af5fe168 000002ba205dcf0b
0x000000f4af5fe0e0:   000002ba309d4d78 000000f4af5fe198
0x000000f4af5fe0f0:   000002ba0ebed410 0000000712bdd270
0x000000f4af5fe100:   000000f4af5ff510 00007ffc2e2519b9
0x000000f4af5fe110:   000002ba309d49c0 000002ba205dcb9f
0x000000f4af5fe120:   000000f4af5fe120 000002ba72400770
0x000000f4af5fe130:   0000000000000006 000002ba72400f18
0x000000f4af5fe140:   0000000000000000 000000071380da50
0x000000f4af5fe150:   000002ba72400770 0000000000000000
0x000000f4af5fe160:   000000f4af5fe188 000000f4af5fe1f0
0x000000f4af5fe170:   000002ba205d89b8 0000000000000000
0x000000f4af5fe180:   000002ba205da39a 000002ba0ebed410
0x000000f4af5fe190:   0000000000000000 0000000712bdd4d0
0x000000f4af5fe1a0:   0000000713515fa0 000000f4af5fe1a8
0x000000f4af5fe1b0:   000002ba7242829b 0000000000000016
0x000000f4af5fe1c0:   000002ba72426dd8 0000000000000000
0x000000f4af5fe1d0:   000000071346f658 000002ba72429d00
0x000000f4af5fe1e0:   000000f4af5fe188 000000f4af5fe298
0x000000f4af5fe1f0:   000000f4af5fe2f0 000002ba205d8cd2
0x000000f4af5fe200:   0000000000000000 0000000000000000
0x000000f4af5fe210:   0000000000000000 0000000000000000
0x000000f4af5fe220:   0000000000000000 0000000000000000
0x000000f4af5fe230:   0000000000000000 0000000000000000 

Instructions: (pc=0x00000000624c27ef)
0x00000000624c26ef:   7d f8 00 74 08 48 8b 45 f8 48 89 45 18 48 8b 45
0x00000000624c26ff:   18 48 83 c4 30 5d c3 55 48 89 e5 48 83 ec 10 48
0x00000000624c270f:   89 4d 10 48 89 55 18 48 8b 45 10 48 8b 00 48 89
0x00000000624c271f:   45 f8 48 8b 45 18 48 8b 10 48 8b 45 10 48 89 10
0x00000000624c272f:   48 8b 45 18 48 8b 55 f8 48 89 10 90 48 83 c4 10
0x00000000624c273f:   5d c3 55 57 48 83 ec 48 48 8d ac 24 80 00 00 00
0x00000000624c274f:   48 89 4d e0 48 8b 4d e0 e8 9b fe ff ff 89 45 b4
0x00000000624c275f:   8b 45 b4 89 c2 48 8d 0d 49 4a 00 00 e8 58 2a 00
0x00000000624c276f:   00 83 7d b4 00 75 0c 48 8d 05 83 48 00 00 e9 ae
0x00000000624c277f:   01 00 00 8b 55 b4 89 d0 c1 e0 02 01 d0 48 98 48
0x00000000624c278f:   89 c1 e8 3a 2a 00 00 48 89 45 a8 8b 45 b4 48 98
0x00000000624c279f:   48 c1 e0 03 48 89 c1 e8 25 2a 00 00 48 89 45 a0
0x00000000624c27af:   8b 55 b4 48 8b 45 a0 41 89 d1 41 b8 00 00 00 00
0x00000000624c27bf:   48 89 c2 48 8b 4d e0 e8 81 fe ff ff 48 89 45 a0
0x00000000624c27cf:   c7 45 bc 00 00 00 00 eb 27 8b 45 bc 48 98 48 8d
0x00000000624c27df:   14 c5 00 00 00 00 48 8b 45 a0 48 01 d0 48 8b 00
0x00000000624c27ef:   48 8b 40 08 48 89 c1 e8 c5 29 00 00 83 45 bc 01
0x00000000624c27ff:   8b 45 bc 3b 45 b4 7c d1 48 8d 0d ab 49 00 00 e8
0x00000000624c280f:   ad 29 00 00 c7 45 bc 00 00 00 00 e9 80 00 00 00
0x00000000624c281f:   8b 45 bc 89 45 b8 eb 6c 8b 45 bc 48 98 48 8d 14
0x00000000624c282f:   c5 00 00 00 00 48 8b 45 a0 48 01 d0 48 8b 00 8b
0x00000000624c283f:   50 04 8b 45 b8 48 98 48 8d 0c c5 00 00 00 00 48
0x00000000624c284f:   8b 45 a0 48 01 c8 48 8b 00 8b 40 04 39 c2 7e 30
0x00000000624c285f:   8b 45 b8 48 98 48 8d 14 c5 00 00 00 00 48 8b 45
0x00000000624c286f:   a0 48 01 c2 8b 45 bc 48 98 48 8d 0c c5 00 00 00
0x00000000624c287f:   00 48 8b 45 a0 48 01 c8 48 89 c1 e8 77 fe ff ff
0x00000000624c288f:   83 45 b8 01 8b 45 b8 3b 45 b4 7c 8c 83 45 bc 01
0x00000000624c289f:   8b 45 bc 3b 45 b4 0f 8c 74 ff ff ff 48 8b 45 a0
0x00000000624c28af:   48 8b 00 48 8b 50 08 48 8b 45 a8 48 89 c1 e8 d6
0x00000000624c28bf:   28 00 00 c7 45 bc 01 00 00 00 eb 59 48 8b 45 a8
0x00000000624c28cf:   48 c7 c1 ff ff ff ff 48 89 c2 b8 00 00 00 00 48
0x00000000624c28df:   89 d7 f2 ae 48 89 c8 48 f7 d0 48 8d 50 ff 48 8b 


Stack slot to memory mapping:

stack at sp + 0 slots: 0x00007ffc2e2cc070 jvm.dll
stack at sp + 1 slots: 0x0000000712bdd270 is an oop: java.security.AccessControlContext 
{0x0000000712bdd270} - klass: 'java/security/AccessControlContext'
 - ---- fields (total size 5 words):
 - private 'isPrivileged' 'Z' @12  true (0x01)
 - private 'isAuthorized' 'Z' @13  false (0x00)
 - private 'isWrapped' 'Z' @14  false (0x00)
 - private 'isLimited' 'Z' @15  false (0x00)
 - private 'context' '[Ljava/security/ProtectionDomain;' @16  a 'java/security/ProtectionDomain'[1] {0x0000000713949490} (0xe2729292)
 - private 'privilegedContext' 'Ljava/security/AccessControlContext;' @20  a 'java/security/AccessControlContext'{0x0000000712bdd248} (0xe257ba49)
 - private 'combiner' 'Ljava/security/DomainCombiner;' @24  null (0x00000000)
 - private 'permissions' '[Ljava/security/Permission;' @28  null (0x00000000)
 - private 'parent' 'Ljava/security/AccessControlContext;' @32  null (0x00000000)
 - private 'limitedContext' '[Ljava/security/ProtectionDomain;' @36  null (0x00000000)
stack at sp + 2 slots: 0x000002ba726a7340 is pointing into metadata
stack at sp + 3 slots: 0x000000f4af5fe198 is pointing into the stack for thread: 0x000002ba309d49c0
stack at sp + 4 slots: 0x000002ba305c19e0 points into unknown readable memory: 0x000002ba0ebed410 | 10 d4 be 0e ba 02 00 00
stack at sp + 5 slots: 0x000002ba305bfac0 points into unknown readable memory: 0x0000000000000000 | 00 00 00 00 00 00 00 00
stack at sp + 6 slots: 0x00000006726a7340 is an unknown value
stack at sp + 7 slots: 0x0000000400000178 is an unknown value


Compiled method (c1)    3361 1256       3       java.security.ProtectionDomain$JavaSecurityAccessImpl::doIntersectionPrivilege (22 bytes)
 total in heap  [0x000002ba19295710,0x000002ba19296100] = 2544
 relocation     [0x000002ba19295870,0x000002ba19295930] = 192
 main code      [0x000002ba19295940,0x000002ba19295e58] = 1304
 stub code      [0x000002ba19295e58,0x000002ba19295ee8] = 144
 metadata       [0x000002ba19295ee8,0x000002ba19295f08] = 32
 scopes data    [0x000002ba19295f08,0x000002ba19295fe8] = 224
 scopes pcs     [0x000002ba19295fe8,0x000002ba192960e8] = 256
 dependencies   [0x000002ba192960e8,0x000002ba192960f0] = 8
 nul chk table  [0x000002ba192960f0,0x000002ba19296100] = 16

[Constant Pool (empty)]

[MachCode]
[Entry Point]
  # {method} {0x000002ba3111c670} 'doIntersectionPrivilege' '(Ljava/security/PrivilegedAction;Ljava/security/AccessControlContext;Ljava/security/AccessControlContext;)Ljava/lang/Object;' in 'java/security/ProtectionDomain$JavaSecurityAccessImpl'
  # this:     rdx:rdx   = 'java/security/ProtectionDomain$JavaSecurityAccessImpl'
  # parm0:    r8:r8     = 'java/security/PrivilegedAction'
  # parm1:    r9:r9     = 'java/security/AccessControlContext'
  # parm2:    rdi:rdi   = 'java/security/AccessControlContext'
  #           [sp+0xa0]  (sp of caller)
  0x000002ba19295940: 448b 5208 | 49bb 0000 | 0031 ba02 | 0000 4d03 | d34c 3bd0 

  0x000002ba19295954: ;   {runtime_call ic_miss_stub}
  0x000002ba19295954: 0f85 2690 | 3807 660f | 1f44 0000 
[Verified Entry Point]
  0x000002ba19295960: 8984 2400 | 80ff ff55 | 4881 ec90 | 0000 0090 | 4181 7f20 | 0100 0000 

  0x000002ba19295978: ;   {runtime_call StubRoutines (final stubs)}
  0x000002ba19295978: 7405 e801 

  0x000002ba1929597c: ;   {metadata(method data for {method} {0x000002ba3111c670} 'doIntersectionPrivilege' '(Ljava/security/PrivilegedAction;Ljava/security/AccessControlContext;Ljava/security/AccessControlContext;)Ljava/lang/Object;' in 'java/security/ProtectionDomain$JavaSecurityAccessImpl')}
  0x000002ba1929597c: 0437 0748 | beb0 8679 | 72ba 0200 | 008b 9ecc | 0000 0083 | c302 899e | cc00 0000 | 81e3 fe07 
  0x000002ba1929599c: 0000 83fb | 000f 849a | 0300 0049 

  0x000002ba192959a8: ;   {metadata(method data for {method} {0x000002ba3111c670} 'doIntersectionPrivilege' '(Ljava/security/PrivilegedAction;Ljava/security/AccessControlContext;Ljava/security/AccessControlContext;)Ljava/lang/Object;' in 'java/security/ProtectionDomain$JavaSecurityAccessImpl')}
  0x000002ba192959a8: 83f8 0048 | bab0 8679 | 72ba 0200 | 0048 be20 | 0100 0000 | 0000 000f | 840a 0000 | 0048 be10 
  0x000002ba192959c8: 0100 0000 | 0000 0048 | 8b1c 3248 | 8d5b 0148 | 891c 320f | 84c2 0200 | 004c 8944 

  0x000002ba192959e4: ;   {metadata(method data for {method} {0x000002ba3111c670} 'doIntersectionPrivilege' '(Ljava/security/PrivilegedAction;Ljava/security/AccessControlContext;Ljava/security/AccessControlContext;)Ljava/lang/Object;' in 'java/security/ProtectionDomain$JavaSecurityAccessImpl')}
  0x000002ba192959e4: 2460 48ba | b086 7972 | ba02 0000 | 4883 8240 | 0100 0001 | 488b d74d 

  0x000002ba192959fc: ;   {static_call}
  0x000002ba192959fc: 8bc1 90e8 

  0x000002ba19295a00: ; ImmutableOopMap {[96]=Oop }
                      ;*invokestatic getCombinedACC {reexecute=0 rethrow=0 return_oop=0}
                      ; - java.security.ProtectionDomain$JavaSecurityAccessImpl::doIntersectionPrivilege@15 (line 89)
  0x000002ba19295a00: dc08 0000 

  0x000002ba19295a04: ;   {other}
  0x000002ba19295a04: 0f1f 8400 | f402 0000 

  0x000002ba19295a0c: ;   {metadata(method data for {method} {0x000002ba3111c670} 'doIntersectionPrivilege' '(Ljava/security/PrivilegedAction;Ljava/security/AccessControlContext;Ljava/security/AccessControlContext;)Ljava/lang/Object;' in 'java/security/ProtectionDomain$JavaSecurityAccessImpl')}
  0x000002ba19295a0c: 48be b086 | 7972 ba02 | 0000 4883 | 8650 0100 

  0x000002ba19295a1c: ;   {metadata(method data for {method} {0x000002ba314783f8} 'doPrivileged' '(Ljava/security/PrivilegedAction;Ljava/security/AccessControlContext;)Ljava/lang/Object;' in 'java/security/AccessController')}
  0x000002ba19295a1c: 0001 48be | 2885 7972 | ba02 0000 | 8bbe cc00 | 0000 83c7 | 0289 becc | 0000 0081 | e7fe ff1f 
  0x000002ba19295a3c: 0083 ff00 | 0f84 1c03 

  0x000002ba19295a44: ;   {metadata(method data for {method} {0x000002ba314783f8} 'doPrivileged' '(Ljava/security/PrivilegedAction;Ljava/security/AccessControlContext;)Ljava/lang/Object;' in 'java/security/AccessController')}
  0x000002ba19295a44: 0000 48be | 2885 7972 | ba02 0000 | 4883 8610 | 0100 0001 | 4889 4424 

  0x000002ba19295a5c: ;   {static_call}
  0x000002ba19295a5c: 6866 90e8 

  0x000002ba19295a60: ; ImmutableOopMap {[96]=Oop [104]=Oop }
                      ;*invokestatic getCallerClass {reexecute=0 rethrow=0 return_oop=0}
                      ; - java.security.AccessController::doPrivileged@0 (line 398)
                      ; - java.security.ProtectionDomain$JavaSecurityAccessImpl::doIntersectionPrivilege@18 (line 87)
  0x000002ba19295a60: fc59 9007 

  0x000002ba19295a64: ;   {other}
  0x000002ba19295a64: 0f1f 8400 | 5403 0001 

  0x000002ba19295a6c: ;   {metadata(method data for {method} {0x000002ba314783f8} 'doPrivileged' '(Ljava/security/PrivilegedAction;Ljava/security/AccessControlContext;)Ljava/lang/Object;' in 'java/security/AccessController')}
  0x000002ba19295a6c: 48ba 2885 | 7972 ba02 | 0000 4883 | 8220 0100 | 0001 488b | 5424 684c | 8bc0 4889 | 4424 700f 
  0x000002ba19295a8c: ;   {static_call}
  0x000002ba19295a8c: 1f40 00e8 

  0x000002ba19295a90: ; ImmutableOopMap {[96]=Oop [112]=Oop }
                      ;*invokestatic checkContext {reexecute=0 rethrow=0 return_oop=0}
                      ; - java.security.AccessController::doPrivileged@6 (line 399)
                      ; - java.security.ProtectionDomain$JavaSecurityAccessImpl::doIntersectionPrivilege@18 (line 87)
  0x000002ba19295a90: 2cf2 ffff 

  0x000002ba19295a94: ;   {other}
  0x000002ba19295a94: 0f1f 8400 | 8403 0002 | 4889 4424 

  0x000002ba19295aa0: ;   {metadata(method data for {method} {0x000002ba314783f8} 'doPrivileged' '(Ljava/security/PrivilegedAction;Ljava/security/AccessControlContext;)Ljava/lang/Object;' in 'java/security/AccessController')}
  0x000002ba19295aa0: 7848 ba28 | 8579 72ba | 0200 0048 | 8382 3001 

  0x000002ba19295ab0: ;   {metadata(method data for {method} {0x000002ba31478680} 'executePrivileged' '(Ljava/security/PrivilegedAction;Ljava/security/AccessControlContext;Ljava/lang/Class;)Ljava/lang/Object;' in 'java/security/AccessController')}
  0x000002ba19295ab0: 0000 0148 | ba88 c20d | 72ba 0200 | 008b b2cc | 0000 0083 | c602 89b2 | cc00 0000 | 81e6 feff 
  0x000002ba19295ad0: 1f00 83fe | 000f 84a8 | 0200 0048 

  0x000002ba19295adc: ;   {metadata(method data for {method} {0x000002ba31478680} 'executePrivileged' '(Ljava/security/PrivilegedAction;Ljava/security/AccessControlContext;Ljava/lang/Class;)Ljava/lang/Object;' in 'java/security/AccessController')}
  0x000002ba19295adc: 83f8 0048 | ba88 c20d | 72ba 0200 | 0048 be10 | 0100 0000 | 0000 000f | 840a 0000 | 0048 be20 
  0x000002ba19295afc: 0100 0000 | 0000 0048 | 8b3c 3248 | 8d7f 0148 | 893c 320f | 8427 0000 

  0x000002ba19295b14: ;   {metadata(method data for {method} {0x000002ba31478680} 'executePrivileged' '(Ljava/security/PrivilegedAction;Ljava/security/AccessControlContext;Ljava/lang/Class;)Ljava/lang/Object;' in 'java/security/AccessController')}
  0x000002ba19295b14: 0048 ba88 | c20d 72ba | 0200 0048 | 8382 3001 | 0000 0148 | 8bd0 0f1f 

  0x000002ba19295b2c: ;   {static_call}
  0x000002ba19295b2c: 4400 00e8 

  0x000002ba19295b30: ; ImmutableOopMap {[96]=Oop [112]=Oop [120]=Oop }
                      ;*invokestatic ensureMaterializedForStackWalk {reexecute=0 rethrow=0 return_oop=0}
                      ; - java.security.AccessController::executePrivileged@5 (line 774)
                      ; - java.security.AccessController::doPrivileged@13 (line 400)
                      ; - java.security.ProtectionDomain$JavaSecurityAccessImpl::doIntersectionPrivilege@18 (line 87)
  0x000002ba19295b30: 2c06 9307 

  0x000002ba19295b34: ;   {other}
  0x000002ba19295b34: 0f1f 8400 | 2404 0003 

  0x000002ba19295b3c: ;   {metadata(method data for {method} {0x000002ba31478680} 'executePrivileged' '(Ljava/security/PrivilegedAction;Ljava/security/AccessControlContext;Ljava/lang/Class;)Ljava/lang/Object;' in 'java/security/AccessController')}
  0x000002ba19295b3c: 48ba 88c2 | 0d72 ba02 | 0000 ff82 | 4001 0000 | 4c8b 4424 | 6049 3b00 

  0x000002ba19295b54: ;   {metadata(method data for {method} {0x000002ba31478680} 'executePrivileged' '(Ljava/security/PrivilegedAction;Ljava/security/AccessControlContext;Ljava/lang/Class;)Ljava/lang/Object;' in 'java/security/AccessController')}
  0x000002ba19295b54: 498b d048 | be88 c20d | 72ba 0200 | 008b 5208 | 49ba 0000 | 0031 ba02 | 0000 4903 | d248 3b96 
  0x000002ba19295b74: b001 0000 | 750d 4883 | 86b8 0100 | 0001 e960 | 0000 0048 | 3b96 c001 | 0000 750d | 4883 86c8 
  0x000002ba19295b94: 0100 0001 | e94a 0000 | 0048 83be | b001 0000 | 0075 1748 | 8996 b001 | 0000 48c7 | 86b8 0100 
  0x000002ba19295bb4: 0001 0000 | 00e9 2900 | 0000 4883 | bec0 0100 | 0000 7517 | 4889 96c0 | 0100 0048 | c786 c801 
  0x000002ba19295bd4: 0000 0100 | 0000 e908 | 0000 0048 | 8386 a001 | 0000 0149 | 8bd0 6666 | 9048 b830 | 56e5 30ba 
  0x000002ba19295bf4: ;   {virtual_call}
  0x000002ba19295bf4: 0200 00e8 

  0x000002ba19295bf8: ; ImmutableOopMap {[112]=Oop [120]=Oop }
                      ;*invokeinterface run {reexecute=0 rethrow=0 return_oop=0}
                      ; - java.security.AccessController::executePrivileged@29 (line 778)
                      ; - java.security.AccessController::doPrivileged@13 (line 400)
                      ; - java.security.ProtectionDomain$JavaSecurityAccessImpl::doIntersectionPrivilege@18 (line 87)
  0x000002ba19295bf8: 14e9 4607 

  0x000002ba19295bfc: ;   {other}
  0x000002ba19295bfc: 0f1f 8400 | ec04 0004 

  0x000002ba19295c04: ;   {metadata(method data for {method} {0x000002ba31478680} 'executePrivileged' '(Ljava/security/PrivilegedAction;Ljava/security/AccessControlContext;Ljava/lang/Class;)Ljava/lang/Object;' in 'java/security/AccessController')}
  0x000002ba19295c04: 48ba 88c2 | 0d72 ba02 | 0000 ff82 | d801 0000 | 488b 5424 

  0x000002ba19295c18: ;   {metadata(method data for {method} {0x000002ba31478680} 'executePrivileged' '(Ljava/security/PrivilegedAction;Ljava/security/AccessControlContext;Ljava/lang/Class;)Ljava/lang/Object;' in 'java/security/AccessController')}
  0x000002ba19295c18: 7048 be88 | c20d 72ba | 0200 0048 | 8386 3802 

  0x000002ba19295c28: ;   {metadata(method data for {method} {0x000002ba3103d400} 'reachabilityFence' '(Ljava/lang/Object;)V' in 'java/lang/ref/Reference')}
  0x000002ba19295c28: 0000 0148 | be70 570a | 72ba 0200 | 008b becc | 0000 0083 | c702 89be | cc00 0000 | 81e7 feff 
  0x000002ba19295c48: 1f00 83ff | 000f 8456 

  0x000002ba19295c50: ;   {metadata(method data for {method} {0x000002ba31478680} 'executePrivileged' '(Ljava/security/PrivilegedAction;Ljava/security/AccessControlContext;Ljava/lang/Class;)Ljava/lang/Object;' in 'java/security/AccessController')}
  0x000002ba19295c50: 0100 0048 | ba88 c20d | 72ba 0200 | 0048 8382 | 4802 0000 

  0x000002ba19295c64: ;   {metadata(method data for {method} {0x000002ba3103d400} 'reachabilityFence' '(Ljava/lang/Object;)V' in 'java/lang/ref/Reference')}
  0x000002ba19295c64: 0148 ba70 | 570a 72ba | 0200 008b | b2cc 0000 | 0083 c602 | 89b2 cc00 | 0000 81e6 | feff 1f00 
  0x000002ba19295c84: 83fe 000f | 843d 0100 | 0048 81c4 | 9000 0000 

  0x000002ba19295c94: ;   {poll_return}
  0x000002ba19295c94: 5d49 3ba7 | 5004 0000 | 0f87 4901 | 0000 c30f | 1f44 0000 

  0x000002ba19295ca8: ;   {no_reloc}
  0x000002ba19295ca8: e963 0100 | 0000 0000 | 0000 498b | 87b8 0100 | 0048 8d78 | 3049 3bbf | c801 0000 | 0f87 5001 
  0x000002ba19295cc8: 0000 4989 | bfb8 0100 | 0048 c700 | 0100 0000 | 488b ca49 | ba00 0000 | 31ba 0200 | 0049 2bca 
  0x000002ba19295ce8: 8948 0848 | 33c9 8948 | 0c48 33c9 | 4889 4810 | 4889 4818 | 4889 4820 | 4889 4828 

  0x000002ba19295d04: ;   {metadata(method data for {method} {0x000002ba3111c670} 'doIntersectionPrivilege' '(Ljava/security/PrivilegedAction;Ljava/security/AccessControlContext;Ljava/security/AccessControlContext;)Ljava/lang/Object;' in 'java/security/ProtectionDomain$JavaSecurityAccessImpl')}
  0x000002ba19295d04: 488b d048 | beb0 8679 | 72ba 0200 | 0048 8386 | 3001 0000 | 0148 8bd0 | 4889 8424 | 8000 0000 
  0x000002ba19295d24: ;   {optimized virtual_call}
  0x000002ba19295d24: 6666 90e8 

  0x000002ba19295d28: ; ImmutableOopMap {[128]=Oop }
                      ;*invokespecial <init> {reexecute=0 rethrow=0 return_oop=0}
                      ; - java.security.ProtectionDomain$JavaSecurityAccessImpl::doIntersectionPrivilege@8 (line 84)
  0x000002ba19295d28: 5491 3807 

  0x000002ba19295d2c: ;   {other}
  0x000002ba19295d2c: 0f1f 8400 | 1c06 0005 | 488b 8424 | 8000 0000 | e903 0100 

  0x000002ba19295d40: ;   {metadata({method} {0x000002ba3111c670} 'doIntersectionPrivilege' '(Ljava/security/PrivilegedAction;Ljava/security/AccessControlContext;Ljava/security/AccessControlContext;)Ljava/lang/Object;' in 'java/security/ProtectionDomain$JavaSecurityAccessImpl')}
  0x000002ba19295d40: 0049 ba68 | c611 31ba | 0200 004c | 8954 2408 | 48c7 0424 | ffff ffff 

  0x000002ba19295d58: ;   {runtime_call counter_overflow Runtime1 stub}
  0x000002ba19295d58: e823 7746 

  0x000002ba19295d5c: ; ImmutableOopMap {rdx=Oop r8=Oop r9=Oop rdi=Oop }
                      ;*synchronization entry
                      ; - java.security.ProtectionDomain$JavaSecurityAccessImpl::doIntersectionPrivilege@-1 (line 83)
  0x000002ba19295d5c: 07e9 45fc 

  0x000002ba19295d60: ;   {metadata({method} {0x000002ba314783f8} 'doPrivileged' '(Ljava/security/PrivilegedAction;Ljava/security/AccessControlContext;)Ljava/lang/Object;' in 'java/security/AccessController')}
  0x000002ba19295d60: ffff 49ba | f083 4731 | ba02 0000 | 4c89 5424 | 0848 c704 | 24ff ffff 

  0x000002ba19295d78: ;   {runtime_call counter_overflow Runtime1 stub}
  0x000002ba19295d78: ffe8 0277 

  0x000002ba19295d7c: ; ImmutableOopMap {rax=Oop [96]=Oop }
                      ;*synchronization entry
                      ; - java.security.AccessController::doPrivileged@-1 (line 398)
                      ; - java.security.ProtectionDomain$JavaSecurityAccessImpl::doIntersectionPrivilege@18 (line 87)
  0x000002ba19295d7c: 4607 e9c3 

  0x000002ba19295d80: ;   {metadata({method} {0x000002ba31478680} 'executePrivileged' '(Ljava/security/PrivilegedAction;Ljava/security/AccessControlContext;Ljava/lang/Class;)Ljava/lang/Object;' in 'java/security/AccessController')}
  0x000002ba19295d80: fcff ff49 | ba78 8647 | 31ba 0200 | 004c 8954 | 2408 48c7 | 0424 ffff 

  0x000002ba19295d98: ;   {runtime_call counter_overflow Runtime1 stub}
  0x000002ba19295d98: ffff e8e1 

  0x000002ba19295d9c: ; ImmutableOopMap {rax=Oop [96]=Oop [112]=Oop [120]=Oop }
                      ;*synchronization entry
                      ; - java.security.AccessController::executePrivileged@-1 (line 773)
                      ; - java.security.AccessController::doPrivileged@13 (line 400)
                      ; - java.security.ProtectionDomain$JavaSecurityAccessImpl::doIntersectionPrivilege@18 (line 87)
  0x000002ba19295d9c: 7646 07e9 | 37fd ffff 

  0x000002ba19295da4: ;   {runtime_call throw_null_pointer_exception Runtime1 stub}
  0x000002ba19295da4: e877 f645 

  0x000002ba19295da8: ; ImmutableOopMap {r8=Oop [112]=Oop [120]=Oop }
                      ;*invokeinterface run {reexecute=0 rethrow=0 return_oop=0}
                      ; - java.security.AccessController::executePrivileged@29 (line 778)
                      ; - java.security.AccessController::doPrivileged@13 (line 400)
                      ; - java.security.ProtectionDomain$JavaSecurityAccessImpl::doIntersectionPrivilege@18 (line 87)
                      ;   {metadata({method} {0x000002ba3103d400} 'reachabilityFence' '(Ljava/lang/Object;)V' in 'java/lang/ref/Reference')}
  0x000002ba19295da8: 0749 baf8 | d303 31ba | 0200 004c | 8954 2408 | 48c7 0424 | ffff ffff 

  0x000002ba19295dc0: ;   {runtime_call counter_overflow Runtime1 stub}
  0x000002ba19295dc0: e8bb 7646 

  0x000002ba19295dc4: ; ImmutableOopMap {rax=Oop rdx=Oop }
                      ;*synchronization entry
                      ; - java.lang.ref.Reference::reachabilityFence@-1 (line 628)
                      ; - java.security.AccessController::executePrivileged@56 (line 783)
                      ; - java.security.AccessController::doPrivileged@13 (line 400)
                      ; - java.security.ProtectionDomain$JavaSecurityAccessImpl::doIntersectionPrivilege@18 (line 87)
  0x000002ba19295dc4: 07e9 89fe 

  0x000002ba19295dc8: ;   {metadata({method} {0x000002ba3103d400} 'reachabilityFence' '(Ljava/lang/Object;)V' in 'java/lang/ref/Reference')}
  0x000002ba19295dc8: ffff 49ba | f8d3 0331 | ba02 0000 | 4c89 5424 | 0848 c704 | 24ff ffff 

  0x000002ba19295de0: ;   {runtime_call counter_overflow Runtime1 stub}
  0x000002ba19295de0: ffe8 9a76 

  0x000002ba19295de4: ; ImmutableOopMap {rax=Oop }
                      ;*synchronization entry
                      ; - java.lang.ref.Reference::reachabilityFence@-1 (line 628)
                      ; - java.security.AccessController::executePrivileged@60 (line 784)
                      ; - java.security.AccessController::doPrivileged@13 (line 400)
                      ; - java.security.ProtectionDomain$JavaSecurityAccessImpl::doIntersectionPrivilege@18 (line 87)
  0x000002ba19295de4: 4607 e9a2 

  0x000002ba19295de8: ;   {internal_word}
  0x000002ba19295de8: feff ff49 | ba95 5c29 | 19ba 0200 | 004d 8997 | 6804 0000 

  0x000002ba19295dfc: ;   {runtime_call SafepointBlob}
  0x000002ba19295dfc: e97f 0d39 

  0x000002ba19295e00: ;   {metadata(nullptr)}
  0x000002ba19295e00: 0748 ba00 | 0000 0000 | 0000 00b8 | 000f 050a 

  0x000002ba19295e10: ;   {runtime_call load_klass_patching Runtime1 stub}
  0x000002ba19295e10: e8eb 5f46 

  0x000002ba19295e14: ; ImmutableOopMap {}
                      ;*new {reexecute=1 rethrow=0 return_oop=0}
                      ; - (reexecute) java.security.ProtectionDomain$JavaSecurityAccessImpl::doIntersectionPrivilege@4 (line 84)
  0x000002ba19295e14: 07e9 8efe | ffff 488b 

  0x000002ba19295e1c: ;   {runtime_call fast_new_instance Runtime1 stub}
  0x000002ba19295e1c: d2e8 de0c 

  0x000002ba19295e20: ; ImmutableOopMap {}
                      ;*new {reexecute=0 rethrow=0 return_oop=0}
                      ; - java.security.ProtectionDomain$JavaSecurityAccessImpl::doIntersectionPrivilege@4 (line 84)
  0x000002ba19295e20: 4607 e9dd | feff ff49 | 8b87 0005 | 0000 49c7 | 8700 0500 | 0000 0000 | 0049 c787 | 0805 0000 
  0x000002ba19295e40: 0000 0000 | 4881 c490 | 0000 005d 

  0x000002ba19295e4c: ;   {runtime_call unwind_exception Runtime1 stub}
  0x000002ba19295e4c: e9af da45 | 07f4 f4f4 | f4f4 f4f4 
[Stub Code]
  0x000002ba19295e58: ;   {no_reloc}
  0x000002ba19295e58: 0f1f 4400 

  0x000002ba19295e5c: ;   {static_stub}
  0x000002ba19295e5c: 0048 bb00 | 0000 0000 

  0x000002ba19295e64: ;   {runtime_call}
  0x000002ba19295e64: 0000 00e9 | fbff ffff 

  0x000002ba19295e6c: ;   {static_stub}
  0x000002ba19295e6c: 48bb 0000 | 0000 0000 

  0x000002ba19295e74: ;   {runtime_call}
  0x000002ba19295e74: 0000 e9fb 

  0x000002ba19295e78: ;   {static_stub}
  0x000002ba19295e78: ffff ff48 | bb00 0000 | 0000 0000 

  0x000002ba19295e84: ;   {runtime_call}
  0x000002ba19295e84: 00e9 fbff 

  0x000002ba19295e88: ;   {static_stub}
  0x000002ba19295e88: ffff 48bb | 0000 0000 | 0000 0000 

  0x000002ba19295e94: ;   {runtime_call}
  0x000002ba19295e94: e9fb ffff 

  0x000002ba19295e98: ;   {static_stub}
  0x000002ba19295e98: ff48 bb00 | 0000 0000 

  0x000002ba19295ea0: ;   {runtime_call}
  0x000002ba19295ea0: 0000 00e9 | fbff ffff 

  0x000002ba19295ea8: ;   {static_stub}
  0x000002ba19295ea8: 48bb 0000 | 0000 0000 

  0x000002ba19295eb0: ;   {runtime_call}
  0x000002ba19295eb0: 0000 e9fb 

  0x000002ba19295eb4: ;   {runtime_call handle_exception_from_callee Runtime1 stub}
  0x000002ba19295eb4: ffff ffe8 | 4439 4607 

  0x000002ba19295ebc: ;   {external_word}
  0x000002ba19295ebc: 48b9 0028 | 832e fc7f | 0000 4883 

  0x000002ba19295ec8: ;   {runtime_call}
  0x000002ba19295ec8: e4f0 48b8 | e00f 4b2e | fc7f 0000 

  0x000002ba19295ed4: ;   {section_word}
  0x000002ba19295ed4: ffd0 f449 | bad7 5e29 | 19ba 0200 

  0x000002ba19295ee0: ;   {runtime_call DeoptimizationBlob}
  0x000002ba19295ee0: 0041 52e9 | 3821 3907 
[/MachCode]


---------------  P R O C E S S  ---------------

Threads class SMR info:
_java_thread_list=0x000002ba30aa66b0, length=15, elements={
0x000002ba301f6a60, 0x000002ba301f7850, 0x000002ba301f87b0, 0x000002ba301fbb30,
0x000002ba301fe930, 0x000002ba3022e850, 0x000002ba30235840, 0x000002ba3023a340,
0x000002ba303d5320, 0x000002ba303df030, 0x000002ba308c7740, 0x000002ba308cdf00,
0x000002ba308d6d10, 0x000002ba309d49c0, 0x000002ba30a75310
}

Java Threads: ( => current thread )
  0x000002ba301f6a60 JavaThread "Reference Handler"          daemon [_thread_blocked, id=12684, stack(0x000000f4ae800000,0x000000f4ae900000) (1024K)]
  0x000002ba301f7850 JavaThread "Finalizer"                  daemon [_thread_blocked, id=16368, stack(0x000000f4ae900000,0x000000f4aea00000) (1024K)]
  0x000002ba301f87b0 JavaThread "Signal Dispatcher"          daemon [_thread_blocked, id=16288, stack(0x000000f4aea00000,0x000000f4aeb00000) (1024K)]
  0x000002ba301fbb30 JavaThread "Attach Listener"            daemon [_thread_blocked, id=12604, stack(0x000000f4aeb00000,0x000000f4aec00000) (1024K)]
  0x000002ba301fe930 JavaThread "Service Thread"             daemon [_thread_blocked, id=3672, stack(0x000000f4aec00000,0x000000f4aed00000) (1024K)]
  0x000002ba3022e850 JavaThread "Monitor Deflation Thread"   daemon [_thread_blocked, id=14948, stack(0x000000f4aed00000,0x000000f4aee00000) (1024K)]
  0x000002ba30235840 JavaThread "C2 CompilerThread0"         daemon [_thread_blocked, id=15212, stack(0x000000f4aee00000,0x000000f4aef00000) (1024K)]
  0x000002ba3023a340 JavaThread "C1 CompilerThread0"         daemon [_thread_blocked, id=10708, stack(0x000000f4aef00000,0x000000f4af000000) (1024K)]
  0x000002ba303d5320 JavaThread "Notification Thread"        daemon [_thread_blocked, id=11152, stack(0x000000f4af000000,0x000000f4af100000) (1024K)]
  0x000002ba303df030 JavaThread "Common-Cleaner"             daemon [_thread_blocked, id=17256, stack(0x000000f4af100000,0x000000f4af200000) (1024K)]
  0x000002ba308c7740 JavaThread "Java2D Disposer"            daemon [_thread_blocked, id=3696, stack(0x000000f4af200000,0x000000f4af300000) (1024K)]
  0x000002ba308cdf00 JavaThread "AWT-Shutdown"                      [_thread_blocked, id=1660, stack(0x000000f4af300000,0x000000f4af400000) (1024K)]
  0x000002ba308d6d10 JavaThread "AWT-Windows"                daemon [_thread_in_native, id=9772, stack(0x000000f4af400000,0x000000f4af500000) (1024K)]
=>0x000002ba309d49c0 JavaThread "AWT-EventQueue-0"                  [_thread_in_native, id=6284, stack(0x000000f4af500000,0x000000f4af600000) (1024K)]
  0x000002ba30a75310 JavaThread "DestroyJavaVM"                     [_thread_blocked, id=14756, stack(0x000000f4ae000000,0x000000f4ae100000) (1024K)]
Total: 15

Other Threads:
  0x000002ba2d693ff0 VMThread "VM Thread"                           [id=14584, stack(0x000000f4ae700000,0x000000f4ae800000) (1024K)]
  0x000002ba301d10a0 WatcherThread "VM Periodic Task Thread"        [id=15484, stack(0x000000f4ae600000,0x000000f4ae700000) (1024K)]
  0x000002ba2d4cf890 WorkerThread "GC Thread#0"                     [id=6184, stack(0x000000f4ae100000,0x000000f4ae200000) (1024K)]
  0x000002ba2d4d08e0 ConcurrentGCThread "G1 Main Marker"            [id=13800, stack(0x000000f4ae200000,0x000000f4ae300000) (1024K)]
  0x000002ba10d0afe0 WorkerThread "G1 Conc#0"                       [id=10812, stack(0x000000f4ae300000,0x000000f4ae400000) (1024K)]
  0x000002ba2d5b1770 ConcurrentGCThread "G1 Refine#0"               [id=16644, stack(0x000000f4ae400000,0x000000f4ae500000) (1024K)]
  0x000002ba2d5b41b0 ConcurrentGCThread "G1 Service"                [id=14020, stack(0x000000f4ae500000,0x000000f4ae600000) (1024K)]
Total: 7

Threads with active compile tasks:
Total: 0

VM state: not at safepoint (normal execution)

VM Mutex/Monitor currently owned by a thread: None

Heap address: 0x0000000704000000, size: 4032 MB, Compressed Oops mode: Zero based, Oop shift amount: 3

CDS archive(s) mapped at: [0x000002ba31000000-0x000002ba31c90000-0x000002ba31c90000), size 13172736, SharedBaseAddress: 0x000002ba31000000, ArchiveRelocationMode: 1.
Compressed class space mapped at: 0x000002ba32000000-0x000002ba72000000, reserved size: 1073741824
Narrow klass base: 0x000002ba31000000, Narrow klass shift: 0, Narrow klass range: 0x100000000

GC Precious Log:
 CardTable entry size: 512
 Card Set container configuration: InlinePtr #cards 4 size 8 Array Of Cards #cards 16 size 48 Howl #buckets 8 coarsen threshold 3686 Howl Bitmap #cards 512 size 80 coarsen threshold 460 Card regions per heap region 1 cards per card region 4096
 CPUs: 12 total, 12 available
 Memory: 16121M
 Large Page Support: Disabled
 NUMA Support: Disabled
 Compressed Oops: Enabled (Zero based)
 Heap Region Size: 2M
 Heap Min Capacity: 8M
 Heap Initial Capacity: 252M
 Heap Max Capacity: 4032M
 Pre-touch: Disabled
 Parallel Workers: 10
 Concurrent Workers: 3
 Concurrent Refinement Workers: 10
 Periodic GC: Disabled

Heap:
 garbage-first heap   total 258048K, used 22528K [0x0000000704000000, 0x0000000800000000)
  region size 2048K, 9 young (18432K), 0 survivors (0K)
 Metaspace       used 8260K, committed 8448K, reserved 1114112K
  class space    used 986K, committed 1088K, reserved 1048576K

Heap Regions: E=young(eden), S=young(survivor), O=old, HS=humongous(starts), HC=humongous(continues), CS=collection set, F=free, TAMS=top-at-mark-start, PB=parsable bottom
|   0|0x0000000704000000, 0x0000000704200000, 0x0000000704200000|100%|HS|  |TAMS 0x0000000704000000| PB 0x0000000704000000| Complete 
|   1|0x0000000704200000, 0x0000000704400000, 0x0000000704400000|100%|HC|  |TAMS 0x0000000704200000| PB 0x0000000704200000| Complete 
|   2|0x0000000704400000, 0x0000000704600000, 0x0000000704600000|100%|HC|  |TAMS 0x0000000704400000| PB 0x0000000704400000| Complete 
|   3|0x0000000704600000, 0x0000000704800000, 0x0000000704800000|100%|HC|  |TAMS 0x0000000704600000| PB 0x0000000704600000| Complete 
|   4|0x0000000704800000, 0x0000000704800000, 0x0000000704a00000|  0%| F|  |TAMS 0x0000000704800000| PB 0x0000000704800000| Untracked 
|   5|0x0000000704a00000, 0x0000000704a00000, 0x0000000704c00000|  0%| F|  |TAMS 0x0000000704a00000| PB 0x0000000704a00000| Untracked 
|   6|0x0000000704c00000, 0x0000000704c00000, 0x0000000704e00000|  0%| F|  |TAMS 0x0000000704c00000| PB 0x0000000704c00000| Untracked 
|   7|0x0000000704e00000, 0x0000000704e00000, 0x0000000705000000|  0%| F|  |TAMS 0x0000000704e00000| PB 0x0000000704e00000| Untracked 
|   8|0x0000000705000000, 0x0000000705000000, 0x0000000705200000|  0%| F|  |TAMS 0x0000000705000000| PB 0x0000000705000000| Untracked 
|   9|0x0000000705200000, 0x0000000705200000, 0x0000000705400000|  0%| F|  |TAMS 0x0000000705200000| PB 0x0000000705200000| Untracked 
|  10|0x0000000705400000, 0x0000000705400000, 0x0000000705600000|  0%| F|  |TAMS 0x0000000705400000| PB 0x0000000705400000| Untracked 
|  11|0x0000000705600000, 0x0000000705600000, 0x0000000705800000|  0%| F|  |TAMS 0x0000000705600000| PB 0x0000000705600000| Untracked 
|  12|0x0000000705800000, 0x0000000705800000, 0x0000000705a00000|  0%| F|  |TAMS 0x0000000705800000| PB 0x0000000705800000| Untracked 
|  13|0x0000000705a00000, 0x0000000705a00000, 0x0000000705c00000|  0%| F|  |TAMS 0x0000000705a00000| PB 0x0000000705a00000| Untracked 
|  14|0x0000000705c00000, 0x0000000705c00000, 0x0000000705e00000|  0%| F|  |TAMS 0x0000000705c00000| PB 0x0000000705c00000| Untracked 
|  15|0x0000000705e00000, 0x0000000705e00000, 0x0000000706000000|  0%| F|  |TAMS 0x0000000705e00000| PB 0x0000000705e00000| Untracked 
|  16|0x0000000706000000, 0x0000000706000000, 0x0000000706200000|  0%| F|  |TAMS 0x0000000706000000| PB 0x0000000706000000| Untracked 
|  17|0x0000000706200000, 0x0000000706200000, 0x0000000706400000|  0%| F|  |TAMS 0x0000000706200000| PB 0x0000000706200000| Untracked 
|  18|0x0000000706400000, 0x0000000706400000, 0x0000000706600000|  0%| F|  |TAMS 0x0000000706400000| PB 0x0000000706400000| Untracked 
|  19|0x0000000706600000, 0x0000000706600000, 0x0000000706800000|  0%| F|  |TAMS 0x0000000706600000| PB 0x0000000706600000| Untracked 
|  20|0x0000000706800000, 0x0000000706800000, 0x0000000706a00000|  0%| F|  |TAMS 0x0000000706800000| PB 0x0000000706800000| Untracked 
|  21|0x0000000706a00000, 0x0000000706a00000, 0x0000000706c00000|  0%| F|  |TAMS 0x0000000706a00000| PB 0x0000000706a00000| Untracked 
|  22|0x0000000706c00000, 0x0000000706c00000, 0x0000000706e00000|  0%| F|  |TAMS 0x0000000706c00000| PB 0x0000000706c00000| Untracked 
|  23|0x0000000706e00000, 0x0000000706e00000, 0x0000000707000000|  0%| F|  |TAMS 0x0000000706e00000| PB 0x0000000706e00000| Untracked 
|  24|0x0000000707000000, 0x0000000707000000, 0x0000000707200000|  0%| F|  |TAMS 0x0000000707000000| PB 0x0000000707000000| Untracked 
|  25|0x0000000707200000, 0x0000000707200000, 0x0000000707400000|  0%| F|  |TAMS 0x0000000707200000| PB 0x0000000707200000| Untracked 
|  26|0x0000000707400000, 0x0000000707400000, 0x0000000707600000|  0%| F|  |TAMS 0x0000000707400000| PB 0x0000000707400000| Untracked 
|  27|0x0000000707600000, 0x0000000707600000, 0x0000000707800000|  0%| F|  |TAMS 0x0000000707600000| PB 0x0000000707600000| Untracked 
|  28|0x0000000707800000, 0x0000000707800000, 0x0000000707a00000|  0%| F|  |TAMS 0x0000000707800000| PB 0x0000000707800000| Untracked 
|  29|0x0000000707a00000, 0x0000000707a00000, 0x0000000707c00000|  0%| F|  |TAMS 0x0000000707a00000| PB 0x0000000707a00000| Untracked 
|  30|0x0000000707c00000, 0x0000000707c00000, 0x0000000707e00000|  0%| F|  |TAMS 0x0000000707c00000| PB 0x0000000707c00000| Untracked 
|  31|0x0000000707e00000, 0x0000000707e00000, 0x0000000708000000|  0%| F|  |TAMS 0x0000000707e00000| PB 0x0000000707e00000| Untracked 
|  32|0x0000000708000000, 0x0000000708000000, 0x0000000708200000|  0%| F|  |TAMS 0x0000000708000000| PB 0x0000000708000000| Untracked 
|  33|0x0000000708200000, 0x0000000708200000, 0x0000000708400000|  0%| F|  |TAMS 0x0000000708200000| PB 0x0000000708200000| Untracked 
|  34|0x0000000708400000, 0x0000000708400000, 0x0000000708600000|  0%| F|  |TAMS 0x0000000708400000| PB 0x0000000708400000| Untracked 
|  35|0x0000000708600000, 0x0000000708600000, 0x0000000708800000|  0%| F|  |TAMS 0x0000000708600000| PB 0x0000000708600000| Untracked 
|  36|0x0000000708800000, 0x0000000708800000, 0x0000000708a00000|  0%| F|  |TAMS 0x0000000708800000| PB 0x0000000708800000| Untracked 
|  37|0x0000000708a00000, 0x0000000708a00000, 0x0000000708c00000|  0%| F|  |TAMS 0x0000000708a00000| PB 0x0000000708a00000| Untracked 
|  38|0x0000000708c00000, 0x0000000708c00000, 0x0000000708e00000|  0%| F|  |TAMS 0x0000000708c00000| PB 0x0000000708c00000| Untracked 
|  39|0x0000000708e00000, 0x0000000708e00000, 0x0000000709000000|  0%| F|  |TAMS 0x0000000708e00000| PB 0x0000000708e00000| Untracked 
|  40|0x0000000709000000, 0x0000000709000000, 0x0000000709200000|  0%| F|  |TAMS 0x0000000709000000| PB 0x0000000709000000| Untracked 
|  41|0x0000000709200000, 0x0000000709200000, 0x0000000709400000|  0%| F|  |TAMS 0x0000000709200000| PB 0x0000000709200000| Untracked 
|  42|0x0000000709400000, 0x0000000709400000, 0x0000000709600000|  0%| F|  |TAMS 0x0000000709400000| PB 0x0000000709400000| Untracked 
|  43|0x0000000709600000, 0x0000000709600000, 0x0000000709800000|  0%| F|  |TAMS 0x0000000709600000| PB 0x0000000709600000| Untracked 
|  44|0x0000000709800000, 0x0000000709800000, 0x0000000709a00000|  0%| F|  |TAMS 0x0000000709800000| PB 0x0000000709800000| Untracked 
|  45|0x0000000709a00000, 0x0000000709a00000, 0x0000000709c00000|  0%| F|  |TAMS 0x0000000709a00000| PB 0x0000000709a00000| Untracked 
|  46|0x0000000709c00000, 0x0000000709c00000, 0x0000000709e00000|  0%| F|  |TAMS 0x0000000709c00000| PB 0x0000000709c00000| Untracked 
|  47|0x0000000709e00000, 0x0000000709e00000, 0x000000070a000000|  0%| F|  |TAMS 0x0000000709e00000| PB 0x0000000709e00000| Untracked 
|  48|0x000000070a000000, 0x000000070a000000, 0x000000070a200000|  0%| F|  |TAMS 0x000000070a000000| PB 0x000000070a000000| Untracked 
|  49|0x000000070a200000, 0x000000070a200000, 0x000000070a400000|  0%| F|  |TAMS 0x000000070a200000| PB 0x000000070a200000| Untracked 
|  50|0x000000070a400000, 0x000000070a400000, 0x000000070a600000|  0%| F|  |TAMS 0x000000070a400000| PB 0x000000070a400000| Untracked 
|  51|0x000000070a600000, 0x000000070a600000, 0x000000070a800000|  0%| F|  |TAMS 0x000000070a600000| PB 0x000000070a600000| Untracked 
|  52|0x000000070a800000, 0x000000070a800000, 0x000000070aa00000|  0%| F|  |TAMS 0x000000070a800000| PB 0x000000070a800000| Untracked 
|  53|0x000000070aa00000, 0x000000070aa00000, 0x000000070ac00000|  0%| F|  |TAMS 0x000000070aa00000| PB 0x000000070aa00000| Untracked 
|  54|0x000000070ac00000, 0x000000070ac00000, 0x000000070ae00000|  0%| F|  |TAMS 0x000000070ac00000| PB 0x000000070ac00000| Untracked 
|  55|0x000000070ae00000, 0x000000070ae00000, 0x000000070b000000|  0%| F|  |TAMS 0x000000070ae00000| PB 0x000000070ae00000| Untracked 
|  56|0x000000070b000000, 0x000000070b000000, 0x000000070b200000|  0%| F|  |TAMS 0x000000070b000000| PB 0x000000070b000000| Untracked 
|  57|0x000000070b200000, 0x000000070b200000, 0x000000070b400000|  0%| F|  |TAMS 0x000000070b200000| PB 0x000000070b200000| Untracked 
|  58|0x000000070b400000, 0x000000070b400000, 0x000000070b600000|  0%| F|  |TAMS 0x000000070b400000| PB 0x000000070b400000| Untracked 
|  59|0x000000070b600000, 0x000000070b600000, 0x000000070b800000|  0%| F|  |TAMS 0x000000070b600000| PB 0x000000070b600000| Untracked 
|  60|0x000000070b800000, 0x000000070b800000, 0x000000070ba00000|  0%| F|  |TAMS 0x000000070b800000| PB 0x000000070b800000| Untracked 
|  61|0x000000070ba00000, 0x000000070ba00000, 0x000000070bc00000|  0%| F|  |TAMS 0x000000070ba00000| PB 0x000000070ba00000| Untracked 
|  62|0x000000070bc00000, 0x000000070bc00000, 0x000000070be00000|  0%| F|  |TAMS 0x000000070bc00000| PB 0x000000070bc00000| Untracked 
|  63|0x000000070be00000, 0x000000070be00000, 0x000000070c000000|  0%| F|  |TAMS 0x000000070be00000| PB 0x000000070be00000| Untracked 
|  64|0x000000070c000000, 0x000000070c000000, 0x000000070c200000|  0%| F|  |TAMS 0x000000070c000000| PB 0x000000070c000000| Untracked 
|  65|0x000000070c200000, 0x000000070c200000, 0x000000070c400000|  0%| F|  |TAMS 0x000000070c200000| PB 0x000000070c200000| Untracked 
|  66|0x000000070c400000, 0x000000070c400000, 0x000000070c600000|  0%| F|  |TAMS 0x000000070c400000| PB 0x000000070c400000| Untracked 
|  67|0x000000070c600000, 0x000000070c600000, 0x000000070c800000|  0%| F|  |TAMS 0x000000070c600000| PB 0x000000070c600000| Untracked 
|  68|0x000000070c800000, 0x000000070c800000, 0x000000070ca00000|  0%| F|  |TAMS 0x000000070c800000| PB 0x000000070c800000| Untracked 
|  69|0x000000070ca00000, 0x000000070ca00000, 0x000000070cc00000|  0%| F|  |TAMS 0x000000070ca00000| PB 0x000000070ca00000| Untracked 
|  70|0x000000070cc00000, 0x000000070cc00000, 0x000000070ce00000|  0%| F|  |TAMS 0x000000070cc00000| PB 0x000000070cc00000| Untracked 
|  71|0x000000070ce00000, 0x000000070ce00000, 0x000000070d000000|  0%| F|  |TAMS 0x000000070ce00000| PB 0x000000070ce00000| Untracked 
|  72|0x000000070d000000, 0x000000070d000000, 0x000000070d200000|  0%| F|  |TAMS 0x000000070d000000| PB 0x000000070d000000| Untracked 
|  73|0x000000070d200000, 0x000000070d200000, 0x000000070d400000|  0%| F|  |TAMS 0x000000070d200000| PB 0x000000070d200000| Untracked 
|  74|0x000000070d400000, 0x000000070d400000, 0x000000070d600000|  0%| F|  |TAMS 0x000000070d400000| PB 0x000000070d400000| Untracked 
|  75|0x000000070d600000, 0x000000070d600000, 0x000000070d800000|  0%| F|  |TAMS 0x000000070d600000| PB 0x000000070d600000| Untracked 
|  76|0x000000070d800000, 0x000000070d800000, 0x000000070da00000|  0%| F|  |TAMS 0x000000070d800000| PB 0x000000070d800000| Untracked 
|  77|0x000000070da00000, 0x000000070da00000, 0x000000070dc00000|  0%| F|  |TAMS 0x000000070da00000| PB 0x000000070da00000| Untracked 
|  78|0x000000070dc00000, 0x000000070dc00000, 0x000000070de00000|  0%| F|  |TAMS 0x000000070dc00000| PB 0x000000070dc00000| Untracked 
|  79|0x000000070de00000, 0x000000070de00000, 0x000000070e000000|  0%| F|  |TAMS 0x000000070de00000| PB 0x000000070de00000| Untracked 
|  80|0x000000070e000000, 0x000000070e000000, 0x000000070e200000|  0%| F|  |TAMS 0x000000070e000000| PB 0x000000070e000000| Untracked 
|  81|0x000000070e200000, 0x000000070e200000, 0x000000070e400000|  0%| F|  |TAMS 0x000000070e200000| PB 0x000000070e200000| Untracked 
|  82|0x000000070e400000, 0x000000070e400000, 0x000000070e600000|  0%| F|  |TAMS 0x000000070e400000| PB 0x000000070e400000| Untracked 
|  83|0x000000070e600000, 0x000000070e600000, 0x000000070e800000|  0%| F|  |TAMS 0x000000070e600000| PB 0x000000070e600000| Untracked 
|  84|0x000000070e800000, 0x000000070e800000, 0x000000070ea00000|  0%| F|  |TAMS 0x000000070e800000| PB 0x000000070e800000| Untracked 
|  85|0x000000070ea00000, 0x000000070ea00000, 0x000000070ec00000|  0%| F|  |TAMS 0x000000070ea00000| PB 0x000000070ea00000| Untracked 
|  86|0x000000070ec00000, 0x000000070ec00000, 0x000000070ee00000|  0%| F|  |TAMS 0x000000070ec00000| PB 0x000000070ec00000| Untracked 
|  87|0x000000070ee00000, 0x000000070ee00000, 0x000000070f000000|  0%| F|  |TAMS 0x000000070ee00000| PB 0x000000070ee00000| Untracked 
|  88|0x000000070f000000, 0x000000070f000000, 0x000000070f200000|  0%| F|  |TAMS 0x000000070f000000| PB 0x000000070f000000| Untracked 
|  89|0x000000070f200000, 0x000000070f200000, 0x000000070f400000|  0%| F|  |TAMS 0x000000070f200000| PB 0x000000070f200000| Untracked 
|  90|0x000000070f400000, 0x000000070f400000, 0x000000070f600000|  0%| F|  |TAMS 0x000000070f400000| PB 0x000000070f400000| Untracked 
|  91|0x000000070f600000, 0x000000070f600000, 0x000000070f800000|  0%| F|  |TAMS 0x000000070f600000| PB 0x000000070f600000| Untracked 
|  92|0x000000070f800000, 0x000000070f800000, 0x000000070fa00000|  0%| F|  |TAMS 0x000000070f800000| PB 0x000000070f800000| Untracked 
|  93|0x000000070fa00000, 0x000000070fa00000, 0x000000070fc00000|  0%| F|  |TAMS 0x000000070fa00000| PB 0x000000070fa00000| Untracked 
|  94|0x000000070fc00000, 0x000000070fc00000, 0x000000070fe00000|  0%| F|  |TAMS 0x000000070fc00000| PB 0x000000070fc00000| Untracked 
|  95|0x000000070fe00000, 0x000000070fe00000, 0x0000000710000000|  0%| F|  |TAMS 0x000000070fe00000| PB 0x000000070fe00000| Untracked 
|  96|0x0000000710000000, 0x0000000710000000, 0x0000000710200000|  0%| F|  |TAMS 0x0000000710000000| PB 0x0000000710000000| Untracked 
|  97|0x0000000710200000, 0x0000000710200000, 0x0000000710400000|  0%| F|  |TAMS 0x0000000710200000| PB 0x0000000710200000| Untracked 
|  98|0x0000000710400000, 0x0000000710400000, 0x0000000710600000|  0%| F|  |TAMS 0x0000000710400000| PB 0x0000000710400000| Untracked 
|  99|0x0000000710600000, 0x0000000710600000, 0x0000000710800000|  0%| F|  |TAMS 0x0000000710600000| PB 0x0000000710600000| Untracked 
| 100|0x0000000710800000, 0x0000000710800000, 0x0000000710a00000|  0%| F|  |TAMS 0x0000000710800000| PB 0x0000000710800000| Untracked 
| 101|0x0000000710a00000, 0x0000000710a00000, 0x0000000710c00000|  0%| F|  |TAMS 0x0000000710a00000| PB 0x0000000710a00000| Untracked 
| 102|0x0000000710c00000, 0x0000000710c00000, 0x0000000710e00000|  0%| F|  |TAMS 0x0000000710c00000| PB 0x0000000710c00000| Untracked 
| 103|0x0000000710e00000, 0x0000000710e00000, 0x0000000711000000|  0%| F|  |TAMS 0x0000000710e00000| PB 0x0000000710e00000| Untracked 
| 104|0x0000000711000000, 0x0000000711000000, 0x0000000711200000|  0%| F|  |TAMS 0x0000000711000000| PB 0x0000000711000000| Untracked 
| 105|0x0000000711200000, 0x0000000711200000, 0x0000000711400000|  0%| F|  |TAMS 0x0000000711200000| PB 0x0000000711200000| Untracked 
| 106|0x0000000711400000, 0x0000000711400000, 0x0000000711600000|  0%| F|  |TAMS 0x0000000711400000| PB 0x0000000711400000| Untracked 
| 107|0x0000000711600000, 0x0000000711600000, 0x0000000711800000|  0%| F|  |TAMS 0x0000000711600000| PB 0x0000000711600000| Untracked 
| 108|0x0000000711800000, 0x0000000711800000, 0x0000000711a00000|  0%| F|  |TAMS 0x0000000711800000| PB 0x0000000711800000| Untracked 
| 109|0x0000000711a00000, 0x0000000711a00000, 0x0000000711c00000|  0%| F|  |TAMS 0x0000000711a00000| PB 0x0000000711a00000| Untracked 
| 110|0x0000000711c00000, 0x0000000711c00000, 0x0000000711e00000|  0%| F|  |TAMS 0x0000000711c00000| PB 0x0000000711c00000| Untracked 
| 111|0x0000000711e00000, 0x0000000711e00000, 0x0000000712000000|  0%| F|  |TAMS 0x0000000711e00000| PB 0x0000000711e00000| Untracked 
| 112|0x0000000712000000, 0x0000000712000000, 0x0000000712200000|  0%| F|  |TAMS 0x0000000712000000| PB 0x0000000712000000| Untracked 
| 113|0x0000000712200000, 0x0000000712200000, 0x0000000712400000|  0%| F|  |TAMS 0x0000000712200000| PB 0x0000000712200000| Untracked 
| 114|0x0000000712400000, 0x0000000712400000, 0x0000000712600000|  0%| F|  |TAMS 0x0000000712400000| PB 0x0000000712400000| Untracked 
| 115|0x0000000712600000, 0x0000000712600000, 0x0000000712800000|  0%| F|  |TAMS 0x0000000712600000| PB 0x0000000712600000| Untracked 
| 116|0x0000000712800000, 0x0000000712800000, 0x0000000712a00000|  0%| F|  |TAMS 0x0000000712800000| PB 0x0000000712800000| Untracked 
| 117|0x0000000712a00000, 0x0000000712c00000, 0x0000000712c00000|100%| E|  |TAMS 0x0000000712a00000| PB 0x0000000712a00000| Complete 
| 118|0x0000000712c00000, 0x0000000712e00000, 0x0000000712e00000|100%| E|  |TAMS 0x0000000712c00000| PB 0x0000000712c00000| Complete 
| 119|0x0000000712e00000, 0x0000000713000000, 0x0000000713000000|100%| E|CS|TAMS 0x0000000712e00000| PB 0x0000000712e00000| Complete 
| 120|0x0000000713000000, 0x0000000713200000, 0x0000000713200000|100%| E|CS|TAMS 0x0000000713000000| PB 0x0000000713000000| Complete 
| 121|0x0000000713200000, 0x0000000713400000, 0x0000000713400000|100%| E|CS|TAMS 0x0000000713200000| PB 0x0000000713200000| Complete 
| 122|0x0000000713400000, 0x0000000713600000, 0x0000000713600000|100%| E|CS|TAMS 0x0000000713400000| PB 0x0000000713400000| Complete 
| 123|0x0000000713600000, 0x0000000713800000, 0x0000000713800000|100%| E|CS|TAMS 0x0000000713600000| PB 0x0000000713600000| Complete 
| 124|0x0000000713800000, 0x0000000713a00000, 0x0000000713a00000|100%| E|CS|TAMS 0x0000000713800000| PB 0x0000000713800000| Complete 
| 125|0x0000000713a00000, 0x0000000713c00000, 0x0000000713c00000|100%| E|CS|TAMS 0x0000000713a00000| PB 0x0000000713a00000| Complete 

Card table byte_map: [0x000002ba28dd0000,0x000002ba295b0000] _byte_map_base: 0x000002ba255b0000

Marking Bits: (CMBitMap*) 0x000002ba2d4cfe10
 Bits: [0x000002ba295b0000, 0x000002ba2d4b0000)

Polling page: 0x000002ba10410000

Metaspace:

Usage:
  Non-class:      7.10 MB used.
      Class:    986.90 KB used.
       Both:      8.07 MB used.

Virtual space:
  Non-class space:       64.00 MB reserved,       7.19 MB ( 11%) committed,  1 nodes.
      Class space:        1.00 GB reserved,       1.06 MB ( <1%) committed,  1 nodes.
             Both:        1.06 GB reserved,       8.25 MB ( <1%) committed. 

Chunk freelists:
   Non-Class:  8.45 MB
       Class:  14.99 MB
        Both:  23.44 MB

MaxMetaspaceSize: unlimited
CompressedClassSpaceSize: 1.00 GB
Initial GC threshold: 21.00 MB
Current GC threshold: 21.00 MB
CDS: on
 - commit_granule_bytes: 65536.
 - commit_granule_words: 8192.
 - virtual_space_node_default_size: 8388608.
 - enlarge_chunks_in_place: 1.
 - use_allocation_guard: 0.


Internal statistics:

num_allocs_failed_limit: 0.
num_arena_births: 140.
num_arena_deaths: 0.
num_vsnodes_births: 2.
num_vsnodes_deaths: 0.
num_space_committed: 132.
num_space_uncommitted: 0.
num_chunks_returned_to_freelist: 0.
num_chunks_taken_from_freelist: 192.
num_chunk_merges: 0.
num_chunk_splits: 115.
num_chunks_enlarged: 48.
num_inconsistent_stats: 0.

CodeHeap 'non-profiled nmethods': size=120000Kb used=348Kb max_used=348Kb free=119651Kb
 bounds [0x000002ba20b70000, 0x000002ba20de0000, 0x000002ba280a0000]
CodeHeap 'profiled nmethods': size=120000Kb used=2041Kb max_used=2041Kb free=117958Kb
 bounds [0x000002ba190a0000, 0x000002ba19310000, 0x000002ba205d0000]
CodeHeap 'non-nmethods': size=5760Kb used=1691Kb max_used=1704Kb free=4068Kb
 bounds [0x000002ba205d0000, 0x000002ba20840000, 0x000002ba20b70000]
 total_blobs=1873 nmethods=1279 adapters=499
 compilation: enabled
              stopped_count=0, restarted_count=0
 full_count=0

Compilation events (20 events):
Event: 3.091 Thread 0x000002ba3023a340 nmethod 1269 0x000002ba1929aa90 code [0x000002ba1929ac40, 0x000002ba1929aea8]
Event: 3.139 Thread 0x000002ba3023a340 1270       3       java.awt.event.InputEvent::getModifiers (8 bytes)
Event: 3.139 Thread 0x000002ba3023a340 nmethod 1270 0x000002ba1929af90 code [0x000002ba1929b120, 0x000002ba1929b238]
Event: 3.253 Thread 0x000002ba3023a340 1271       3       sun.awt.SunToolkit::getSystemEventQueueImplPP (13 bytes)
Event: 3.253 Thread 0x000002ba3023a340 nmethod 1271 0x000002ba1929b310 code [0x000002ba1929b4c0, 0x000002ba1929b6e0]
Event: 3.253 Thread 0x000002ba3023a340 1272       3       java.awt.geom.AffineTransform::getDeterminant (99 bytes)
Event: 3.253 Thread 0x000002ba3023a340 nmethod 1272 0x000002ba1929b810 code [0x000002ba1929ba20, 0x000002ba1929be60]
Event: 3.254 Thread 0x000002ba3023a340 1273       3       java.util.HashMap$KeySet::iterator (12 bytes)
Event: 3.254 Thread 0x000002ba3023a340 nmethod 1273 0x000002ba1929bf90 code [0x000002ba1929c140, 0x000002ba1929c350]
Event: 3.254 Thread 0x000002ba3023a340 1274       3       java.util.HashMap$KeyIterator::<init> (6 bytes)
Event: 3.254 Thread 0x000002ba3023a340 nmethod 1274 0x000002ba1929c490 code [0x000002ba1929c640, 0x000002ba1929c780]
Event: 3.254 Thread 0x000002ba3023a340 1275       3       java.lang.Math::max (12 bytes)
Event: 3.254 Thread 0x000002ba3023a340 nmethod 1275 0x000002ba1929c810 code [0x000002ba1929c9a0, 0x000002ba1929cae0]
Event: 3.255 Thread 0x000002ba3023a340 1276       3       sun.java2d.pipe.Region::clipScale (41 bytes)
Event: 3.255 Thread 0x000002ba3023a340 nmethod 1276 0x000002ba1929cb90 code [0x000002ba1929cd80, 0x000002ba1929d058]
Event: 3.255 Thread 0x000002ba3023a340 1277       3       java.lang.Math::round (70 bytes)
Event: 3.255 Thread 0x000002ba3023a340 nmethod 1277 0x000002ba1929d110 code [0x000002ba1929d2c0, 0x000002ba1929d510]
Event: 3.255 Thread 0x000002ba3023a340 1278       3       sun.java2d.SunGraphics2D::setColor (108 bytes)
Event: 3.255 Thread 0x000002ba3023a340 nmethod 1278 0x000002ba1929d590 code [0x000002ba1929d780, 0x000002ba1929dc60]
Event: 3.341 Thread 0x000002ba3023a340 1279       3       java.awt.AWTEvent::<init> (81 bytes)

GC Heap History (0 events):
No events

Dll operation events (9 events):
Event: 0.006 Loaded shared library C:\Program Files\Java\jdk-21\bin\java.dll
Event: 0.038 Loaded shared library C:\Program Files\Java\jdk-21\bin\jsvml.dll
Event: 0.055 Loaded shared library C:\Users\14858\Desktop\Cwork\genealogy-homework\C_functions.dll
Event: 0.067 Loaded shared library C:\Program Files\Java\jdk-21\bin\jimage.dll
Event: 0.079 Loaded shared library C:\Program Files\Java\jdk-21\bin\awt.dll
Event: 0.189 Loaded shared library C:\Program Files\Java\jdk-21\bin\freetype.dll
Event: 0.189 Loaded shared library C:\Program Files\Java\jdk-21\bin\fontmanager.dll
Event: 0.319 Loaded shared library C:\Program Files\Java\jdk-21\bin\net.dll
Event: 0.320 Loaded shared library C:\Program Files\Java\jdk-21\bin\nio.dll

Deoptimization events (20 events):
Event: 2.204 Thread 0x000002ba309d49c0 DEOPT PACKING pc=0x000002ba20bb5ff8 sp=0x000000f4af5fc7e0
Event: 2.204 Thread 0x000002ba309d49c0 DEOPT UNPACKING pc=0x000002ba20627da2 sp=0x000000f4af5fc6f8 mode 2
Event: 2.238 Thread 0x000002ba309d49c0 DEOPT PACKING pc=0x000002ba1926e49b sp=0x000000f4af5fc620
Event: 2.238 Thread 0x000002ba309d49c0 DEOPT UNPACKING pc=0x000002ba206288e2 sp=0x000000f4af5fbaf0 mode 0
Event: 2.238 Thread 0x000002ba309d49c0 DEOPT PACKING pc=0x000002ba1926e49b sp=0x000000f4af5fc620
Event: 2.238 Thread 0x000002ba309d49c0 DEOPT UNPACKING pc=0x000002ba206288e2 sp=0x000000f4af5fbaf0 mode 0
Event: 2.238 Thread 0x000002ba309d49c0 DEOPT PACKING pc=0x000002ba1926e49b sp=0x000000f4af5fc620
Event: 2.238 Thread 0x000002ba309d49c0 DEOPT UNPACKING pc=0x000002ba206288e2 sp=0x000000f4af5fbaf0 mode 0
Event: 2.239 Thread 0x000002ba309d49c0 DEOPT PACKING pc=0x000002ba1926e49b sp=0x000000f4af5fc620
Event: 2.239 Thread 0x000002ba309d49c0 DEOPT UNPACKING pc=0x000002ba206288e2 sp=0x000000f4af5fbaf0 mode 0
Event: 2.239 Thread 0x000002ba309d49c0 DEOPT PACKING pc=0x000002ba1926e49b sp=0x000000f4af5fc620
Event: 2.239 Thread 0x000002ba309d49c0 DEOPT UNPACKING pc=0x000002ba206288e2 sp=0x000000f4af5fbaf0 mode 0
Event: 2.240 Thread 0x000002ba309d49c0 DEOPT PACKING pc=0x000002ba1926e49b sp=0x000000f4af5fc620
Event: 2.240 Thread 0x000002ba309d49c0 DEOPT UNPACKING pc=0x000002ba206288e2 sp=0x000000f4af5fbaf0 mode 0
Event: 2.240 Thread 0x000002ba309d49c0 DEOPT PACKING pc=0x000002ba1926e49b sp=0x000000f4af5fc630
Event: 2.240 Thread 0x000002ba309d49c0 DEOPT UNPACKING pc=0x000002ba206288e2 sp=0x000000f4af5fbaa0 mode 0
Event: 2.240 Thread 0x000002ba309d49c0 DEOPT PACKING pc=0x000002ba1926e49b sp=0x000000f4af5fc630
Event: 2.240 Thread 0x000002ba309d49c0 DEOPT UNPACKING pc=0x000002ba206288e2 sp=0x000000f4af5fbaa0 mode 0
Event: 2.241 Thread 0x000002ba309d49c0 DEOPT PACKING pc=0x000002ba1926e49b sp=0x000000f4af5fc630
Event: 2.241 Thread 0x000002ba309d49c0 DEOPT UNPACKING pc=0x000002ba206288e2 sp=0x000000f4af5fbaa0 mode 0

Classes loaded (20 events):
Event: 2.212 Loading class java/awt/GradientPaint
Event: 2.212 Loading class java/awt/GradientPaint done
Event: 2.213 Loading class java/awt/GradientPaintContext
Event: 2.213 Loading class java/awt/PaintContext
Event: 2.213 Loading class java/awt/PaintContext done
Event: 2.213 Loading class java/awt/GradientPaintContext done
Event: 2.213 Loading class java/awt/geom/Point2D$Double
Event: 2.213 Loading class java/awt/geom/Point2D$Double done
Event: 2.213 Loading class sun/java2d/pipe/AlphaPaintPipe$TileContext
Event: 2.213 Loading class sun/java2d/pipe/AlphaPaintPipe$TileContext done
Event: 2.213 Loading class sun/awt/image/MultiResolutionToolkitImage
Event: 2.213 Loading class sun/awt/image/MultiResolutionToolkitImage done
Event: 2.217 Loading class java/awt/print/PrinterGraphics
Event: 2.217 Loading class java/awt/print/PrinterGraphics done
Event: 2.217 Loading class java/awt/PrintGraphics
Event: 2.217 Loading class java/awt/PrintGraphics done
Event: 2.523 Loading class java/awt/event/ContainerEvent
Event: 2.523 Loading class java/awt/event/ContainerEvent done
Event: 2.523 Loading class javax/swing/event/ChangeEvent
Event: 2.523 Loading class javax/swing/event/ChangeEvent done

Classes unloaded (0 events):
No events

Classes redefined (0 events):
No events

Internal exceptions (12 events):
Event: 0.072 Thread 0x000002ba10ca8160 Exception <a 'java/lang/ClassNotFoundException'{0x000000071384a698}: sun/awt/resources/spi/awtProvider> (0x000000071384a698) 
thrown [s\open\src\hotspot\share\classfile\systemDictionary.cpp, line 312]
Event: 0.086 Thread 0x000002ba10ca8160 Exception <a 'java/io/FileNotFoundException'{0x0000000713916340}> (0x0000000713916340) 
thrown [s\open\src\hotspot\share\prims\jni.cpp, line 520]
Event: 0.089 Thread 0x000002ba10ca8160 Exception <a 'java/io/FileNotFoundException'{0x0000000713940330}> (0x0000000713940330) 
thrown [s\open\src\hotspot\share\prims\jni.cpp, line 520]
Event: 0.143 Thread 0x000002ba10ca8160 Exception <a 'java/lang/NoSuchMethodError'{0x0000000713684b48}: 'void java.lang.invoke.DirectMethodHandle$Holder.invokeSpecial(java.lang.Object, java.lang.Object, java.lang.Object)'> (0x0000000713684b48) 
thrown [s\open\src\hotspot\share\interpreter\linkResolver.cpp, line 773]
Event: 0.148 Thread 0x000002ba10ca8160 Exception <a 'java/lang/NoSuchMethodError'{0x00000007136aa5d8}: 'java.lang.Object java.lang.invoke.DirectMethodHandle$Holder.newInvokeSpecial(java.lang.Object, java.lang.Object, java.lang.Object, java.lang.Object, java.lang.Object)'> (0x00000007136aa5d8) 
thrown [s\open\src\hotspot\share\interpreter\linkResolver.cpp, line 773]
Event: 0.151 Thread 0x000002ba10ca8160 Exception <a 'java/lang/NoSuchMethodError'{0x00000007136d61e8}: 'java.lang.Object java.lang.invoke.DirectMethodHandle$Holder.invokeStatic(java.lang.Object, int, java.lang.Object)'> (0x00000007136d61e8) 
thrown [s\open\src\hotspot\share\interpreter\linkResolver.cpp, line 773]
Event: 0.163 Thread 0x000002ba10ca8160 Exception <a 'java/lang/ClassNotFoundException'{0x0000000713775c30}: com/sun/swing/internal/plaf/metal/resources/spi/metalProvider> (0x0000000713775c30) 
thrown [s\open\src\hotspot\share\classfile\systemDictionary.cpp, line 312]
Event: 0.164 Thread 0x000002ba10ca8160 Exception <a 'java/lang/ClassNotFoundException'{0x000000071377ba40}: com/sun/swing/internal/plaf/basic/resources/spi/basicProvider> (0x000000071377ba40) 
thrown [s\open\src\hotspot\share\classfile\systemDictionary.cpp, line 312]
Event: 0.171 Thread 0x000002ba10ca8160 Exception <a 'java/lang/NoSuchMethodError'{0x000000071379f4c8}: 'int java.lang.invoke.Invokers$Holder.invokeExact_MT(java.lang.Object, java.lang.Object)'> (0x000000071379f4c8) 
thrown [s\open\src\hotspot\share\interpreter\linkResolver.cpp, line 773]
Event: 0.176 Thread 0x000002ba308d6d10 Exception <a 'java/lang/NoSuchMethodError'{0x000000071360e618}: 'void java.lang.invoke.DirectMethodHandle$Holder.invokeVirtual(java.lang.Object, java.lang.Object)'> (0x000000071360e618) 
thrown [s\open\src\hotspot\share\interpreter\linkResolver.cpp, line 773]
Event: 0.186 Thread 0x000002ba10ca8160 Exception <a 'java/lang/NoSuchMethodError'{0x0000000713401500}: 'void java.lang.invoke.DirectMethodHandle$Holder.invokeStaticInit(java.lang.Object)'> (0x0000000713401500) 
thrown [s\open\src\hotspot\share\interpreter\linkResolver.cpp, line 773]
Event: 0.192 Thread 0x000002ba10ca8160 Exception <a 'java/io/FileNotFoundException'{0x000000071340dac0}> (0x000000071340dac0) 
thrown [s\open\src\hotspot\share\prims\jni.cpp, line 520]

ZGC Phase Switch (0 events):
No events

VM Operations (14 events):
Event: 0.095 Executing VM operation: HandshakeAllThreads (Deoptimize)
Event: 0.095 Executing VM operation: HandshakeAllThreads (Deoptimize) done
Event: 0.163 Executing VM operation: HandshakeAllThreads (Deoptimize)
Event: 0.163 Executing VM operation: HandshakeAllThreads (Deoptimize) done
Event: 0.180 Executing VM operation: HandshakeAllThreads (Deoptimize)
Event: 0.180 Executing VM operation: HandshakeAllThreads (Deoptimize) done
Event: 0.264 Executing VM operation: HandshakeAllThreads (Deoptimize)
Event: 0.265 Executing VM operation: HandshakeAllThreads (Deoptimize) done
Event: 1.279 Executing VM operation: Cleanup
Event: 1.279 Executing VM operation: Cleanup done
Event: 2.282 Executing VM operation: Cleanup
Event: 2.282 Executing VM operation: Cleanup done
Event: 3.285 Executing VM operation: Cleanup
Event: 3.285 Executing VM operation: Cleanup done

Events (19 events):
Event: 0.018 Thread 0x000002ba10ca8160 Thread added: 0x000002ba10ca8160
Event: 0.036 Thread 0x000002ba301f6a60 Thread added: 0x000002ba301f6a60
Event: 0.036 Thread 0x000002ba301f7850 Thread added: 0x000002ba301f7850
Event: 0.036 Thread 0x000002ba301f87b0 Thread added: 0x000002ba301f87b0
Event: 0.036 Thread 0x000002ba301fbb30 Thread added: 0x000002ba301fbb30
Event: 0.037 Thread 0x000002ba301fe930 Thread added: 0x000002ba301fe930
Event: 0.037 Thread 0x000002ba3022e850 Thread added: 0x000002ba3022e850
Event: 0.037 Thread 0x000002ba30235840 Thread added: 0x000002ba30235840
Event: 0.037 Thread 0x000002ba3023a340 Thread added: 0x000002ba3023a340
Event: 0.047 Thread 0x000002ba303d5320 Thread added: 0x000002ba303d5320
Event: 0.051 Thread 0x000002ba303df030 Thread added: 0x000002ba303df030
Event: 0.122 Thread 0x000002ba308c7740 Thread added: 0x000002ba308c7740
Event: 0.123 Thread 0x000002ba308cdf00 Thread added: 0x000002ba308cdf00
Event: 0.124 Thread 0x000002ba308d6d10 Thread added: 0x000002ba308d6d10
Event: 0.177 Thread 0x000002ba309d49c0 Thread added: 0x000002ba309d49c0
Event: 0.313 Thread 0x000002ba10ca8160 Thread exited: 0x000002ba10ca8160
Event: 0.313 Thread 0x000002ba30a75310 Thread added: 0x000002ba30a75310
Event: 2.205 Thread 0x000002ba30cccb30 Thread added: 0x000002ba30cccb30
Event: 2.346 Thread 0x000002ba30cccb30 Thread exited: 0x000002ba30cccb30


Dynamic libraries:
0x00007ff72bc50000 - 0x00007ff72bc60000 	C:\Program Files\Java\jdk-21\bin\java.exe
0x00007ffc8d090000 - 0x00007ffc8d288000 	C:\WINDOWS\SYSTEM32\ntdll.dll
0x00007ffc8b460000 - 0x00007ffc8b51d000 	C:\WINDOWS\System32\KERNEL32.DLL
0x00007ffc8a800000 - 0x00007ffc8aaf6000 	C:\WINDOWS\System32\KERNELBASE.dll
0x00007ffc851e0000 - 0x00007ffc85270000 	C:\WINDOWS\SYSTEM32\apphelp.dll
0x00007ffc35470000 - 0x00007ffc35906000 	C:\WINDOWS\SYSTEM32\AcLayers.DLL
0x00007ffc8b7f0000 - 0x00007ffc8b88e000 	C:\WINDOWS\System32\msvcrt.dll
0x00007ffc8c630000 - 0x00007ffc8c7cf000 	C:\WINDOWS\System32\USER32.dll
0x00007ffc8a7d0000 - 0x00007ffc8a7f2000 	C:\WINDOWS\System32\win32u.dll
0x00007ffc8b160000 - 0x00007ffc8b18b000 	C:\WINDOWS\System32\GDI32.dll
0x00007ffc8af00000 - 0x00007ffc8b017000 	C:\WINDOWS\System32\gdi32full.dll
0x00007ffc8b020000 - 0x00007ffc8b0bd000 	C:\WINDOWS\System32\msvcp_win.dll
0x00007ffc8adb0000 - 0x00007ffc8aeb0000 	C:\WINDOWS\System32\ucrtbase.dll
0x00007ffc8c880000 - 0x00007ffc8cfeb000 	C:\WINDOWS\System32\SHELL32.dll
0x00007ffc8cff0000 - 0x00007ffc8d045000 	C:\WINDOWS\System32\SHLWAPI.dll
0x00007ffc8b190000 - 0x00007ffc8b240000 	C:\WINDOWS\System32\ADVAPI32.dll
0x00007ffc8b0c0000 - 0x00007ffc8b160000 	C:\WINDOWS\System32\sechost.dll
0x00007ffc8b5e0000 - 0x00007ffc8b703000 	C:\WINDOWS\System32\RPCRT4.dll
0x00007ffc8ab00000 - 0x00007ffc8ab27000 	C:\WINDOWS\System32\bcrypt.dll
0x000002ba0e8c0000 - 0x000002ba0e8c3000 	C:\WINDOWS\SYSTEM32\sfc.dll
0x00007ffc70950000 - 0x00007ffc709f5000 	C:\WINDOWS\SYSTEM32\WINSPOOL.DRV
0x00007ffc8c0b0000 - 0x00007ffc8c403000 	C:\WINDOWS\System32\combase.dll
0x00007ffc8c7d0000 - 0x00007ffc8c87d000 	C:\WINDOWS\System32\shcore.dll
0x00007ffc67890000 - 0x00007ffc678a2000 	C:\WINDOWS\SYSTEM32\sfc_os.DLL
0x00007ffc8c540000 - 0x00007ffc8c572000 	C:\WINDOWS\System32\IMM32.DLL
0x00007ffc73420000 - 0x00007ffc73439000 	C:\Program Files\Java\jdk-21\bin\jli.dll
0x00007ffc73380000 - 0x00007ffc7339b000 	C:\Program Files\Java\jdk-21\bin\VCRUNTIME140.dll
0x00007ffc702c0000 - 0x00007ffc7055a000 	C:\WINDOWS\WinSxS\amd64_microsoft.windows.common-controls_6595b64144ccf1df_6.0.19041.4355_none_60b8b9eb71f62e16\COMCTL32.dll
0x00007ffc7ba50000 - 0x00007ffc7ba5a000 	C:\WINDOWS\SYSTEM32\VERSION.dll
0x00007ffc733e0000 - 0x00007ffc733ec000 	C:\Program Files\Java\jdk-21\bin\vcruntime140_1.dll
0x00007ffc622e0000 - 0x00007ffc6236e000 	C:\Program Files\Java\jdk-21\bin\msvcp140.dll
0x00007ffc2de90000 - 0x00007ffc2eba5000 	C:\Program Files\Java\jdk-21\bin\server\jvm.dll
0x00007ffc8c410000 - 0x00007ffc8c47b000 	C:\WINDOWS\System32\WS2_32.dll
0x00007ffc89cc0000 - 0x00007ffc89d0b000 	C:\WINDOWS\SYSTEM32\POWRPROF.dll
0x00007ffc7c390000 - 0x00007ffc7c3b7000 	C:\WINDOWS\SYSTEM32\WINMM.dll
0x00007ffc89b30000 - 0x00007ffc89b42000 	C:\WINDOWS\SYSTEM32\UMPDC.dll
0x00007ffc88f10000 - 0x00007ffc88f22000 	C:\WINDOWS\SYSTEM32\kernel.appcore.dll
0x00007ffc73370000 - 0x00007ffc7337a000 	C:\Program Files\Java\jdk-21\bin\jimage.dll
0x00007ffc884a0000 - 0x00007ffc88684000 	C:\WINDOWS\SYSTEM32\DBGHELP.DLL
0x00007ffc62da0000 - 0x00007ffc62dd4000 	C:\WINDOWS\SYSTEM32\dbgcore.DLL
0x00007ffc8a740000 - 0x00007ffc8a7c2000 	C:\WINDOWS\System32\bcryptPrimitives.dll
0x00007ffc73280000 - 0x00007ffc7329f000 	C:\Program Files\Java\jdk-21\bin\java.dll
0x00007ffc88690000 - 0x00007ffc88e2d000 	C:\WINDOWS\SYSTEM32\windows.storage.dll
0x00007ffc8a160000 - 0x00007ffc8a18e000 	C:\WINDOWS\SYSTEM32\Wldp.dll
0x00007ffc8b9b0000 - 0x00007ffc8ba7d000 	C:\WINDOWS\System32\OLEAUT32.dll
0x00007ffc8a670000 - 0x00007ffc8a694000 	C:\WINDOWS\SYSTEM32\profapi.dll
0x00007ffc373a0000 - 0x00007ffc37477000 	C:\Program Files\Java\jdk-21\bin\jsvml.dll
0x00000000624c0000 - 0x00000000624d7000 	C:\Users\14858\Desktop\Cwork\genealogy-homework\C_functions.dll
0x00007ffc35e00000 - 0x00007ffc35f8f000 	C:\Program Files\Java\jdk-21\bin\awt.dll
0x00007ffc85730000 - 0x00007ffc8575f000 	C:\WINDOWS\system32\DWMAPI.DLL
0x00007ffc853a0000 - 0x00007ffc8543e000 	C:\WINDOWS\system32\uxtheme.dll
0x00007ffc50900000 - 0x00007ffc50a25000 	C:\WINDOWS\system32\opengl32.dll
0x00007ffc508d0000 - 0x00007ffc508fc000 	C:\WINDOWS\SYSTEM32\GLU32.dll
0x00007ffc8b890000 - 0x00007ffc8b9a4000 	C:\WINDOWS\System32\MSCTF.dll
0x00007ffc8bf80000 - 0x00007ffc8c0ab000 	C:\WINDOWS\System32\ole32.dll
0x00007ffc3b110000 - 0x00007ffc3b197000 	C:\Program Files\Java\jdk-21\bin\freetype.dll
0x00007ffc35d20000 - 0x00007ffc35df3000 	C:\Program Files\Java\jdk-21\bin\fontmanager.dll
0x00007ffc7a9b0000 - 0x00007ffc7aaa9000 	C:\WINDOWS\SYSTEM32\textinputframework.dll
0x00007ffc84e90000 - 0x00007ffc84f82000 	C:\WINDOWS\System32\CoreMessaging.dll
0x00007ffc84b30000 - 0x00007ffc84e8b000 	C:\WINDOWS\System32\CoreUIComponents.dll
0x00007ffc89870000 - 0x00007ffc898a3000 	C:\WINDOWS\SYSTEM32\ntmarta.dll
0x00007ffc839c0000 - 0x00007ffc83b17000 	C:\WINDOWS\SYSTEM32\wintypes.dll
0x00007ffc73350000 - 0x00007ffc73360000 	C:\Program Files\Java\jdk-21\bin\net.dll
0x00007ffc83410000 - 0x00007ffc8351a000 	C:\WINDOWS\SYSTEM32\WINHTTP.dll
0x00007ffc89ec0000 - 0x00007ffc89f2a000 	C:\WINDOWS\system32\mswsock.dll
0x00007ffc730a0000 - 0x00007ffc730b6000 	C:\Program Files\Java\jdk-21\bin\nio.dll

dbghelp: loaded successfully - version: 4.0.5 - missing functions: none
symbol engine: initialized successfully - sym options: 0x614 - pdb path: .;C:\Program Files\Java\jdk-21\bin;C:\WINDOWS\SYSTEM32;C:\WINDOWS\WinSxS\amd64_microsoft.windows.common-controls_6595b64144ccf1df_6.0.19041.4355_none_60b8b9eb71f62e16;C:\Program Files\Java\jdk-21\bin\server;C:\Users\14858\Desktop\Cwork\genealogy-homework

VM Arguments:
java_command: JavaGUI
java_class_path (initial): .
Launcher Type: SUN_STANDARD

[Global flags]
     intx CICompilerCount                          = 4                                         {product} {ergonomic}
     uint ConcGCThreads                            = 3                                         {product} {ergonomic}
     uint G1ConcRefinementThreads                  = 10                                        {product} {ergonomic}
   size_t G1HeapRegionSize                         = 2097152                                   {product} {ergonomic}
    uintx GCDrainStackTargetSize                   = 64                                        {product} {ergonomic}
   size_t InitialHeapSize                          = 264241152                                 {product} {ergonomic}
   size_t MarkStackSize                            = 4194304                                   {product} {ergonomic}
   size_t MaxHeapSize                              = 4227858432                                {product} {ergonomic}
   size_t MaxNewSize                               = 2535456768                                {product} {ergonomic}
   size_t MinHeapDeltaBytes                        = 2097152                                   {product} {ergonomic}
   size_t MinHeapSize                              = 8388608                                   {product} {ergonomic}
    uintx NonNMethodCodeHeapSize                   = 5839372                                {pd product} {ergonomic}
    uintx NonProfiledCodeHeapSize                  = 122909434                              {pd product} {ergonomic}
    uintx ProfiledCodeHeapSize                     = 122909434                              {pd product} {ergonomic}
    uintx ReservedCodeCacheSize                    = 251658240                              {pd product} {ergonomic}
     bool SegmentedCodeCache                       = true                                      {product} {ergonomic}
   size_t SoftMaxHeapSize                          = 4227858432                             {manageable} {ergonomic}
     bool UseCompressedOops                        = true                           {product lp64_product} {ergonomic}
     bool UseG1GC                                  = true                                      {product} {ergonomic}
     bool UseLargePagesIndividualAllocation        = false                                  {pd product} {ergonomic}

Logging:
Log output configuration:
 #0: stdout all=warning uptime,level,tags foldmultilines=false
 #1: stderr all=off uptime,level,tags foldmultilines=false

Environment Variables:
JAVA_HOME=C:\Program Files\Java\jdk-21
PATH=C:\Program Files\Common Files\Oracle\Java\javapath;C:\Program Files (x86)\Common Files\Oracle\Java\java8path;C:\Program Files (x86)\Common Files\Oracle\Java\javapath;C:\Program Files (x86)\VMware\VMware Workstation\bin\;C:\Windows\system32;C:\Windows;C:\Windows\System32\Wbem;C:\Windows\System32\WindowsPowerShell\v1.0\;C:\Windows\System32\OpenSSH\;C:\Program Files\WireGuard\;C:\Program Files\mingw64\bin\;C:\Program Files\NVIDIA Corporation\NVIDIA NvDLISR;C:\WINDOWS\system32;C:\WINDOWS;C:\WINDOWS\System32\Wbem;C:\WINDOWS\System32\WindowsPowerShell\v1.0\;C:\WINDOWS\System32\OpenSSH\;C:\Program Files\Git\cmd;C:\Program Files (x86)\NVIDIA Corporation\PhysX\Common;C:\Program Files\dotnet\;C:\Program Files (x86)\GTK2-Runtime\bin;C:\Program Files (x86)\Windows Kits\10\Windows Performance Toolkit\;C:\Program Files (x86)\Microsoft SQL Server\100\Tools\Binn\;C:\Program Files (x86)\Microsoft SQL Server\100\DTS\Binn\;C:\Program Files (x86)\Microsoft SQL Server\100\Tools\Binn\VSShell\Common7\IDE\;C:\Program Files\Docker\Docker\resources\bin;C:\Program Files\Cloudflare\Cloudflare WARP\;C:\Program Files (x86)\NetSarang\Xftp 7\;C:\Program Files (x86)\NetSarang\Xshell 7\;C:\Users\14858\anaconda3;C:\Users\14858\anaconda3\Library\mingw-w64\bin;C:\Users\14858\anaconda3\Library\usr\bin;C:\Users\14858\anaconda3\Library\bin;C:\Users\14858\anaconda3\Scripts;C:\Users\14858\AppData\Local\Programs\Python\Python311\Scripts\;C:\Users\14858\AppData\Local\Programs\Python\Python311\;C:\Users\14858\AppData\Local\Microsoft\WindowsApps;C:\Users\14858\AppData\Local\Programs\Microsoft VS Code\bin;C:\Program Files\JetBrains\PyCharm 2023.2.1\bin;C:\Program Files\mingw64\bin;C:\php-8.2.12-Win32-vs16-x64;C:\Users\14858\AppData\Local\GitHubDesktop\bin;C:\Program Files\CMake\bin;C:\Program Files\JetBrains\PyCharm Community Edition 2023.3.4\bin;;C:\Users\14858\AppData\Local\Programs\MiKTeX\miktex\bin\x64\
USERNAME=y~
LANG=zh_CN.UTF-8
OS=Windows_NT
PROCESSOR_IDENTIFIER=Intel64 Family 6 Model 141 Stepping 1, GenuineIntel
TMP=C:\Users\14858\AppData\Local\Temp
TEMP=C:\Users\14858\AppData\Local\Temp




Periodic native trim disabled

---------------  S Y S T E M  ---------------

OS:
 Windows 10 , 64 bit Build 19041 (10.0.19041.3636)
OS uptime: 0 days 13:57 hours
Hyper-V role detected

CPU: total 12 (initial active 12) (6 cores per cpu, 2 threads per core) family 6 model 141 stepping 1 microcode 0x34, cx8, cmov, fxsr, ht, mmx, 3dnowpref, sse, sse2, sse3, ssse3, sse4.1, sse4.2, popcnt, lzcnt, tsc, tscinvbit, avx, avx2, aes, erms, clmul, bmi1, bmi2, adx, avx512f, avx512dq, avx512cd, avx512bw, avx512vl, sha, fma, vzeroupper, avx512_vpopcntdq, avx512_vpclmulqdq, avx512_vaes, avx512_vnni, clflush, clflushopt, clwb, avx512_vbmi2, avx512_vbmi, hv, rdtscp, rdpid, fsrm, gfni, avx512_bitalg, f16c, cet_ibt, cet_ss, avx512_ifma
Processor Information for all 12 processors :
  Max Mhz: 2688, Current Mhz: 2688, Mhz Limit: 2688

Memory: 4k page, system-wide physical 16121M (6504M free)
TotalPageFile size 21241M (AvailPageFile size 5469M)
current process WorkingSet (physical memory assigned to process): 110M, peak: 110M
current process commit charge ("private bytes"): 380M, peak: 380M

vm_info: Java HotSpot(TM) 64-Bit Server VM (21.0.1+12-LTS-29) for windows-amd64 JRE (21.0.1+12-LTS-29), built on 2023-10-05T13:27:09Z by "mach5one" with MS VC++ 17.1 (VS2022)

END.
