#
# A fatal error has been detected by the Java Runtime Environment:
#
#  EXCEPTION_ACCESS_VIOLATION (0xc0000005) at pc=0x00000000624c2818, pid=11316, tid=15996
#
# JRE version: Java(TM) SE Runtime Environment (21.0.1+12) (build 21.0.1+12-LTS-29)
# Java VM: Java HotSpot(TM) 64-Bit Server VM (21.0.1+12-LTS-29, mixed mode, sharing, tiered, compressed oops, compressed class ptrs, g1 gc, windows-amd64)
# Problematic frame:
# C  [C_functions.dll+0x2818]
#
# No core dump will be written. Minidumps are not enabled by default on client versions of Windows
#
# If you would like to submit a bug report, please visit:
#   https://bugreport.java.com/bugreport/crash.jsp
# The crash happened outside the Java Virtual Machine in native code.
# See problematic frame for where to report the bug.
#

---------------  S U M M A R Y ------------

Command Line: JavaGUI

Host: 11th Gen Intel(R) Core(TM) i5-11400H @ 2.70GHz, 12 cores, 15G,  Windows 10 , 64 bit Build 19041 (10.0.19041.3636)
Time: Sat Jun  8 23:20:03 2024  Windows 10 , 64 bit Build 19041 (10.0.19041.3636) elapsed time: 2.270862 seconds (0d 0h 0m 2s)

---------------  T H R E A D  ---------------

Current thread (0x000001eaff7aa820):  JavaThread "AWT-EventQueue-0"        [_thread_in_native, id=15996, stack(0x00000057c0d00000,0x00000057c0e00000) (1024K)]

Stack: [0x00000057c0d00000,0x00000057c0e00000],  sp=0x00000057c0dfe070,  free space=1016k
Native frames: (J=compiled Java code, j=interpreted, Vv=VM code, C=native code)
C  [C_functions.dll+0x2818]

Java frames: (J=compiled Java code, j=interpreted, Vv=VM code)
j  JavaGUI.sortByBirth(J)Ljava/lang/String;+0
j  MyActionListener.actionPerformed(Ljava/awt/event/ActionEvent;)V+611
j  javax.swing.AbstractButton.fireActionPerformed(Ljava/awt/event/ActionEvent;)V+84 java.desktop@21.0.1
j  javax.swing.AbstractButton$Handler.actionPerformed(Ljava/awt/event/ActionEvent;)V+5 java.desktop@21.0.1
j  javax.swing.DefaultButtonModel.fireActionPerformed(Ljava/awt/event/ActionEvent;)V+34 java.desktop@21.0.1
j  javax.swing.DefaultButtonModel.setPressed(Z)V+117 java.desktop@21.0.1
j  javax.swing.plaf.basic.BasicButtonListener.mouseReleased(Ljava/awt/event/MouseEvent;)V+35 java.desktop@21.0.1
j  java.awt.Component.processMouseEvent(Ljava/awt/event/MouseEvent;)V+64 java.desktop@21.0.1
j  javax.swing.JComponent.processMouseEvent(Ljava/awt/event/MouseEvent;)V+23 java.desktop@21.0.1
j  java.awt.Component.processEvent(Ljava/awt/AWTEvent;)V+81 java.desktop@21.0.1
j  java.awt.Container.processEvent(Ljava/awt/AWTEvent;)V+18 java.desktop@21.0.1
j  java.awt.Component.dispatchEventImpl(Ljava/awt/AWTEvent;)V+504 java.desktop@21.0.1
j  java.awt.Container.dispatchEventImpl(Ljava/awt/AWTEvent;)V+42 java.desktop@21.0.1
j  java.awt.Component.dispatchEvent(Ljava/awt/AWTEvent;)V+2 java.desktop@21.0.1
j  java.awt.LightweightDispatcher.retargetMouseEvent(Ljava/awt/Component;ILjava/awt/event/MouseEvent;)V+349 java.desktop@21.0.1
j  java.awt.LightweightDispatcher.processMouseEvent(Ljava/awt/event/MouseEvent;)Z+155 java.desktop@21.0.1
j  java.awt.LightweightDispatcher.dispatchEvent(Ljava/awt/AWTEvent;)Z+50 java.desktop@21.0.1
j  java.awt.Container.dispatchEventImpl(Ljava/awt/AWTEvent;)V+12 java.desktop@21.0.1
j  java.awt.Window.dispatchEventImpl(Ljava/awt/AWTEvent;)V+19 java.desktop@21.0.1
j  java.awt.Component.dispatchEvent(Ljava/awt/AWTEvent;)V+2 java.desktop@21.0.1
j  java.awt.EventQueue.dispatchEventImpl(Ljava/awt/AWTEvent;Ljava/lang/Object;)V+41 java.desktop@21.0.1
j  java.awt.EventQueue$4.run()Ljava/lang/Void;+32 java.desktop@21.0.1
j  java.awt.EventQueue$4.run()Ljava/lang/Object;+1 java.desktop@21.0.1
J 1259 c1 java.security.ProtectionDomain$JavaSecurityAccessImpl.doIntersectionPrivilege(Ljava/security/PrivilegedAction;Ljava/security/AccessControlContext;Ljava/security/AccessControlContext;)Ljava/lang/Object; java.base@21.0.1 (22 bytes) @ 0x000001ea801f26fc [0x000001ea801f2440+0x00000000000002bc]
j  java.security.ProtectionDomain$JavaSecurityAccessImpl.doIntersectionPrivilege(Ljava/security/PrivilegedAction;Ljava/security/AccessControlContext;)Ljava/lang/Object;+6 java.base@21.0.1
j  java.awt.EventQueue$5.run()Ljava/lang/Void;+11 java.desktop@21.0.1
j  java.awt.EventQueue$5.run()Ljava/lang/Object;+1 java.desktop@21.0.1
J 1259 c1 java.security.ProtectionDomain$JavaSecurityAccessImpl.doIntersectionPrivilege(Ljava/security/PrivilegedAction;Ljava/security/AccessControlContext;Ljava/security/AccessControlContext;)Ljava/lang/Object; java.base@21.0.1 (22 bytes) @ 0x000001ea801f26fc [0x000001ea801f2440+0x00000000000002bc]
j  java.awt.EventQueue.dispatchEvent(Ljava/awt/AWTEvent;)V+73 java.desktop@21.0.1
j  java.awt.EventDispatchThread.pumpOneEventForFilters(I)V+81 java.desktop@21.0.1
j  java.awt.EventDispatchThread.pumpEventsForFilter(ILjava/awt/Conditional;Ljava/awt/EventFilter;)V+35 java.desktop@21.0.1
j  java.awt.EventDispatchThread.pumpEventsForHierarchy(ILjava/awt/Conditional;Ljava/awt/Component;)V+11 java.desktop@21.0.1
j  java.awt.EventDispatchThread.pumpEvents(ILjava/awt/Conditional;)V+4 java.desktop@21.0.1
j  java.awt.EventDispatchThread.pumpEvents(Ljava/awt/Conditional;)V+3 java.desktop@21.0.1
j  java.awt.EventDispatchThread.run()V+9 java.desktop@21.0.1
v  ~StubRoutines::call_stub 0x000001ea875310e7

siginfo: EXCEPTION_ACCESS_VIOLATION (0xc0000005), reading address 0x0000000300000008


Registers:
RAX=0x0000000300000004, RBX=0x00007ffc2defc070, RCX=0x0000000000000028, RDX=0x00000000012fa6c5
RSP=0x00000057c0dfe070, RBP=0x00000057c0dfe0f0, RSI=0x000000071280f770, RDI=0x000001ead06571a0
R8 =0x0000000000000005, R9 =0x0000000000000006, R10=0x0000000000000000, R11=0x000001eaffaa8200
R12=0x0000000000000000, R13=0x000001ead0400770, R14=0x00000057c0dfe1c8, R15=0x000001eaff7aa820
RIP=0x00000000624c2818, EFLAGS=0x0000000000010206


Register to memory mapping:

RAX=0x0000000300000004 is an unknown value
RBX=0x00007ffc2defc070 jvm.dll
RCX=0x0000000000000028 is an unknown value
RDX=0x00000000012fa6c5 is an unknown value
RSP=0x00000057c0dfe070 is pointing into the stack for thread: 0x000001eaff7aa820
RBP=0x00000057c0dfe0f0 is pointing into the stack for thread: 0x000001eaff7aa820
RSI=0x000000071280f770 is an oop: java.security.AccessControlContext 
{0x000000071280f770} - klass: 'java/security/AccessControlContext'
 - ---- fields (total size 5 words):
 - private 'isPrivileged' 'Z' @12  true (0x01)
 - private 'isAuthorized' 'Z' @13  false (0x00)
 - private 'isWrapped' 'Z' @14  false (0x00)
 - private 'isLimited' 'Z' @15  false (0x00)
 - private 'context' '[Ljava/security/ProtectionDomain;' @16  a 'java/security/ProtectionDomain'[1] {0x00000007139494f8} (0xe272929f)
 - private 'privilegedContext' 'Ljava/security/AccessControlContext;' @20  a 'java/security/AccessControlContext'{0x000000071280f748} (0xe2501ee9)
 - private 'combiner' 'Ljava/security/DomainCombiner;' @24  null (0x00000000)
 - private 'permissions' '[Ljava/security/Permission;' @28  null (0x00000000)
 - private 'parent' 'Ljava/security/AccessControlContext;' @32  null (0x00000000)
 - private 'limitedContext' '[Ljava/security/ProtectionDomain;' @36  null (0x00000000)
RDI=0x000001ead06571a0 is pointing into metadata
R8 =0x0000000000000005 is an unknown value
R9 =0x0000000000000006 is an unknown value
R10=0x0 is null
R11=0x000001eaffaa8200 points into unknown readable memory: 0x000001eaffaa9790 | 90 97 aa ff ea 01 00 00
R12=0x0 is null
R13={method} {0x000001ead0400778} 'sortByBirth' '(J)Ljava/lang/String;' in 'JavaGUI'
R14=0x00000057c0dfe1c8 is pointing into the stack for thread: 0x000001eaff7aa820
R15=0x000001eaff7aa820 is a thread

Top of Stack: (sp=0x00000057c0dfe070)
0x00000057c0dfe070:   000001eaece5c6e0 000001eaffaa9750
0x00000057c0dfe080:   000001ea00000001 0000000000000006
0x00000057c0dfe090:   000001eaffaa9750 000001eaffaa8730
0x00000057c0dfe0a0:   00000006d06571a0 0000000000000005
0x00000057c0dfe0b0:   000001eaff7aa820 000001ead06571a0
0x00000057c0dfe0c0:   00000057c0dfe150 00000000624c3b39
0x00000057c0dfe0d0:   000001eaece5c6e0 000001ea8753cd7c
0x00000057c0dfe0e0:   000001ead0400770 000001ead0400770
0x00000057c0dfe0f0:   000001eaff7aa820 000001ead0400770
0x00000057c0dfe100:   00000057c0dfe198 000001ea8753cf0b
0x00000057c0dfe110:   000001eaff7aabd8 00000057c0dfe1c8
0x00000057c0dfe120:   000001eaece5c6e0 000000071280f770
0x00000057c0dfe130:   00000057c0dff540 00007ffc2de819b9
0x00000057c0dfe140:   000001eaff7aa820 000001ea8753cb9f
0x00000057c0dfe150:   00000057c0dfe150 000001ead0400770
0x00000057c0dfe160:   0000000000000006 000001ead0400f18
0x00000057c0dfe170:   0000000000000000 000000071380da50
0x00000057c0dfe180:   000001ead0400770 0000000000000000
0x00000057c0dfe190:   00000057c0dfe1b8 00000057c0dfe220
0x00000057c0dfe1a0:   000001ea875389b8 0000000000000000
0x00000057c0dfe1b0:   000001ea8753a39a 000001eaece5c6e0
0x00000057c0dfe1c0:   0000000000000000 000000071280f9d0
0x00000057c0dfe1d0:   0000000713514df8 00000057c0dfe1d8
0x00000057c0dfe1e0:   000001ead042829b 0000000000000016
0x00000057c0dfe1f0:   000001ead0426dd8 0000000000000000
0x00000057c0dfe200:   000000071346f5e8 000001ead0429d00
0x00000057c0dfe210:   00000057c0dfe1b8 00000057c0dfe2c8
0x00000057c0dfe220:   00000057c0dfe320 000001ea87538cd2
0x00000057c0dfe230:   0000000000000000 0000000000000000
0x00000057c0dfe240:   0000000000000000 0000000000000000
0x00000057c0dfe250:   0000000000000000 0000000000000000
0x00000057c0dfe260:   0000000000000000 0000000000000000 

Instructions: (pc=0x00000000624c2818)
0x00000000624c2718:   55 18 48 8b 45 10 48 8b 00 48 89 45 f8 48 8b 45
0x00000000624c2728:   18 48 8b 10 48 8b 45 10 48 89 10 48 8b 45 18 48
0x00000000624c2738:   8b 55 f8 48 89 10 90 48 83 c4 10 5d c3 55 57 48
0x00000000624c2748:   83 ec 48 48 8d ac 24 80 00 00 00 48 89 4d e0 48
0x00000000624c2758:   8b 4d e0 e8 97 fe ff ff 89 45 b4 8b 45 b4 89 c2
0x00000000624c2768:   48 8d 0d 45 4a 00 00 e8 14 2a 00 00 83 7d b4 00
0x00000000624c2778:   75 0c 48 8d 05 7f 48 00 00 e9 6a 01 00 00 8b 55
0x00000000624c2788:   b4 89 d0 c1 e0 02 01 d0 48 98 48 89 c1 e8 f6 29
0x00000000624c2798:   00 00 48 89 45 a8 8b 45 b4 48 98 48 c1 e0 03 48
0x00000000624c27a8:   89 c1 e8 e1 29 00 00 48 89 45 a0 8b 55 b4 48 8b
0x00000000624c27b8:   45 a0 41 89 d1 41 b8 00 00 00 00 48 89 c2 48 8b
0x00000000624c27c8:   4d e0 e8 7d fe ff ff 48 89 45 a0 c7 45 bc 00 00
0x00000000624c27d8:   00 00 e9 80 00 00 00 8b 45 bc 89 45 b8 eb 6c 8b
0x00000000624c27e8:   45 bc 48 98 48 8d 14 c5 00 00 00 00 48 8b 45 a0
0x00000000624c27f8:   48 01 d0 48 8b 00 8b 50 04 8b 45 b8 48 98 48 8d
0x00000000624c2808:   0c c5 00 00 00 00 48 8b 45 a0 48 01 c8 48 8b 00
0x00000000624c2818:   8b 40 04 39 c2 7e 30 8b 45 b8 48 98 48 8d 14 c5
0x00000000624c2828:   00 00 00 00 48 8b 45 a0 48 01 c2 8b 45 bc 48 98
0x00000000624c2838:   48 8d 0c c5 00 00 00 00 48 8b 45 a0 48 01 c8 48
0x00000000624c2848:   89 c1 e8 bb fe ff ff 83 45 b8 01 8b 45 b8 3b 45
0x00000000624c2858:   b4 7c 8c 83 45 bc 01 8b 45 bc 3b 45 b4 0f 8c 74
0x00000000624c2868:   ff ff ff 48 8b 45 a0 48 8b 00 48 8b 50 08 48 8b
0x00000000624c2878:   45 a8 48 89 c1 e8 d6 28 00 00 c7 45 bc 01 00 00
0x00000000624c2888:   00 eb 59 48 8b 45 a8 48 c7 c1 ff ff ff ff 48 89
0x00000000624c2898:   c2 b8 00 00 00 00 48 89 d7 f2 ae 48 89 c8 48 f7
0x00000000624c28a8:   d0 48 8d 50 ff 48 8b 45 a8 48 01 d0 66 c7 00 20
0x00000000624c28b8:   00 8b 45 bc 48 98 48 8d 14 c5 00 00 00 00 48 8b
0x00000000624c28c8:   45 a0 48 01 d0 48 8b 00 48 8b 50 08 48 8b 45 a8
0x00000000624c28d8:   48 89 c1 e8 88 28 00 00 83 45 bc 01 8b 45 bc 3b
0x00000000624c28e8:   45 b4 7c 9f 48 8b 45 a8 48 83 c4 48 5f 5d c3 55
0x00000000624c28f8:   48 89 e5 48 89 4d 10 89 55 18 44 89 45 20 44 89
0x00000000624c2908:   4d 28 48 8b 45 10 8b 55 18 89 10 48 8b 45 10 8b 


Stack slot to memory mapping:

stack at sp + 0 slots: 0x000001eaece5c6e0 points into unknown readable memory: 0x012fa6c500000001 | 01 00 00 00 c5 a6 2f 01
stack at sp + 1 slots: 0x000001eaffaa9750 points into unknown readable memory: 0x000001eaece5c6e0 | e0 c6 e5 ec ea 01 00 00
stack at sp + 2 slots: 0x000001ea00000001 is an unknown value
stack at sp + 3 slots: 0x0000000000000006 is an unknown value
stack at sp + 4 slots: 0x000001eaffaa9750 points into unknown readable memory: 0x000001eaece5c6e0 | e0 c6 e5 ec ea 01 00 00
stack at sp + 5 slots: 0x000001eaffaa8730 points into unknown readable memory: 0x000001eaece5ecb0 | b0 ec e5 ec ea 01 00 00
stack at sp + 6 slots: 0x00000006d06571a0 is an unknown value
stack at sp + 7 slots: 0x0000000000000005 is an unknown value


Compiled method (c1)    2286 1259       3       java.security.ProtectionDomain$JavaSecurityAccessImpl::doIntersectionPrivilege (22 bytes)
 total in heap  [0x000001ea801f2210,0x000001ea801f2c00] = 2544
 relocation     [0x000001ea801f2370,0x000001ea801f2430] = 192
 main code      [0x000001ea801f2440,0x000001ea801f2958] = 1304
 stub code      [0x000001ea801f2958,0x000001ea801f29e8] = 144
 metadata       [0x000001ea801f29e8,0x000001ea801f2a08] = 32
 scopes data    [0x000001ea801f2a08,0x000001ea801f2ae8] = 224
 scopes pcs     [0x000001ea801f2ae8,0x000001ea801f2be8] = 256
 dependencies   [0x000001ea801f2be8,0x000001ea801f2bf0] = 8
 nul chk table  [0x000001ea801f2bf0,0x000001ea801f2c00] = 16

[Constant Pool (empty)]

[MachCode]
[Entry Point]
  # {method} {0x000001ea8f11c670} 'doIntersectionPrivilege' '(Ljava/security/PrivilegedAction;Ljava/security/AccessControlContext;Ljava/security/AccessControlContext;)Ljava/lang/Object;' in 'java/security/ProtectionDomain$JavaSecurityAccessImpl'
  # this:     rdx:rdx   = 'java/security/ProtectionDomain$JavaSecurityAccessImpl'
  # parm0:    r8:r8     = 'java/security/PrivilegedAction'
  # parm1:    r9:r9     = 'java/security/AccessControlContext'
  # parm2:    rdi:rdi   = 'java/security/AccessControlContext'
  #           [sp+0xa0]  (sp of caller)
  0x000001ea801f2440: 448b 5208 | 49bb 0000 | 008f ea01 | 0000 4d03 | d34c 3bd0 

  0x000001ea801f2454: ;   {runtime_call ic_miss_stub}
  0x000001ea801f2454: 0f85 26c5 | 3807 660f | 1f44 0000 
[Verified Entry Point]
  0x000001ea801f2460: 8984 2400 | 80ff ff55 | 4881 ec90 | 0000 0090 | 4181 7f20 | 0100 0000 

  0x000001ea801f2478: ;   {runtime_call StubRoutines (final stubs)}
  0x000001ea801f2478: 7405 e881 

  0x000001ea801f247c: ;   {metadata(method data for {method} {0x000001ea8f11c670} 'doIntersectionPrivilege' '(Ljava/security/PrivilegedAction;Ljava/security/AccessControlContext;Ljava/security/AccessControlContext;)Ljava/lang/Object;' in 'java/security/ProtectionDomain$JavaSecurityAccessImpl')}
  0x000001ea801f247c: 3d37 0748 | be40 b779 | d0ea 0100 | 008b 9ecc | 0000 0083 | c302 899e | cc00 0000 | 81e3 fe07 
  0x000001ea801f249c: 0000 83fb | 000f 849a | 0300 0049 

  0x000001ea801f24a8: ;   {metadata(method data for {method} {0x000001ea8f11c670} 'doIntersectionPrivilege' '(Ljava/security/PrivilegedAction;Ljava/security/AccessControlContext;Ljava/security/AccessControlContext;)Ljava/lang/Object;' in 'java/security/ProtectionDomain$JavaSecurityAccessImpl')}
  0x000001ea801f24a8: 83f8 0048 | ba40 b779 | d0ea 0100 | 0048 be20 | 0100 0000 | 0000 000f | 840a 0000 | 0048 be10 
  0x000001ea801f24c8: 0100 0000 | 0000 0048 | 8b1c 3248 | 8d5b 0148 | 891c 320f | 84c2 0200 | 004c 8944 

  0x000001ea801f24e4: ;   {metadata(method data for {method} {0x000001ea8f11c670} 'doIntersectionPrivilege' '(Ljava/security/PrivilegedAction;Ljava/security/AccessControlContext;Ljava/security/AccessControlContext;)Ljava/lang/Object;' in 'java/security/ProtectionDomain$JavaSecurityAccessImpl')}
  0x000001ea801f24e4: 2460 48ba | 40b7 79d0 | ea01 0000 | 4883 8240 | 0100 0001 | 488b d74d 

  0x000001ea801f24fc: ;   {static_call}
  0x000001ea801f24fc: 8bc1 90e8 

  0x000001ea801f2500: ; ImmutableOopMap {[96]=Oop }
                      ;*invokestatic getCombinedACC {reexecute=0 rethrow=0 return_oop=0}
                      ; - java.security.ProtectionDomain$JavaSecurityAccessImpl::doIntersectionPrivilege@15 (line 89)
  0x000001ea801f2500: dc08 0000 

  0x000001ea801f2504: ;   {other}
  0x000001ea801f2504: 0f1f 8400 | f402 0000 

  0x000001ea801f250c: ;   {metadata(method data for {method} {0x000001ea8f11c670} 'doIntersectionPrivilege' '(Ljava/security/PrivilegedAction;Ljava/security/AccessControlContext;Ljava/security/AccessControlContext;)Ljava/lang/Object;' in 'java/security/ProtectionDomain$JavaSecurityAccessImpl')}
  0x000001ea801f250c: 48be 40b7 | 79d0 ea01 | 0000 4883 | 8650 0100 

  0x000001ea801f251c: ;   {metadata(method data for {method} {0x000001ea8f4783f8} 'doPrivileged' '(Ljava/security/PrivilegedAction;Ljava/security/AccessControlContext;)Ljava/lang/Object;' in 'java/security/AccessController')}
  0x000001ea801f251c: 0001 48be | 88a6 79d0 | ea01 0000 | 8bbe cc00 | 0000 83c7 | 0289 becc | 0000 0081 | e7fe ff1f 
  0x000001ea801f253c: 0083 ff00 | 0f84 1c03 

  0x000001ea801f2544: ;   {metadata(method data for {method} {0x000001ea8f4783f8} 'doPrivileged' '(Ljava/security/PrivilegedAction;Ljava/security/AccessControlContext;)Ljava/lang/Object;' in 'java/security/AccessController')}
  0x000001ea801f2544: 0000 48be | 88a6 79d0 | ea01 0000 | 4883 8610 | 0100 0001 | 4889 4424 

  0x000001ea801f255c: ;   {static_call}
  0x000001ea801f255c: 6866 90e8 

  0x000001ea801f2560: ; ImmutableOopMap {[96]=Oop [104]=Oop }
                      ;*invokestatic getCallerClass {reexecute=0 rethrow=0 return_oop=0}
                      ; - java.security.AccessController::doPrivileged@0 (line 398)
                      ; - java.security.ProtectionDomain$JavaSecurityAccessImpl::doIntersectionPrivilege@18 (line 87)
  0x000001ea801f2560: fc8b 9007 

  0x000001ea801f2564: ;   {other}
  0x000001ea801f2564: 0f1f 8400 | 5403 0001 

  0x000001ea801f256c: ;   {metadata(method data for {method} {0x000001ea8f4783f8} 'doPrivileged' '(Ljava/security/PrivilegedAction;Ljava/security/AccessControlContext;)Ljava/lang/Object;' in 'java/security/AccessController')}
  0x000001ea801f256c: 48ba 88a6 | 79d0 ea01 | 0000 4883 | 8220 0100 | 0001 488b | 5424 684c | 8bc0 4889 | 4424 700f 
  0x000001ea801f258c: ;   {static_call}
  0x000001ea801f258c: 1f40 00e8 

  0x000001ea801f2590: ; ImmutableOopMap {[96]=Oop [112]=Oop }
                      ;*invokestatic checkContext {reexecute=0 rethrow=0 return_oop=0}
                      ; - java.security.AccessController::doPrivileged@6 (line 399)
                      ; - java.security.ProtectionDomain$JavaSecurityAccessImpl::doIntersectionPrivilege@18 (line 87)
  0x000001ea801f2590: 2cc9 ffff 

  0x000001ea801f2594: ;   {other}
  0x000001ea801f2594: 0f1f 8400 | 8403 0002 | 4889 4424 

  0x000001ea801f25a0: ;   {metadata(method data for {method} {0x000001ea8f4783f8} 'doPrivileged' '(Ljava/security/PrivilegedAction;Ljava/security/AccessControlContext;)Ljava/lang/Object;' in 'java/security/AccessController')}
  0x000001ea801f25a0: 7848 ba88 | a679 d0ea | 0100 0048 | 8382 3001 

  0x000001ea801f25b0: ;   {metadata(method data for {method} {0x000001ea8f478680} 'executePrivileged' '(Ljava/security/PrivilegedAction;Ljava/security/AccessControlContext;Ljava/lang/Class;)Ljava/lang/Object;' in 'java/security/AccessController')}
  0x000001ea801f25b0: 0000 0148 | ba68 c00d | d0ea 0100 | 008b b2cc | 0000 0083 | c602 89b2 | cc00 0000 | 81e6 feff 
  0x000001ea801f25d0: 1f00 83fe | 000f 84a8 | 0200 0048 

  0x000001ea801f25dc: ;   {metadata(method data for {method} {0x000001ea8f478680} 'executePrivileged' '(Ljava/security/PrivilegedAction;Ljava/security/AccessControlContext;Ljava/lang/Class;)Ljava/lang/Object;' in 'java/security/AccessController')}
  0x000001ea801f25dc: 83f8 0048 | ba68 c00d | d0ea 0100 | 0048 be10 | 0100 0000 | 0000 000f | 840a 0000 | 0048 be20 
  0x000001ea801f25fc: 0100 0000 | 0000 0048 | 8b3c 3248 | 8d7f 0148 | 893c 320f | 8427 0000 

  0x000001ea801f2614: ;   {metadata(method data for {method} {0x000001ea8f478680} 'executePrivileged' '(Ljava/security/PrivilegedAction;Ljava/security/AccessControlContext;Ljava/lang/Class;)Ljava/lang/Object;' in 'java/security/AccessController')}
  0x000001ea801f2614: 0048 ba68 | c00d d0ea | 0100 0048 | 8382 3001 | 0000 0148 | 8bd0 0f1f 

  0x000001ea801f262c: ;   {static_call}
  0x000001ea801f262c: 4400 00e8 

  0x000001ea801f2630: ; ImmutableOopMap {[96]=Oop [112]=Oop [120]=Oop }
                      ;*invokestatic ensureMaterializedForStackWalk {reexecute=0 rethrow=0 return_oop=0}
                      ; - java.security.AccessController::executePrivileged@5 (line 774)
                      ; - java.security.AccessController::doPrivileged@13 (line 400)
                      ; - java.security.ProtectionDomain$JavaSecurityAccessImpl::doIntersectionPrivilege@18 (line 87)
  0x000001ea801f2630: acae 9307 

  0x000001ea801f2634: ;   {other}
  0x000001ea801f2634: 0f1f 8400 | 2404 0003 

  0x000001ea801f263c: ;   {metadata(method data for {method} {0x000001ea8f478680} 'executePrivileged' '(Ljava/security/PrivilegedAction;Ljava/security/AccessControlContext;Ljava/lang/Class;)Ljava/lang/Object;' in 'java/security/AccessController')}
  0x000001ea801f263c: 48ba 68c0 | 0dd0 ea01 | 0000 ff82 | 4001 0000 | 4c8b 4424 | 6049 3b00 

  0x000001ea801f2654: ;   {metadata(method data for {method} {0x000001ea8f478680} 'executePrivileged' '(Ljava/security/PrivilegedAction;Ljava/security/AccessControlContext;Ljava/lang/Class;)Ljava/lang/Object;' in 'java/security/AccessController')}
  0x000001ea801f2654: 498b d048 | be68 c00d | d0ea 0100 | 008b 5208 | 49ba 0000 | 008f ea01 | 0000 4903 | d248 3b96 
  0x000001ea801f2674: b001 0000 | 750d 4883 | 86b8 0100 | 0001 e960 | 0000 0048 | 3b96 c001 | 0000 750d | 4883 86c8 
  0x000001ea801f2694: 0100 0001 | e94a 0000 | 0048 83be | b001 0000 | 0075 1748 | 8996 b001 | 0000 48c7 | 86b8 0100 
  0x000001ea801f26b4: 0001 0000 | 00e9 2900 | 0000 4883 | bec0 0100 | 0000 7517 | 4889 96c0 | 0100 0048 | c786 c801 
  0x000001ea801f26d4: 0000 0100 | 0000 e908 | 0000 0048 | 8386 a001 | 0000 0149 | 8bd0 6666 | 9048 b800 | b587 d5ea 
  0x000001ea801f26f4: ;   {virtual_call}
  0x000001ea801f26f4: 0100 00e8 

  0x000001ea801f26f8: ; ImmutableOopMap {[112]=Oop [120]=Oop }
                      ;*invokeinterface run {reexecute=0 rethrow=0 return_oop=0}
                      ; - java.security.AccessController::executePrivileged@29 (line 778)
                      ; - java.security.AccessController::doPrivileged@13 (line 400)
                      ; - java.security.ProtectionDomain$JavaSecurityAccessImpl::doIntersectionPrivilege@18 (line 87)
  0x000001ea801f26f8: 14f9 4607 

  0x000001ea801f26fc: ;   {other}
  0x000001ea801f26fc: 0f1f 8400 | ec04 0004 

  0x000001ea801f2704: ;   {metadata(method data for {method} {0x000001ea8f478680} 'executePrivileged' '(Ljava/security/PrivilegedAction;Ljava/security/AccessControlContext;Ljava/lang/Class;)Ljava/lang/Object;' in 'java/security/AccessController')}
  0x000001ea801f2704: 48ba 68c0 | 0dd0 ea01 | 0000 ff82 | d801 0000 | 488b 5424 

  0x000001ea801f2718: ;   {metadata(method data for {method} {0x000001ea8f478680} 'executePrivileged' '(Ljava/security/PrivilegedAction;Ljava/security/AccessControlContext;Ljava/lang/Class;)Ljava/lang/Object;' in 'java/security/AccessController')}
  0x000001ea801f2718: 7048 be68 | c00d d0ea | 0100 0048 | 8386 3802 

  0x000001ea801f2728: ;   {metadata(method data for {method} {0x000001ea8f03d400} 'reachabilityFence' '(Ljava/lang/Object;)V' in 'java/lang/ref/Reference')}
  0x000001ea801f2728: 0000 0148 | be10 5b0a | d0ea 0100 | 008b becc | 0000 0083 | c702 89be | cc00 0000 | 81e7 feff 
  0x000001ea801f2748: 1f00 83ff | 000f 8456 

  0x000001ea801f2750: ;   {metadata(method data for {method} {0x000001ea8f478680} 'executePrivileged' '(Ljava/security/PrivilegedAction;Ljava/security/AccessControlContext;Ljava/lang/Class;)Ljava/lang/Object;' in 'java/security/AccessController')}
  0x000001ea801f2750: 0100 0048 | ba68 c00d | d0ea 0100 | 0048 8382 | 4802 0000 

  0x000001ea801f2764: ;   {metadata(method data for {method} {0x000001ea8f03d400} 'reachabilityFence' '(Ljava/lang/Object;)V' in 'java/lang/ref/Reference')}
  0x000001ea801f2764: 0148 ba10 | 5b0a d0ea | 0100 008b | b2cc 0000 | 0083 c602 | 89b2 cc00 | 0000 81e6 | feff 1f00 
  0x000001ea801f2784: 83fe 000f | 843d 0100 | 0048 81c4 | 9000 0000 

  0x000001ea801f2794: ;   {poll_return}
  0x000001ea801f2794: 5d49 3ba7 | 5004 0000 | 0f87 4901 | 0000 c30f | 1f44 0000 

  0x000001ea801f27a8: ;   {no_reloc}
  0x000001ea801f27a8: e963 0100 | 0000 0000 | 0000 498b | 87b8 0100 | 0048 8d78 | 3049 3bbf | c801 0000 | 0f87 5001 
  0x000001ea801f27c8: 0000 4989 | bfb8 0100 | 0048 c700 | 0100 0000 | 488b ca49 | ba00 0000 | 8fea 0100 | 0049 2bca 
  0x000001ea801f27e8: 8948 0848 | 33c9 8948 | 0c48 33c9 | 4889 4810 | 4889 4818 | 4889 4820 | 4889 4828 

  0x000001ea801f2804: ;   {metadata(method data for {method} {0x000001ea8f11c670} 'doIntersectionPrivilege' '(Ljava/security/PrivilegedAction;Ljava/security/AccessControlContext;Ljava/security/AccessControlContext;)Ljava/lang/Object;' in 'java/security/ProtectionDomain$JavaSecurityAccessImpl')}
  0x000001ea801f2804: 488b d048 | be40 b779 | d0ea 0100 | 0048 8386 | 3001 0000 | 0148 8bd0 | 4889 8424 | 8000 0000 
  0x000001ea801f2824: ;   {optimized virtual_call}
  0x000001ea801f2824: 6666 90e8 

  0x000001ea801f2828: ; ImmutableOopMap {[128]=Oop }
                      ;*invokespecial <init> {reexecute=0 rethrow=0 return_oop=0}
                      ; - java.security.ProtectionDomain$JavaSecurityAccessImpl::doIntersectionPrivilege@8 (line 84)
  0x000001ea801f2828: 54c6 3807 

  0x000001ea801f282c: ;   {other}
  0x000001ea801f282c: 0f1f 8400 | 1c06 0005 | 488b 8424 | 8000 0000 | e903 0100 

  0x000001ea801f2840: ;   {metadata({method} {0x000001ea8f11c670} 'doIntersectionPrivilege' '(Ljava/security/PrivilegedAction;Ljava/security/AccessControlContext;Ljava/security/AccessControlContext;)Ljava/lang/Object;' in 'java/security/ProtectionDomain$JavaSecurityAccessImpl')}
  0x000001ea801f2840: 0049 ba68 | c611 8fea | 0100 004c | 8954 2408 | 48c7 0424 | ffff ffff 

  0x000001ea801f2858: ;   {runtime_call counter_overflow Runtime1 stub}
  0x000001ea801f2858: e823 bf46 

  0x000001ea801f285c: ; ImmutableOopMap {rdx=Oop r8=Oop r9=Oop rdi=Oop }
                      ;*synchronization entry
                      ; - java.security.ProtectionDomain$JavaSecurityAccessImpl::doIntersectionPrivilege@-1 (line 83)
  0x000001ea801f285c: 07e9 45fc 

  0x000001ea801f2860: ;   {metadata({method} {0x000001ea8f4783f8} 'doPrivileged' '(Ljava/security/PrivilegedAction;Ljava/security/AccessControlContext;)Ljava/lang/Object;' in 'java/security/AccessController')}
  0x000001ea801f2860: ffff 49ba | f083 478f | ea01 0000 | 4c89 5424 | 0848 c704 | 24ff ffff 

  0x000001ea801f2878: ;   {runtime_call counter_overflow Runtime1 stub}
  0x000001ea801f2878: ffe8 02bf 

  0x000001ea801f287c: ; ImmutableOopMap {rax=Oop [96]=Oop }
                      ;*synchronization entry
                      ; - java.security.AccessController::doPrivileged@-1 (line 398)
                      ; - java.security.ProtectionDomain$JavaSecurityAccessImpl::doIntersectionPrivilege@18 (line 87)
  0x000001ea801f287c: 4607 e9c3 

  0x000001ea801f2880: ;   {metadata({method} {0x000001ea8f478680} 'executePrivileged' '(Ljava/security/PrivilegedAction;Ljava/security/AccessControlContext;Ljava/lang/Class;)Ljava/lang/Object;' in 'java/security/AccessController')}
  0x000001ea801f2880: fcff ff49 | ba78 8647 | 8fea 0100 | 004c 8954 | 2408 48c7 | 0424 ffff 

  0x000001ea801f2898: ;   {runtime_call counter_overflow Runtime1 stub}
  0x000001ea801f2898: ffff e8e1 

  0x000001ea801f289c: ; ImmutableOopMap {rax=Oop [96]=Oop [112]=Oop [120]=Oop }
                      ;*synchronization entry
                      ; - java.security.AccessController::executePrivileged@-1 (line 773)
                      ; - java.security.AccessController::doPrivileged@13 (line 400)
                      ; - java.security.ProtectionDomain$JavaSecurityAccessImpl::doIntersectionPrivilege@18 (line 87)
  0x000001ea801f289c: be46 07e9 | 37fd ffff 

  0x000001ea801f28a4: ;   {runtime_call throw_null_pointer_exception Runtime1 stub}
  0x000001ea801f28a4: e877 4346 

  0x000001ea801f28a8: ; ImmutableOopMap {r8=Oop [112]=Oop [120]=Oop }
                      ;*invokeinterface run {reexecute=0 rethrow=0 return_oop=0}
                      ; - java.security.AccessController::executePrivileged@29 (line 778)
                      ; - java.security.AccessController::doPrivileged@13 (line 400)
                      ; - java.security.ProtectionDomain$JavaSecurityAccessImpl::doIntersectionPrivilege@18 (line 87)
                      ;   {metadata({method} {0x000001ea8f03d400} 'reachabilityFence' '(Ljava/lang/Object;)V' in 'java/lang/ref/Reference')}
  0x000001ea801f28a8: 0749 baf8 | d303 8fea | 0100 004c | 8954 2408 | 48c7 0424 | ffff ffff 

  0x000001ea801f28c0: ;   {runtime_call counter_overflow Runtime1 stub}
  0x000001ea801f28c0: e8bb be46 

  0x000001ea801f28c4: ; ImmutableOopMap {rax=Oop rdx=Oop }
                      ;*synchronization entry
                      ; - java.lang.ref.Reference::reachabilityFence@-1 (line 628)
                      ; - java.security.AccessController::executePrivileged@56 (line 783)
                      ; - java.security.AccessController::doPrivileged@13 (line 400)
                      ; - java.security.ProtectionDomain$JavaSecurityAccessImpl::doIntersectionPrivilege@18 (line 87)
  0x000001ea801f28c4: 07e9 89fe 

  0x000001ea801f28c8: ;   {metadata({method} {0x000001ea8f03d400} 'reachabilityFence' '(Ljava/lang/Object;)V' in 'java/lang/ref/Reference')}
  0x000001ea801f28c8: ffff 49ba | f8d3 038f | ea01 0000 | 4c89 5424 | 0848 c704 | 24ff ffff 

  0x000001ea801f28e0: ;   {runtime_call counter_overflow Runtime1 stub}
  0x000001ea801f28e0: ffe8 9abe 

  0x000001ea801f28e4: ; ImmutableOopMap {rax=Oop }
                      ;*synchronization entry
                      ; - java.lang.ref.Reference::reachabilityFence@-1 (line 628)
                      ; - java.security.AccessController::executePrivileged@60 (line 784)
                      ; - java.security.AccessController::doPrivileged@13 (line 400)
                      ; - java.security.ProtectionDomain$JavaSecurityAccessImpl::doIntersectionPrivilege@18 (line 87)
  0x000001ea801f28e4: 4607 e9a2 

  0x000001ea801f28e8: ;   {internal_word}
  0x000001ea801f28e8: feff ff49 | ba95 271f | 80ea 0100 | 004d 8997 | 6804 0000 

  0x000001ea801f28fc: ;   {runtime_call SafepointBlob}
  0x000001ea801f28fc: e97f 4239 

  0x000001ea801f2900: ;   {metadata(nullptr)}
  0x000001ea801f2900: 0748 ba00 | 0000 0000 | 0000 00b8 | 000f 050a 

  0x000001ea801f2910: ;   {runtime_call load_klass_patching Runtime1 stub}
  0x000001ea801f2910: e86b a146 

  0x000001ea801f2914: ; ImmutableOopMap {}
                      ;*new {reexecute=1 rethrow=0 return_oop=0}
                      ; - (reexecute) java.security.ProtectionDomain$JavaSecurityAccessImpl::doIntersectionPrivilege@4 (line 84)
  0x000001ea801f2914: 07e9 8efe | ffff 488b 

  0x000001ea801f291c: ;   {runtime_call fast_new_instance Runtime1 stub}
  0x000001ea801f291c: d2e8 de53 

  0x000001ea801f2920: ; ImmutableOopMap {}
                      ;*new {reexecute=0 rethrow=0 return_oop=0}
                      ; - java.security.ProtectionDomain$JavaSecurityAccessImpl::doIntersectionPrivilege@4 (line 84)
  0x000001ea801f2920: 4607 e9dd | feff ff49 | 8b87 0005 | 0000 49c7 | 8700 0500 | 0000 0000 | 0049 c787 | 0805 0000 
  0x000001ea801f2940: 0000 0000 | 4881 c490 | 0000 005d 

  0x000001ea801f294c: ;   {runtime_call unwind_exception Runtime1 stub}
  0x000001ea801f294c: e9af 1b46 | 07f4 f4f4 | f4f4 f4f4 
[Stub Code]
  0x000001ea801f2958: ;   {no_reloc}
  0x000001ea801f2958: 0f1f 4400 

  0x000001ea801f295c: ;   {static_stub}
  0x000001ea801f295c: 0048 bb00 | 0000 0000 

  0x000001ea801f2964: ;   {runtime_call}
  0x000001ea801f2964: 0000 00e9 | fbff ffff 

  0x000001ea801f296c: ;   {static_stub}
  0x000001ea801f296c: 48bb 0000 | 0000 0000 

  0x000001ea801f2974: ;   {runtime_call}
  0x000001ea801f2974: 0000 e9fb 

  0x000001ea801f2978: ;   {static_stub}
  0x000001ea801f2978: ffff ff48 | bb00 0000 | 0000 0000 

  0x000001ea801f2984: ;   {runtime_call}
  0x000001ea801f2984: 00e9 fbff 

  0x000001ea801f2988: ;   {static_stub}
  0x000001ea801f2988: ffff 48bb | 0000 0000 | 0000 0000 

  0x000001ea801f2994: ;   {runtime_call}
  0x000001ea801f2994: e9fb ffff 

  0x000001ea801f2998: ;   {static_stub}
  0x000001ea801f2998: ff48 bb00 | 0000 0000 

  0x000001ea801f29a0: ;   {runtime_call}
  0x000001ea801f29a0: 0000 00e9 | fbff ffff 

  0x000001ea801f29a8: ;   {static_stub}
  0x000001ea801f29a8: 48bb 0000 | 0000 0000 

  0x000001ea801f29b0: ;   {runtime_call}
  0x000001ea801f29b0: 0000 e9fb 

  0x000001ea801f29b4: ;   {runtime_call handle_exception_from_callee Runtime1 stub}
  0x000001ea801f29b4: ffff ffe8 | 446e 4607 

  0x000001ea801f29bc: ;   {external_word}
  0x000001ea801f29bc: 48b9 0028 | 462e fc7f | 0000 4883 

  0x000001ea801f29c8: ;   {runtime_call}
  0x000001ea801f29c8: e4f0 48b8 | e00f 0e2e | fc7f 0000 

  0x000001ea801f29d4: ;   {section_word}
  0x000001ea801f29d4: ffd0 f449 | bad7 291f | 80ea 0100 

  0x000001ea801f29e0: ;   {runtime_call DeoptimizationBlob}
  0x000001ea801f29e0: 0041 52e9 | 3856 3907 
[/MachCode]


---------------  P R O C E S S  ---------------

Threads class SMR info:
_java_thread_list=0x000001ead59d0a50, length=15, elements={
0x000001eaff377370, 0x000001eaff378290, 0x000001eaff37d720, 0x000001eaff37e180,
0x000001eaff37f990, 0x000001eaff3817b0, 0x000001eaff3828a0, 0x000001eaff388320,
0x000001eaff57a020, 0x000001eaff58cd10, 0x000001eaff71ba80, 0x000001eaff71c0f0,
0x000001eaff734e40, 0x000001eaff7aa820, 0x000001eaecd2bb80
}

Java Threads: ( => current thread )
  0x000001eaff377370 JavaThread "Reference Handler"          daemon [_thread_blocked, id=9804, stack(0x00000057c0000000,0x00000057c0100000) (1024K)]
  0x000001eaff378290 JavaThread "Finalizer"                  daemon [_thread_blocked, id=940, stack(0x00000057c0100000,0x00000057c0200000) (1024K)]
  0x000001eaff37d720 JavaThread "Signal Dispatcher"          daemon [_thread_blocked, id=12204, stack(0x00000057c0200000,0x00000057c0300000) (1024K)]
  0x000001eaff37e180 JavaThread "Attach Listener"            daemon [_thread_blocked, id=14392, stack(0x00000057c0300000,0x00000057c0400000) (1024K)]
  0x000001eaff37f990 JavaThread "Service Thread"             daemon [_thread_blocked, id=3952, stack(0x00000057c0400000,0x00000057c0500000) (1024K)]
  0x000001eaff3817b0 JavaThread "Monitor Deflation Thread"   daemon [_thread_blocked, id=16080, stack(0x00000057c0500000,0x00000057c0600000) (1024K)]
  0x000001eaff3828a0 JavaThread "C2 CompilerThread0"         daemon [_thread_blocked, id=12584, stack(0x00000057c0600000,0x00000057c0700000) (1024K)]
  0x000001eaff388320 JavaThread "C1 CompilerThread0"         daemon [_thread_blocked, id=8964, stack(0x00000057c0700000,0x00000057c0800000) (1024K)]
  0x000001eaff57a020 JavaThread "Notification Thread"        daemon [_thread_blocked, id=17060, stack(0x00000057c0800000,0x00000057c0900000) (1024K)]
  0x000001eaff58cd10 JavaThread "Common-Cleaner"             daemon [_thread_blocked, id=14988, stack(0x00000057c0900000,0x00000057c0a00000) (1024K)]
  0x000001eaff71ba80 JavaThread "Java2D Disposer"            daemon [_thread_blocked, id=6604, stack(0x00000057c0a00000,0x00000057c0b00000) (1024K)]
  0x000001eaff71c0f0 JavaThread "AWT-Shutdown"                      [_thread_blocked, id=12188, stack(0x00000057c0b00000,0x00000057c0c00000) (1024K)]
  0x000001eaff734e40 JavaThread "AWT-Windows"                daemon [_thread_in_native, id=16120, stack(0x00000057c0c00000,0x00000057c0d00000) (1024K)]
=>0x000001eaff7aa820 JavaThread "AWT-EventQueue-0"                  [_thread_in_native, id=15996, stack(0x00000057c0d00000,0x00000057c0e00000) (1024K)]
  0x000001eaecd2bb80 JavaThread "DestroyJavaVM"                     [_thread_blocked, id=12728, stack(0x00000057bf800000,0x00000057bf900000) (1024K)]
Total: 15

Other Threads:
  0x000001eaff356020 VMThread "VM Thread"                           [id=9436, stack(0x00000057bff00000,0x00000057c0000000) (1024K)]
  0x000001eaff33e0d0 WatcherThread "VM Periodic Task Thread"        [id=8, stack(0x00000057bfe00000,0x00000057bff00000) (1024K)]
  0x000001eaeef00790 WorkerThread "GC Thread#0"                     [id=2392, stack(0x00000057bf900000,0x00000057bfa00000) (1024K)]
  0x000001eaeef12aa0 ConcurrentGCThread "G1 Main Marker"            [id=14820, stack(0x00000057bfa00000,0x00000057bfb00000) (1024K)]
  0x000001eaeef13660 WorkerThread "G1 Conc#0"                       [id=2752, stack(0x00000057bfb00000,0x00000057bfc00000) (1024K)]
  0x000001eaeef6e8a0 ConcurrentGCThread "G1 Refine#0"               [id=2772, stack(0x00000057bfc00000,0x00000057bfd00000) (1024K)]
  0x000001eaff211550 ConcurrentGCThread "G1 Service"                [id=16900, stack(0x00000057bfd00000,0x00000057bfe00000) (1024K)]
Total: 7

Threads with active compile tasks:
Total: 0

VM state: not at safepoint (normal execution)

VM Mutex/Monitor currently owned by a thread: None

Heap address: 0x0000000704000000, size: 4032 MB, Compressed Oops mode: Zero based, Oop shift amount: 3

CDS archive(s) mapped at: [0x000001ea8f000000-0x000001ea8fc90000-0x000001ea8fc90000), size 13172736, SharedBaseAddress: 0x000001ea8f000000, ArchiveRelocationMode: 1.
Compressed class space mapped at: 0x000001ea90000000-0x000001ead0000000, reserved size: 1073741824
Narrow klass base: 0x000001ea8f000000, Narrow klass shift: 0, Narrow klass range: 0x100000000

GC Precious Log:
 CardTable entry size: 512
 Card Set container configuration: InlinePtr #cards 4 size 8 Array Of Cards #cards 16 size 48 Howl #buckets 8 coarsen threshold 3686 Howl Bitmap #cards 512 size 80 coarsen threshold 460 Card regions per heap region 1 cards per card region 4096
 CPUs: 12 total, 12 available
 Memory: 16121M
 Large Page Support: Disabled
 NUMA Support: Disabled
 Compressed Oops: Enabled (Zero based)
 Heap Region Size: 2M
 Heap Min Capacity: 8M
 Heap Initial Capacity: 252M
 Heap Max Capacity: 4032M
 Pre-touch: Disabled
 Parallel Workers: 10
 Concurrent Workers: 3
 Concurrent Refinement Workers: 10
 Periodic GC: Disabled

Heap:
 garbage-first heap   total 258048K, used 24576K [0x0000000704000000, 0x0000000800000000)
  region size 2048K, 10 young (20480K), 0 survivors (0K)
 Metaspace       used 8265K, committed 8448K, reserved 1114112K
  class space    used 987K, committed 1088K, reserved 1048576K

Heap Regions: E=young(eden), S=young(survivor), O=old, HS=humongous(starts), HC=humongous(continues), CS=collection set, F=free, TAMS=top-at-mark-start, PB=parsable bottom
|   0|0x0000000704000000, 0x0000000704200000, 0x0000000704200000|100%|HS|  |TAMS 0x0000000704000000| PB 0x0000000704000000| Complete 
|   1|0x0000000704200000, 0x0000000704400000, 0x0000000704400000|100%|HC|  |TAMS 0x0000000704200000| PB 0x0000000704200000| Complete 
|   2|0x0000000704400000, 0x0000000704600000, 0x0000000704600000|100%|HC|  |TAMS 0x0000000704400000| PB 0x0000000704400000| Complete 
|   3|0x0000000704600000, 0x0000000704800000, 0x0000000704800000|100%|HC|  |TAMS 0x0000000704600000| PB 0x0000000704600000| Complete 
|   4|0x0000000704800000, 0x0000000704800000, 0x0000000704a00000|  0%| F|  |TAMS 0x0000000704800000| PB 0x0000000704800000| Untracked 
|   5|0x0000000704a00000, 0x0000000704a00000, 0x0000000704c00000|  0%| F|  |TAMS 0x0000000704a00000| PB 0x0000000704a00000| Untracked 
|   6|0x0000000704c00000, 0x0000000704c00000, 0x0000000704e00000|  0%| F|  |TAMS 0x0000000704c00000| PB 0x0000000704c00000| Untracked 
|   7|0x0000000704e00000, 0x0000000704e00000, 0x0000000705000000|  0%| F|  |TAMS 0x0000000704e00000| PB 0x0000000704e00000| Untracked 
|   8|0x0000000705000000, 0x0000000705000000, 0x0000000705200000|  0%| F|  |TAMS 0x0000000705000000| PB 0x0000000705000000| Untracked 
|   9|0x0000000705200000, 0x0000000705200000, 0x0000000705400000|  0%| F|  |TAMS 0x0000000705200000| PB 0x0000000705200000| Untracked 
|  10|0x0000000705400000, 0x0000000705400000, 0x0000000705600000|  0%| F|  |TAMS 0x0000000705400000| PB 0x0000000705400000| Untracked 
|  11|0x0000000705600000, 0x0000000705600000, 0x0000000705800000|  0%| F|  |TAMS 0x0000000705600000| PB 0x0000000705600000| Untracked 
|  12|0x0000000705800000, 0x0000000705800000, 0x0000000705a00000|  0%| F|  |TAMS 0x0000000705800000| PB 0x0000000705800000| Untracked 
|  13|0x0000000705a00000, 0x0000000705a00000, 0x0000000705c00000|  0%| F|  |TAMS 0x0000000705a00000| PB 0x0000000705a00000| Untracked 
|  14|0x0000000705c00000, 0x0000000705c00000, 0x0000000705e00000|  0%| F|  |TAMS 0x0000000705c00000| PB 0x0000000705c00000| Untracked 
|  15|0x0000000705e00000, 0x0000000705e00000, 0x0000000706000000|  0%| F|  |TAMS 0x0000000705e00000| PB 0x0000000705e00000| Untracked 
|  16|0x0000000706000000, 0x0000000706000000, 0x0000000706200000|  0%| F|  |TAMS 0x0000000706000000| PB 0x0000000706000000| Untracked 
|  17|0x0000000706200000, 0x0000000706200000, 0x0000000706400000|  0%| F|  |TAMS 0x0000000706200000| PB 0x0000000706200000| Untracked 
|  18|0x0000000706400000, 0x0000000706400000, 0x0000000706600000|  0%| F|  |TAMS 0x0000000706400000| PB 0x0000000706400000| Untracked 
|  19|0x0000000706600000, 0x0000000706600000, 0x0000000706800000|  0%| F|  |TAMS 0x0000000706600000| PB 0x0000000706600000| Untracked 
|  20|0x0000000706800000, 0x0000000706800000, 0x0000000706a00000|  0%| F|  |TAMS 0x0000000706800000| PB 0x0000000706800000| Untracked 
|  21|0x0000000706a00000, 0x0000000706a00000, 0x0000000706c00000|  0%| F|  |TAMS 0x0000000706a00000| PB 0x0000000706a00000| Untracked 
|  22|0x0000000706c00000, 0x0000000706c00000, 0x0000000706e00000|  0%| F|  |TAMS 0x0000000706c00000| PB 0x0000000706c00000| Untracked 
|  23|0x0000000706e00000, 0x0000000706e00000, 0x0000000707000000|  0%| F|  |TAMS 0x0000000706e00000| PB 0x0000000706e00000| Untracked 
|  24|0x0000000707000000, 0x0000000707000000, 0x0000000707200000|  0%| F|  |TAMS 0x0000000707000000| PB 0x0000000707000000| Untracked 
|  25|0x0000000707200000, 0x0000000707200000, 0x0000000707400000|  0%| F|  |TAMS 0x0000000707200000| PB 0x0000000707200000| Untracked 
|  26|0x0000000707400000, 0x0000000707400000, 0x0000000707600000|  0%| F|  |TAMS 0x0000000707400000| PB 0x0000000707400000| Untracked 
|  27|0x0000000707600000, 0x0000000707600000, 0x0000000707800000|  0%| F|  |TAMS 0x0000000707600000| PB 0x0000000707600000| Untracked 
|  28|0x0000000707800000, 0x0000000707800000, 0x0000000707a00000|  0%| F|  |TAMS 0x0000000707800000| PB 0x0000000707800000| Untracked 
|  29|0x0000000707a00000, 0x0000000707a00000, 0x0000000707c00000|  0%| F|  |TAMS 0x0000000707a00000| PB 0x0000000707a00000| Untracked 
|  30|0x0000000707c00000, 0x0000000707c00000, 0x0000000707e00000|  0%| F|  |TAMS 0x0000000707c00000| PB 0x0000000707c00000| Untracked 
|  31|0x0000000707e00000, 0x0000000707e00000, 0x0000000708000000|  0%| F|  |TAMS 0x0000000707e00000| PB 0x0000000707e00000| Untracked 
|  32|0x0000000708000000, 0x0000000708000000, 0x0000000708200000|  0%| F|  |TAMS 0x0000000708000000| PB 0x0000000708000000| Untracked 
|  33|0x0000000708200000, 0x0000000708200000, 0x0000000708400000|  0%| F|  |TAMS 0x0000000708200000| PB 0x0000000708200000| Untracked 
|  34|0x0000000708400000, 0x0000000708400000, 0x0000000708600000|  0%| F|  |TAMS 0x0000000708400000| PB 0x0000000708400000| Untracked 
|  35|0x0000000708600000, 0x0000000708600000, 0x0000000708800000|  0%| F|  |TAMS 0x0000000708600000| PB 0x0000000708600000| Untracked 
|  36|0x0000000708800000, 0x0000000708800000, 0x0000000708a00000|  0%| F|  |TAMS 0x0000000708800000| PB 0x0000000708800000| Untracked 
|  37|0x0000000708a00000, 0x0000000708a00000, 0x0000000708c00000|  0%| F|  |TAMS 0x0000000708a00000| PB 0x0000000708a00000| Untracked 
|  38|0x0000000708c00000, 0x0000000708c00000, 0x0000000708e00000|  0%| F|  |TAMS 0x0000000708c00000| PB 0x0000000708c00000| Untracked 
|  39|0x0000000708e00000, 0x0000000708e00000, 0x0000000709000000|  0%| F|  |TAMS 0x0000000708e00000| PB 0x0000000708e00000| Untracked 
|  40|0x0000000709000000, 0x0000000709000000, 0x0000000709200000|  0%| F|  |TAMS 0x0000000709000000| PB 0x0000000709000000| Untracked 
|  41|0x0000000709200000, 0x0000000709200000, 0x0000000709400000|  0%| F|  |TAMS 0x0000000709200000| PB 0x0000000709200000| Untracked 
|  42|0x0000000709400000, 0x0000000709400000, 0x0000000709600000|  0%| F|  |TAMS 0x0000000709400000| PB 0x0000000709400000| Untracked 
|  43|0x0000000709600000, 0x0000000709600000, 0x0000000709800000|  0%| F|  |TAMS 0x0000000709600000| PB 0x0000000709600000| Untracked 
|  44|0x0000000709800000, 0x0000000709800000, 0x0000000709a00000|  0%| F|  |TAMS 0x0000000709800000| PB 0x0000000709800000| Untracked 
|  45|0x0000000709a00000, 0x0000000709a00000, 0x0000000709c00000|  0%| F|  |TAMS 0x0000000709a00000| PB 0x0000000709a00000| Untracked 
|  46|0x0000000709c00000, 0x0000000709c00000, 0x0000000709e00000|  0%| F|  |TAMS 0x0000000709c00000| PB 0x0000000709c00000| Untracked 
|  47|0x0000000709e00000, 0x0000000709e00000, 0x000000070a000000|  0%| F|  |TAMS 0x0000000709e00000| PB 0x0000000709e00000| Untracked 
|  48|0x000000070a000000, 0x000000070a000000, 0x000000070a200000|  0%| F|  |TAMS 0x000000070a000000| PB 0x000000070a000000| Untracked 
|  49|0x000000070a200000, 0x000000070a200000, 0x000000070a400000|  0%| F|  |TAMS 0x000000070a200000| PB 0x000000070a200000| Untracked 
|  50|0x000000070a400000, 0x000000070a400000, 0x000000070a600000|  0%| F|  |TAMS 0x000000070a400000| PB 0x000000070a400000| Untracked 
|  51|0x000000070a600000, 0x000000070a600000, 0x000000070a800000|  0%| F|  |TAMS 0x000000070a600000| PB 0x000000070a600000| Untracked 
|  52|0x000000070a800000, 0x000000070a800000, 0x000000070aa00000|  0%| F|  |TAMS 0x000000070a800000| PB 0x000000070a800000| Untracked 
|  53|0x000000070aa00000, 0x000000070aa00000, 0x000000070ac00000|  0%| F|  |TAMS 0x000000070aa00000| PB 0x000000070aa00000| Untracked 
|  54|0x000000070ac00000, 0x000000070ac00000, 0x000000070ae00000|  0%| F|  |TAMS 0x000000070ac00000| PB 0x000000070ac00000| Untracked 
|  55|0x000000070ae00000, 0x000000070ae00000, 0x000000070b000000|  0%| F|  |TAMS 0x000000070ae00000| PB 0x000000070ae00000| Untracked 
|  56|0x000000070b000000, 0x000000070b000000, 0x000000070b200000|  0%| F|  |TAMS 0x000000070b000000| PB 0x000000070b000000| Untracked 
|  57|0x000000070b200000, 0x000000070b200000, 0x000000070b400000|  0%| F|  |TAMS 0x000000070b200000| PB 0x000000070b200000| Untracked 
|  58|0x000000070b400000, 0x000000070b400000, 0x000000070b600000|  0%| F|  |TAMS 0x000000070b400000| PB 0x000000070b400000| Untracked 
|  59|0x000000070b600000, 0x000000070b600000, 0x000000070b800000|  0%| F|  |TAMS 0x000000070b600000| PB 0x000000070b600000| Untracked 
|  60|0x000000070b800000, 0x000000070b800000, 0x000000070ba00000|  0%| F|  |TAMS 0x000000070b800000| PB 0x000000070b800000| Untracked 
|  61|0x000000070ba00000, 0x000000070ba00000, 0x000000070bc00000|  0%| F|  |TAMS 0x000000070ba00000| PB 0x000000070ba00000| Untracked 
|  62|0x000000070bc00000, 0x000000070bc00000, 0x000000070be00000|  0%| F|  |TAMS 0x000000070bc00000| PB 0x000000070bc00000| Untracked 
|  63|0x000000070be00000, 0x000000070be00000, 0x000000070c000000|  0%| F|  |TAMS 0x000000070be00000| PB 0x000000070be00000| Untracked 
|  64|0x000000070c000000, 0x000000070c000000, 0x000000070c200000|  0%| F|  |TAMS 0x000000070c000000| PB 0x000000070c000000| Untracked 
|  65|0x000000070c200000, 0x000000070c200000, 0x000000070c400000|  0%| F|  |TAMS 0x000000070c200000| PB 0x000000070c200000| Untracked 
|  66|0x000000070c400000, 0x000000070c400000, 0x000000070c600000|  0%| F|  |TAMS 0x000000070c400000| PB 0x000000070c400000| Untracked 
|  67|0x000000070c600000, 0x000000070c600000, 0x000000070c800000|  0%| F|  |TAMS 0x000000070c600000| PB 0x000000070c600000| Untracked 
|  68|0x000000070c800000, 0x000000070c800000, 0x000000070ca00000|  0%| F|  |TAMS 0x000000070c800000| PB 0x000000070c800000| Untracked 
|  69|0x000000070ca00000, 0x000000070ca00000, 0x000000070cc00000|  0%| F|  |TAMS 0x000000070ca00000| PB 0x000000070ca00000| Untracked 
|  70|0x000000070cc00000, 0x000000070cc00000, 0x000000070ce00000|  0%| F|  |TAMS 0x000000070cc00000| PB 0x000000070cc00000| Untracked 
|  71|0x000000070ce00000, 0x000000070ce00000, 0x000000070d000000|  0%| F|  |TAMS 0x000000070ce00000| PB 0x000000070ce00000| Untracked 
|  72|0x000000070d000000, 0x000000070d000000, 0x000000070d200000|  0%| F|  |TAMS 0x000000070d000000| PB 0x000000070d000000| Untracked 
|  73|0x000000070d200000, 0x000000070d200000, 0x000000070d400000|  0%| F|  |TAMS 0x000000070d200000| PB 0x000000070d200000| Untracked 
|  74|0x000000070d400000, 0x000000070d400000, 0x000000070d600000|  0%| F|  |TAMS 0x000000070d400000| PB 0x000000070d400000| Untracked 
|  75|0x000000070d600000, 0x000000070d600000, 0x000000070d800000|  0%| F|  |TAMS 0x000000070d600000| PB 0x000000070d600000| Untracked 
|  76|0x000000070d800000, 0x000000070d800000, 0x000000070da00000|  0%| F|  |TAMS 0x000000070d800000| PB 0x000000070d800000| Untracked 
|  77|0x000000070da00000, 0x000000070da00000, 0x000000070dc00000|  0%| F|  |TAMS 0x000000070da00000| PB 0x000000070da00000| Untracked 
|  78|0x000000070dc00000, 0x000000070dc00000, 0x000000070de00000|  0%| F|  |TAMS 0x000000070dc00000| PB 0x000000070dc00000| Untracked 
|  79|0x000000070de00000, 0x000000070de00000, 0x000000070e000000|  0%| F|  |TAMS 0x000000070de00000| PB 0x000000070de00000| Untracked 
|  80|0x000000070e000000, 0x000000070e000000, 0x000000070e200000|  0%| F|  |TAMS 0x000000070e000000| PB 0x000000070e000000| Untracked 
|  81|0x000000070e200000, 0x000000070e200000, 0x000000070e400000|  0%| F|  |TAMS 0x000000070e200000| PB 0x000000070e200000| Untracked 
|  82|0x000000070e400000, 0x000000070e400000, 0x000000070e600000|  0%| F|  |TAMS 0x000000070e400000| PB 0x000000070e400000| Untracked 
|  83|0x000000070e600000, 0x000000070e600000, 0x000000070e800000|  0%| F|  |TAMS 0x000000070e600000| PB 0x000000070e600000| Untracked 
|  84|0x000000070e800000, 0x000000070e800000, 0x000000070ea00000|  0%| F|  |TAMS 0x000000070e800000| PB 0x000000070e800000| Untracked 
|  85|0x000000070ea00000, 0x000000070ea00000, 0x000000070ec00000|  0%| F|  |TAMS 0x000000070ea00000| PB 0x000000070ea00000| Untracked 
|  86|0x000000070ec00000, 0x000000070ec00000, 0x000000070ee00000|  0%| F|  |TAMS 0x000000070ec00000| PB 0x000000070ec00000| Untracked 
|  87|0x000000070ee00000, 0x000000070ee00000, 0x000000070f000000|  0%| F|  |TAMS 0x000000070ee00000| PB 0x000000070ee00000| Untracked 
|  88|0x000000070f000000, 0x000000070f000000, 0x000000070f200000|  0%| F|  |TAMS 0x000000070f000000| PB 0x000000070f000000| Untracked 
|  89|0x000000070f200000, 0x000000070f200000, 0x000000070f400000|  0%| F|  |TAMS 0x000000070f200000| PB 0x000000070f200000| Untracked 
|  90|0x000000070f400000, 0x000000070f400000, 0x000000070f600000|  0%| F|  |TAMS 0x000000070f400000| PB 0x000000070f400000| Untracked 
|  91|0x000000070f600000, 0x000000070f600000, 0x000000070f800000|  0%| F|  |TAMS 0x000000070f600000| PB 0x000000070f600000| Untracked 
|  92|0x000000070f800000, 0x000000070f800000, 0x000000070fa00000|  0%| F|  |TAMS 0x000000070f800000| PB 0x000000070f800000| Untracked 
|  93|0x000000070fa00000, 0x000000070fa00000, 0x000000070fc00000|  0%| F|  |TAMS 0x000000070fa00000| PB 0x000000070fa00000| Untracked 
|  94|0x000000070fc00000, 0x000000070fc00000, 0x000000070fe00000|  0%| F|  |TAMS 0x000000070fc00000| PB 0x000000070fc00000| Untracked 
|  95|0x000000070fe00000, 0x000000070fe00000, 0x0000000710000000|  0%| F|  |TAMS 0x000000070fe00000| PB 0x000000070fe00000| Untracked 
|  96|0x0000000710000000, 0x0000000710000000, 0x0000000710200000|  0%| F|  |TAMS 0x0000000710000000| PB 0x0000000710000000| Untracked 
|  97|0x0000000710200000, 0x0000000710200000, 0x0000000710400000|  0%| F|  |TAMS 0x0000000710200000| PB 0x0000000710200000| Untracked 
|  98|0x0000000710400000, 0x0000000710400000, 0x0000000710600000|  0%| F|  |TAMS 0x0000000710400000| PB 0x0000000710400000| Untracked 
|  99|0x0000000710600000, 0x0000000710600000, 0x0000000710800000|  0%| F|  |TAMS 0x0000000710600000| PB 0x0000000710600000| Untracked 
| 100|0x0000000710800000, 0x0000000710800000, 0x0000000710a00000|  0%| F|  |TAMS 0x0000000710800000| PB 0x0000000710800000| Untracked 
| 101|0x0000000710a00000, 0x0000000710a00000, 0x0000000710c00000|  0%| F|  |TAMS 0x0000000710a00000| PB 0x0000000710a00000| Untracked 
| 102|0x0000000710c00000, 0x0000000710c00000, 0x0000000710e00000|  0%| F|  |TAMS 0x0000000710c00000| PB 0x0000000710c00000| Untracked 
| 103|0x0000000710e00000, 0x0000000710e00000, 0x0000000711000000|  0%| F|  |TAMS 0x0000000710e00000| PB 0x0000000710e00000| Untracked 
| 104|0x0000000711000000, 0x0000000711000000, 0x0000000711200000|  0%| F|  |TAMS 0x0000000711000000| PB 0x0000000711000000| Untracked 
| 105|0x0000000711200000, 0x0000000711200000, 0x0000000711400000|  0%| F|  |TAMS 0x0000000711200000| PB 0x0000000711200000| Untracked 
| 106|0x0000000711400000, 0x0000000711400000, 0x0000000711600000|  0%| F|  |TAMS 0x0000000711400000| PB 0x0000000711400000| Untracked 
| 107|0x0000000711600000, 0x0000000711600000, 0x0000000711800000|  0%| F|  |TAMS 0x0000000711600000| PB 0x0000000711600000| Untracked 
| 108|0x0000000711800000, 0x0000000711800000, 0x0000000711a00000|  0%| F|  |TAMS 0x0000000711800000| PB 0x0000000711800000| Untracked 
| 109|0x0000000711a00000, 0x0000000711a00000, 0x0000000711c00000|  0%| F|  |TAMS 0x0000000711a00000| PB 0x0000000711a00000| Untracked 
| 110|0x0000000711c00000, 0x0000000711c00000, 0x0000000711e00000|  0%| F|  |TAMS 0x0000000711c00000| PB 0x0000000711c00000| Untracked 
| 111|0x0000000711e00000, 0x0000000711e00000, 0x0000000712000000|  0%| F|  |TAMS 0x0000000711e00000| PB 0x0000000711e00000| Untracked 
| 112|0x0000000712000000, 0x0000000712000000, 0x0000000712200000|  0%| F|  |TAMS 0x0000000712000000| PB 0x0000000712000000| Untracked 
| 113|0x0000000712200000, 0x0000000712200000, 0x0000000712400000|  0%| F|  |TAMS 0x0000000712200000| PB 0x0000000712200000| Untracked 
| 114|0x0000000712400000, 0x0000000712400000, 0x0000000712600000|  0%| F|  |TAMS 0x0000000712400000| PB 0x0000000712400000| Untracked 
| 115|0x0000000712600000, 0x0000000712600000, 0x0000000712800000|  0%| F|  |TAMS 0x0000000712600000| PB 0x0000000712600000| Untracked 
| 116|0x0000000712800000, 0x000000071287a580, 0x0000000712a00000| 23%| E|  |TAMS 0x0000000712800000| PB 0x0000000712800000| Complete 
| 117|0x0000000712a00000, 0x0000000712c00000, 0x0000000712c00000|100%| E|  |TAMS 0x0000000712a00000| PB 0x0000000712a00000| Complete 
| 118|0x0000000712c00000, 0x0000000712e00000, 0x0000000712e00000|100%| E|CS|TAMS 0x0000000712c00000| PB 0x0000000712c00000| Complete 
| 119|0x0000000712e00000, 0x0000000713000000, 0x0000000713000000|100%| E|CS|TAMS 0x0000000712e00000| PB 0x0000000712e00000| Complete 
| 120|0x0000000713000000, 0x0000000713200000, 0x0000000713200000|100%| E|CS|TAMS 0x0000000713000000| PB 0x0000000713000000| Complete 
| 121|0x0000000713200000, 0x0000000713400000, 0x0000000713400000|100%| E|CS|TAMS 0x0000000713200000| PB 0x0000000713200000| Complete 
| 122|0x0000000713400000, 0x0000000713600000, 0x0000000713600000|100%| E|CS|TAMS 0x0000000713400000| PB 0x0000000713400000| Complete 
| 123|0x0000000713600000, 0x0000000713800000, 0x0000000713800000|100%| E|CS|TAMS 0x0000000713600000| PB 0x0000000713600000| Complete 
| 124|0x0000000713800000, 0x0000000713a00000, 0x0000000713a00000|100%| E|CS|TAMS 0x0000000713800000| PB 0x0000000713800000| Complete 
| 125|0x0000000713a00000, 0x0000000713c00000, 0x0000000713c00000|100%| E|CS|TAMS 0x0000000713a00000| PB 0x0000000713a00000| Complete 

Card table byte_map: [0x000001eaf8040000,0x000001eaf8820000] _byte_map_base: 0x000001eaf4820000

Marking Bits: (CMBitMap*) 0x000001eaeef01db0
 Bits: [0x000001eaf8820000, 0x000001eafc720000)

Polling page: 0x000001eaece10000

Metaspace:

Usage:
  Non-class:      7.11 MB used.
      Class:    987.44 KB used.
       Both:      8.07 MB used.

Virtual space:
  Non-class space:       64.00 MB reserved,       7.19 MB ( 11%) committed,  1 nodes.
      Class space:        1.00 GB reserved,       1.06 MB ( <1%) committed,  1 nodes.
             Both:        1.06 GB reserved,       8.25 MB ( <1%) committed. 

Chunk freelists:
   Non-Class:  8.45 MB
       Class:  14.99 MB
        Both:  23.44 MB

MaxMetaspaceSize: unlimited
CompressedClassSpaceSize: 1.00 GB
Initial GC threshold: 21.00 MB
Current GC threshold: 21.00 MB
CDS: on
 - commit_granule_bytes: 65536.
 - commit_granule_words: 8192.
 - virtual_space_node_default_size: 8388608.
 - enlarge_chunks_in_place: 1.
 - use_allocation_guard: 0.


Internal statistics:

num_allocs_failed_limit: 0.
num_arena_births: 140.
num_arena_deaths: 0.
num_vsnodes_births: 2.
num_vsnodes_deaths: 0.
num_space_committed: 132.
num_space_uncommitted: 0.
num_chunks_returned_to_freelist: 0.
num_chunks_taken_from_freelist: 192.
num_chunk_merges: 0.
num_chunk_splits: 115.
num_chunks_enlarged: 48.
num_inconsistent_stats: 0.

CodeHeap 'non-profiled nmethods': size=120000Kb used=375Kb max_used=375Kb free=119624Kb
 bounds [0x000001ea87ad0000, 0x000001ea87d40000, 0x000001ea8f000000]
CodeHeap 'profiled nmethods': size=120000Kb used=1997Kb max_used=1997Kb free=118002Kb
 bounds [0x000001ea80000000, 0x000001ea80270000, 0x000001ea87530000]
CodeHeap 'non-nmethods': size=5760Kb used=1690Kb max_used=1723Kb free=4069Kb
 bounds [0x000001ea87530000, 0x000001ea877a0000, 0x000001ea87ad0000]
 total_blobs=1857 nmethods=1263 adapters=499
 compilation: enabled
              stopped_count=0, restarted_count=0
 full_count=0

Compilation events (20 events):
Event: 2.024 Thread 0x000001eaff388320 1254       3       java.awt.Component::getGraphicsConfiguration (5 bytes)
Event: 2.024 Thread 0x000001eaff388320 nmethod 1254 0x000001ea801eff90 code [0x000001ea801f0120, 0x000001ea801f0248]
Event: 2.024 Thread 0x000001eaff388320 1255       3       sun.java2d.pipe.Region::clipRound (34 bytes)
Event: 2.024 Thread 0x000001eaff388320 nmethod 1255 0x000001ea801f0310 code [0x000001ea801f0500, 0x000001ea801f07b8]
Event: 2.024 Thread 0x000001eaff388320 1256       3       java.awt.geom.Point2D$Double::setLocation (11 bytes)
Event: 2.025 Thread 0x000001eaff388320 nmethod 1256 0x000001ea801f0890 code [0x000001ea801f0a20, 0x000001ea801f0b38]
Event: 2.025 Thread 0x000001eaff388320 1257       3       java.util.LinkedList$ListItr::checkForComodification (23 bytes)
Event: 2.025 Thread 0x000001eaff388320 nmethod 1257 0x000001ea801f0c10 code [0x000001ea801f0dc0, 0x000001ea801f0f98]
Event: 2.025 Thread 0x000001eaff388320 1258       3       java.awt.geom.AffineTransform::translate (547 bytes)
Event: 2.025 Thread 0x000001eaff388320 nmethod 1258 0x000001ea801f1090 code [0x000001ea801f1380, 0x000001ea801f20e8]
Event: 2.040 Thread 0x000001eaff388320 1259       3       java.security.ProtectionDomain$JavaSecurityAccessImpl::doIntersectionPrivilege (22 bytes)
Event: 2.040 Thread 0x000001eaff388320 nmethod 1259 0x000001ea801f2210 code [0x000001ea801f2440, 0x000001ea801f29e8]
Event: 2.040 Thread 0x000001eaff388320 1260       3       java.security.ProtectionDomain$JavaSecurityAccessImpl::getCombinedACC (30 bytes)
Event: 2.040 Thread 0x000001eaff388320 nmethod 1260 0x000001ea801f2c10 code [0x000001ea801f2de0, 0x000001ea801f31f0]
Event: 2.040 Thread 0x000001eaff388320 1261       1       java.awt.Window::isRecursivelyVisible (5 bytes)
Event: 2.040 Thread 0x000001eaff388320 nmethod 1261 0x000001ea87b2d710 code [0x000001ea87b2d8a0, 0x000001ea87b2d970]
Event: 2.071 Thread 0x000001eaff388320 1262       3       java.awt.event.InputEvent::getModifiers (8 bytes)
Event: 2.071 Thread 0x000001eaff388320 nmethod 1262 0x000001ea801f3390 code [0x000001ea801f3520, 0x000001ea801f3638]
Event: 2.181 Thread 0x000001eaff388320 1263       1       java.awt.geom.AffineTransform::getShearY (5 bytes)
Event: 2.181 Thread 0x000001eaff388320 nmethod 1263 0x000001ea87b2da10 code [0x000001ea87b2dba0, 0x000001ea87b2dc68]

GC Heap History (0 events):
No events

Dll operation events (9 events):
Event: 0.005 Loaded shared library C:\Program Files\Java\jdk-21\bin\java.dll
Event: 0.036 Loaded shared library C:\Program Files\Java\jdk-21\bin\jsvml.dll
Event: 0.050 Loaded shared library C:\Users\14858\Desktop\Cwork\genealogy-homework\C_functions.dll
Event: 0.061 Loaded shared library C:\Program Files\Java\jdk-21\bin\jimage.dll
Event: 0.073 Loaded shared library C:\Program Files\Java\jdk-21\bin\awt.dll
Event: 0.173 Loaded shared library C:\Program Files\Java\jdk-21\bin\freetype.dll
Event: 0.174 Loaded shared library C:\Program Files\Java\jdk-21\bin\fontmanager.dll
Event: 0.296 Loaded shared library C:\Program Files\Java\jdk-21\bin\net.dll
Event: 0.297 Loaded shared library C:\Program Files\Java\jdk-21\bin\nio.dll

Deoptimization events (20 events):
Event: 1.441 Thread 0x000001eaff7aa820 DEOPT PACKING pc=0x000001ea87b08e14 sp=0x00000057c0dfc4f0
Event: 1.441 Thread 0x000001eaff7aa820 DEOPT UNPACKING pc=0x000001ea87587da2 sp=0x00000057c0dfc470 mode 2
Event: 1.453 Thread 0x000001eaff7aa820 Uncommon trap: trap_request=0xffffff45 fr.pc=0x000001ea87b0a18c relative=0x00000000000004ac
Event: 1.453 Thread 0x000001eaff7aa820 Uncommon trap: reason=unstable_if action=reinterpret pc=0x000001ea87b0a18c method=java.lang.StringLatin1.toLowerCase(Ljava/lang/String;[BLjava/util/Locale;)Ljava/lang/String; @ 43 c2
Event: 1.453 Thread 0x000001eaff7aa820 DEOPT PACKING pc=0x000001ea87b0a18c sp=0x00000057c0dfce40
Event: 1.453 Thread 0x000001eaff7aa820 DEOPT UNPACKING pc=0x000001ea87587da2 sp=0x00000057c0dfcdb0 mode 2
Event: 1.476 Thread 0x000001eaff7aa820 DEOPT PACKING pc=0x000001ea80018b61 sp=0x00000057c0dfca20
Event: 1.476 Thread 0x000001eaff7aa820 DEOPT UNPACKING pc=0x000001ea875888e2 sp=0x00000057c0dfbe88 mode 0
Event: 1.500 Thread 0x000001eaff7aa820 Uncommon trap: trap_request=0xffffff45 fr.pc=0x000001ea87b0e26c relative=0x000000000000032c
Event: 1.500 Thread 0x000001eaff7aa820 Uncommon trap: reason=unstable_if action=reinterpret pc=0x000001ea87b0e26c method=jdk.internal.util.ArraysSupport.mismatch([BI[BII)I @ 55 c2
Event: 1.500 Thread 0x000001eaff7aa820 DEOPT PACKING pc=0x000001ea87b0e26c sp=0x00000057c0dfc990
Event: 1.500 Thread 0x000001eaff7aa820 DEOPT UNPACKING pc=0x000001ea87587da2 sp=0x00000057c0dfc888 mode 2
Event: 1.530 Thread 0x000001eaff7aa820 Uncommon trap: trap_request=0xffffff45 fr.pc=0x000001ea87b16c78 relative=0x0000000000000418
Event: 1.530 Thread 0x000001eaff7aa820 Uncommon trap: reason=unstable_if action=reinterpret pc=0x000001ea87b16c78 method=java.lang.Character.isSurrogate(C)Z @ 3 c2
Event: 1.530 Thread 0x000001eaff7aa820 DEOPT PACKING pc=0x000001ea87b16c78 sp=0x00000057c0dfc810
Event: 1.530 Thread 0x000001eaff7aa820 DEOPT UNPACKING pc=0x000001ea87587da2 sp=0x00000057c0dfc728 mode 2
Event: 1.682 Thread 0x000001eaff7aa820 DEOPT PACKING pc=0x000001ea801c2c9b sp=0x00000057c0dfcf30
Event: 1.682 Thread 0x000001eaff7aa820 DEOPT UNPACKING pc=0x000001ea875888e2 sp=0x00000057c0dfc400 mode 0
Event: 1.682 Thread 0x000001eaff7aa820 DEOPT PACKING pc=0x000001ea801c2c9b sp=0x00000057c0dfcf40
Event: 1.682 Thread 0x000001eaff7aa820 DEOPT UNPACKING pc=0x000001ea875888e2 sp=0x00000057c0dfc3b0 mode 0

Classes loaded (20 events):
Event: 1.540 Loading class java/awt/PaintContext done
Event: 1.540 Loading class java/awt/GradientPaintContext done
Event: 1.540 Loading class java/awt/geom/Point2D$Double
Event: 1.540 Loading class java/awt/geom/Point2D$Double done
Event: 1.540 Loading class sun/java2d/pipe/AlphaPaintPipe$TileContext
Event: 1.540 Loading class sun/java2d/pipe/AlphaPaintPipe$TileContext done
Event: 1.540 Loading class sun/awt/image/MultiResolutionToolkitImage
Event: 1.541 Loading class sun/awt/image/MultiResolutionToolkitImage done
Event: 1.545 Loading class java/awt/print/PrinterGraphics
Event: 1.545 Loading class java/awt/print/PrinterGraphics done
Event: 1.545 Loading class java/awt/PrintGraphics
Event: 1.545 Loading class java/awt/PrintGraphics done
Event: 1.578 Loading class java/awt/LightweightDispatcher$1
Event: 1.578 Loading class java/awt/LightweightDispatcher$1 done
Event: 1.578 Loading class java/awt/Toolkit$SelectiveAWTEventListener
Event: 1.578 Loading class java/awt/Toolkit$SelectiveAWTEventListener done
Event: 1.681 Loading class java/awt/event/ContainerEvent
Event: 1.681 Loading class java/awt/event/ContainerEvent done
Event: 1.681 Loading class javax/swing/event/ChangeEvent
Event: 1.681 Loading class javax/swing/event/ChangeEvent done

Classes unloaded (0 events):
No events

Classes redefined (0 events):
No events

Internal exceptions (12 events):
Event: 0.066 Thread 0x000001eaecd2bb80 Exception <a 'java/lang/ClassNotFoundException'{0x000000071384a698}: sun/awt/resources/spi/awtProvider> (0x000000071384a698) 
thrown [s\open\src\hotspot\share\classfile\systemDictionary.cpp, line 312]
Event: 0.080 Thread 0x000001eaecd2bb80 Exception <a 'java/io/FileNotFoundException'{0x0000000713916340}> (0x0000000713916340) 
thrown [s\open\src\hotspot\share\prims\jni.cpp, line 520]
Event: 0.084 Thread 0x000001eaecd2bb80 Exception <a 'java/io/FileNotFoundException'{0x0000000713940398}> (0x0000000713940398) 
thrown [s\open\src\hotspot\share\prims\jni.cpp, line 520]
Event: 0.132 Thread 0x000001eaecd2bb80 Exception <a 'java/lang/NoSuchMethodError'{0x0000000713684bf0}: 'void java.lang.invoke.DirectMethodHandle$Holder.invokeSpecial(java.lang.Object, java.lang.Object, java.lang.Object)'> (0x0000000713684bf0) 
thrown [s\open\src\hotspot\share\interpreter\linkResolver.cpp, line 773]
Event: 0.137 Thread 0x000001eaecd2bb80 Exception <a 'java/lang/NoSuchMethodError'{0x00000007136aa680}: 'java.lang.Object java.lang.invoke.DirectMethodHandle$Holder.newInvokeSpecial(java.lang.Object, java.lang.Object, java.lang.Object, java.lang.Object, java.lang.Object)'> (0x00000007136aa680) 
thrown [s\open\src\hotspot\share\interpreter\linkResolver.cpp, line 773]
Event: 0.140 Thread 0x000001eaecd2bb80 Exception <a 'java/lang/NoSuchMethodError'{0x00000007136d6290}: 'java.lang.Object java.lang.invoke.DirectMethodHandle$Holder.invokeStatic(java.lang.Object, int, java.lang.Object)'> (0x00000007136d6290) 
thrown [s\open\src\hotspot\share\interpreter\linkResolver.cpp, line 773]
Event: 0.150 Thread 0x000001eaecd2bb80 Exception <a 'java/lang/ClassNotFoundException'{0x0000000713775c40}: com/sun/swing/internal/plaf/metal/resources/spi/metalProvider> (0x0000000713775c40) 
thrown [s\open\src\hotspot\share\classfile\systemDictionary.cpp, line 312]
Event: 0.151 Thread 0x000001eaecd2bb80 Exception <a 'java/lang/ClassNotFoundException'{0x000000071377ba50}: com/sun/swing/internal/plaf/basic/resources/spi/basicProvider> (0x000000071377ba50) 
thrown [s\open\src\hotspot\share\classfile\systemDictionary.cpp, line 312]
Event: 0.157 Thread 0x000001eaecd2bb80 Exception <a 'java/lang/NoSuchMethodError'{0x000000071379f4d8}: 'int java.lang.invoke.Invokers$Holder.invokeExact_MT(java.lang.Object, java.lang.Object)'> (0x000000071379f4d8) 
thrown [s\open\src\hotspot\share\interpreter\linkResolver.cpp, line 773]
Event: 0.162 Thread 0x000001eaff734e40 Exception <a 'java/lang/NoSuchMethodError'{0x000000071360e618}: 'void java.lang.invoke.DirectMethodHandle$Holder.invokeVirtual(java.lang.Object, java.lang.Object)'> (0x000000071360e618) 
thrown [s\open\src\hotspot\share\interpreter\linkResolver.cpp, line 773]
Event: 0.171 Thread 0x000001eaecd2bb80 Exception <a 'java/lang/NoSuchMethodError'{0x0000000713401490}: 'void java.lang.invoke.DirectMethodHandle$Holder.invokeStaticInit(java.lang.Object)'> (0x0000000713401490) 
thrown [s\open\src\hotspot\share\interpreter\linkResolver.cpp, line 773]
Event: 0.176 Thread 0x000001eaecd2bb80 Exception <a 'java/io/FileNotFoundException'{0x000000071340da50}> (0x000000071340da50) 
thrown [s\open\src\hotspot\share\prims\jni.cpp, line 520]

ZGC Phase Switch (0 events):
No events

VM Operations (10 events):
Event: 0.150 Executing VM operation: HandshakeAllThreads (Deoptimize)
Event: 0.150 Executing VM operation: HandshakeAllThreads (Deoptimize) done
Event: 0.165 Executing VM operation: HandshakeAllThreads (Deoptimize)
Event: 0.165 Executing VM operation: HandshakeAllThreads (Deoptimize) done
Event: 0.238 Executing VM operation: HandshakeAllThreads (Deoptimize)
Event: 0.238 Executing VM operation: HandshakeAllThreads (Deoptimize) done
Event: 1.252 Executing VM operation: Cleanup
Event: 1.253 Executing VM operation: Cleanup done
Event: 2.263 Executing VM operation: Cleanup
Event: 2.263 Executing VM operation: Cleanup done

Events (19 events):
Event: 0.017 Thread 0x000001eaecd2bb80 Thread added: 0x000001eaecd2bb80
Event: 0.034 Thread 0x000001eaff377370 Thread added: 0x000001eaff377370
Event: 0.034 Thread 0x000001eaff378290 Thread added: 0x000001eaff378290
Event: 0.034 Thread 0x000001eaff37d720 Thread added: 0x000001eaff37d720
Event: 0.034 Thread 0x000001eaff37e180 Thread added: 0x000001eaff37e180
Event: 0.034 Thread 0x000001eaff37f990 Thread added: 0x000001eaff37f990
Event: 0.034 Thread 0x000001eaff3817b0 Thread added: 0x000001eaff3817b0
Event: 0.034 Thread 0x000001eaff3828a0 Thread added: 0x000001eaff3828a0
Event: 0.034 Thread 0x000001eaff388320 Thread added: 0x000001eaff388320
Event: 0.043 Thread 0x000001eaff57a020 Thread added: 0x000001eaff57a020
Event: 0.046 Thread 0x000001eaff58cd10 Thread added: 0x000001eaff58cd10
Event: 0.114 Thread 0x000001eaff71ba80 Thread added: 0x000001eaff71ba80
Event: 0.115 Thread 0x000001eaff71c0f0 Thread added: 0x000001eaff71c0f0
Event: 0.116 Thread 0x000001eaff734e40 Thread added: 0x000001eaff734e40
Event: 0.163 Thread 0x000001eaff7aa820 Thread added: 0x000001eaff7aa820
Event: 0.289 Thread 0x000001eaecd2bb80 Thread exited: 0x000001eaecd2bb80
Event: 0.289 Thread 0x000001eaecd2bb80 Thread added: 0x000001eaecd2bb80
Event: 1.560 Thread 0x000001ead587aee0 Thread added: 0x000001ead587aee0
Event: 1.680 Thread 0x000001ead587aee0 Thread exited: 0x000001ead587aee0


Dynamic libraries:
0x00007ff72bc50000 - 0x00007ff72bc60000 	C:\Program Files\Java\jdk-21\bin\java.exe
0x00007ffc8d090000 - 0x00007ffc8d288000 	C:\WINDOWS\SYSTEM32\ntdll.dll
0x00007ffc8b460000 - 0x00007ffc8b51d000 	C:\WINDOWS\System32\KERNEL32.DLL
0x00007ffc8a800000 - 0x00007ffc8aaf6000 	C:\WINDOWS\System32\KERNELBASE.dll
0x00007ffc8adb0000 - 0x00007ffc8aeb0000 	C:\WINDOWS\System32\ucrtbase.dll
0x00007ffc73420000 - 0x00007ffc73439000 	C:\Program Files\Java\jdk-21\bin\jli.dll
0x00007ffc73380000 - 0x00007ffc7339b000 	C:\Program Files\Java\jdk-21\bin\VCRUNTIME140.dll
0x00007ffc8b190000 - 0x00007ffc8b240000 	C:\WINDOWS\System32\ADVAPI32.dll
0x00007ffc8b7f0000 - 0x00007ffc8b88e000 	C:\WINDOWS\System32\msvcrt.dll
0x00007ffc8b0c0000 - 0x00007ffc8b160000 	C:\WINDOWS\System32\sechost.dll
0x00007ffc8b5e0000 - 0x00007ffc8b703000 	C:\WINDOWS\System32\RPCRT4.dll
0x00007ffc8ab00000 - 0x00007ffc8ab27000 	C:\WINDOWS\System32\bcrypt.dll
0x00007ffc8c630000 - 0x00007ffc8c7cf000 	C:\WINDOWS\System32\USER32.dll
0x00007ffc8a7d0000 - 0x00007ffc8a7f2000 	C:\WINDOWS\System32\win32u.dll
0x00007ffc702c0000 - 0x00007ffc7055a000 	C:\WINDOWS\WinSxS\amd64_microsoft.windows.common-controls_6595b64144ccf1df_6.0.19041.4355_none_60b8b9eb71f62e16\COMCTL32.dll
0x00007ffc8b160000 - 0x00007ffc8b18b000 	C:\WINDOWS\System32\GDI32.dll
0x00007ffc8af00000 - 0x00007ffc8b017000 	C:\WINDOWS\System32\gdi32full.dll
0x00007ffc8b020000 - 0x00007ffc8b0bd000 	C:\WINDOWS\System32\msvcp_win.dll
0x00007ffc7ba50000 - 0x00007ffc7ba5a000 	C:\WINDOWS\SYSTEM32\VERSION.dll
0x00007ffc8c540000 - 0x00007ffc8c572000 	C:\WINDOWS\System32\IMM32.DLL
0x00007ffc733e0000 - 0x00007ffc733ec000 	C:\Program Files\Java\jdk-21\bin\vcruntime140_1.dll
0x00007ffc622e0000 - 0x00007ffc6236e000 	C:\Program Files\Java\jdk-21\bin\msvcp140.dll
0x00007ffc2dac0000 - 0x00007ffc2e7d5000 	C:\Program Files\Java\jdk-21\bin\server\jvm.dll
0x00007ffc8c410000 - 0x00007ffc8c47b000 	C:\WINDOWS\System32\WS2_32.dll
0x00007ffc89cc0000 - 0x00007ffc89d0b000 	C:\WINDOWS\SYSTEM32\POWRPROF.dll
0x00007ffc7c390000 - 0x00007ffc7c3b7000 	C:\WINDOWS\SYSTEM32\WINMM.dll
0x00007ffc89b30000 - 0x00007ffc89b42000 	C:\WINDOWS\SYSTEM32\UMPDC.dll
0x00007ffc88f10000 - 0x00007ffc88f22000 	C:\WINDOWS\SYSTEM32\kernel.appcore.dll
0x00007ffc73370000 - 0x00007ffc7337a000 	C:\Program Files\Java\jdk-21\bin\jimage.dll
0x00007ffc884a0000 - 0x00007ffc88684000 	C:\WINDOWS\SYSTEM32\DBGHELP.DLL
0x00007ffc62da0000 - 0x00007ffc62dd4000 	C:\WINDOWS\SYSTEM32\dbgcore.DLL
0x00007ffc8a740000 - 0x00007ffc8a7c2000 	C:\WINDOWS\System32\bcryptPrimitives.dll
0x00007ffc73280000 - 0x00007ffc7329f000 	C:\Program Files\Java\jdk-21\bin\java.dll
0x00007ffc8c880000 - 0x00007ffc8cfeb000 	C:\WINDOWS\System32\SHELL32.dll
0x00007ffc88690000 - 0x00007ffc88e2d000 	C:\WINDOWS\SYSTEM32\windows.storage.dll
0x00007ffc8c0b0000 - 0x00007ffc8c403000 	C:\WINDOWS\System32\combase.dll
0x00007ffc8a160000 - 0x00007ffc8a18e000 	C:\WINDOWS\SYSTEM32\Wldp.dll
0x00007ffc8b9b0000 - 0x00007ffc8ba7d000 	C:\WINDOWS\System32\OLEAUT32.dll
0x00007ffc8c7d0000 - 0x00007ffc8c87d000 	C:\WINDOWS\System32\SHCORE.dll
0x00007ffc8cff0000 - 0x00007ffc8d045000 	C:\WINDOWS\System32\shlwapi.dll
0x00007ffc8a670000 - 0x00007ffc8a694000 	C:\WINDOWS\SYSTEM32\profapi.dll
0x00007ffc35cf0000 - 0x00007ffc35dc7000 	C:\Program Files\Java\jdk-21\bin\jsvml.dll
0x00000000624c0000 - 0x00000000624d7000 	C:\Users\14858\Desktop\Cwork\genealogy-homework\C_functions.dll
0x00007ffc34340000 - 0x00007ffc344cf000 	C:\Program Files\Java\jdk-21\bin\awt.dll
0x00007ffc851e0000 - 0x00007ffc85270000 	C:\WINDOWS\SYSTEM32\apphelp.dll
0x00007ffc85730000 - 0x00007ffc8575f000 	C:\WINDOWS\system32\DWMAPI.DLL
0x00007ffc853a0000 - 0x00007ffc8543e000 	C:\WINDOWS\system32\uxtheme.dll
0x00007ffc50900000 - 0x00007ffc50a25000 	C:\WINDOWS\system32\opengl32.dll
0x00007ffc508d0000 - 0x00007ffc508fc000 	C:\WINDOWS\SYSTEM32\GLU32.dll
0x00007ffc8b890000 - 0x00007ffc8b9a4000 	C:\WINDOWS\System32\MSCTF.dll
0x00007ffc8bf80000 - 0x00007ffc8c0ab000 	C:\WINDOWS\System32\ole32.dll
0x00007ffc35c60000 - 0x00007ffc35ce7000 	C:\Program Files\Java\jdk-21\bin\freetype.dll
0x00007ffc35970000 - 0x00007ffc35a43000 	C:\Program Files\Java\jdk-21\bin\fontmanager.dll
0x00007ffc7a9b0000 - 0x00007ffc7aaa9000 	C:\WINDOWS\SYSTEM32\textinputframework.dll
0x00007ffc84e90000 - 0x00007ffc84f82000 	C:\WINDOWS\System32\CoreMessaging.dll
0x00007ffc84b30000 - 0x00007ffc84e8b000 	C:\WINDOWS\System32\CoreUIComponents.dll
0x00007ffc89870000 - 0x00007ffc898a3000 	C:\WINDOWS\SYSTEM32\ntmarta.dll
0x00007ffc839c0000 - 0x00007ffc83b17000 	C:\WINDOWS\SYSTEM32\wintypes.dll
0x00007ffc73350000 - 0x00007ffc73360000 	C:\Program Files\Java\jdk-21\bin\net.dll
0x00007ffc83410000 - 0x00007ffc8351a000 	C:\WINDOWS\SYSTEM32\WINHTTP.dll
0x00007ffc89ec0000 - 0x00007ffc89f2a000 	C:\WINDOWS\system32\mswsock.dll
0x00007ffc730d0000 - 0x00007ffc730e6000 	C:\Program Files\Java\jdk-21\bin\nio.dll

dbghelp: loaded successfully - version: 4.0.5 - missing functions: none
symbol engine: initialized successfully - sym options: 0x614 - pdb path: .;C:\Program Files\Java\jdk-21\bin;C:\WINDOWS\SYSTEM32;C:\WINDOWS\WinSxS\amd64_microsoft.windows.common-controls_6595b64144ccf1df_6.0.19041.4355_none_60b8b9eb71f62e16;C:\Program Files\Java\jdk-21\bin\server;C:\Users\14858\Desktop\Cwork\genealogy-homework

VM Arguments:
java_command: JavaGUI
java_class_path (initial): .
Launcher Type: SUN_STANDARD

[Global flags]
     intx CICompilerCount                          = 4                                         {product} {ergonomic}
     uint ConcGCThreads                            = 3                                         {product} {ergonomic}
     uint G1ConcRefinementThreads                  = 10                                        {product} {ergonomic}
   size_t G1HeapRegionSize                         = 2097152                                   {product} {ergonomic}
    uintx GCDrainStackTargetSize                   = 64                                        {product} {ergonomic}
   size_t InitialHeapSize                          = 264241152                                 {product} {ergonomic}
   size_t MarkStackSize                            = 4194304                                   {product} {ergonomic}
   size_t MaxHeapSize                              = 4227858432                                {product} {ergonomic}
   size_t MaxNewSize                               = 2535456768                                {product} {ergonomic}
   size_t MinHeapDeltaBytes                        = 2097152                                   {product} {ergonomic}
   size_t MinHeapSize                              = 8388608                                   {product} {ergonomic}
    uintx NonNMethodCodeHeapSize                   = 5839372                                {pd product} {ergonomic}
    uintx NonProfiledCodeHeapSize                  = 122909434                              {pd product} {ergonomic}
    uintx ProfiledCodeHeapSize                     = 122909434                              {pd product} {ergonomic}
    uintx ReservedCodeCacheSize                    = 251658240                              {pd product} {ergonomic}
     bool SegmentedCodeCache                       = true                                      {product} {ergonomic}
   size_t SoftMaxHeapSize                          = 4227858432                             {manageable} {ergonomic}
     bool UseCompressedOops                        = true                           {product lp64_product} {ergonomic}
     bool UseG1GC                                  = true                                      {product} {ergonomic}
     bool UseLargePagesIndividualAllocation        = false                                  {pd product} {ergonomic}

Logging:
Log output configuration:
 #0: stdout all=warning uptime,level,tags foldmultilines=false
 #1: stderr all=off uptime,level,tags foldmultilines=false

Environment Variables:
JAVA_HOME=C:\Program Files\Java\jdk-21
PATH=C:\Program Files\Common Files\Oracle\Java\javapath;C:\Program Files (x86)\Common Files\Oracle\Java\java8path;C:\Program Files (x86)\Common Files\Oracle\Java\javapath;C:\Program Files (x86)\VMware\VMware Workstation\bin\;C:\Windows\system32;C:\Windows;C:\Windows\System32\Wbem;C:\Windows\System32\WindowsPowerShell\v1.0\;C:\Windows\System32\OpenSSH\;C:\Program Files\WireGuard\;C:\Program Files\mingw64\bin\;C:\Program Files\NVIDIA Corporation\NVIDIA NvDLISR;C:\WINDOWS\system32;C:\WINDOWS;C:\WINDOWS\System32\Wbem;C:\WINDOWS\System32\WindowsPowerShell\v1.0\;C:\WINDOWS\System32\OpenSSH\;C:\Program Files\Git\cmd;C:\Program Files (x86)\NVIDIA Corporation\PhysX\Common;C:\Program Files\dotnet\;C:\Program Files (x86)\GTK2-Runtime\bin;C:\Program Files (x86)\Windows Kits\10\Windows Performance Toolkit\;C:\Program Files (x86)\Microsoft SQL Server\100\Tools\Binn\;C:\Program Files (x86)\Microsoft SQL Server\100\DTS\Binn\;C:\Program Files (x86)\Microsoft SQL Server\100\Tools\Binn\VSShell\Common7\IDE\;C:\Program Files\Docker\Docker\resources\bin;C:\Program Files\Cloudflare\Cloudflare WARP\;C:\Program Files (x86)\NetSarang\Xftp 7\;C:\Program Files (x86)\NetSarang\Xshell 7\;C:\Users\14858\anaconda3;C:\Users\14858\anaconda3\Library\mingw-w64\bin;C:\Users\14858\anaconda3\Library\usr\bin;C:\Users\14858\anaconda3\Library\bin;C:\Users\14858\anaconda3\Scripts;C:\Users\14858\AppData\Local\Programs\Python\Python311\Scripts\;C:\Users\14858\AppData\Local\Programs\Python\Python311\;C:\Users\14858\AppData\Local\Microsoft\WindowsApps;C:\Users\14858\AppData\Local\Programs\Microsoft VS Code\bin;C:\Program Files\JetBrains\PyCharm 2023.2.1\bin;C:\Program Files\mingw64\bin;C:\php-8.2.12-Win32-vs16-x64;C:\Users\14858\AppData\Local\GitHubDesktop\bin;C:\Program Files\CMake\bin;C:\Program Files\JetBrains\PyCharm Community Edition 2023.3.4\bin;;C:\Users\14858\AppData\Local\Programs\MiKTeX\miktex\bin\x64\
USERNAME=y~
LANG=zh_CN.UTF-8
OS=Windows_NT
PROCESSOR_IDENTIFIER=Intel64 Family 6 Model 141 Stepping 1, GenuineIntel
TMP=C:\Users\14858\AppData\Local\Temp
TEMP=C:\Users\14858\AppData\Local\Temp




Periodic native trim disabled

---------------  S Y S T E M  ---------------

OS:
 Windows 10 , 64 bit Build 19041 (10.0.19041.3636)
OS uptime: 0 days 13:37 hours
Hyper-V role detected

CPU: total 12 (initial active 12) (6 cores per cpu, 2 threads per core) family 6 model 141 stepping 1 microcode 0x34, cx8, cmov, fxsr, ht, mmx, 3dnowpref, sse, sse2, sse3, ssse3, sse4.1, sse4.2, popcnt, lzcnt, tsc, tscinvbit, avx, avx2, aes, erms, clmul, bmi1, bmi2, adx, avx512f, avx512dq, avx512cd, avx512bw, avx512vl, sha, fma, vzeroupper, avx512_vpopcntdq, avx512_vpclmulqdq, avx512_vaes, avx512_vnni, clflush, clflushopt, clwb, avx512_vbmi2, avx512_vbmi, hv, rdtscp, rdpid, fsrm, gfni, avx512_bitalg, f16c, cet_ibt, cet_ss, avx512_ifma
Processor Information for all 12 processors :
  Max Mhz: 2688, Current Mhz: 2688, Mhz Limit: 2688

Memory: 4k page, system-wide physical 16121M (6537M free)
TotalPageFile size 21241M (AvailPageFile size 5521M)
current process WorkingSet (physical memory assigned to process): 105M, peak: 107M
current process commit charge ("private bytes"): 377M, peak: 379M

vm_info: Java HotSpot(TM) 64-Bit Server VM (21.0.1+12-LTS-29) for windows-amd64 JRE (21.0.1+12-LTS-29), built on 2023-10-05T13:27:09Z by "mach5one" with MS VC++ 17.1 (VS2022)

END.
