#
# A fatal error has been detected by the Java Runtime Environment:
#
#  EXCEPTION_ACCESS_VIOLATION (0xc0000005) at pc=0x00000000624c2948, pid=7336, tid=1944
#
# JRE version: Java(TM) SE Runtime Environment (21.0.1+12) (build 21.0.1+12-LTS-29)
# Java VM: Java HotSpot(TM) 64-Bit Server VM (21.0.1+12-LTS-29, mixed mode, sharing, tiered, compressed oops, compressed class ptrs, g1 gc, windows-amd64)
# Problematic frame:
# C  [C_functions.dll+0x2948]
#
# No core dump will be written. Minidumps are not enabled by default on client versions of Windows
#
# If you would like to submit a bug report, please visit:
#   https://bugreport.java.com/bugreport/crash.jsp
# The crash happened outside the Java Virtual Machine in native code.
# See problematic frame for where to report the bug.
#

---------------  S U M M A R Y ------------

Command Line: JavaGUI

Host: 11th Gen Intel(R) Core(TM) i5-11400H @ 2.70GHz, 12 cores, 15G,  Windows 10 , 64 bit Build 19041 (10.0.19041.3636)
Time: Sat Jun  8 22:21:46 2024  Windows 10 , 64 bit Build 19041 (10.0.19041.3636) elapsed time: 2.691336 seconds (0d 0h 0m 2s)

---------------  T H R E A D  ---------------

Current thread (0x000001bfe7389bd0):  JavaThread "AWT-EventQueue-0"        [_thread_in_native, id=1944, stack(0x0000000101b00000,0x0000000101c00000) (1024K)]

Stack: [0x0000000101b00000,0x0000000101c00000],  sp=0x0000000101bfde60,  free space=1015k
Native frames: (J=compiled Java code, j=interpreted, Vv=VM code, C=native code)
C  [C_functions.dll+0x2948]

Java frames: (J=compiled Java code, j=interpreted, Vv=VM code)
j  JavaGUI.remindBirth(JJ)Ljava/lang/String;+0
j  MyActionListener.actionPerformed(Ljava/awt/event/ActionEvent;)V+715
j  javax.swing.AbstractButton.fireActionPerformed(Ljava/awt/event/ActionEvent;)V+84 java.desktop@21.0.1
j  javax.swing.AbstractButton$Handler.actionPerformed(Ljava/awt/event/ActionEvent;)V+5 java.desktop@21.0.1
j  javax.swing.DefaultButtonModel.fireActionPerformed(Ljava/awt/event/ActionEvent;)V+34 java.desktop@21.0.1
j  javax.swing.DefaultButtonModel.setPressed(Z)V+117 java.desktop@21.0.1
j  javax.swing.plaf.basic.BasicButtonListener.mouseReleased(Ljava/awt/event/MouseEvent;)V+35 java.desktop@21.0.1
j  java.awt.Component.processMouseEvent(Ljava/awt/event/MouseEvent;)V+64 java.desktop@21.0.1
j  javax.swing.JComponent.processMouseEvent(Ljava/awt/event/MouseEvent;)V+23 java.desktop@21.0.1
j  java.awt.Component.processEvent(Ljava/awt/AWTEvent;)V+81 java.desktop@21.0.1
j  java.awt.Container.processEvent(Ljava/awt/AWTEvent;)V+18 java.desktop@21.0.1
j  java.awt.Component.dispatchEventImpl(Ljava/awt/AWTEvent;)V+504 java.desktop@21.0.1
j  java.awt.Container.dispatchEventImpl(Ljava/awt/AWTEvent;)V+42 java.desktop@21.0.1
j  java.awt.Component.dispatchEvent(Ljava/awt/AWTEvent;)V+2 java.desktop@21.0.1
j  java.awt.LightweightDispatcher.retargetMouseEvent(Ljava/awt/Component;ILjava/awt/event/MouseEvent;)V+349 java.desktop@21.0.1
j  java.awt.LightweightDispatcher.processMouseEvent(Ljava/awt/event/MouseEvent;)Z+155 java.desktop@21.0.1
j  java.awt.LightweightDispatcher.dispatchEvent(Ljava/awt/AWTEvent;)Z+50 java.desktop@21.0.1
j  java.awt.Container.dispatchEventImpl(Ljava/awt/AWTEvent;)V+12 java.desktop@21.0.1
j  java.awt.Window.dispatchEventImpl(Ljava/awt/AWTEvent;)V+19 java.desktop@21.0.1
j  java.awt.Component.dispatchEvent(Ljava/awt/AWTEvent;)V+2 java.desktop@21.0.1
j  java.awt.EventQueue.dispatchEventImpl(Ljava/awt/AWTEvent;Ljava/lang/Object;)V+41 java.desktop@21.0.1
j  java.awt.EventQueue$4.run()Ljava/lang/Void;+32 java.desktop@21.0.1
j  java.awt.EventQueue$4.run()Ljava/lang/Object;+1 java.desktop@21.0.1
J 1175 c1 java.security.ProtectionDomain$JavaSecurityAccessImpl.doIntersectionPrivilege(Ljava/security/PrivilegedAction;Ljava/security/AccessControlContext;Ljava/security/AccessControlContext;)Ljava/lang/Object; java.base@21.0.1 (22 bytes) @ 0x000001bf8af7447c [0x000001bf8af741c0+0x00000000000002bc]
j  java.security.ProtectionDomain$JavaSecurityAccessImpl.doIntersectionPrivilege(Ljava/security/PrivilegedAction;Ljava/security/AccessControlContext;)Ljava/lang/Object;+6 java.base@21.0.1
j  java.awt.EventQueue$5.run()Ljava/lang/Void;+11 java.desktop@21.0.1
j  java.awt.EventQueue$5.run()Ljava/lang/Object;+1 java.desktop@21.0.1
J 1175 c1 java.security.ProtectionDomain$JavaSecurityAccessImpl.doIntersectionPrivilege(Ljava/security/PrivilegedAction;Ljava/security/AccessControlContext;Ljava/security/AccessControlContext;)Ljava/lang/Object; java.base@21.0.1 (22 bytes) @ 0x000001bf8af7447c [0x000001bf8af741c0+0x00000000000002bc]
j  java.awt.EventQueue.dispatchEvent(Ljava/awt/AWTEvent;)V+73 java.desktop@21.0.1
j  java.awt.EventDispatchThread.pumpOneEventForFilters(I)V+81 java.desktop@21.0.1
j  java.awt.EventDispatchThread.pumpEventsForFilter(ILjava/awt/Conditional;Ljava/awt/EventFilter;)V+35 java.desktop@21.0.1
j  java.awt.EventDispatchThread.pumpEventsForHierarchy(ILjava/awt/Conditional;Ljava/awt/Component;)V+11 java.desktop@21.0.1
j  java.awt.EventDispatchThread.pumpEvents(ILjava/awt/Conditional;)V+4 java.desktop@21.0.1
j  java.awt.EventDispatchThread.pumpEvents(Ljava/awt/Conditional;)V+3 java.desktop@21.0.1
j  java.awt.EventDispatchThread.run()V+9 java.desktop@21.0.1
v  ~StubRoutines::call_stub 0x000001bf922d10e7

siginfo: EXCEPTION_ACCESS_VIOLATION (0xc0000005), reading address 0x0000000000000008


Registers:
RAX=0x0000000000000000, RBX=0x00007ffc2ef7c070, RCX=0x000001bf8096c6e0, RDX=0x0000000000000001
RSP=0x0000000101bfde60, RBP=0x0000000101bfdee0, RSI=0x0000000712b07718, RDI=0x000001bfe364f118
R8 =0x0000000101bfdee8, R9 =0x000001bf86be0a70, R10=0x000001bfe90a9800, R11=0x000001bf80960150
R12=0x0000000000000000, R13=0x000001bfe34008b0, R14=0x0000000101bfe018, R15=0x000001bfe7389bd0
RIP=0x00000000624c2948, EFLAGS=0x0000000000010202


Register to memory mapping:

RAX=0x0 is null
RBX=0x00007ffc2ef7c070 jvm.dll
RCX=0x000001bf8096c6e0 points into unknown readable memory: 0x0000277500000001 | 01 00 00 00 75 27 00 00
RDX=0x0000000000000001 is an unknown value
RSP=0x0000000101bfde60 is pointing into the stack for thread: 0x000001bfe7389bd0
RBP=0x0000000101bfdee0 is pointing into the stack for thread: 0x000001bfe7389bd0
RSI=0x0000000712b07718 is an oop: java.security.AccessControlContext 
{0x0000000712b07718} - klass: 'java/security/AccessControlContext'
 - ---- fields (total size 5 words):
 - private 'isPrivileged' 'Z' @12  true (0x01)
 - private 'isAuthorized' 'Z' @13  false (0x00)
 - private 'isWrapped' 'Z' @14  false (0x00)
 - private 'isLimited' 'Z' @15  false (0x00)
 - private 'context' '[Ljava/security/ProtectionDomain;' @16  a 'java/security/ProtectionDomain'[1] {0x0000000713949490} (0xe2729292)
 - private 'privilegedContext' 'Ljava/security/AccessControlContext;' @20  a 'java/security/AccessControlContext'{0x0000000712b076f0} (0xe2560ede)
 - private 'combiner' 'Ljava/security/DomainCombiner;' @24  null (0x00000000)
 - private 'permissions' '[Ljava/security/Permission;' @28  null (0x00000000)
 - private 'parent' 'Ljava/security/AccessControlContext;' @32  null (0x00000000)
 - private 'limitedContext' '[Ljava/security/ProtectionDomain;' @36  null (0x00000000)
RDI=0x000001bfe364f118 is pointing into metadata
R8 =0x0000000101bfdee8 is pointing into the stack for thread: 0x000001bfe7389bd0
R9 =0x000001bf86be0a70 points into unknown readable memory: 0xb76d12594e00bb0d | 0d bb 00 4e 59 12 6d b7
R10=0x000001bfe90a9800 points into unknown readable memory: 0x000001bfe90a9c90 | 90 9c 0a e9 bf 01 00 00
R11=0x000001bf80960150 points into unknown readable memory: 0x000001bfe90a9800 | 00 98 0a e9 bf 01 00 00
R12=0x0 is null
R13={method} {0x000001bfe34008b8} 'remindBirth' '(JJ)Ljava/lang/String;' in 'JavaGUI'
R14=0x0000000101bfe018 is pointing into the stack for thread: 0x000001bfe7389bd0
R15=0x000001bfe7389bd0 is a thread

Top of Stack: (sp=0x0000000101bfde60)
0x0000000101bfde60:   000001bfe34008b0 000001bfe7380000
0x0000000101bfde70:   0000000000000000 00007ffc8b84a414
0x0000000101bfde80:   0000000000000000 0000000712b07718
0x0000000101bfde90:   000001bfe7389bd0 0000000101bfe018
0x0000000101bfdea0:   0000000000000000 00007ffc2ef7c070
0x0000000101bfdeb0:   0000000101bfdef0 00000000624c2bb9
0x0000000101bfdec0:   000001bf8096c6e0 0000000000000000
0x0000000101bfded0:   0000000101bfdee8 0000000000001778
0x0000000101bfdee0:   000001bfe7389bd0 000001bfe90a7a70
0x0000000101bfdef0:   0000000101bfdf80 00000000624c3d50
0x0000000101bfdf00:   000001bf8096c6e0 0000000000000000
0x0000000101bfdf10:   000001bfe34008b0 000001bfe34008b0
0x0000000101bfdf20:   000001bfe7389bd0 000001bfe34008b0
0x0000000101bfdf30:   0000000101bfdfd8 000001bf922dcf0b
0x0000000101bfdf40:   000001bfe7389f88 0000000101bfe018
0x0000000101bfdf50:   000001bf8096c6e0 0000000000000000
0x0000000101bfdf60:   000001bfe34008b0 0000000712b07718
0x0000000101bfdf70:   000001bfe738bdb8 00000000000000d8
0x0000000101bfdf80:   0000000101bff390 000001bf922dcb9f
0x0000000101bfdf90:   0000000101bfdf90 000001bfe34008b0
0x0000000101bfdfa0:   0000000000000008 000001bfe3400f18
0x0000000101bfdfb0:   0000000000000000 000000071380da50
0x0000000101bfdfc0:   000001bfe34008b0 0000000000000000
0x0000000101bfdfd0:   0000000101bfdff8 0000000101bfe070
0x0000000101bfdfe0:   000001bf922d89b8 0000000000000000
0x0000000101bfdff0:   000001bf922da39a 0000000000000000
0x0000000101bfe000:   0000000000000000 000001bf8096c6e0
0x0000000101bfe010:   0000000000000000 0000000712b07978
0x0000000101bfe020:   000000071351eee0 0000000101bfe028
0x0000000101bfe030:   000001bfe3428303 0000000000000016
0x0000000101bfe040:   000001bfe3426df8 0000000000000000
0x0000000101bfe050:   0000000713475178 000001bfe3429e30 

Instructions: (pc=0x00000000624c2948)
0x00000000624c2848:   bc 3b 45 b4 0f 8c 74 ff ff ff 48 8b 45 a0 48 8b
0x00000000624c2858:   00 48 8b 50 08 48 8b 45 a8 48 89 c1 e8 cf 28 00
0x00000000624c2868:   00 c7 45 bc 01 00 00 00 eb 59 48 8b 45 a8 48 c7
0x00000000624c2878:   c1 ff ff ff ff 48 89 c2 b8 00 00 00 00 48 89 d7
0x00000000624c2888:   f2 ae 48 89 c8 48 f7 d0 48 8d 50 ff 48 8b 45 a8
0x00000000624c2898:   48 01 d0 66 c7 00 20 00 8b 45 bc 48 98 48 8d 14
0x00000000624c28a8:   c5 00 00 00 00 48 8b 45 a0 48 01 d0 48 8b 00 48
0x00000000624c28b8:   8b 50 08 48 8b 45 a8 48 89 c1 e8 81 28 00 00 83
0x00000000624c28c8:   45 bc 01 8b 45 bc 3b 45 b4 7c 9f 48 8b 45 a8 48
0x00000000624c28d8:   83 c4 48 5f 5d c3 55 48 89 e5 48 89 4d 10 89 55
0x00000000624c28e8:   18 44 89 45 20 44 89 4d 28 48 8b 45 10 8b 55 18
0x00000000624c28f8:   89 10 48 8b 45 10 8b 55 20 89 50 04 48 8b 45 10
0x00000000624c2908:   8b 55 28 89 50 08 48 8b 45 10 5d c3 55 53 48 83
0x00000000624c2918:   ec 48 48 8d ac 24 80 00 00 00 48 89 4d e0 48 89
0x00000000624c2928:   55 e8 4c 89 45 f0 48 83 7d e0 00 0f 84 01 01 00
0x00000000624c2938:   00 48 8b 45 e0 48 8b 40 10 8b 50 08 48 8b 45 e8
0x00000000624c2948:   8b 40 08 39 c2 0f 85 af 00 00 00 48 8b 45 e0 48
0x00000000624c2958:   8b 40 10 8b 50 04 48 8b 45 e8 8b 40 04 39 c2 0f
0x00000000624c2968:   85 95 00 00 00 48 8b 45 e0 0f b6 40 28 84 c0 0f
0x00000000624c2978:   84 85 00 00 00 48 8b 45 f0 48 8b 00 48 89 c1 e8
0x00000000624c2988:   a4 27 00 00 48 89 c3 48 8b 45 e0 48 8b 40 08 48
0x00000000624c2998:   89 c1 e8 91 27 00 00 48 01 d8 48 83 c0 12 48 89
0x00000000624c29a8:   45 b8 48 8b 45 b8 48 89 c1 e8 ba 27 00 00 48 89
0x00000000624c29b8:   45 b0 48 8b 45 e0 48 8b 48 08 48 8b 45 f0 4c 8b
0x00000000624c29c8:   00 48 8b 55 b8 48 8b 45 b0 48 89 4c 24 20 4d 89
0x00000000624c29d8:   c1 4c 8d 05 d4 47 00 00 48 89 c1 e8 c8 e9 ff ff
0x00000000624c29e8:   48 8b 45 f0 48 8b 00 48 89 c1 e8 89 27 00 00 48
0x00000000624c29f8:   8b 45 f0 48 8b 55 b0 48 89 10 48 8b 45 e0 48 8b
0x00000000624c2a08:   40 40 48 8b 4d f0 48 8b 55 e8 49 89 c8 48 89 c1
0x00000000624c2a18:   e8 f7 fe ff ff 48 8b 45 e0 48 8b 40 48 48 8b 4d
0x00000000624c2a28:   f0 48 8b 55 e8 49 89 c8 48 89 c1 e8 dc fe ff ff
0x00000000624c2a38:   eb 01 90 48 83 c4 48 5b 5d c3 55 48 89 e5 48 83 


Stack slot to memory mapping:

stack at sp + 0 slots: {method} {0x000001bfe34008b8} 'remindBirth' '(JJ)Ljava/lang/String;' in 'JavaGUI'
stack at sp + 1 slots: 0x000001bfe7380000 points into unknown readable memory: 0x0000000000000000 | 00 00 00 00 00 00 00 00
stack at sp + 2 slots: 0x0 is null
stack at sp + 3 slots: 0x00007ffc8b84a414 msvcrt.dll
stack at sp + 4 slots: 0x0 is null
stack at sp + 5 slots: 0x0000000712b07718 is an oop: java.security.AccessControlContext 
{0x0000000712b07718} - klass: 'java/security/AccessControlContext'
 - ---- fields (total size 5 words):
 - private 'isPrivileged' 'Z' @12  true (0x01)
 - private 'isAuthorized' 'Z' @13  false (0x00)
 - private 'isWrapped' 'Z' @14  false (0x00)
 - private 'isLimited' 'Z' @15  false (0x00)
 - private 'context' '[Ljava/security/ProtectionDomain;' @16  a 'java/security/ProtectionDomain'[1] {0x0000000713949490} (0xe2729292)
 - private 'privilegedContext' 'Ljava/security/AccessControlContext;' @20  a 'java/security/AccessControlContext'{0x0000000712b076f0} (0xe2560ede)
 - private 'combiner' 'Ljava/security/DomainCombiner;' @24  null (0x00000000)
 - private 'permissions' '[Ljava/security/Permission;' @28  null (0x00000000)
 - private 'parent' 'Ljava/security/AccessControlContext;' @32  null (0x00000000)
 - private 'limitedContext' '[Ljava/security/ProtectionDomain;' @36  null (0x00000000)
stack at sp + 6 slots: 0x000001bfe7389bd0 is a thread
stack at sp + 7 slots: 0x0000000101bfe018 is pointing into the stack for thread: 0x000001bfe7389bd0


Compiled method (c1)    2703 1175       3       java.security.ProtectionDomain$JavaSecurityAccessImpl::doIntersectionPrivilege (22 bytes)
 total in heap  [0x000001bf8af73f90,0x000001bf8af74980] = 2544
 relocation     [0x000001bf8af740f0,0x000001bf8af741b0] = 192
 main code      [0x000001bf8af741c0,0x000001bf8af746d8] = 1304
 stub code      [0x000001bf8af746d8,0x000001bf8af74768] = 144
 metadata       [0x000001bf8af74768,0x000001bf8af74788] = 32
 scopes data    [0x000001bf8af74788,0x000001bf8af74868] = 224
 scopes pcs     [0x000001bf8af74868,0x000001bf8af74968] = 256
 dependencies   [0x000001bf8af74968,0x000001bf8af74970] = 8
 nul chk table  [0x000001bf8af74970,0x000001bf8af74980] = 16

[Constant Pool (empty)]

[MachCode]
[Entry Point]
  # {method} {0x000001bfa211c670} 'doIntersectionPrivilege' '(Ljava/security/PrivilegedAction;Ljava/security/AccessControlContext;Ljava/security/AccessControlContext;)Ljava/lang/Object;' in 'java/security/ProtectionDomain$JavaSecurityAccessImpl'
  # this:     rdx:rdx   = 'java/security/ProtectionDomain$JavaSecurityAccessImpl'
  # parm0:    r8:r8     = 'java/security/PrivilegedAction'
  # parm1:    r9:r9     = 'java/security/AccessControlContext'
  # parm2:    rdi:rdi   = 'java/security/AccessControlContext'
  #           [sp+0xa0]  (sp of caller)
  0x000001bf8af741c0: 448b 5208 | 49bb 0000 | 00a2 bf01 | 0000 4d03 | d34c 3bd0 

  0x000001bf8af741d4: ;   {runtime_call ic_miss_stub}
  0x000001bf8af741d4: 0f85 a6a7 | 3a07 660f | 1f44 0000 
[Verified Entry Point]
  0x000001bf8af741e0: 8984 2400 | 80ff ff55 | 4881 ec90 | 0000 0090 | 4181 7f20 | 0100 0000 

  0x000001bf8af741f8: ;   {runtime_call StubRoutines (final stubs)}
  0x000001bf8af741f8: 7405 e801 

  0x000001bf8af741fc: ;   {metadata(method data for {method} {0x000001bfa211c670} 'doIntersectionPrivilege' '(Ljava/security/PrivilegedAction;Ljava/security/AccessControlContext;Ljava/security/AccessControlContext;)Ljava/lang/Object;' in 'java/security/ProtectionDomain$JavaSecurityAccessImpl')}
  0x000001bf8af741fc: 2039 0748 | be18 c078 | e3bf 0100 | 008b 9ecc | 0000 0083 | c302 899e | cc00 0000 | 81e3 fe07 
  0x000001bf8af7421c: 0000 83fb | 000f 849a | 0300 0049 

  0x000001bf8af74228: ;   {metadata(method data for {method} {0x000001bfa211c670} 'doIntersectionPrivilege' '(Ljava/security/PrivilegedAction;Ljava/security/AccessControlContext;Ljava/security/AccessControlContext;)Ljava/lang/Object;' in 'java/security/ProtectionDomain$JavaSecurityAccessImpl')}
  0x000001bf8af74228: 83f8 0048 | ba18 c078 | e3bf 0100 | 0048 be20 | 0100 0000 | 0000 000f | 840a 0000 | 0048 be10 
  0x000001bf8af74248: 0100 0000 | 0000 0048 | 8b1c 3248 | 8d5b 0148 | 891c 320f | 84c2 0200 | 004c 8944 

  0x000001bf8af74264: ;   {metadata(method data for {method} {0x000001bfa211c670} 'doIntersectionPrivilege' '(Ljava/security/PrivilegedAction;Ljava/security/AccessControlContext;Ljava/security/AccessControlContext;)Ljava/lang/Object;' in 'java/security/ProtectionDomain$JavaSecurityAccessImpl')}
  0x000001bf8af74264: 2460 48ba | 18c0 78e3 | bf01 0000 | 4883 8240 | 0100 0001 | 488b d74d 

  0x000001bf8af7427c: ;   {static_call}
  0x000001bf8af7427c: 8bc1 90e8 

  0x000001bf8af74280: ; ImmutableOopMap {[96]=Oop }
                      ;*invokestatic getCombinedACC {reexecute=0 rethrow=0 return_oop=0}
                      ; - java.security.ProtectionDomain$JavaSecurityAccessImpl::doIntersectionPrivilege@15 (line 89)
  0x000001bf8af74280: dc08 0000 

  0x000001bf8af74284: ;   {other}
  0x000001bf8af74284: 0f1f 8400 | f402 0000 

  0x000001bf8af7428c: ;   {metadata(method data for {method} {0x000001bfa211c670} 'doIntersectionPrivilege' '(Ljava/security/PrivilegedAction;Ljava/security/AccessControlContext;Ljava/security/AccessControlContext;)Ljava/lang/Object;' in 'java/security/ProtectionDomain$JavaSecurityAccessImpl')}
  0x000001bf8af7428c: 48be 18c0 | 78e3 bf01 | 0000 4883 | 8650 0100 

  0x000001bf8af7429c: ;   {metadata(method data for {method} {0x000001bfa24783f8} 'doPrivileged' '(Ljava/security/PrivilegedAction;Ljava/security/AccessControlContext;)Ljava/lang/Object;' in 'java/security/AccessController')}
  0x000001bf8af7429c: 0001 48be | 90be 78e3 | bf01 0000 | 8bbe cc00 | 0000 83c7 | 0289 becc | 0000 0081 | e7fe ff1f 
  0x000001bf8af742bc: 0083 ff00 | 0f84 1c03 

  0x000001bf8af742c4: ;   {metadata(method data for {method} {0x000001bfa24783f8} 'doPrivileged' '(Ljava/security/PrivilegedAction;Ljava/security/AccessControlContext;)Ljava/lang/Object;' in 'java/security/AccessController')}
  0x000001bf8af742c4: 0000 48be | 90be 78e3 | bf01 0000 | 4883 8610 | 0100 0001 | 4889 4424 

  0x000001bf8af742dc: ;   {static_call}
  0x000001bf8af742dc: 6866 90e8 

  0x000001bf8af742e0: ; ImmutableOopMap {[96]=Oop [104]=Oop }
                      ;*invokestatic getCallerClass {reexecute=0 rethrow=0 return_oop=0}
                      ; - java.security.AccessController::doPrivileged@0 (line 398)
                      ; - java.security.ProtectionDomain$JavaSecurityAccessImpl::doIntersectionPrivilege@18 (line 87)
  0x000001bf8af742e0: 7c67 9207 

  0x000001bf8af742e4: ;   {other}
  0x000001bf8af742e4: 0f1f 8400 | 5403 0001 

  0x000001bf8af742ec: ;   {metadata(method data for {method} {0x000001bfa24783f8} 'doPrivileged' '(Ljava/security/PrivilegedAction;Ljava/security/AccessControlContext;)Ljava/lang/Object;' in 'java/security/AccessController')}
  0x000001bf8af742ec: 48ba 90be | 78e3 bf01 | 0000 4883 | 8220 0100 | 0001 488b | 5424 684c | 8bc0 4889 | 4424 700f 
  0x000001bf8af7430c: ;   {static_call}
  0x000001bf8af7430c: 1f40 00e8 

  0x000001bf8af74310: ; ImmutableOopMap {[96]=Oop [112]=Oop }
                      ;*invokestatic checkContext {reexecute=0 rethrow=0 return_oop=0}
                      ; - java.security.AccessController::doPrivileged@6 (line 399)
                      ; - java.security.ProtectionDomain$JavaSecurityAccessImpl::doIntersectionPrivilege@18 (line 87)
  0x000001bf8af74310: 2cf2 ffff 

  0x000001bf8af74314: ;   {other}
  0x000001bf8af74314: 0f1f 8400 | 8403 0002 | 4889 4424 

  0x000001bf8af74320: ;   {metadata(method data for {method} {0x000001bfa24783f8} 'doPrivileged' '(Ljava/security/PrivilegedAction;Ljava/security/AccessControlContext;)Ljava/lang/Object;' in 'java/security/AccessController')}
  0x000001bf8af74320: 7848 ba90 | be78 e3bf | 0100 0048 | 8382 3001 

  0x000001bf8af74330: ;   {metadata(method data for {method} {0x000001bfa2478680} 'executePrivileged' '(Ljava/security/PrivilegedAction;Ljava/security/AccessControlContext;Ljava/lang/Class;)Ljava/lang/Object;' in 'java/security/AccessController')}
  0x000001bf8af74330: 0000 0148 | ba40 c20d | e3bf 0100 | 008b b2cc | 0000 0083 | c602 89b2 | cc00 0000 | 81e6 feff 
  0x000001bf8af74350: 1f00 83fe | 000f 84a8 | 0200 0048 

  0x000001bf8af7435c: ;   {metadata(method data for {method} {0x000001bfa2478680} 'executePrivileged' '(Ljava/security/PrivilegedAction;Ljava/security/AccessControlContext;Ljava/lang/Class;)Ljava/lang/Object;' in 'java/security/AccessController')}
  0x000001bf8af7435c: 83f8 0048 | ba40 c20d | e3bf 0100 | 0048 be10 | 0100 0000 | 0000 000f | 840a 0000 | 0048 be20 
  0x000001bf8af7437c: 0100 0000 | 0000 0048 | 8b3c 3248 | 8d7f 0148 | 893c 320f | 8427 0000 

  0x000001bf8af74394: ;   {metadata(method data for {method} {0x000001bfa2478680} 'executePrivileged' '(Ljava/security/PrivilegedAction;Ljava/security/AccessControlContext;Ljava/lang/Class;)Ljava/lang/Object;' in 'java/security/AccessController')}
  0x000001bf8af74394: 0048 ba40 | c20d e3bf | 0100 0048 | 8382 3001 | 0000 0148 | 8bd0 0f1f 

  0x000001bf8af743ac: ;   {static_call}
  0x000001bf8af743ac: 4400 00e8 

  0x000001bf8af743b0: ; ImmutableOopMap {[96]=Oop [112]=Oop [120]=Oop }
                      ;*invokestatic ensureMaterializedForStackWalk {reexecute=0 rethrow=0 return_oop=0}
                      ; - java.security.AccessController::executePrivileged@5 (line 774)
                      ; - java.security.AccessController::doPrivileged@13 (line 400)
                      ; - java.security.ProtectionDomain$JavaSecurityAccessImpl::doIntersectionPrivilege@18 (line 87)
  0x000001bf8af743b0: ac27 9507 

  0x000001bf8af743b4: ;   {other}
  0x000001bf8af743b4: 0f1f 8400 | 2404 0003 

  0x000001bf8af743bc: ;   {metadata(method data for {method} {0x000001bfa2478680} 'executePrivileged' '(Ljava/security/PrivilegedAction;Ljava/security/AccessControlContext;Ljava/lang/Class;)Ljava/lang/Object;' in 'java/security/AccessController')}
  0x000001bf8af743bc: 48ba 40c2 | 0de3 bf01 | 0000 ff82 | 4001 0000 | 4c8b 4424 | 6049 3b00 

  0x000001bf8af743d4: ;   {metadata(method data for {method} {0x000001bfa2478680} 'executePrivileged' '(Ljava/security/PrivilegedAction;Ljava/security/AccessControlContext;Ljava/lang/Class;)Ljava/lang/Object;' in 'java/security/AccessController')}
  0x000001bf8af743d4: 498b d048 | be40 c20d | e3bf 0100 | 008b 5208 | 49ba 0000 | 00a2 bf01 | 0000 4903 | d248 3b96 
  0x000001bf8af743f4: b001 0000 | 750d 4883 | 86b8 0100 | 0001 e960 | 0000 0048 | 3b96 c001 | 0000 750d | 4883 86c8 
  0x000001bf8af74414: 0100 0001 | e94a 0000 | 0048 83be | b001 0000 | 0075 1748 | 8996 b001 | 0000 48c7 | 86b8 0100 
  0x000001bf8af74434: 0001 0000 | 00e9 2900 | 0000 4883 | bec0 0100 | 0000 7517 | 4889 96c0 | 0100 0048 | c786 c801 
  0x000001bf8af74454: 0000 0100 | 0000 e908 | 0000 0048 | 8386 a001 | 0000 0149 | 8bd0 6666 | 9048 b8ff | ffff ffff 
  0x000001bf8af74474: ;   {virtual_call}
  0x000001bf8af74474: ffff ffe8 

  0x000001bf8af74478: ; ImmutableOopMap {[112]=Oop [120]=Oop }
                      ;*invokeinterface run {reexecute=0 rethrow=0 return_oop=0}
                      ; - java.security.AccessController::executePrivileged@29 (line 778)
                      ; - java.security.AccessController::doPrivileged@13 (line 400)
                      ; - java.security.ProtectionDomain$JavaSecurityAccessImpl::doIntersectionPrivilege@18 (line 87)
  0x000001bf8af74478: 6472 3a07 

  0x000001bf8af7447c: ;   {other}
  0x000001bf8af7447c: 0f1f 8400 | ec04 0004 

  0x000001bf8af74484: ;   {metadata(method data for {method} {0x000001bfa2478680} 'executePrivileged' '(Ljava/security/PrivilegedAction;Ljava/security/AccessControlContext;Ljava/lang/Class;)Ljava/lang/Object;' in 'java/security/AccessController')}
  0x000001bf8af74484: 48ba 40c2 | 0de3 bf01 | 0000 ff82 | d801 0000 | 488b 5424 

  0x000001bf8af74498: ;   {metadata(method data for {method} {0x000001bfa2478680} 'executePrivileged' '(Ljava/security/PrivilegedAction;Ljava/security/AccessControlContext;Ljava/lang/Class;)Ljava/lang/Object;' in 'java/security/AccessController')}
  0x000001bf8af74498: 7048 be40 | c20d e3bf | 0100 0048 | 8386 3802 

  0x000001bf8af744a8: ;   {metadata(method data for {method} {0x000001bfa203d400} 'reachabilityFence' '(Ljava/lang/Object;)V' in 'java/lang/ref/Reference')}
  0x000001bf8af744a8: 0000 0148 | be78 5b0a | e3bf 0100 | 008b becc | 0000 0083 | c702 89be | cc00 0000 | 81e7 feff 
  0x000001bf8af744c8: 1f00 83ff | 000f 8456 

  0x000001bf8af744d0: ;   {metadata(method data for {method} {0x000001bfa2478680} 'executePrivileged' '(Ljava/security/PrivilegedAction;Ljava/security/AccessControlContext;Ljava/lang/Class;)Ljava/lang/Object;' in 'java/security/AccessController')}
  0x000001bf8af744d0: 0100 0048 | ba40 c20d | e3bf 0100 | 0048 8382 | 4802 0000 

  0x000001bf8af744e4: ;   {metadata(method data for {method} {0x000001bfa203d400} 'reachabilityFence' '(Ljava/lang/Object;)V' in 'java/lang/ref/Reference')}
  0x000001bf8af744e4: 0148 ba78 | 5b0a e3bf | 0100 008b | b2cc 0000 | 0083 c602 | 89b2 cc00 | 0000 81e6 | feff 1f00 
  0x000001bf8af74504: 83fe 000f | 843d 0100 | 0048 81c4 | 9000 0000 

  0x000001bf8af74514: ;   {poll_return}
  0x000001bf8af74514: 5d49 3ba7 | 5004 0000 | 0f87 4901 | 0000 c30f | 1f44 0000 

  0x000001bf8af74528: ;   {no_reloc}
  0x000001bf8af74528: e963 0100 | 0000 0000 | 0000 498b | 87b8 0100 | 0048 8d78 | 3049 3bbf | c801 0000 | 0f87 5001 
  0x000001bf8af74548: 0000 4989 | bfb8 0100 | 0048 c700 | 0100 0000 | 488b ca49 | ba00 0000 | a2bf 0100 | 0049 2bca 
  0x000001bf8af74568: 8948 0848 | 33c9 8948 | 0c48 33c9 | 4889 4810 | 4889 4818 | 4889 4820 | 4889 4828 

  0x000001bf8af74584: ;   {metadata(method data for {method} {0x000001bfa211c670} 'doIntersectionPrivilege' '(Ljava/security/PrivilegedAction;Ljava/security/AccessControlContext;Ljava/security/AccessControlContext;)Ljava/lang/Object;' in 'java/security/ProtectionDomain$JavaSecurityAccessImpl')}
  0x000001bf8af74584: 488b d048 | be18 c078 | e3bf 0100 | 0048 8386 | 3001 0000 | 0148 8bd0 | 4889 8424 | 8000 0000 
  0x000001bf8af745a4: ;   {optimized virtual_call}
  0x000001bf8af745a4: 6666 90e8 

  0x000001bf8af745a8: ; ImmutableOopMap {[128]=Oop }
                      ;*invokespecial <init> {reexecute=0 rethrow=0 return_oop=0}
                      ; - java.security.ProtectionDomain$JavaSecurityAccessImpl::doIntersectionPrivilege@8 (line 84)
  0x000001bf8af745a8: d4a8 3a07 

  0x000001bf8af745ac: ;   {other}
  0x000001bf8af745ac: 0f1f 8400 | 1c06 0005 | 488b 8424 | 8000 0000 | e903 0100 

  0x000001bf8af745c0: ;   {metadata({method} {0x000001bfa211c670} 'doIntersectionPrivilege' '(Ljava/security/PrivilegedAction;Ljava/security/AccessControlContext;Ljava/security/AccessControlContext;)Ljava/lang/Object;' in 'java/security/ProtectionDomain$JavaSecurityAccessImpl')}
  0x000001bf8af745c0: 0049 ba68 | c611 a2bf | 0100 004c | 8954 2408 | 48c7 0424 | ffff ffff 

  0x000001bf8af745d8: ;   {runtime_call counter_overflow Runtime1 stub}
  0x000001bf8af745d8: e8a3 a148 

  0x000001bf8af745dc: ; ImmutableOopMap {rdx=Oop r8=Oop r9=Oop rdi=Oop }
                      ;*synchronization entry
                      ; - java.security.ProtectionDomain$JavaSecurityAccessImpl::doIntersectionPrivilege@-1 (line 83)
  0x000001bf8af745dc: 07e9 45fc 

  0x000001bf8af745e0: ;   {metadata({method} {0x000001bfa24783f8} 'doPrivileged' '(Ljava/security/PrivilegedAction;Ljava/security/AccessControlContext;)Ljava/lang/Object;' in 'java/security/AccessController')}
  0x000001bf8af745e0: ffff 49ba | f083 47a2 | bf01 0000 | 4c89 5424 | 0848 c704 | 24ff ffff 

  0x000001bf8af745f8: ;   {runtime_call counter_overflow Runtime1 stub}
  0x000001bf8af745f8: ffe8 82a1 

  0x000001bf8af745fc: ; ImmutableOopMap {rax=Oop [96]=Oop }
                      ;*synchronization entry
                      ; - java.security.AccessController::doPrivileged@-1 (line 398)
                      ; - java.security.ProtectionDomain$JavaSecurityAccessImpl::doIntersectionPrivilege@18 (line 87)
  0x000001bf8af745fc: 4807 e9c3 

  0x000001bf8af74600: ;   {metadata({method} {0x000001bfa2478680} 'executePrivileged' '(Ljava/security/PrivilegedAction;Ljava/security/AccessControlContext;Ljava/lang/Class;)Ljava/lang/Object;' in 'java/security/AccessController')}
  0x000001bf8af74600: fcff ff49 | ba78 8647 | a2bf 0100 | 004c 8954 | 2408 48c7 | 0424 ffff 

  0x000001bf8af74618: ;   {runtime_call counter_overflow Runtime1 stub}
  0x000001bf8af74618: ffff e861 

  0x000001bf8af7461c: ; ImmutableOopMap {rax=Oop [96]=Oop [112]=Oop [120]=Oop }
                      ;*synchronization entry
                      ; - java.security.AccessController::executePrivileged@-1 (line 773)
                      ; - java.security.AccessController::doPrivileged@13 (line 400)
                      ; - java.security.ProtectionDomain$JavaSecurityAccessImpl::doIntersectionPrivilege@18 (line 87)
  0x000001bf8af7461c: a148 07e9 | 37fd ffff 

  0x000001bf8af74624: ;   {runtime_call throw_null_pointer_exception Runtime1 stub}
  0x000001bf8af74624: e8f7 2548 

  0x000001bf8af74628: ; ImmutableOopMap {r8=Oop [112]=Oop [120]=Oop }
                      ;*invokeinterface run {reexecute=0 rethrow=0 return_oop=0}
                      ; - java.security.AccessController::executePrivileged@29 (line 778)
                      ; - java.security.AccessController::doPrivileged@13 (line 400)
                      ; - java.security.ProtectionDomain$JavaSecurityAccessImpl::doIntersectionPrivilege@18 (line 87)
                      ;   {metadata({method} {0x000001bfa203d400} 'reachabilityFence' '(Ljava/lang/Object;)V' in 'java/lang/ref/Reference')}
  0x000001bf8af74628: 0749 baf8 | d303 a2bf | 0100 004c | 8954 2408 | 48c7 0424 | ffff ffff 

  0x000001bf8af74640: ;   {runtime_call counter_overflow Runtime1 stub}
  0x000001bf8af74640: e83b a148 

  0x000001bf8af74644: ; ImmutableOopMap {rax=Oop rdx=Oop }
                      ;*synchronization entry
                      ; - java.lang.ref.Reference::reachabilityFence@-1 (line 628)
                      ; - java.security.AccessController::executePrivileged@56 (line 783)
                      ; - java.security.AccessController::doPrivileged@13 (line 400)
                      ; - java.security.ProtectionDomain$JavaSecurityAccessImpl::doIntersectionPrivilege@18 (line 87)
  0x000001bf8af74644: 07e9 89fe 

  0x000001bf8af74648: ;   {metadata({method} {0x000001bfa203d400} 'reachabilityFence' '(Ljava/lang/Object;)V' in 'java/lang/ref/Reference')}
  0x000001bf8af74648: ffff 49ba | f8d3 03a2 | bf01 0000 | 4c89 5424 | 0848 c704 | 24ff ffff 

  0x000001bf8af74660: ;   {runtime_call counter_overflow Runtime1 stub}
  0x000001bf8af74660: ffe8 1aa1 

  0x000001bf8af74664: ; ImmutableOopMap {rax=Oop }
                      ;*synchronization entry
                      ; - java.lang.ref.Reference::reachabilityFence@-1 (line 628)
                      ; - java.security.AccessController::executePrivileged@60 (line 784)
                      ; - java.security.AccessController::doPrivileged@13 (line 400)
                      ; - java.security.ProtectionDomain$JavaSecurityAccessImpl::doIntersectionPrivilege@18 (line 87)
  0x000001bf8af74664: 4807 e9a2 

  0x000001bf8af74668: ;   {internal_word}
  0x000001bf8af74668: feff ff49 | ba15 45f7 | 8abf 0100 | 004d 8997 | 6804 0000 

  0x000001bf8af7467c: ;   {runtime_call SafepointBlob}
  0x000001bf8af7467c: e9ff 243b 

  0x000001bf8af74680: ;   {metadata(nullptr)}
  0x000001bf8af74680: 0748 ba00 | 0000 0000 | 0000 00b8 | 000f 050a 

  0x000001bf8af74690: ;   {runtime_call load_klass_patching Runtime1 stub}
  0x000001bf8af74690: e8eb 8348 

  0x000001bf8af74694: ; ImmutableOopMap {}
                      ;*new {reexecute=1 rethrow=0 return_oop=0}
                      ; - (reexecute) java.security.ProtectionDomain$JavaSecurityAccessImpl::doIntersectionPrivilege@4 (line 84)
  0x000001bf8af74694: 07e9 8efe | ffff 488b 

  0x000001bf8af7469c: ;   {runtime_call fast_new_instance Runtime1 stub}
  0x000001bf8af7469c: d2e8 5e36 

  0x000001bf8af746a0: ; ImmutableOopMap {}
                      ;*new {reexecute=0 rethrow=0 return_oop=0}
                      ; - java.security.ProtectionDomain$JavaSecurityAccessImpl::doIntersectionPrivilege@4 (line 84)
  0x000001bf8af746a0: 4807 e9dd | feff ff49 | 8b87 0005 | 0000 49c7 | 8700 0500 | 0000 0000 | 0049 c787 | 0805 0000 
  0x000001bf8af746c0: 0000 0000 | 4881 c490 | 0000 005d 

  0x000001bf8af746cc: ;   {runtime_call unwind_exception Runtime1 stub}
  0x000001bf8af746cc: e92f fe47 | 07f4 f4f4 | f4f4 f4f4 
[Stub Code]
  0x000001bf8af746d8: ;   {no_reloc}
  0x000001bf8af746d8: 0f1f 4400 

  0x000001bf8af746dc: ;   {static_stub}
  0x000001bf8af746dc: 0048 bb00 | 0000 0000 

  0x000001bf8af746e4: ;   {runtime_call}
  0x000001bf8af746e4: 0000 00e9 | fbff ffff 

  0x000001bf8af746ec: ;   {static_stub}
  0x000001bf8af746ec: 48bb 0000 | 0000 0000 

  0x000001bf8af746f4: ;   {runtime_call}
  0x000001bf8af746f4: 0000 e9fb 

  0x000001bf8af746f8: ;   {static_stub}
  0x000001bf8af746f8: ffff ff48 | bb00 0000 | 0000 0000 

  0x000001bf8af74704: ;   {runtime_call}
  0x000001bf8af74704: 00e9 fbff 

  0x000001bf8af74708: ;   {static_stub}
  0x000001bf8af74708: ffff 48bb | 0000 0000 | 0000 0000 

  0x000001bf8af74714: ;   {runtime_call}
  0x000001bf8af74714: e9fb ffff 

  0x000001bf8af74718: ;   {static_stub}
  0x000001bf8af74718: ff48 bb00 | 0000 0000 

  0x000001bf8af74720: ;   {runtime_call}
  0x000001bf8af74720: 0000 00e9 | fbff ffff 

  0x000001bf8af74728: ;   {static_stub}
  0x000001bf8af74728: 48bb 0000 | 0000 0000 

  0x000001bf8af74730: ;   {runtime_call}
  0x000001bf8af74730: 0000 e9fb 

  0x000001bf8af74734: ;   {runtime_call handle_exception_from_callee Runtime1 stub}
  0x000001bf8af74734: ffff ffe8 | c450 4807 

  0x000001bf8af7473c: ;   {external_word}
  0x000001bf8af7473c: 48b9 0028 | 4e2f fc7f | 0000 4883 

  0x000001bf8af74748: ;   {runtime_call}
  0x000001bf8af74748: e4f0 48b8 | e00f 162f | fc7f 0000 

  0x000001bf8af74754: ;   {section_word}
  0x000001bf8af74754: ffd0 f449 | ba57 47f7 | 8abf 0100 

  0x000001bf8af74760: ;   {runtime_call DeoptimizationBlob}
  0x000001bf8af74760: 0041 52e9 | b838 3b07 
[/MachCode]


---------------  P R O C E S S  ---------------

Threads class SMR info:
_java_thread_list=0x000001bfe86959d0, length=15, elements={
0x000001bfa1e16220, 0x000001bfa1e17230, 0x000001bfa1e1a100, 0x000001bfa1e1b460,
0x000001bfa1e1dfc0, 0x000001bfa1e27130, 0x000001bfa1e29640, 0x000001bfa1e30010,
0x000001bfe7140580, 0x000001bfe7147c00, 0x000001bfe71a78f0, 0x000001bfe732c230,
0x000001bfe732ff90, 0x000001bfe7389bd0, 0x000001bf8069e6a0
}

Java Threads: ( => current thread )
  0x000001bfa1e16220 JavaThread "Reference Handler"          daemon [_thread_blocked, id=14696, stack(0x0000000100e00000,0x0000000100f00000) (1024K)]
  0x000001bfa1e17230 JavaThread "Finalizer"                  daemon [_thread_blocked, id=16216, stack(0x0000000100f00000,0x0000000101000000) (1024K)]
  0x000001bfa1e1a100 JavaThread "Signal Dispatcher"          daemon [_thread_blocked, id=9220, stack(0x0000000101000000,0x0000000101100000) (1024K)]
  0x000001bfa1e1b460 JavaThread "Attach Listener"            daemon [_thread_blocked, id=16784, stack(0x0000000101100000,0x0000000101200000) (1024K)]
  0x000001bfa1e1dfc0 JavaThread "Service Thread"             daemon [_thread_blocked, id=16520, stack(0x0000000101200000,0x0000000101300000) (1024K)]
  0x000001bfa1e27130 JavaThread "Monitor Deflation Thread"   daemon [_thread_blocked, id=12492, stack(0x0000000101300000,0x0000000101400000) (1024K)]
  0x000001bfa1e29640 JavaThread "C2 CompilerThread0"         daemon [_thread_blocked, id=9812, stack(0x0000000101400000,0x0000000101500000) (1024K)]
  0x000001bfa1e30010 JavaThread "C1 CompilerThread0"         daemon [_thread_blocked, id=13760, stack(0x0000000101500000,0x0000000101600000) (1024K)]
  0x000001bfe7140580 JavaThread "Notification Thread"        daemon [_thread_blocked, id=1828, stack(0x0000000101600000,0x0000000101700000) (1024K)]
  0x000001bfe7147c00 JavaThread "Common-Cleaner"             daemon [_thread_blocked, id=15124, stack(0x0000000101700000,0x0000000101800000) (1024K)]
  0x000001bfe71a78f0 JavaThread "Java2D Disposer"            daemon [_thread_blocked, id=11188, stack(0x0000000101800000,0x0000000101900000) (1024K)]
  0x000001bfe732c230 JavaThread "AWT-Shutdown"                      [_thread_blocked, id=13524, stack(0x0000000101900000,0x0000000101a00000) (1024K)]
  0x000001bfe732ff90 JavaThread "AWT-Windows"                daemon [_thread_in_native, id=11236, stack(0x0000000101a00000,0x0000000101b00000) (1024K)]
=>0x000001bfe7389bd0 JavaThread "AWT-EventQueue-0"                  [_thread_in_native, id=1944, stack(0x0000000101b00000,0x0000000101c00000) (1024K)]
  0x000001bf8069e6a0 JavaThread "DestroyJavaVM"                     [_thread_blocked, id=13636, stack(0x0000000100600000,0x0000000100700000) (1024K)]
Total: 15

Other Threads:
  0x000001bfa1df5cd0 VMThread "VM Thread"                           [id=1916, stack(0x0000000100d00000,0x0000000100e00000) (1024K)]
  0x000001bfa1ddd230 WatcherThread "VM Periodic Task Thread"        [id=8, stack(0x0000000100c00000,0x0000000100d00000) (1024K)]
  0x000001bf829a02d0 WorkerThread "GC Thread#0"                     [id=2116, stack(0x0000000100700000,0x0000000100800000) (1024K)]
  0x000001bf829b16c0 ConcurrentGCThread "G1 Main Marker"            [id=16916, stack(0x0000000100800000,0x0000000100900000) (1024K)]
  0x000001bf829b2370 WorkerThread "G1 Conc#0"                       [id=13728, stack(0x0000000100900000,0x0000000100a00000) (1024K)]
  0x000001bfa1cb01d0 ConcurrentGCThread "G1 Refine#0"               [id=16368, stack(0x0000000100a00000,0x0000000100b00000) (1024K)]
  0x000001bfa1cb0d40 ConcurrentGCThread "G1 Service"                [id=14228, stack(0x0000000100b00000,0x0000000100c00000) (1024K)]
Total: 7

Threads with active compile tasks:
Total: 0

VM state: not at safepoint (normal execution)

VM Mutex/Monitor currently owned by a thread: None

Heap address: 0x0000000704000000, size: 4032 MB, Compressed Oops mode: Zero based, Oop shift amount: 3

CDS archive(s) mapped at: [0x000001bfa2000000-0x000001bfa2c90000-0x000001bfa2c90000), size 13172736, SharedBaseAddress: 0x000001bfa2000000, ArchiveRelocationMode: 1.
Compressed class space mapped at: 0x000001bfa3000000-0x000001bfe3000000, reserved size: 1073741824
Narrow klass base: 0x000001bfa2000000, Narrow klass shift: 0, Narrow klass range: 0x100000000

GC Precious Log:
 CardTable entry size: 512
 Card Set container configuration: InlinePtr #cards 4 size 8 Array Of Cards #cards 16 size 48 Howl #buckets 8 coarsen threshold 3686 Howl Bitmap #cards 512 size 80 coarsen threshold 460 Card regions per heap region 1 cards per card region 4096
 CPUs: 12 total, 12 available
 Memory: 16121M
 Large Page Support: Disabled
 NUMA Support: Disabled
 Compressed Oops: Enabled (Zero based)
 Heap Region Size: 2M
 Heap Min Capacity: 8M
 Heap Initial Capacity: 252M
 Heap Max Capacity: 4032M
 Pre-touch: Disabled
 Parallel Workers: 10
 Concurrent Workers: 3
 Concurrent Refinement Workers: 10
 Periodic GC: Disabled

Heap:
 garbage-first heap   total 258048K, used 22528K [0x0000000704000000, 0x0000000800000000)
  region size 2048K, 9 young (18432K), 0 survivors (0K)
 Metaspace       used 8210K, committed 8384K, reserved 1114112K
  class space    used 986K, committed 1088K, reserved 1048576K

Heap Regions: E=young(eden), S=young(survivor), O=old, HS=humongous(starts), HC=humongous(continues), CS=collection set, F=free, TAMS=top-at-mark-start, PB=parsable bottom
|   0|0x0000000704000000, 0x0000000704200000, 0x0000000704200000|100%|HS|  |TAMS 0x0000000704000000| PB 0x0000000704000000| Complete 
|   1|0x0000000704200000, 0x0000000704400000, 0x0000000704400000|100%|HC|  |TAMS 0x0000000704200000| PB 0x0000000704200000| Complete 
|   2|0x0000000704400000, 0x0000000704600000, 0x0000000704600000|100%|HC|  |TAMS 0x0000000704400000| PB 0x0000000704400000| Complete 
|   3|0x0000000704600000, 0x0000000704800000, 0x0000000704800000|100%|HC|  |TAMS 0x0000000704600000| PB 0x0000000704600000| Complete 
|   4|0x0000000704800000, 0x0000000704800000, 0x0000000704a00000|  0%| F|  |TAMS 0x0000000704800000| PB 0x0000000704800000| Untracked 
|   5|0x0000000704a00000, 0x0000000704a00000, 0x0000000704c00000|  0%| F|  |TAMS 0x0000000704a00000| PB 0x0000000704a00000| Untracked 
|   6|0x0000000704c00000, 0x0000000704c00000, 0x0000000704e00000|  0%| F|  |TAMS 0x0000000704c00000| PB 0x0000000704c00000| Untracked 
|   7|0x0000000704e00000, 0x0000000704e00000, 0x0000000705000000|  0%| F|  |TAMS 0x0000000704e00000| PB 0x0000000704e00000| Untracked 
|   8|0x0000000705000000, 0x0000000705000000, 0x0000000705200000|  0%| F|  |TAMS 0x0000000705000000| PB 0x0000000705000000| Untracked 
|   9|0x0000000705200000, 0x0000000705200000, 0x0000000705400000|  0%| F|  |TAMS 0x0000000705200000| PB 0x0000000705200000| Untracked 
|  10|0x0000000705400000, 0x0000000705400000, 0x0000000705600000|  0%| F|  |TAMS 0x0000000705400000| PB 0x0000000705400000| Untracked 
|  11|0x0000000705600000, 0x0000000705600000, 0x0000000705800000|  0%| F|  |TAMS 0x0000000705600000| PB 0x0000000705600000| Untracked 
|  12|0x0000000705800000, 0x0000000705800000, 0x0000000705a00000|  0%| F|  |TAMS 0x0000000705800000| PB 0x0000000705800000| Untracked 
|  13|0x0000000705a00000, 0x0000000705a00000, 0x0000000705c00000|  0%| F|  |TAMS 0x0000000705a00000| PB 0x0000000705a00000| Untracked 
|  14|0x0000000705c00000, 0x0000000705c00000, 0x0000000705e00000|  0%| F|  |TAMS 0x0000000705c00000| PB 0x0000000705c00000| Untracked 
|  15|0x0000000705e00000, 0x0000000705e00000, 0x0000000706000000|  0%| F|  |TAMS 0x0000000705e00000| PB 0x0000000705e00000| Untracked 
|  16|0x0000000706000000, 0x0000000706000000, 0x0000000706200000|  0%| F|  |TAMS 0x0000000706000000| PB 0x0000000706000000| Untracked 
|  17|0x0000000706200000, 0x0000000706200000, 0x0000000706400000|  0%| F|  |TAMS 0x0000000706200000| PB 0x0000000706200000| Untracked 
|  18|0x0000000706400000, 0x0000000706400000, 0x0000000706600000|  0%| F|  |TAMS 0x0000000706400000| PB 0x0000000706400000| Untracked 
|  19|0x0000000706600000, 0x0000000706600000, 0x0000000706800000|  0%| F|  |TAMS 0x0000000706600000| PB 0x0000000706600000| Untracked 
|  20|0x0000000706800000, 0x0000000706800000, 0x0000000706a00000|  0%| F|  |TAMS 0x0000000706800000| PB 0x0000000706800000| Untracked 
|  21|0x0000000706a00000, 0x0000000706a00000, 0x0000000706c00000|  0%| F|  |TAMS 0x0000000706a00000| PB 0x0000000706a00000| Untracked 
|  22|0x0000000706c00000, 0x0000000706c00000, 0x0000000706e00000|  0%| F|  |TAMS 0x0000000706c00000| PB 0x0000000706c00000| Untracked 
|  23|0x0000000706e00000, 0x0000000706e00000, 0x0000000707000000|  0%| F|  |TAMS 0x0000000706e00000| PB 0x0000000706e00000| Untracked 
|  24|0x0000000707000000, 0x0000000707000000, 0x0000000707200000|  0%| F|  |TAMS 0x0000000707000000| PB 0x0000000707000000| Untracked 
|  25|0x0000000707200000, 0x0000000707200000, 0x0000000707400000|  0%| F|  |TAMS 0x0000000707200000| PB 0x0000000707200000| Untracked 
|  26|0x0000000707400000, 0x0000000707400000, 0x0000000707600000|  0%| F|  |TAMS 0x0000000707400000| PB 0x0000000707400000| Untracked 
|  27|0x0000000707600000, 0x0000000707600000, 0x0000000707800000|  0%| F|  |TAMS 0x0000000707600000| PB 0x0000000707600000| Untracked 
|  28|0x0000000707800000, 0x0000000707800000, 0x0000000707a00000|  0%| F|  |TAMS 0x0000000707800000| PB 0x0000000707800000| Untracked 
|  29|0x0000000707a00000, 0x0000000707a00000, 0x0000000707c00000|  0%| F|  |TAMS 0x0000000707a00000| PB 0x0000000707a00000| Untracked 
|  30|0x0000000707c00000, 0x0000000707c00000, 0x0000000707e00000|  0%| F|  |TAMS 0x0000000707c00000| PB 0x0000000707c00000| Untracked 
|  31|0x0000000707e00000, 0x0000000707e00000, 0x0000000708000000|  0%| F|  |TAMS 0x0000000707e00000| PB 0x0000000707e00000| Untracked 
|  32|0x0000000708000000, 0x0000000708000000, 0x0000000708200000|  0%| F|  |TAMS 0x0000000708000000| PB 0x0000000708000000| Untracked 
|  33|0x0000000708200000, 0x0000000708200000, 0x0000000708400000|  0%| F|  |TAMS 0x0000000708200000| PB 0x0000000708200000| Untracked 
|  34|0x0000000708400000, 0x0000000708400000, 0x0000000708600000|  0%| F|  |TAMS 0x0000000708400000| PB 0x0000000708400000| Untracked 
|  35|0x0000000708600000, 0x0000000708600000, 0x0000000708800000|  0%| F|  |TAMS 0x0000000708600000| PB 0x0000000708600000| Untracked 
|  36|0x0000000708800000, 0x0000000708800000, 0x0000000708a00000|  0%| F|  |TAMS 0x0000000708800000| PB 0x0000000708800000| Untracked 
|  37|0x0000000708a00000, 0x0000000708a00000, 0x0000000708c00000|  0%| F|  |TAMS 0x0000000708a00000| PB 0x0000000708a00000| Untracked 
|  38|0x0000000708c00000, 0x0000000708c00000, 0x0000000708e00000|  0%| F|  |TAMS 0x0000000708c00000| PB 0x0000000708c00000| Untracked 
|  39|0x0000000708e00000, 0x0000000708e00000, 0x0000000709000000|  0%| F|  |TAMS 0x0000000708e00000| PB 0x0000000708e00000| Untracked 
|  40|0x0000000709000000, 0x0000000709000000, 0x0000000709200000|  0%| F|  |TAMS 0x0000000709000000| PB 0x0000000709000000| Untracked 
|  41|0x0000000709200000, 0x0000000709200000, 0x0000000709400000|  0%| F|  |TAMS 0x0000000709200000| PB 0x0000000709200000| Untracked 
|  42|0x0000000709400000, 0x0000000709400000, 0x0000000709600000|  0%| F|  |TAMS 0x0000000709400000| PB 0x0000000709400000| Untracked 
|  43|0x0000000709600000, 0x0000000709600000, 0x0000000709800000|  0%| F|  |TAMS 0x0000000709600000| PB 0x0000000709600000| Untracked 
|  44|0x0000000709800000, 0x0000000709800000, 0x0000000709a00000|  0%| F|  |TAMS 0x0000000709800000| PB 0x0000000709800000| Untracked 
|  45|0x0000000709a00000, 0x0000000709a00000, 0x0000000709c00000|  0%| F|  |TAMS 0x0000000709a00000| PB 0x0000000709a00000| Untracked 
|  46|0x0000000709c00000, 0x0000000709c00000, 0x0000000709e00000|  0%| F|  |TAMS 0x0000000709c00000| PB 0x0000000709c00000| Untracked 
|  47|0x0000000709e00000, 0x0000000709e00000, 0x000000070a000000|  0%| F|  |TAMS 0x0000000709e00000| PB 0x0000000709e00000| Untracked 
|  48|0x000000070a000000, 0x000000070a000000, 0x000000070a200000|  0%| F|  |TAMS 0x000000070a000000| PB 0x000000070a000000| Untracked 
|  49|0x000000070a200000, 0x000000070a200000, 0x000000070a400000|  0%| F|  |TAMS 0x000000070a200000| PB 0x000000070a200000| Untracked 
|  50|0x000000070a400000, 0x000000070a400000, 0x000000070a600000|  0%| F|  |TAMS 0x000000070a400000| PB 0x000000070a400000| Untracked 
|  51|0x000000070a600000, 0x000000070a600000, 0x000000070a800000|  0%| F|  |TAMS 0x000000070a600000| PB 0x000000070a600000| Untracked 
|  52|0x000000070a800000, 0x000000070a800000, 0x000000070aa00000|  0%| F|  |TAMS 0x000000070a800000| PB 0x000000070a800000| Untracked 
|  53|0x000000070aa00000, 0x000000070aa00000, 0x000000070ac00000|  0%| F|  |TAMS 0x000000070aa00000| PB 0x000000070aa00000| Untracked 
|  54|0x000000070ac00000, 0x000000070ac00000, 0x000000070ae00000|  0%| F|  |TAMS 0x000000070ac00000| PB 0x000000070ac00000| Untracked 
|  55|0x000000070ae00000, 0x000000070ae00000, 0x000000070b000000|  0%| F|  |TAMS 0x000000070ae00000| PB 0x000000070ae00000| Untracked 
|  56|0x000000070b000000, 0x000000070b000000, 0x000000070b200000|  0%| F|  |TAMS 0x000000070b000000| PB 0x000000070b000000| Untracked 
|  57|0x000000070b200000, 0x000000070b200000, 0x000000070b400000|  0%| F|  |TAMS 0x000000070b200000| PB 0x000000070b200000| Untracked 
|  58|0x000000070b400000, 0x000000070b400000, 0x000000070b600000|  0%| F|  |TAMS 0x000000070b400000| PB 0x000000070b400000| Untracked 
|  59|0x000000070b600000, 0x000000070b600000, 0x000000070b800000|  0%| F|  |TAMS 0x000000070b600000| PB 0x000000070b600000| Untracked 
|  60|0x000000070b800000, 0x000000070b800000, 0x000000070ba00000|  0%| F|  |TAMS 0x000000070b800000| PB 0x000000070b800000| Untracked 
|  61|0x000000070ba00000, 0x000000070ba00000, 0x000000070bc00000|  0%| F|  |TAMS 0x000000070ba00000| PB 0x000000070ba00000| Untracked 
|  62|0x000000070bc00000, 0x000000070bc00000, 0x000000070be00000|  0%| F|  |TAMS 0x000000070bc00000| PB 0x000000070bc00000| Untracked 
|  63|0x000000070be00000, 0x000000070be00000, 0x000000070c000000|  0%| F|  |TAMS 0x000000070be00000| PB 0x000000070be00000| Untracked 
|  64|0x000000070c000000, 0x000000070c000000, 0x000000070c200000|  0%| F|  |TAMS 0x000000070c000000| PB 0x000000070c000000| Untracked 
|  65|0x000000070c200000, 0x000000070c200000, 0x000000070c400000|  0%| F|  |TAMS 0x000000070c200000| PB 0x000000070c200000| Untracked 
|  66|0x000000070c400000, 0x000000070c400000, 0x000000070c600000|  0%| F|  |TAMS 0x000000070c400000| PB 0x000000070c400000| Untracked 
|  67|0x000000070c600000, 0x000000070c600000, 0x000000070c800000|  0%| F|  |TAMS 0x000000070c600000| PB 0x000000070c600000| Untracked 
|  68|0x000000070c800000, 0x000000070c800000, 0x000000070ca00000|  0%| F|  |TAMS 0x000000070c800000| PB 0x000000070c800000| Untracked 
|  69|0x000000070ca00000, 0x000000070ca00000, 0x000000070cc00000|  0%| F|  |TAMS 0x000000070ca00000| PB 0x000000070ca00000| Untracked 
|  70|0x000000070cc00000, 0x000000070cc00000, 0x000000070ce00000|  0%| F|  |TAMS 0x000000070cc00000| PB 0x000000070cc00000| Untracked 
|  71|0x000000070ce00000, 0x000000070ce00000, 0x000000070d000000|  0%| F|  |TAMS 0x000000070ce00000| PB 0x000000070ce00000| Untracked 
|  72|0x000000070d000000, 0x000000070d000000, 0x000000070d200000|  0%| F|  |TAMS 0x000000070d000000| PB 0x000000070d000000| Untracked 
|  73|0x000000070d200000, 0x000000070d200000, 0x000000070d400000|  0%| F|  |TAMS 0x000000070d200000| PB 0x000000070d200000| Untracked 
|  74|0x000000070d400000, 0x000000070d400000, 0x000000070d600000|  0%| F|  |TAMS 0x000000070d400000| PB 0x000000070d400000| Untracked 
|  75|0x000000070d600000, 0x000000070d600000, 0x000000070d800000|  0%| F|  |TAMS 0x000000070d600000| PB 0x000000070d600000| Untracked 
|  76|0x000000070d800000, 0x000000070d800000, 0x000000070da00000|  0%| F|  |TAMS 0x000000070d800000| PB 0x000000070d800000| Untracked 
|  77|0x000000070da00000, 0x000000070da00000, 0x000000070dc00000|  0%| F|  |TAMS 0x000000070da00000| PB 0x000000070da00000| Untracked 
|  78|0x000000070dc00000, 0x000000070dc00000, 0x000000070de00000|  0%| F|  |TAMS 0x000000070dc00000| PB 0x000000070dc00000| Untracked 
|  79|0x000000070de00000, 0x000000070de00000, 0x000000070e000000|  0%| F|  |TAMS 0x000000070de00000| PB 0x000000070de00000| Untracked 
|  80|0x000000070e000000, 0x000000070e000000, 0x000000070e200000|  0%| F|  |TAMS 0x000000070e000000| PB 0x000000070e000000| Untracked 
|  81|0x000000070e200000, 0x000000070e200000, 0x000000070e400000|  0%| F|  |TAMS 0x000000070e200000| PB 0x000000070e200000| Untracked 
|  82|0x000000070e400000, 0x000000070e400000, 0x000000070e600000|  0%| F|  |TAMS 0x000000070e400000| PB 0x000000070e400000| Untracked 
|  83|0x000000070e600000, 0x000000070e600000, 0x000000070e800000|  0%| F|  |TAMS 0x000000070e600000| PB 0x000000070e600000| Untracked 
|  84|0x000000070e800000, 0x000000070e800000, 0x000000070ea00000|  0%| F|  |TAMS 0x000000070e800000| PB 0x000000070e800000| Untracked 
|  85|0x000000070ea00000, 0x000000070ea00000, 0x000000070ec00000|  0%| F|  |TAMS 0x000000070ea00000| PB 0x000000070ea00000| Untracked 
|  86|0x000000070ec00000, 0x000000070ec00000, 0x000000070ee00000|  0%| F|  |TAMS 0x000000070ec00000| PB 0x000000070ec00000| Untracked 
|  87|0x000000070ee00000, 0x000000070ee00000, 0x000000070f000000|  0%| F|  |TAMS 0x000000070ee00000| PB 0x000000070ee00000| Untracked 
|  88|0x000000070f000000, 0x000000070f000000, 0x000000070f200000|  0%| F|  |TAMS 0x000000070f000000| PB 0x000000070f000000| Untracked 
|  89|0x000000070f200000, 0x000000070f200000, 0x000000070f400000|  0%| F|  |TAMS 0x000000070f200000| PB 0x000000070f200000| Untracked 
|  90|0x000000070f400000, 0x000000070f400000, 0x000000070f600000|  0%| F|  |TAMS 0x000000070f400000| PB 0x000000070f400000| Untracked 
|  91|0x000000070f600000, 0x000000070f600000, 0x000000070f800000|  0%| F|  |TAMS 0x000000070f600000| PB 0x000000070f600000| Untracked 
|  92|0x000000070f800000, 0x000000070f800000, 0x000000070fa00000|  0%| F|  |TAMS 0x000000070f800000| PB 0x000000070f800000| Untracked 
|  93|0x000000070fa00000, 0x000000070fa00000, 0x000000070fc00000|  0%| F|  |TAMS 0x000000070fa00000| PB 0x000000070fa00000| Untracked 
|  94|0x000000070fc00000, 0x000000070fc00000, 0x000000070fe00000|  0%| F|  |TAMS 0x000000070fc00000| PB 0x000000070fc00000| Untracked 
|  95|0x000000070fe00000, 0x000000070fe00000, 0x0000000710000000|  0%| F|  |TAMS 0x000000070fe00000| PB 0x000000070fe00000| Untracked 
|  96|0x0000000710000000, 0x0000000710000000, 0x0000000710200000|  0%| F|  |TAMS 0x0000000710000000| PB 0x0000000710000000| Untracked 
|  97|0x0000000710200000, 0x0000000710200000, 0x0000000710400000|  0%| F|  |TAMS 0x0000000710200000| PB 0x0000000710200000| Untracked 
|  98|0x0000000710400000, 0x0000000710400000, 0x0000000710600000|  0%| F|  |TAMS 0x0000000710400000| PB 0x0000000710400000| Untracked 
|  99|0x0000000710600000, 0x0000000710600000, 0x0000000710800000|  0%| F|  |TAMS 0x0000000710600000| PB 0x0000000710600000| Untracked 
| 100|0x0000000710800000, 0x0000000710800000, 0x0000000710a00000|  0%| F|  |TAMS 0x0000000710800000| PB 0x0000000710800000| Untracked 
| 101|0x0000000710a00000, 0x0000000710a00000, 0x0000000710c00000|  0%| F|  |TAMS 0x0000000710a00000| PB 0x0000000710a00000| Untracked 
| 102|0x0000000710c00000, 0x0000000710c00000, 0x0000000710e00000|  0%| F|  |TAMS 0x0000000710c00000| PB 0x0000000710c00000| Untracked 
| 103|0x0000000710e00000, 0x0000000710e00000, 0x0000000711000000|  0%| F|  |TAMS 0x0000000710e00000| PB 0x0000000710e00000| Untracked 
| 104|0x0000000711000000, 0x0000000711000000, 0x0000000711200000|  0%| F|  |TAMS 0x0000000711000000| PB 0x0000000711000000| Untracked 
| 105|0x0000000711200000, 0x0000000711200000, 0x0000000711400000|  0%| F|  |TAMS 0x0000000711200000| PB 0x0000000711200000| Untracked 
| 106|0x0000000711400000, 0x0000000711400000, 0x0000000711600000|  0%| F|  |TAMS 0x0000000711400000| PB 0x0000000711400000| Untracked 
| 107|0x0000000711600000, 0x0000000711600000, 0x0000000711800000|  0%| F|  |TAMS 0x0000000711600000| PB 0x0000000711600000| Untracked 
| 108|0x0000000711800000, 0x0000000711800000, 0x0000000711a00000|  0%| F|  |TAMS 0x0000000711800000| PB 0x0000000711800000| Untracked 
| 109|0x0000000711a00000, 0x0000000711a00000, 0x0000000711c00000|  0%| F|  |TAMS 0x0000000711a00000| PB 0x0000000711a00000| Untracked 
| 110|0x0000000711c00000, 0x0000000711c00000, 0x0000000711e00000|  0%| F|  |TAMS 0x0000000711c00000| PB 0x0000000711c00000| Untracked 
| 111|0x0000000711e00000, 0x0000000711e00000, 0x0000000712000000|  0%| F|  |TAMS 0x0000000711e00000| PB 0x0000000711e00000| Untracked 
| 112|0x0000000712000000, 0x0000000712000000, 0x0000000712200000|  0%| F|  |TAMS 0x0000000712000000| PB 0x0000000712000000| Untracked 
| 113|0x0000000712200000, 0x0000000712200000, 0x0000000712400000|  0%| F|  |TAMS 0x0000000712200000| PB 0x0000000712200000| Untracked 
| 114|0x0000000712400000, 0x0000000712400000, 0x0000000712600000|  0%| F|  |TAMS 0x0000000712400000| PB 0x0000000712400000| Untracked 
| 115|0x0000000712600000, 0x0000000712600000, 0x0000000712800000|  0%| F|  |TAMS 0x0000000712600000| PB 0x0000000712600000| Untracked 
| 116|0x0000000712800000, 0x0000000712800000, 0x0000000712a00000|  0%| F|  |TAMS 0x0000000712800000| PB 0x0000000712800000| Untracked 
| 117|0x0000000712a00000, 0x0000000712b155b0, 0x0000000712c00000| 54%| E|  |TAMS 0x0000000712a00000| PB 0x0000000712a00000| Complete 
| 118|0x0000000712c00000, 0x0000000712e00000, 0x0000000712e00000|100%| E|  |TAMS 0x0000000712c00000| PB 0x0000000712c00000| Complete 
| 119|0x0000000712e00000, 0x0000000713000000, 0x0000000713000000|100%| E|CS|TAMS 0x0000000712e00000| PB 0x0000000712e00000| Complete 
| 120|0x0000000713000000, 0x0000000713200000, 0x0000000713200000|100%| E|CS|TAMS 0x0000000713000000| PB 0x0000000713000000| Complete 
| 121|0x0000000713200000, 0x0000000713400000, 0x0000000713400000|100%| E|CS|TAMS 0x0000000713200000| PB 0x0000000713200000| Complete 
| 122|0x0000000713400000, 0x0000000713600000, 0x0000000713600000|100%| E|CS|TAMS 0x0000000713400000| PB 0x0000000713400000| Complete 
| 123|0x0000000713600000, 0x0000000713800000, 0x0000000713800000|100%| E|CS|TAMS 0x0000000713600000| PB 0x0000000713600000| Complete 
| 124|0x0000000713800000, 0x0000000713a00000, 0x0000000713a00000|100%| E|CS|TAMS 0x0000000713800000| PB 0x0000000713800000| Complete 
| 125|0x0000000713a00000, 0x0000000713c00000, 0x0000000713c00000|100%| E|CS|TAMS 0x0000000713a00000| PB 0x0000000713a00000| Complete 

Card table byte_map: [0x000001bf9aad0000,0x000001bf9b2b0000] _byte_map_base: 0x000001bf972b0000

Marking Bits: (CMBitMap*) 0x000001bf829a09d0
 Bits: [0x000001bf9b2b0000, 0x000001bf9f1b0000)

Polling page: 0x000001bf808a0000

Metaspace:

Usage:
  Non-class:      7.05 MB used.
      Class:    986.90 KB used.
       Both:      8.02 MB used.

Virtual space:
  Non-class space:       64.00 MB reserved,       7.12 MB ( 11%) committed,  1 nodes.
      Class space:        1.00 GB reserved,       1.06 MB ( <1%) committed,  1 nodes.
             Both:        1.06 GB reserved,       8.19 MB ( <1%) committed. 

Chunk freelists:
   Non-Class:  8.45 MB
       Class:  14.99 MB
        Both:  23.44 MB

MaxMetaspaceSize: unlimited
CompressedClassSpaceSize: 1.00 GB
Initial GC threshold: 21.00 MB
Current GC threshold: 21.00 MB
CDS: on
 - commit_granule_bytes: 65536.
 - commit_granule_words: 8192.
 - virtual_space_node_default_size: 8388608.
 - enlarge_chunks_in_place: 1.
 - use_allocation_guard: 0.


Internal statistics:

num_allocs_failed_limit: 0.
num_arena_births: 140.
num_arena_deaths: 0.
num_vsnodes_births: 2.
num_vsnodes_deaths: 0.
num_space_committed: 131.
num_space_uncommitted: 0.
num_chunks_returned_to_freelist: 0.
num_chunks_taken_from_freelist: 192.
num_chunk_merges: 0.
num_chunk_splits: 115.
num_chunks_enlarged: 48.
num_inconsistent_stats: 0.

CodeHeap 'non-profiled nmethods': size=120000Kb used=355Kb max_used=355Kb free=119644Kb
 bounds [0x000001bf92870000, 0x000001bf92ae0000, 0x000001bf99da0000]
CodeHeap 'profiled nmethods': size=120000Kb used=1890Kb max_used=1890Kb free=118109Kb
 bounds [0x000001bf8ada0000, 0x000001bf8b010000, 0x000001bf922d0000]
CodeHeap 'non-nmethods': size=5760Kb used=1690Kb max_used=1723Kb free=4069Kb
 bounds [0x000001bf922d0000, 0x000001bf92540000, 0x000001bf92870000]
 total_blobs=1787 nmethods=1193 adapters=499
 compilation: enabled
              stopped_count=0, restarted_count=0
 full_count=0

Compilation events (20 events):
Event: 2.414 Thread 0x000001bfa1e30010 nmethod 1182 0x000001bf928c7090 code [0x000001bf928c7220, 0x000001bf928c72f0]
Event: 2.414 Thread 0x000001bfa1e30010 1183       1       java.awt.image.ColorModel::getTransparency (5 bytes)
Event: 2.414 Thread 0x000001bfa1e30010 nmethod 1183 0x000001bf928c7390 code [0x000001bf928c7520, 0x000001bf928c75e8]
Event: 2.418 Thread 0x000001bfa1e29640 nmethod 1181% 0x000001bf928c7690 code [0x000001bf928c7840, 0x000001bf928c7d50]
Event: 2.452 Thread 0x000001bfa1e30010 1185       3       java.awt.EventQueue::getNextEventPrivate (76 bytes)
Event: 2.453 Thread 0x000001bfa1e30010 nmethod 1185 0x000001bf8af76490 code [0x000001bf8af76660, 0x000001bf8af769f0]
Event: 2.600 Thread 0x000001bfa1e30010 1187       3       javax.swing.JComponent::getHeight (5 bytes)
Event: 2.600 Thread 0x000001bfa1e30010 nmethod 1187 0x000001bf8af76b90 code [0x000001bf8af76d20, 0x000001bf8af76e48]
Event: 2.600 Thread 0x000001bfa1e30010 1188       3       sun.invoke.util.VerifyAccess::isTypeVisible (47 bytes)
Event: 2.601 Thread 0x000001bfa1e30010 nmethod 1188 0x000001bf8af76f10 code [0x000001bf8af77100, 0x000001bf8af77520]
Event: 2.601 Thread 0x000001bfa1e30010 1189       3       java.awt.geom.AffineTransform::<init> (15 bytes)
Event: 2.601 Thread 0x000001bfa1e30010 nmethod 1189 0x000001bf8af77710 code [0x000001bf8af778c0, 0x000001bf8af77a48]
Event: 2.602 Thread 0x000001bfa1e30010 1190       1       sun.awt.image.SunVolatileImage::getWidth (5 bytes)
Event: 2.602 Thread 0x000001bfa1e30010 nmethod 1190 0x000001bf928c8810 code [0x000001bf928c89a0, 0x000001bf928c8a68]
Event: 2.602 Thread 0x000001bfa1e30010 1191       1       sun.awt.image.SunVolatileImage::getHeight (5 bytes)
Event: 2.602 Thread 0x000001bfa1e30010 nmethod 1191 0x000001bf928c8b10 code [0x000001bf928c8ca0, 0x000001bf928c8d68]
Event: 2.602 Thread 0x000001bfa1e30010 1192       3       java.awt.geom.AffineTransform::equals (26 bytes)
Event: 2.602 Thread 0x000001bfa1e30010 nmethod 1192 0x000001bf8af77b10 code [0x000001bf8af77cc0, 0x000001bf8af78050]
Event: 2.602 Thread 0x000001bfa1e30010 1193       3       java.util.IdentityHashMap$IdentityHashMapIterator::nextIndex (72 bytes)
Event: 2.602 Thread 0x000001bfa1e30010 nmethod 1193 0x000001bf8af78190 code [0x000001bf8af78380, 0x000001bf8af78720]

GC Heap History (0 events):
No events

Dll operation events (9 events):
Event: 0.005 Loaded shared library C:\Program Files\Java\jdk-21\bin\java.dll
Event: 0.036 Loaded shared library C:\Program Files\Java\jdk-21\bin\jsvml.dll
Event: 0.054 Loaded shared library C:\Users\14858\Desktop\Cwork\genealogy-homework\C_functions.dll
Event: 0.065 Loaded shared library C:\Program Files\Java\jdk-21\bin\jimage.dll
Event: 0.077 Loaded shared library C:\Program Files\Java\jdk-21\bin\awt.dll
Event: 0.184 Loaded shared library C:\Program Files\Java\jdk-21\bin\freetype.dll
Event: 0.184 Loaded shared library C:\Program Files\Java\jdk-21\bin\fontmanager.dll
Event: 0.308 Loaded shared library C:\Program Files\Java\jdk-21\bin\net.dll
Event: 0.310 Loaded shared library C:\Program Files\Java\jdk-21\bin\nio.dll

Deoptimization events (20 events):
Event: 0.295 Thread 0x000001bf8069e6a0 Uncommon trap: trap_request=0xffffff45 fr.pc=0x000001bf92877468 relative=0x00000000000000c8
Event: 0.295 Thread 0x000001bf8069e6a0 Uncommon trap: reason=unstable_if action=reinterpret pc=0x000001bf92877468 method=java.lang.String.charAt(I)C @ 4 c2
Event: 0.295 Thread 0x000001bf8069e6a0 DEOPT PACKING pc=0x000001bf92877468 sp=0x00000001006ff210
Event: 0.295 Thread 0x000001bf8069e6a0 DEOPT UNPACKING pc=0x000001bf92327da2 sp=0x00000001006ff1b0 mode 2
Event: 1.755 Thread 0x000001bfe7389bd0 DEOPT PACKING pc=0x000001bf8adb6507 sp=0x0000000101bf9420
Event: 1.755 Thread 0x000001bfe7389bd0 DEOPT UNPACKING pc=0x000001bf923288e2 sp=0x0000000101bf8928 mode 0
Event: 1.771 Thread 0x000001bfe7389bd0 Uncommon trap: trap_request=0xffffff45 fr.pc=0x000001bf928a910c relative=0x00000000000004ac
Event: 1.771 Thread 0x000001bfe7389bd0 Uncommon trap: reason=unstable_if action=reinterpret pc=0x000001bf928a910c method=java.lang.StringLatin1.toLowerCase(Ljava/lang/String;[BLjava/util/Locale;)Ljava/lang/String; @ 43 c2
Event: 1.771 Thread 0x000001bfe7389bd0 DEOPT PACKING pc=0x000001bf928a910c sp=0x0000000101bfcc90
Event: 1.771 Thread 0x000001bfe7389bd0 DEOPT UNPACKING pc=0x000001bf92327da2 sp=0x0000000101bfcc00 mode 2
Event: 1.792 Thread 0x000001bfe7389bd0 DEOPT PACKING pc=0x000001bf8adb8fe1 sp=0x0000000101bfc870
Event: 1.792 Thread 0x000001bfe7389bd0 DEOPT UNPACKING pc=0x000001bf923288e2 sp=0x0000000101bfbcd8 mode 0
Event: 1.814 Thread 0x000001bfe7389bd0 Uncommon trap: trap_request=0xffffff45 fr.pc=0x000001bf928ad0ec relative=0x000000000000032c
Event: 1.814 Thread 0x000001bfe7389bd0 Uncommon trap: reason=unstable_if action=reinterpret pc=0x000001bf928ad0ec method=jdk.internal.util.ArraysSupport.mismatch([BI[BII)I @ 55 c2
Event: 1.814 Thread 0x000001bfe7389bd0 DEOPT PACKING pc=0x000001bf928ad0ec sp=0x0000000101bfc7e0
Event: 1.814 Thread 0x000001bfe7389bd0 DEOPT UNPACKING pc=0x000001bf92327da2 sp=0x0000000101bfc6d8 mode 2
Event: 1.839 Thread 0x000001bfe7389bd0 Uncommon trap: trap_request=0xffffff45 fr.pc=0x000001bf928b5578 relative=0x0000000000000418
Event: 1.839 Thread 0x000001bfe7389bd0 Uncommon trap: reason=unstable_if action=reinterpret pc=0x000001bf928b5578 method=java.lang.Character.isSurrogate(C)Z @ 3 c2
Event: 1.839 Thread 0x000001bfe7389bd0 DEOPT PACKING pc=0x000001bf928b5578 sp=0x0000000101bfc660
Event: 1.839 Thread 0x000001bfe7389bd0 DEOPT UNPACKING pc=0x000001bf92327da2 sp=0x0000000101bfc578 mode 2

Classes loaded (20 events):
Event: 1.848 Loading class java/awt/PaintContext done
Event: 1.848 Loading class java/awt/GradientPaintContext done
Event: 1.848 Loading class java/awt/geom/Point2D$Double
Event: 1.848 Loading class java/awt/geom/Point2D$Double done
Event: 1.848 Loading class sun/java2d/pipe/AlphaPaintPipe$TileContext
Event: 1.848 Loading class sun/java2d/pipe/AlphaPaintPipe$TileContext done
Event: 1.849 Loading class sun/awt/image/MultiResolutionToolkitImage
Event: 1.849 Loading class sun/awt/image/MultiResolutionToolkitImage done
Event: 1.853 Loading class java/awt/print/PrinterGraphics
Event: 1.853 Loading class java/awt/print/PrinterGraphics done
Event: 1.853 Loading class java/awt/PrintGraphics
Event: 1.853 Loading class java/awt/PrintGraphics done
Event: 1.872 Loading class java/awt/LightweightDispatcher$1
Event: 1.872 Loading class java/awt/LightweightDispatcher$1 done
Event: 1.873 Loading class java/awt/Toolkit$SelectiveAWTEventListener
Event: 1.873 Loading class java/awt/Toolkit$SelectiveAWTEventListener done
Event: 2.413 Loading class java/awt/event/ContainerEvent
Event: 2.413 Loading class java/awt/event/ContainerEvent done
Event: 2.413 Loading class javax/swing/event/ChangeEvent
Event: 2.413 Loading class javax/swing/event/ChangeEvent done

Classes unloaded (0 events):
No events

Classes redefined (0 events):
No events

Internal exceptions (12 events):
Event: 0.069 Thread 0x000001bf8069e6a0 Exception <a 'java/lang/ClassNotFoundException'{0x000000071384a698}: sun/awt/resources/spi/awtProvider> (0x000000071384a698) 
thrown [s\open\src\hotspot\share\classfile\systemDictionary.cpp, line 312]
Event: 0.084 Thread 0x000001bf8069e6a0 Exception <a 'java/io/FileNotFoundException'{0x0000000713916340}> (0x0000000713916340) 
thrown [s\open\src\hotspot\share\prims\jni.cpp, line 520]
Event: 0.088 Thread 0x000001bf8069e6a0 Exception <a 'java/io/FileNotFoundException'{0x0000000713940330}> (0x0000000713940330) 
thrown [s\open\src\hotspot\share\prims\jni.cpp, line 520]
Event: 0.138 Thread 0x000001bf8069e6a0 Exception <a 'java/lang/NoSuchMethodError'{0x0000000713684bd0}: 'void java.lang.invoke.DirectMethodHandle$Holder.invokeSpecial(java.lang.Object, java.lang.Object, java.lang.Object)'> (0x0000000713684bd0) 
thrown [s\open\src\hotspot\share\interpreter\linkResolver.cpp, line 773]
Event: 0.143 Thread 0x000001bf8069e6a0 Exception <a 'java/lang/NoSuchMethodError'{0x00000007136aa750}: 'java.lang.Object java.lang.invoke.DirectMethodHandle$Holder.newInvokeSpecial(java.lang.Object, java.lang.Object, java.lang.Object, java.lang.Object, java.lang.Object)'> (0x00000007136aa750) 
thrown [s\open\src\hotspot\share\interpreter\linkResolver.cpp, line 773]
Event: 0.146 Thread 0x000001bf8069e6a0 Exception <a 'java/lang/NoSuchMethodError'{0x00000007136d62d8}: 'java.lang.Object java.lang.invoke.DirectMethodHandle$Holder.invokeStatic(java.lang.Object, int, java.lang.Object)'> (0x00000007136d62d8) 
thrown [s\open\src\hotspot\share\interpreter\linkResolver.cpp, line 773]
Event: 0.158 Thread 0x000001bf8069e6a0 Exception <a 'java/lang/ClassNotFoundException'{0x0000000713775c48}: com/sun/swing/internal/plaf/metal/resources/spi/metalProvider> (0x0000000713775c48) 
thrown [s\open\src\hotspot\share\classfile\systemDictionary.cpp, line 312]
Event: 0.159 Thread 0x000001bf8069e6a0 Exception <a 'java/lang/ClassNotFoundException'{0x000000071377ba58}: com/sun/swing/internal/plaf/basic/resources/spi/basicProvider> (0x000000071377ba58) 
thrown [s\open\src\hotspot\share\classfile\systemDictionary.cpp, line 312]
Event: 0.166 Thread 0x000001bf8069e6a0 Exception <a 'java/lang/NoSuchMethodError'{0x000000071379f4e0}: 'int java.lang.invoke.Invokers$Holder.invokeExact_MT(java.lang.Object, java.lang.Object)'> (0x000000071379f4e0) 
thrown [s\open\src\hotspot\share\interpreter\linkResolver.cpp, line 773]
Event: 0.171 Thread 0x000001bfe732ff90 Exception <a 'java/lang/NoSuchMethodError'{0x000000071360e618}: 'void java.lang.invoke.DirectMethodHandle$Holder.invokeVirtual(java.lang.Object, java.lang.Object)'> (0x000000071360e618) 
thrown [s\open\src\hotspot\share\interpreter\linkResolver.cpp, line 773]
Event: 0.181 Thread 0x000001bf8069e6a0 Exception <a 'java/lang/NoSuchMethodError'{0x0000000713401630}: 'void java.lang.invoke.DirectMethodHandle$Holder.invokeStaticInit(java.lang.Object)'> (0x0000000713401630) 
thrown [s\open\src\hotspot\share\interpreter\linkResolver.cpp, line 773]
Event: 0.187 Thread 0x000001bf8069e6a0 Exception <a 'java/io/FileNotFoundException'{0x000000071340dbf0}> (0x000000071340dbf0) 
thrown [s\open\src\hotspot\share\prims\jni.cpp, line 520]

ZGC Phase Switch (0 events):
No events

VM Operations (10 events):
Event: 0.158 Executing VM operation: HandshakeAllThreads (Deoptimize)
Event: 0.158 Executing VM operation: HandshakeAllThreads (Deoptimize) done
Event: 0.175 Executing VM operation: HandshakeAllThreads (Deoptimize)
Event: 0.175 Executing VM operation: HandshakeAllThreads (Deoptimize) done
Event: 0.256 Executing VM operation: HandshakeAllThreads (Deoptimize)
Event: 0.256 Executing VM operation: HandshakeAllThreads (Deoptimize) done
Event: 1.256 Executing VM operation: Cleanup
Event: 1.257 Executing VM operation: Cleanup done
Event: 2.271 Executing VM operation: Cleanup
Event: 2.271 Executing VM operation: Cleanup done

Events (19 events):
Event: 0.016 Thread 0x000001bf8069e6a0 Thread added: 0x000001bf8069e6a0
Event: 0.034 Thread 0x000001bfa1e16220 Thread added: 0x000001bfa1e16220
Event: 0.034 Thread 0x000001bfa1e17230 Thread added: 0x000001bfa1e17230
Event: 0.034 Thread 0x000001bfa1e1a100 Thread added: 0x000001bfa1e1a100
Event: 0.034 Thread 0x000001bfa1e1b460 Thread added: 0x000001bfa1e1b460
Event: 0.034 Thread 0x000001bfa1e1dfc0 Thread added: 0x000001bfa1e1dfc0
Event: 0.034 Thread 0x000001bfa1e27130 Thread added: 0x000001bfa1e27130
Event: 0.034 Thread 0x000001bfa1e29640 Thread added: 0x000001bfa1e29640
Event: 0.034 Thread 0x000001bfa1e30010 Thread added: 0x000001bfa1e30010
Event: 0.045 Thread 0x000001bfe7140580 Thread added: 0x000001bfe7140580
Event: 0.049 Thread 0x000001bfe7147c00 Thread added: 0x000001bfe7147c00
Event: 0.118 Thread 0x000001bfe71a78f0 Thread added: 0x000001bfe71a78f0
Event: 0.119 Thread 0x000001bfe732c230 Thread added: 0x000001bfe732c230
Event: 0.120 Thread 0x000001bfe732ff90 Thread added: 0x000001bfe732ff90
Event: 0.172 Thread 0x000001bfe7389bd0 Thread added: 0x000001bfe7389bd0
Event: 0.303 Thread 0x000001bf8069e6a0 Thread exited: 0x000001bf8069e6a0
Event: 0.303 Thread 0x000001bf8069e6a0 Thread added: 0x000001bf8069e6a0
Event: 1.867 Thread 0x000001bfe8694000 Thread added: 0x000001bfe8694000
Event: 1.996 Thread 0x000001bfe8694000 Thread exited: 0x000001bfe8694000


Dynamic libraries:
0x00007ff72bc50000 - 0x00007ff72bc60000 	C:\Program Files\Java\jdk-21\bin\java.exe
0x00007ffc8d090000 - 0x00007ffc8d288000 	C:\WINDOWS\SYSTEM32\ntdll.dll
0x00007ffc8b460000 - 0x00007ffc8b51d000 	C:\WINDOWS\System32\KERNEL32.DLL
0x00007ffc8a800000 - 0x00007ffc8aaf6000 	C:\WINDOWS\System32\KERNELBASE.dll
0x00007ffc8adb0000 - 0x00007ffc8aeb0000 	C:\WINDOWS\System32\ucrtbase.dll
0x00007ffc73420000 - 0x00007ffc73439000 	C:\Program Files\Java\jdk-21\bin\jli.dll
0x00007ffc73380000 - 0x00007ffc7339b000 	C:\Program Files\Java\jdk-21\bin\VCRUNTIME140.dll
0x00007ffc8b190000 - 0x00007ffc8b240000 	C:\WINDOWS\System32\ADVAPI32.dll
0x00007ffc8b7f0000 - 0x00007ffc8b88e000 	C:\WINDOWS\System32\msvcrt.dll
0x00007ffc8b0c0000 - 0x00007ffc8b160000 	C:\WINDOWS\System32\sechost.dll
0x00007ffc8b5e0000 - 0x00007ffc8b703000 	C:\WINDOWS\System32\RPCRT4.dll
0x00007ffc8ab00000 - 0x00007ffc8ab27000 	C:\WINDOWS\System32\bcrypt.dll
0x00007ffc8c630000 - 0x00007ffc8c7cf000 	C:\WINDOWS\System32\USER32.dll
0x00007ffc8a7d0000 - 0x00007ffc8a7f2000 	C:\WINDOWS\System32\win32u.dll
0x00007ffc702c0000 - 0x00007ffc7055a000 	C:\WINDOWS\WinSxS\amd64_microsoft.windows.common-controls_6595b64144ccf1df_6.0.19041.4355_none_60b8b9eb71f62e16\COMCTL32.dll
0x00007ffc8b160000 - 0x00007ffc8b18b000 	C:\WINDOWS\System32\GDI32.dll
0x00007ffc8af00000 - 0x00007ffc8b017000 	C:\WINDOWS\System32\gdi32full.dll
0x00007ffc8b020000 - 0x00007ffc8b0bd000 	C:\WINDOWS\System32\msvcp_win.dll
0x00007ffc7ba50000 - 0x00007ffc7ba5a000 	C:\WINDOWS\SYSTEM32\VERSION.dll
0x00007ffc8c540000 - 0x00007ffc8c572000 	C:\WINDOWS\System32\IMM32.DLL
0x00007ffc733e0000 - 0x00007ffc733ec000 	C:\Program Files\Java\jdk-21\bin\vcruntime140_1.dll
0x00007ffc730a0000 - 0x00007ffc7312e000 	C:\Program Files\Java\jdk-21\bin\msvcp140.dll
0x00007ffc2eb40000 - 0x00007ffc2f855000 	C:\Program Files\Java\jdk-21\bin\server\jvm.dll
0x00007ffc8c410000 - 0x00007ffc8c47b000 	C:\WINDOWS\System32\WS2_32.dll
0x00007ffc89cc0000 - 0x00007ffc89d0b000 	C:\WINDOWS\SYSTEM32\POWRPROF.dll
0x00007ffc7c390000 - 0x00007ffc7c3b7000 	C:\WINDOWS\SYSTEM32\WINMM.dll
0x00007ffc89b30000 - 0x00007ffc89b42000 	C:\WINDOWS\SYSTEM32\UMPDC.dll
0x00007ffc88f10000 - 0x00007ffc88f22000 	C:\WINDOWS\SYSTEM32\kernel.appcore.dll
0x00007ffc73370000 - 0x00007ffc7337a000 	C:\Program Files\Java\jdk-21\bin\jimage.dll
0x00007ffc884a0000 - 0x00007ffc88684000 	C:\WINDOWS\SYSTEM32\DBGHELP.DLL
0x00007ffc62da0000 - 0x00007ffc62dd4000 	C:\WINDOWS\SYSTEM32\dbgcore.DLL
0x00007ffc8a740000 - 0x00007ffc8a7c2000 	C:\WINDOWS\System32\bcryptPrimitives.dll
0x00007ffc70ad0000 - 0x00007ffc70aef000 	C:\Program Files\Java\jdk-21\bin\java.dll
0x00007ffc8c880000 - 0x00007ffc8cfeb000 	C:\WINDOWS\System32\SHELL32.dll
0x00007ffc88690000 - 0x00007ffc88e2d000 	C:\WINDOWS\SYSTEM32\windows.storage.dll
0x00007ffc8c0b0000 - 0x00007ffc8c403000 	C:\WINDOWS\System32\combase.dll
0x00007ffc8a160000 - 0x00007ffc8a18e000 	C:\WINDOWS\SYSTEM32\Wldp.dll
0x00007ffc8b9b0000 - 0x00007ffc8ba7d000 	C:\WINDOWS\System32\OLEAUT32.dll
0x00007ffc8c7d0000 - 0x00007ffc8c87d000 	C:\WINDOWS\System32\SHCORE.dll
0x00007ffc8cff0000 - 0x00007ffc8d045000 	C:\WINDOWS\System32\shlwapi.dll
0x00007ffc8a670000 - 0x00007ffc8a694000 	C:\WINDOWS\SYSTEM32\profapi.dll
0x00007ffc37440000 - 0x00007ffc37517000 	C:\Program Files\Java\jdk-21\bin\jsvml.dll
0x00000000624c0000 - 0x00000000624d7000 	C:\Users\14858\Desktop\Cwork\genealogy-homework\C_functions.dll
0x00007ffc34c80000 - 0x00007ffc34e0f000 	C:\Program Files\Java\jdk-21\bin\awt.dll
0x00007ffc851e0000 - 0x00007ffc85270000 	C:\WINDOWS\SYSTEM32\apphelp.dll
0x00007ffc85730000 - 0x00007ffc8575f000 	C:\WINDOWS\system32\DWMAPI.DLL
0x00007ffc853a0000 - 0x00007ffc8543e000 	C:\WINDOWS\system32\uxtheme.dll
0x00007ffc50900000 - 0x00007ffc50a25000 	C:\WINDOWS\system32\opengl32.dll
0x00007ffc508d0000 - 0x00007ffc508fc000 	C:\WINDOWS\SYSTEM32\GLU32.dll
0x00007ffc8b890000 - 0x00007ffc8b9a4000 	C:\WINDOWS\System32\MSCTF.dll
0x00007ffc8bf80000 - 0x00007ffc8c0ab000 	C:\WINDOWS\System32\ole32.dll
0x00007ffc622e0000 - 0x00007ffc62367000 	C:\Program Files\Java\jdk-21\bin\freetype.dll
0x00007ffc37360000 - 0x00007ffc37433000 	C:\Program Files\Java\jdk-21\bin\fontmanager.dll
0x00007ffc7a9b0000 - 0x00007ffc7aaa9000 	C:\WINDOWS\SYSTEM32\textinputframework.dll
0x00007ffc84e90000 - 0x00007ffc84f82000 	C:\WINDOWS\System32\CoreMessaging.dll
0x00007ffc84b30000 - 0x00007ffc84e8b000 	C:\WINDOWS\System32\CoreUIComponents.dll
0x00007ffc89870000 - 0x00007ffc898a3000 	C:\WINDOWS\SYSTEM32\ntmarta.dll
0x00007ffc839c0000 - 0x00007ffc83b17000 	C:\WINDOWS\SYSTEM32\wintypes.dll
0x00007ffc73090000 - 0x00007ffc730a0000 	C:\Program Files\Java\jdk-21\bin\net.dll
0x00007ffc83410000 - 0x00007ffc8351a000 	C:\WINDOWS\SYSTEM32\WINHTTP.dll
0x00007ffc89ec0000 - 0x00007ffc89f2a000 	C:\WINDOWS\system32\mswsock.dll
0x00007ffc70ab0000 - 0x00007ffc70ac6000 	C:\Program Files\Java\jdk-21\bin\nio.dll

dbghelp: loaded successfully - version: 4.0.5 - missing functions: none
symbol engine: initialized successfully - sym options: 0x614 - pdb path: .;C:\Program Files\Java\jdk-21\bin;C:\WINDOWS\SYSTEM32;C:\WINDOWS\WinSxS\amd64_microsoft.windows.common-controls_6595b64144ccf1df_6.0.19041.4355_none_60b8b9eb71f62e16;C:\Program Files\Java\jdk-21\bin\server;C:\Users\14858\Desktop\Cwork\genealogy-homework

VM Arguments:
java_command: JavaGUI
java_class_path (initial): .
Launcher Type: SUN_STANDARD

[Global flags]
     intx CICompilerCount                          = 4                                         {product} {ergonomic}
     uint ConcGCThreads                            = 3                                         {product} {ergonomic}
     uint G1ConcRefinementThreads                  = 10                                        {product} {ergonomic}
   size_t G1HeapRegionSize                         = 2097152                                   {product} {ergonomic}
    uintx GCDrainStackTargetSize                   = 64                                        {product} {ergonomic}
   size_t InitialHeapSize                          = 264241152                                 {product} {ergonomic}
   size_t MarkStackSize                            = 4194304                                   {product} {ergonomic}
   size_t MaxHeapSize                              = 4227858432                                {product} {ergonomic}
   size_t MaxNewSize                               = 2535456768                                {product} {ergonomic}
   size_t MinHeapDeltaBytes                        = 2097152                                   {product} {ergonomic}
   size_t MinHeapSize                              = 8388608                                   {product} {ergonomic}
    uintx NonNMethodCodeHeapSize                   = 5839372                                {pd product} {ergonomic}
    uintx NonProfiledCodeHeapSize                  = 122909434                              {pd product} {ergonomic}
    uintx ProfiledCodeHeapSize                     = 122909434                              {pd product} {ergonomic}
    uintx ReservedCodeCacheSize                    = 251658240                              {pd product} {ergonomic}
     bool SegmentedCodeCache                       = true                                      {product} {ergonomic}
   size_t SoftMaxHeapSize                          = 4227858432                             {manageable} {ergonomic}
     bool UseCompressedOops                        = true                           {product lp64_product} {ergonomic}
     bool UseG1GC                                  = true                                      {product} {ergonomic}
     bool UseLargePagesIndividualAllocation        = false                                  {pd product} {ergonomic}

Logging:
Log output configuration:
 #0: stdout all=warning uptime,level,tags foldmultilines=false
 #1: stderr all=off uptime,level,tags foldmultilines=false

Environment Variables:
JAVA_HOME=C:\Program Files\Java\jdk-21
PATH=C:\Program Files\Common Files\Oracle\Java\javapath;C:\Program Files (x86)\Common Files\Oracle\Java\java8path;C:\Program Files (x86)\Common Files\Oracle\Java\javapath;C:\Program Files (x86)\VMware\VMware Workstation\bin\;C:\Windows\system32;C:\Windows;C:\Windows\System32\Wbem;C:\Windows\System32\WindowsPowerShell\v1.0\;C:\Windows\System32\OpenSSH\;C:\Program Files\WireGuard\;C:\Program Files\mingw64\bin\;C:\Program Files\NVIDIA Corporation\NVIDIA NvDLISR;C:\WINDOWS\system32;C:\WINDOWS;C:\WINDOWS\System32\Wbem;C:\WINDOWS\System32\WindowsPowerShell\v1.0\;C:\WINDOWS\System32\OpenSSH\;C:\Program Files\Git\cmd;C:\Program Files (x86)\NVIDIA Corporation\PhysX\Common;C:\Program Files\dotnet\;C:\Program Files (x86)\GTK2-Runtime\bin;C:\Program Files (x86)\Windows Kits\10\Windows Performance Toolkit\;C:\Program Files (x86)\Microsoft SQL Server\100\Tools\Binn\;C:\Program Files (x86)\Microsoft SQL Server\100\DTS\Binn\;C:\Program Files (x86)\Microsoft SQL Server\100\Tools\Binn\VSShell\Common7\IDE\;C:\Program Files\Docker\Docker\resources\bin;C:\Program Files\Cloudflare\Cloudflare WARP\;C:\Program Files (x86)\NetSarang\Xftp 7\;C:\Program Files (x86)\NetSarang\Xshell 7\;C:\Users\14858\anaconda3;C:\Users\14858\anaconda3\Library\mingw-w64\bin;C:\Users\14858\anaconda3\Library\usr\bin;C:\Users\14858\anaconda3\Library\bin;C:\Users\14858\anaconda3\Scripts;C:\Users\14858\AppData\Local\Programs\Python\Python311\Scripts\;C:\Users\14858\AppData\Local\Programs\Python\Python311\;C:\Users\14858\AppData\Local\Microsoft\WindowsApps;C:\Users\14858\AppData\Local\Programs\Microsoft VS Code\bin;C:\Program Files\JetBrains\PyCharm 2023.2.1\bin;C:\Program Files\mingw64\bin;C:\php-8.2.12-Win32-vs16-x64;C:\Users\14858\AppData\Local\GitHubDesktop\bin;C:\Program Files\CMake\bin;C:\Program Files\JetBrains\PyCharm Community Edition 2023.3.4\bin;;C:\Users\14858\AppData\Local\Programs\MiKTeX\miktex\bin\x64\
USERNAME=y~
LANG=zh_CN.UTF-8
OS=Windows_NT
PROCESSOR_IDENTIFIER=Intel64 Family 6 Model 141 Stepping 1, GenuineIntel
TMP=C:\Users\14858\AppData\Local\Temp
TEMP=C:\Users\14858\AppData\Local\Temp




Periodic native trim disabled

---------------  S Y S T E M  ---------------

OS:
 Windows 10 , 64 bit Build 19041 (10.0.19041.3636)
OS uptime: 0 days 12:39 hours
Hyper-V role detected

CPU: total 12 (initial active 12) (6 cores per cpu, 2 threads per core) family 6 model 141 stepping 1 microcode 0x34, cx8, cmov, fxsr, ht, mmx, 3dnowpref, sse, sse2, sse3, ssse3, sse4.1, sse4.2, popcnt, lzcnt, tsc, tscinvbit, avx, avx2, aes, erms, clmul, bmi1, bmi2, adx, avx512f, avx512dq, avx512cd, avx512bw, avx512vl, sha, fma, vzeroupper, avx512_vpopcntdq, avx512_vpclmulqdq, avx512_vaes, avx512_vnni, clflush, clflushopt, clwb, avx512_vbmi2, avx512_vbmi, hv, rdtscp, rdpid, fsrm, gfni, avx512_bitalg, f16c, cet_ibt, cet_ss, avx512_ifma
Processor Information for all 12 processors :
  Max Mhz: 2688, Current Mhz: 2688, Mhz Limit: 2688

Memory: 4k page, system-wide physical 16121M (6727M free)
TotalPageFile size 21241M (AvailPageFile size 6202M)
current process WorkingSet (physical memory assigned to process): 104M, peak: 106M
current process commit charge ("private bytes"): 377M, peak: 379M

vm_info: Java HotSpot(TM) 64-Bit Server VM (21.0.1+12-LTS-29) for windows-amd64 JRE (21.0.1+12-LTS-29), built on 2023-10-05T13:27:09Z by "mach5one" with MS VC++ 17.1 (VS2022)

END.
